87.6964	185.4065	183.3111	125.5334	119.5815	118.1108	112.0368	101.1778	
109.8713	192.1056	181.2397	150.1617	147.2620	141.1914	137.8755	118.9691	
128.8095	172.7121	171.4966	166.4188	159.1656	158.3538	153.8908	132.7934	
119.4130	182.3062	181.2979	159.5186	159.5115	145.2345	144.2865	124.2282	
71.7947	175.9253	175.4165	141.7935	138.8804	138.8211	135.5204	77.6518	
135.2583	180.8033	178.3582	170.5829	168.9670	162.3852	160.0188	140.2048	
115.7315	170.5913	167.4160	154.4842	148.7202	146.9361	140.0106	126.7187	
74.0796	190.7077	188.8635	139.8812	133.0167	132.2846	129.2507	88.2724	
67.1124	184.7971	183.7153	141.3452	141.3138	140.5409	139.2885	89.1813	
25.9641	186.5742	177.6203	129.5249	129.3981	125.1799	35.1311	29.3019	
117.3520	192.5457	190.4234	145.6079	144.8106	138.6257	136.1162	127.6297	
41.6381	186.3558	179.5038	136.0474	135.3951	134.0377	130.5216	49.8380	
150.9347	181.3928	181.3137	162.8539	162.8004	160.4108	156.7406	154.2668	
111.3417	185.1675	184.1648	143.9363	142.8016	138.5276	135.5494	115.5657	
72.8894	180.9141	180.7859	134.6492	134.5541	127.5203	124.7323	122.4254	
130.4568	184.0281	180.0932	157.5876	154.2017	150.9960	146.8267	132.5135	
124.0754	175.0586	174.8269	146.3600	142.1449	139.2084	134.8759	131.9455	
120.3167	179.1734	178.2866	149.3400	147.8744	145.6576	137.1289	128.7127	
18.5518	173.4330	158.6845	84.3220	81.7318	76.0122	74.5442	67.9623	
124.0036	191.0968	183.1653	151.8318	151.0086	147.8300	140.7853	129.2685	
-112.4819	180.1529	154.6047	-47.9288	-49.4406	-58.4811	-59.5212	-105.6917	
94.4921	174.3720	173.6848	141.2550	141.2497	139.7037	134.5400	98.7490	
-2.4767	179.1524	170.1891	76.6435	75.9078	75.8422	64.0366	4.9954	
53.3281	188.7910	176.2390	129.8568	126.7966	110.0606	106.9402	63.8091	
70.4411	191.5645	167.3274	112.4758	111.8739	109.5905	107.6769	72.9983	
123.0288	167.5004	162.9291	147.4096	147.3770	145.9326	144.5255	131.0168	
152.8148	192.6011	191.7209	169.0673	167.2331	165.6499	159.8372	154.8294	
73.4124	186.7510	148.0283	114.5042	114.4782	104.6575	104.2572	76.8091	
98.4615	166.3788	166.0433	126.8640	124.3947	119.7528	118.6021	106.2477	
20.5185	179.1525	157.9922	73.0382	72.8379	67.9970	63.5135	57.8493	
97.3553	177.0789	176.4251	158.8037	158.2260	156.8583	152.6768	112.1249	
90.9287	182.7790	182.0773	126.7466	126.7346	118.7394	114.4636	109.6798	
127.0295	199.0593	185.7692	156.6646	156.1709	153.1224	151.2092	129.9540	
136.1032	177.5619	176.6843	168.5596	166.5961	162.7888	160.0140	141.7177	
124.7005	177.6619	177.0323	156.8955	156.8868	153.0515	151.8662	146.4096	
69.2882	195.5306	193.8039	129.5180	128.9970	126.3906	123.1366	114.7115	
83.7738	177.1863	170.6398	132.1442	131.6761	123.4984	121.5729	98.6065	
91.3754	182.0121	181.1376	145.9234	145.9132	142.6132	141.9232	95.8789	
142.3175	183.3246	183.1687	169.7896	169.0884	166.6076	164.7637	156.5329	
121.6579	193.9755	193.9714	153.9251	152.9802	151.5817	147.4222	146.0765	
71.3523	186.5864	183.3637	118.6265	118.2170	117.9354	109.8569	94.3106	
50.1507	181.3840	181.1768	151.0210	147.0167	146.1759	143.4277	57.7607	
109.7638	186.0385	185.9134	143.1322	139.5783	139.3492	137.0567	128.9179	
117.6004	177.6330	171.9634	144.1961	144.1955	140.7046	138.5505	120.9335	
161.5904	195.4763	194.1918	174.3794	174.3533	169.1939	166.8790	162.8566	
116.6695	179.1951	174.0995	142.4686	140.2949	137.7565	133.1427	128.8054	
143.3830	194.9937	190.7892	172.4750	168.1584	166.4498	165.3369	148.7155	
155.4689	194.9605	191.9698	188.3196	186.5226	183.9459	182.6397	159.0465	
-1.6087	182.6347	182.3017	76.5086	69.0377	67.4424	11.8513	5.8941	
154.4729	198.9091	198.8863	177.0956	177.0902	175.9690	175.7449	172.3960	
38.7169	184.9459	176.3414	83.6831	83.6167	83.2759	81.2482	46.8680	
57.5834	181.7352	174.4273	113.8306	113.2916	111.6812	108.7166	69.6143	
99.7775	181.0455	180.2985	176.2849	173.1082	171.3119	168.8984	109.0555	
110.8393	181.1604	176.6355	144.7110	144.5741	142.6754	140.3661	115.5837	
45.9934	179.8518	175.5766	106.3633	106.3220	100.0784	98.6392	82.7382	
145.6157	193.4301	189.4638	173.9381	173.9381	170.9717	167.2369	149.9229	
139.2748	190.0330	189.0155	173.6620	173.6591	169.6454	166.4510	140.3470	
125.7191	182.2286	182.2100	155.0073	154.3259	148.9301	146.6982	141.6664	
108.0038	190.9020	184.4776	146.5220	144.7967	132.6911	130.5360	114.6469	
105.3220	194.2746	190.5049	155.9972	154.3187	153.2809	150.9308	116.7935	
152.5152	180.6934	179.9625	170.7551	170.1072	166.5917	165.4206	155.9539	
112.2213	163.8382	163.1299	144.7772	142.3679	141.7300	140.5041	120.8426	
117.1578	202.0244	197.5356	154.1109	153.9803	150.9378	148.7785	125.7266	
95.1851	188.0342	185.6218	130.8371	124.6331	123.5577	121.2098	114.3336	
122.2821	193.8136	172.9135	133.5870	133.2166	133.1207	132.3884	124.9116	
98.8395	191.4346	188.7993	143.5941	142.8859	140.6051	128.9608	112.2927	
100.7632	190.8396	186.5258	148.7669	148.4682	144.8414	142.3329	110.9818	
76.2800	187.5806	161.8893	105.6638	105.5002	99.6964	98.1935	79.5908	
115.0966	183.4753	183.3896	157.7828	151.4691	150.7842	149.5944	124.8379	
98.3133	181.6611	180.7359	123.5108	120.6271	120.4412	117.4316	104.7100	
95.3670	170.5816	159.5853	138.8901	134.7595	131.1383	128.4975	99.4533	
-0.4664	182.2846	167.5099	64.5870	50.3707	47.3514	43.8432	17.5072	
43.8550	187.4635	187.3493	143.7443	141.4245	140.4809	135.7778	59.2490	
115.3387	178.2555	172.0637	144.9428	143.9162	136.7717	132.6809	115.8541	
24.7113	176.3056	176.3032	104.5924	104.4561	101.1937	101.0485	35.7578	
66.6786	174.9000	174.1708	103.4177	101.8142	96.5148	92.7360	84.4691	
133.6513	185.1430	185.1192	169.1743	166.6667	162.4666	159.7824	138.3594	
120.7205	177.4158	176.7971	145.8449	143.9600	142.4987	139.7540	124.3350	
121.5431	193.9129	192.5305	156.8459	156.4054	151.3434	142.4228	126.6732	
-58.2941	186.2838	169.8829	8.0189	7.4926	4.1666	1.2374	-54.4867	
126.0974	176.3773	172.3086	154.1347	154.0796	149.3155	148.5987	133.3921	
45.9235	191.4671	181.7419	113.0644	113.0633	107.2789	105.0240	52.3464	
130.4944	196.6673	180.9492	173.4582	173.2204	168.7834	168.1918	137.7877	
130.0220	187.5038	187.2311	154.6239	154.5906	149.9032	147.8736	143.9567	
134.8200	178.8519	174.8929	164.5396	156.9874	161.5907	152.0386	139.9392	
109.2523	181.8383	179.6973	149.8601	149.6286	146.0517	145.6658	117.2173	
112.2017	182.2000	172.9938	134.3233	133.9711	133.2811	130.3510	115.9653	
94.3038	188.7995	187.6569	149.3558	148.6596	143.2774	136.9737	106.2938	
87.4158	169.8225	168.4009	140.9810	139.2105	137.3140	133.8277	95.5769	
122.7951	195.1270	189.1518	159.0183	158.6726	153.2600	151.6319	132.3836	
143.0732	194.6924	194.6795	170.2880	169.3139	167.7498	165.6460	152.3692	
131.1020	196.5511	186.6477	161.6962	160.6327	158.8990	156.6843	142.4228	
133.6618	184.1224	183.2886	170.0117	169.8740	166.4189	164.1919	138.1817	
131.5824	186.0988	185.9679	158.8784	156.0023	157.1133	153.6547	140.6674	
-7.2861	186.9622	185.0909	64.8425	64.3109	57.2927	7.4845	-0.8157	
146.5755	189.2481	185.0950	179.5773	178.8477	177.2620	173.7736	154.9848	
163.5554	187.0008	185.4038	178.7923	178.7862	173.4427	173.2710	166.1570	
-12.8295	200.2279	179.0968	71.3548	68.6863	64.4880	62.1527	33.5815	
95.3898	184.8945	183.4969	127.6288	123.3305	119.5681	117.7373	108.5711	
161.6005	201.5610	199.5466	183.1105	182.8026	181.4383	181.0020	167.7666	
44.9509	187.9501	182.9454	122.4267	122.0360	117.1826	109.0399	49.5674	
112.6779	180.6614	176.3425	139.5266	139.5076	134.8559	124.3740	117.9478	
153.1282	180.4622	178.1934	175.3002	173.0308	172.7407	172.1716	160.6216	
73.5820	181.6505	168.3473	104.8837	104.0562	104.0534	103.2072	87.1758	
-305.0321	186.2996	171.7361	-267.5903	-267.6336	-273.5267	-276.2532	-294.6630	
108.5672	177.9763	174.5221	140.1232	133.7982	133.6215	129.0375	127.4719	
123.4726	186.7354	185.2197	158.5067	154.2069	154.0596	151.3789	129.2716	
42.6619	192.6395	191.7158	115.8477	110.8879	103.1454	52.3298	45.8448	
44.8380	180.6003	179.5380	124.2400	123.9575	101.5417	99.7879	98.4192	
48.0416	185.5560	185.5518	98.9187	98.9068	95.8674	49.8929	49.3626	
107.7147	186.3516	186.3353	148.8395	148.7699	148.6379	147.3717	139.1992	
-21.6016	171.4010	171.1579	56.4804	56.0295	51.1541	50.2079	-5.5555	
162.4568	200.1542	197.8377	180.7812	180.0165	177.0991	174.8408	164.4694	
92.3296	192.2563	161.8812	130.9713	124.6095	121.3963	117.5752	95.8950	
72.6799	178.0740	169.9992	144.3916	144.3800	138.8677	134.1659	81.3615	
104.0882	184.3787	184.0100	166.5006	161.4012	161.0304	160.4032	108.9983	
127.0250	188.5854	183.1147	150.1884	147.4549	147.9133	141.7496	140.1512	
46.0666	182.8523	178.6833	133.6535	131.2302	68.4426	68.9533	58.5399	
155.5025	183.4568	183.1502	180.2244	177.6896	177.8293	174.4302	164.0034	
128.8457	171.2546	171.2352	157.4284	151.0273	146.1795	144.8527	134.9754	
122.1873	197.2396	186.0171	145.1706	137.9306	137.1506	128.3832	127.4401	
128.2431	184.5369	171.8525	154.0179	146.4903	146.1575	144.3931	131.8557	
40.9656	191.3221	168.2815	100.6491	100.1339	90.2105	88.7764	46.2128	
170.7211	195.0514	194.0416	185.9515	182.5696	180.9041	179.0031	172.5997	
141.1764	190.1063	190.0480	168.8422	168.5250	161.2362	159.9079	141.5936	
88.4648	188.3762	167.6031	130.2844	130.0846	129.6700	125.5999	118.1010	
101.6274	198.1806	193.8836	171.9175	170.6947	169.7522	164.9463	110.5802	
118.1009	199.2836	176.7266	152.8591	150.6933	141.8433	139.3353	130.9517	
107.5713	169.3606	168.3236	140.7896	139.4372	138.7211	134.7164	118.3110	
118.4809	183.5401	181.1970	143.9124	143.9087	141.6841	140.0221	135.6914	
-73.2824	173.7064	169.6338	40.7271	40.3451	23.8270	19.4440	8.4252	
58.9314	200.0076	185.4667	129.4978	119.6108	119.2239	118.8577	60.1478	
121.8051	184.0114	176.1040	150.5078	147.5217	144.2118	139.8076	125.7977	
150.1709	205.7083	199.1483	178.0800	178.0784	171.6012	170.6141	155.6794	
114.6859	197.8156	186.0619	151.3050	151.1658	145.3642	143.3118	118.4721	
90.2177	181.0578	159.7021	119.6358	119.5167	119.1551	115.1817	93.5045	
113.9653	174.3384	166.0991	141.9538	141.7431	141.0164	131.1606	116.2689	
144.6706	182.6862	179.5086	158.6689	158.6572	156.1303	155.1374	147.2939	
134.6558	176.5415	171.8288	156.7735	153.8551	153.8118	152.9432	135.6767	
29.8190	178.6848	173.3495	63.3578	63.3027	50.1164	48.3578	42.1390	
6.1041	182.3682	180.2236	66.3907	64.1044	59.9429	57.8922	20.7879	
71.4301	179.8305	161.2688	109.2525	105.6358	104.6510	103.5481	90.4252	
-4.4063	191.8528	177.6909	72.5878	72.4910	71.8319	70.1068	12.8628	
70.5078	190.4247	137.9530	100.8578	100.5389	99.9204	98.4220	82.5317	
105.0904	180.1027	178.5750	138.2276	137.1855	136.9513	132.8516	111.1640	
120.1425	186.4797	186.4327	146.6732	144.9034	141.9915	137.1677	125.5313	
100.3332	184.5912	184.3602	154.4497	154.2670	148.3881	147.0126	106.8542	
111.6805	176.2054	167.6713	142.4654	138.9331	140.3420	135.5607	119.8704	
98.4023	176.8546	174.2393	130.5115	120.9589	116.0365	113.1316	102.7007	
20.8548	178.3547	176.8888	124.0189	123.6886	122.8288	111.9972	46.7110	
98.1738	181.5289	179.4838	124.1719	123.6817	123.4033	121.0231	105.1849	
134.6831	181.5306	174.2316	144.3604	144.0161	141.9015	141.1807	139.7049	
143.1718	200.8366	199.4660	171.8603	171.1380	168.5835	166.5706	156.6823	
119.3568	183.8827	183.6051	148.0175	148.0023	146.4726	134.2770	128.7873	
142.1371	179.8392	179.7922	170.1134	169.8068	165.3040	163.7737	145.8242	
139.0957	188.0176	186.1939	165.3259	164.6240	164.0526	163.1587	152.5246	
128.6181	188.7180	183.9307	164.2141	161.9669	160.9853	157.1195	134.5892	
91.5495	190.0511	174.0849	128.4401	127.6706	123.4230	122.4051	95.9071	
97.8112	186.2460	185.4438	146.5781	146.3021	141.1809	140.2777	102.0397	
63.6858	175.1442	165.0698	137.7998	137.7985	129.6076	125.9760	112.7681	
130.0095	178.0758	177.2316	164.0759	164.0638	159.6205	158.2137	144.9770	
109.9713	190.6307	183.0624	144.6261	141.6699	137.8102	136.1210	120.3625	
114.0856	174.3122	174.2053	137.4517	131.5460	129.1912	125.6323	117.7281	
111.9716	180.1096	175.0581	137.8330	137.5849	136.6608	135.8036	121.0578	
103.9916	177.1846	170.2291	148.8385	147.6513	145.6439	143.7918	114.7310	
131.4152	177.9625	176.3779	152.7943	149.2500	148.2478	148.4408	141.1101	
-13.3418	188.1599	161.8551	29.0080	29.0004	20.9030	3.5484	-2.9822	
148.5702	196.5690	190.2200	164.1303	161.7761	159.5527	157.8226	155.0737	
114.7847	171.4070	169.5332	153.6728	152.3016	139.5214	138.8711	121.7920	
106.2421	192.1453	192.1273	130.6088	130.5976	130.2322	122.2019	119.1048	
153.2205	187.7159	186.4231	171.4182	171.4144	170.3078	168.6413	157.8358	
127.9591	184.2839	178.5590	147.5811	146.2852	142.3304	138.3839	136.9264	
103.7854	176.3420	175.7251	152.3232	151.8020	150.9204	149.3664	110.1183	
144.2371	182.9775	182.3307	178.7740	177.4248	173.8832	168.0053	145.3686	
119.4537	191.1603	190.8108	176.3830	176.3830	164.4968	164.1766	129.0619	
125.9853	188.0581	186.8950	152.7718	152.5173	151.3270	148.4323	135.7043	
28.6070	188.3542	174.0739	102.0551	101.3037	88.9564	87.9268	78.8675	
136.7901	191.4686	190.1169	171.6864	171.2359	170.4897	166.8342	142.5458	
92.4994	184.0372	182.3011	162.1320	155.4777	155.4194	154.5331	110.7542	
103.8067	176.9823	158.6119	133.1940	132.9141	132.1340	130.8813	113.3896	
105.8769	182.1032	180.8028	145.6770	133.6338	131.3369	138.9061	123.0626	
121.2991	185.0953	183.7865	133.6233	133.6104	133.3155	131.1145	130.5413	
111.6970	182.8557	182.3508	137.1198	136.1233	129.4505	128.2788	118.0354	
136.2798	185.4210	184.6315	151.9524	150.8472	144.7926	140.6812	139.0516	
119.3741	169.0274	165.9570	150.3115	147.8952	148.1276	143.3735	127.3540	
36.0431	188.5493	172.1171	76.8022	76.7558	76.1457	72.6743	57.7733	
135.1811	189.7359	189.3260	163.7366	163.6017	155.6831	153.1364	144.5538	
115.1176	189.0367	186.4646	165.0580	164.3954	152.0165	151.8438	138.0849	
130.1887	196.5066	195.9269	168.5911	167.1009	167.0016	158.5693	136.0839	
-11.6910	178.5749	165.5216	24.4878	24.3976	23.1772	15.2220	-4.1412	
19.0774	187.6034	187.5603	90.5578	88.5082	76.1642	71.3340	50.9043	
122.6208	185.7770	178.2224	145.8057	145.6273	144.4993	140.1190	125.9093	
133.9557	194.5259	194.3334	166.6004	166.2677	166.1556	165.5770	141.1353	
166.0255	216.6764	216.0840	186.4407	185.6925	185.3522	182.7363	171.0846	
133.3466	185.3310	185.3275	156.5849	155.5179	149.9115	149.1969	135.1615	
109.4217	179.9715	179.8625	133.4750	133.4272	125.3181	122.5534	112.8763	
89.9002	191.5471	174.0376	107.1949	105.2466	104.1480	98.9854	95.6115	
128.9319	177.8453	171.5364	159.5453	159.3307	157.5187	153.7973	135.9359	
75.8973	183.9315	183.8564	138.0189	137.3654	127.7360	126.1867	96.0263	
88.0890	177.8274	177.7958	148.1523	147.0696	137.7170	135.9924	98.1637	
60.0909	191.4873	179.9983	113.7835	107.4978	103.4992	101.1009	69.4020	
155.3843	192.3961	192.3648	176.3727	175.9198	174.6544	172.8052	168.0926	
87.1793	181.4018	157.2120	129.0644	128.4280	127.7456	119.7651	96.4784	
119.1129	176.5109	175.8801	155.7155	149.2734	147.9030	146.8332	138.4911	
118.5118	188.8344	185.8314	150.2738	150.1417	136.1806	132.1625	121.7871	
80.7454	178.5220	178.4507	95.8368	94.4575	91.6974	89.9337	88.0687	
113.2762	182.4328	181.9120	152.6954	146.5328	145.6590	143.3276	122.1861	
154.6669	185.9935	179.8736	168.2648	167.4211	166.5831	159.7547	157.6184	
70.5995	185.0354	168.0356	125.4062	119.7009	115.5717	111.7698	76.4959	
109.4329	178.0070	176.6810	144.0687	141.0787	138.3532	134.2599	119.8989	
47.2665	190.4239	188.9825	92.9842	92.9842	92.4416	86.5668	51.7332	
136.5221	186.7795	186.7445	165.1188	164.7562	163.9698	160.2614	153.0050	
55.7106	194.7745	194.7744	119.0967	118.9371	102.5307	98.8970	73.4550	
47.2327	199.5294	195.9284	138.7210	137.5566	137.2457	131.0030	99.6185	
136.2136	194.9514	192.5839	171.6030	170.0652	164.3671	159.8615	149.2171	
157.7446	200.9880	197.4867	189.4625	188.3557	187.5991	186.2569	167.7480	
67.2059	190.8920	181.3361	108.3055	107.8397	104.0012	98.1809	85.7057	
139.3270	189.1791	187.2763	167.6568	164.6893	162.3432	160.3176	142.0090	
129.4460	193.9513	193.9142	161.8210	161.1986	159.7500	159.2281	141.2663	
106.6344	183.8775	182.9102	132.5425	129.4677	127.0515	116.1706	108.1128	
131.3035	173.1768	170.1312	158.5862	158.5832	158.2073	155.4245	132.4506	
96.6642	178.7206	178.5156	133.7069	126.6364	124.1379	122.1563	103.0988	
120.3655	192.2487	182.9796	170.2188	164.0832	163.0780	161.8724	122.7963	
115.3436	182.8315	181.6019	164.0147	163.1767	153.9499	153.0997	120.6105	
-130.2433	191.1616	189.9889	-64.3066	-65.5935	-68.3253	-72.2325	-128.2517	
139.9005	194.0338	184.8645	172.0071	168.1823	166.1308	164.3945	162.4460	
23.1679	167.8534	156.3880	96.0796	94.3223	77.3362	75.2485	51.4381	
114.9346	182.1092	182.0032	158.9949	158.3605	157.4591	144.1186	122.2481	
60.2579	183.8384	183.5640	131.4325	131.3198	122.0781	119.1201	64.9203	
52.6429	158.4961	151.9293	97.0382	97.0297	90.7259	89.0489	62.3513	
145.9733	189.3879	185.5451	164.6983	164.0671	163.0847	162.3460	153.9357	
121.6280	178.5631	177.8605	152.0720	151.9612	146.1102	142.4466	123.1002	
55.5427	180.0451	175.3983	78.4198	71.9598	76.4720	68.4043	63.5176	
103.6905	186.1481	185.9457	179.0095	178.5060	172.4652	169.9303	111.9451	
119.0398	180.2500	174.6521	159.3103	158.9427	150.4730	149.8175	121.8576	
106.0561	184.0229	180.4419	147.0987	147.0662	146.9648	146.3341	113.9578	
112.6619	185.2324	183.4832	149.0334	148.9887	140.5687	139.8963	117.9958	
148.8121	214.6681	212.3452	184.0119	183.9909	182.9171	179.4582	152.5448	
48.4601	189.0278	165.5505	84.5360	84.5145	82.1834	79.7846	67.1570	
131.0989	179.8471	179.1241	153.6655	153.6387	151.6089	150.3056	135.6926	
97.5894	185.1650	183.6278	146.1442	146.1385	141.8593	139.8276	106.5545	
135.0982	176.4970	174.5816	165.9440	164.1419	162.3132	160.5919	138.2504	
90.4448	187.0812	187.0689	141.5501	141.5220	137.9629	132.9093	93.1108	
140.0707	190.4502	188.7293	161.7230	161.4441	161.1014	158.2112	145.4059	
76.9830	180.2233	178.0843	100.2703	99.4313	95.2922	91.2394	80.4229	
91.3397	181.8560	181.5357	132.1753	120.2984	119.6035	115.5856	95.5602	
146.8436	176.4102	176.2468	170.6836	169.8666	166.1827	162.7970	147.0899	
123.9762	186.9559	186.8679	147.5405	147.1238	136.4839	135.2246	132.5813	
130.2025	176.7913	176.7110	158.0550	158.0219	155.2747	153.2939	141.6747	
66.3821	191.7335	176.3663	131.9980	127.8202	123.1812	121.3107	87.0588	
79.0342	192.5443	188.7900	157.9601	157.7438	150.2138	148.0773	84.2444	
99.0886	184.5090	179.9032	129.2267	128.8324	124.4975	122.9499	115.4735	
135.2358	185.3974	185.1841	167.5283	167.3508	166.4954	165.1135	140.9472	
126.9557	201.4876	197.5144	160.7043	160.0560	155.3700	152.8578	138.6168	
88.1863	187.5878	185.6692	125.3701	124.1941	121.1923	119.4045	97.6710	
111.1273	171.2210	170.7763	131.6817	130.0000	125.3290	123.1473	114.8414	
143.8603	187.1090	187.0146	168.1384	167.9569	161.3484	155.9431	152.7126	
83.3661	172.2868	152.1578	93.3943	92.9156	91.5740	90.3563	85.5844	
114.7053	192.7333	192.7087	163.2874	163.0224	162.9626	160.4476	118.4266	
115.2891	188.5643	187.2298	160.1275	157.0338	156.1734	154.3638	127.2505	
88.5051	179.1076	177.4814	145.7031	142.8690	141.7528	136.2698	107.5134	
-36.2100	180.2658	179.4572	54.9954	54.9923	53.2008	42.5696	-10.2892	
102.0701	181.0242	181.0192	139.9114	134.4622	130.6030	129.9357	122.0887	
87.7804	177.9550	177.8695	121.1361	121.1023	120.9447	119.3051	97.1847	
-300.8145	184.0634	183.1583	-281.3513	-290.2460	-292.9192	-293.4945	-289.8462	
147.3944	195.7535	195.3827	180.8244	179.5855	178.9788	175.6724	159.2620	
145.8183	182.3511	182.3413	175.9075	175.7564	170.5283	166.5538	154.0816	
80.2730	181.5086	176.2736	160.6019	160.5793	160.1847	155.1497	94.2318	
89.2799	160.2757	159.8642	120.8220	120.8216	120.5327	108.9233	93.3903	
16.5913	195.9966	195.9901	126.1776	125.8376	111.8939	109.2291	19.1372	
128.1000	190.9060	185.7323	157.2282	155.5435	149.8031	145.4315	132.6026	
132.7328	188.3819	187.6130	179.7654	168.0637	167.7944	166.9327	136.1707	
131.7649	182.4842	179.8061	171.3039	171.2620	168.8032	168.3516	142.6747	
111.9229	181.7910	175.7800	144.0167	144.0031	143.1142	134.0998	123.1542	
137.8998	182.8098	181.5875	167.8322	163.7299	164.2217	155.8862	141.9003	
111.2994	186.8892	176.4744	158.0370	158.0200	156.2435	154.2742	145.0029	
-5.7924	192.0409	182.2499	57.3192	56.6796	56.6379	55.7514	4.3395	
113.5313	178.1182	174.4219	147.3533	147.2378	146.9087	146.2400	123.3156	
114.2117	194.4794	190.2176	159.6586	159.2389	158.7799	157.1262	123.3692	
129.4920	180.5245	180.3677	156.8768	156.1428	146.2083	145.5060	142.7709	
95.4058	184.1363	179.2792	152.2869	151.3448	143.4205	142.3248	106.3932	
79.1201	175.5252	174.7254	109.8590	109.8166	97.9311	96.3744	87.3890	
119.8984	187.7376	180.4038	148.0677	147.8218	139.5161	137.6946	125.5015	
93.0655	178.1414	172.1488	131.0223	127.6451	127.4666	118.7377	114.4533	
91.0060	190.3922	182.2735	107.6000	106.4976	106.0215	103.0010	99.6037	
126.2820	175.4939	175.4922	147.2952	146.1599	140.6243	137.9712	132.2052	
144.9407	200.0096	198.8441	177.3992	177.3579	176.9394	174.5476	149.1444	
18.7713	186.0328	184.2859	131.5788	131.5495	128.3073	119.0626	41.7757	
90.3622	188.7422	185.0334	131.9886	124.4154	112.0810	117.8795	96.3345	
114.3098	189.3617	187.5064	150.3340	150.1358	140.1515	138.2297	121.6030	
91.5065	184.9350	180.3533	148.5548	137.6851	137.4681	136.0260	92.4987	
92.2619	177.9791	171.8871	130.8594	129.5343	123.8664	122.3166	100.5322	
127.2035	173.4555	173.4532	152.7219	150.8888	151.9207	149.8917	142.1424	
126.4918	185.8361	184.4204	161.9343	161.8384	160.7930	159.3642	136.8898	
63.2139	175.9179	165.2502	79.8868	79.6100	76.5897	74.6779	69.7321	
53.7937	173.1348	164.1847	134.6919	134.2765	129.0704	120.9903	67.4145	
11.5670	181.9816	167.2612	136.2302	133.7362	132.7300	129.8548	42.7335	
155.0487	181.6451	181.0385	173.3574	173.3553	170.5547	167.6672	159.0242	
128.7162	168.7996	166.7829	154.1556	151.3057	153.3692	139.5769	132.9141	
123.8503	185.3242	182.5262	167.0787	167.0139	165.9927	165.5320	130.0840	
68.3665	174.5612	174.5634	121.1586	121.1347	118.9365	117.8947	109.3157	
126.8558	197.4781	176.0809	150.6296	148.9905	146.9599	144.8258	134.2514	
126.9110	178.7464	173.2915	151.2601	151.2598	150.2383	148.0549	134.8853	
128.1164	189.9642	189.3496	175.4947	174.3767	164.5203	163.2758	133.1564	
119.7733	181.9517	176.6122	146.7477	146.5480	146.5735	144.8188	134.7360	
96.1629	190.4479	180.7540	128.3791	124.9384	124.2735	120.0710	103.6254	
96.4401	181.1915	178.1571	138.0308	137.5765	136.0637	134.0402	129.7929	
133.3794	187.3626	186.3353	170.2236	167.7677	166.4720	162.0332	138.7737	
138.0195	188.7486	185.1918	152.9825	152.7114	152.6818	149.3938	141.9877	
153.6209	198.3242	196.0648	187.2605	179.2878	177.2916	174.5187	163.9741	
23.9116	223.7696	175.8771	66.6899	63.4977	61.0474	32.7842	29.6915	
50.8493	181.4546	177.8979	81.5155	81.5112	77.0381	74.3727	59.5251	
67.2456	183.3783	183.1404	113.1660	106.1717	103.1621	92.0921	74.9380	
87.8988	177.5680	168.4603	108.8195	107.8430	99.5824	97.0101	90.9933	
147.2764	185.7065	185.5511	172.6963	172.1055	163.1006	160.2549	149.8291	
89.6299	179.1216	170.3837	131.0882	130.8848	124.1575	122.3849	102.7064	
133.8297	181.9710	180.5949	167.9886	167.8466	158.9663	155.3043	139.6643	
52.8061	180.8049	180.5554	123.7380	123.1544	117.8321	115.5739	91.8770	
61.7296	187.0767	183.5748	153.1121	153.0674	152.9992	150.4949	84.3890	
130.1078	225.3778	209.7000	167.0504	167.0278	159.4350	158.0270	131.3884	
94.6860	180.3804	167.8651	132.9190	131.8066	128.8504	124.8313	103.9104	
108.1673	182.0497	179.5292	151.3234	150.3302	147.4432	146.4711	127.0940	
93.3388	183.3594	183.2330	146.0087	145.9949	139.8408	139.4435	96.4456	
140.4759	184.9780	184.2667	166.0538	164.7995	164.0169	157.1452	146.6582	
131.7420	182.6110	181.2057	151.0553	148.7129	144.6342	141.0994	137.4406	
86.4518	189.0717	176.5069	133.0594	132.9363	131.5074	128.4298	92.1949	
23.7211	190.3142	178.6881	96.0875	95.0236	86.8038	82.8123	39.2426	
100.3091	181.7048	181.1182	142.6771	138.3543	137.6893	134.8644	111.3357	
133.3302	187.8001	187.8001	172.5194	172.3947	160.0524	157.4660	140.2648	
136.4347	184.3792	183.9224	174.3567	171.2689	168.6541	165.9404	141.8900	
140.9968	183.3227	183.3139	174.5893	173.1860	170.3980	168.0908	148.2687	
105.9349	184.3595	181.0198	163.6040	162.5270	158.4092	152.9609	109.8965	
87.6590	190.2008	187.1741	177.8679	174.0484	173.8699	168.5789	111.4504	
64.6681	184.0114	177.5634	125.2516	125.1981	121.0597	119.1011	70.5234	
-72.7446	203.9186	200.0165	78.9318	76.1269	74.3562	-63.8252	-68.1292	
145.0140	200.4667	194.4718	169.9669	168.4632	166.9411	163.5823	160.4889	
100.2328	185.9506	165.0009	132.1023	131.7766	123.1956	119.7409	105.7427	
139.4052	186.3388	181.4959	156.6131	156.4887	153.3119	151.7560	142.9138	
131.1162	188.3616	183.1731	164.9803	164.5114	156.7390	154.9284	147.7265	
-56.6965	179.9711	157.0203	3.3404	3.0848	-5.4017	-44.1041	-51.8679	
105.0085	172.6117	169.5390	130.8071	128.7897	128.4433	125.6875	110.0010	
159.4499	200.9309	199.9400	175.7575	174.9574	174.7288	171.6535	162.5581	
98.2490	177.5587	177.3779	130.4386	126.2944	126.0322	123.3415	114.1097	
99.4738	185.3235	183.8066	139.4840	139.1443	133.3063	130.5372	119.0647	
146.5260	185.5688	185.0846	176.4511	176.2604	175.2104	169.8677	152.2978	
156.8539	182.5574	182.0034	169.8029	168.7012	166.5140	165.2684	162.1981	
104.3468	187.5039	176.9985	133.0021	132.5393	122.7590	117.9778	113.1762	
33.3658	191.5656	184.5115	69.3044	69.2764	61.9709	54.9591	37.9415	
66.3037	187.8107	182.0958	167.6396	167.6322	167.4094	165.7922	74.3719	
49.1423	177.5114	177.3111	138.0171	138.0104	117.7202	116.0371	60.5370	
137.1481	196.8885	189.2957	162.9234	162.9231	157.1726	152.1299	144.7047	
78.2387	189.6065	189.4172	155.7605	155.1775	152.8132	151.6563	90.8694	
164.6096	197.9714	196.4224	183.0444	182.7507	178.3462	175.4449	168.1857	
105.1510	184.8514	178.6084	143.2632	139.7410	131.5255	128.6765	116.0260	
135.4124	185.4769	174.6567	158.4200	158.4147	147.0504	145.2550	140.9017	
124.7422	189.6721	187.1893	178.2366	178.0890	169.2678	166.7519	127.8226	
133.3919	193.1132	180.4687	156.3749	156.3248	156.0973	156.0184	139.0896	
147.1421	189.0197	186.4244	173.1455	173.1385	172.9966	169.5630	152.2082	
-140.4217	180.9688	168.8534	-60.3149	-60.3356	-75.8867	-77.6824	-126.4919	
82.1618	200.1868	189.6564	118.5018	118.4966	116.5203	112.1934	85.9003	
105.2784	183.1523	183.1079	141.9484	140.9719	134.1937	131.2762	109.2846	
126.0583	191.8021	190.5689	142.5665	140.7698	140.1007	137.5158	136.2432	
159.0445	190.3427	188.7523	172.1041	169.9781	169.7123	166.8733	162.3805	
125.1254	181.3995	181.1055	155.1273	153.5421	152.1000	148.8074	139.2818	
97.0414	178.6598	176.0084	139.4671	136.2940	119.6560	110.9055	107.7986	
-3.1545	185.7111	177.1098	25.3483	25.3058	24.6798	19.5200	10.9122	
127.7539	177.6366	176.7918	153.5091	150.3172	145.6069	142.8661	131.8114	
119.1725	212.6820	195.4317	155.5372	155.2385	154.4706	149.1661	127.0497	
128.6821	184.4401	183.9695	163.6953	163.3438	151.0555	150.5284	134.4784	
136.0153	185.9058	177.5742	159.9994	159.0138	157.6194	155.0009	143.6475	
150.1984	185.9860	183.1298	170.3819	170.2686	166.5662	166.4843	155.0306	
118.7772	187.4729	184.7913	153.4674	152.0380	149.0803	145.8570	124.1949	
107.1788	191.2440	191.1769	146.0895	145.9352	140.1177	139.6087	115.2716	
127.4331	194.7476	185.8884	147.1882	146.6819	143.9811	141.6482	130.5648	
112.7872	190.6479	180.3727	149.0616	148.0106	139.1204	137.3762	118.7364	
115.3658	201.3855	192.9970	158.3127	157.4708	148.5844	144.2062	122.7960	
106.5602	183.6841	182.3805	168.0984	168.0556	161.1675	155.7692	118.2062	
61.1823	171.8661	167.8161	110.8432	108.3228	107.9688	106.0356	101.9144	
73.6004	173.3227	154.6852	130.8161	130.1073	115.2952	114.4003	82.9284	
158.1060	189.5387	188.9814	180.1735	179.3506	174.3099	173.3516	167.4498	
-5.7069	176.9609	167.8299	131.6149	130.0025	113.6560	109.7951	27.5983	
-32.5519	186.0415	185.6356	38.3258	36.7438	35.8766	31.8101	-15.8629	
134.4913	182.2876	177.3539	158.9281	158.8600	157.2082	147.8953	143.6505	
87.4195	174.8370	156.0198	119.1909	119.1555	115.7867	110.3103	90.6316	
137.1381	183.7482	183.3107	176.5891	174.7920	173.6985	171.7654	143.1178	
56.1416	175.1316	174.8790	112.7612	111.8251	100.7212	96.1859	77.8098	
138.8709	203.6521	198.3747	155.3735	153.8462	150.6571	148.7709	147.6815	
26.4497	177.1035	176.0457	74.7009	74.5738	65.6651	58.7835	36.8735	
136.3709	184.0637	175.0642	146.4809	145.5392	145.8487	143.8635	140.9499	
85.4374	178.5926	167.3273	118.3662	115.7328	114.6655	108.4529	100.3838	
128.1162	185.2707	173.3844	160.9681	160.6528	160.0472	149.4044	145.4838	
113.1645	182.7913	177.8883	132.1637	129.5693	129.0436	126.1490	118.6357	
157.0707	179.7228	178.9545	171.2141	167.9984	167.3053	163.9427	160.7959	
75.8547	184.6638	178.2631	115.8300	114.5364	114.5254	112.5529	88.6368	
115.4717	177.1453	176.6605	142.4867	140.6101	139.2101	134.5343	123.3129	
67.8951	191.6766	184.5449	112.5192	112.0954	111.2734	108.9528	97.4585	
100.4972	180.7794	180.1546	134.2004	132.0983	131.2064	130.3577	105.0623	
124.3674	180.0766	176.8323	144.0367	137.7861	137.3692	134.0049	129.8138	
121.3520	192.6446	187.4487	150.0801	147.9944	145.9753	142.2264	135.4092	
140.4662	178.7054	176.9506	159.5363	159.3551	157.6596	156.8251	146.6091	
141.8824	184.6995	179.5803	161.8258	155.5761	153.9548	152.1772	145.9814	
139.7252	177.9164	168.4224	163.6026	161.6053	163.3610	161.2754	145.1223	
56.5003	180.0699	164.3925	114.7274	114.0437	111.9789	110.0275	66.9507	
103.4269	188.2451	188.2356	137.0427	136.7056	136.2408	134.0272	108.6724	
121.9644	185.9993	184.9549	153.6147	153.2768	143.0283	140.7045	132.0303	
146.5536	188.2190	178.8517	166.8415	165.5884	164.7174	161.5023	155.3755	
92.6690	177.5052	176.6942	144.7275	143.6752	142.7226	140.5184	110.6257	
172.9819	197.3742	195.8438	189.0217	183.0836	182.5506	180.9472	177.0397	
154.3647	191.4547	191.3705	177.7471	177.4263	170.7853	170.3421	161.6979	
137.2159	178.3952	173.2047	165.2867	165.2162	158.5097	157.4001	140.7700	
137.3430	197.4348	186.2927	171.5040	166.4079	165.8738	161.4245	139.5232	
64.1881	181.4949	180.8992	92.6438	90.6652	91.3493	88.3790	73.6317	
88.4087	183.6895	173.7565	112.3985	110.9482	110.2518	104.7812	97.4206	
151.6525	195.6382	194.7266	181.8851	181.6821	180.1837	178.1811	157.9820	
132.8192	210.2000	210.1409	171.5759	171.4830	166.0281	161.6179	140.4635	
143.1453	191.8474	191.5070	173.9996	173.2348	169.2669	166.5231	146.7851	
140.2857	196.4957	190.7500	170.4478	166.8507	161.5464	159.4036	151.8974	
144.1915	182.8483	174.3371	162.5491	161.4321	160.1663	159.0588	146.6481	
123.8037	197.0510	197.0460	138.5940	138.4937	135.5309	133.2738	131.9999	
76.7566	184.2792	182.8545	129.6041	128.9202	118.1602	117.1862	80.6978	
122.6725	185.4928	175.9557	156.2812	156.2611	146.2550	142.4990	128.8847	
112.2363	178.8079	177.6579	134.8495	134.7078	128.1667	123.6093	118.4191	
126.1929	193.5407	187.9225	163.2290	159.9457	152.8785	150.4484	129.4994	
115.8177	172.9823	164.5257	146.9528	143.9776	143.4625	139.8742	122.9788	
98.1978	181.6120	177.6868	130.5238	129.6474	118.5167	117.3310	102.8119	
106.5056	187.6963	186.0552	131.2967	127.5056	126.4174	116.7214	108.9266	
95.3814	186.2718	185.9051	142.9040	133.7254	131.7641	127.6199	108.6373	
113.8110	171.0797	170.7961	145.1421	144.1782	143.1506	137.4574	122.5586	
103.1788	190.7193	189.6693	153.3929	153.0833	147.9444	145.5813	111.7199	
81.0859	188.6107	174.9673	125.0814	123.1783	121.8228	99.2869	86.9524	
147.0668	180.4094	180.3687	162.4558	162.4458	159.6008	158.6961	148.9921	
151.2722	181.6306	181.2928	174.1594	174.1190	172.9342	170.3732	155.4666	
107.9877	190.2616	188.0686	125.5059	125.1599	123.7738	123.2079	112.8175	
112.9769	187.3896	187.2728	122.8521	122.1302	120.8868	118.2924	115.7420	
119.6752	180.8743	175.3535	153.3568	153.1004	152.4954	151.0167	126.6309	
102.7756	184.9660	180.2633	146.3165	143.4770	142.3559	140.4647	106.5586	
123.4999	175.1151	172.3091	152.0334	150.6709	144.2841	141.2290	128.5447	
85.9216	195.2219	191.2401	104.6897	104.5573	103.8152	102.0835	100.7424	
146.2987	193.4973	192.9382	164.5036	164.3266	158.1944	153.9210	151.7149	
109.2145	177.6852	164.7756	149.0849	148.8775	142.0917	139.5461	121.1999	
152.1201	191.8033	191.2605	179.6953	179.6325	177.3304	172.2497	155.6510	
36.4030	177.4714	169.9282	89.1575	89.0122	88.9801	87.8205	59.2246	
55.4284	178.1804	156.0663	88.7138	88.7136	88.1319	84.8515	62.5733	
120.5751	185.4443	183.0900	161.6609	159.6583	158.1635	154.0889	121.5317	
119.4818	182.5600	179.2643	161.7655	143.7090	136.9174	155.3189	129.9079	
125.9640	192.8851	176.1800	155.0386	154.8140	154.2057	152.4703	130.5201	
66.3212	176.0006	158.0939	89.7060	89.5956	79.5856	77.0354	71.5496	
129.3869	184.2503	184.1796	161.5246	161.2599	150.9139	149.1050	140.4764	
136.6447	194.8206	187.5998	165.9720	165.8798	158.8900	158.1145	136.9696	
70.5482	182.1958	178.0556	133.3448	132.8931	132.6823	129.8389	72.0566	
151.2101	191.3002	190.2060	171.3318	170.3515	168.3241	167.4105	156.6984	
102.9961	182.9989	173.8247	129.5936	122.4666	116.2059	114.8594	105.2322	
69.8255	193.9596	191.7977	134.2846	133.1843	119.4297	114.9638	74.6150	
141.2706	193.0641	184.8752	166.0666	165.3389	164.6670	160.0392	152.3368	
102.0586	186.1652	186.1245	147.5935	146.4932	145.5312	143.1684	112.4232	
132.7706	190.6935	187.7556	167.4804	166.7841	160.7849	156.9286	152.7807	
-4.6892	180.4619	172.9081	80.0929	80.0814	71.4573	64.5409	12.3637	
78.4617	183.0362	182.9996	137.4143	136.8110	132.0860	129.1915	95.2535	
70.3875	185.3934	171.0528	85.2994	85.2042	84.8916	79.3845	74.3592	
120.7359	180.4431	180.4420	143.3931	143.3372	140.6270	139.5102	131.1218	
95.4413	189.5468	189.3934	116.0894	115.9565	115.0986	111.8445	99.5322	
83.8079	180.5907	178.0914	140.4343	139.9447	137.4471	135.3656	86.8949	
122.7101	190.0732	184.0086	150.3124	150.1920	138.7552	136.3722	128.1576	
-2.2944	169.8072	159.8422	36.0045	35.8150	34.1734	28.0647	9.7335	
152.7420	183.8133	178.3529	172.5648	172.4318	170.2782	165.3161	153.2262	
156.9316	189.3014	188.5291	177.7555	176.9045	175.8322	171.7716	161.7707	
125.0165	181.5304	179.7768	150.3455	149.7406	148.0203	145.9838	129.9364	
155.8033	182.6987	182.4794	173.3772	172.6256	168.9819	168.2364	160.7772	
78.1071	185.6183	182.6622	108.6836	108.6836	106.6676	104.8522	99.8727	
73.5414	180.9495	165.3882	144.6768	144.6379	143.8987	142.7983	84.3018	
45.8204	184.7819	184.1560	131.0063	130.7307	127.8802	125.7213	51.1226	
95.3069	199.0967	193.5637	126.5059	126.4995	125.2297	124.7017	111.0724	
153.2220	185.5213	185.4094	180.1711	178.2299	179.7291	176.0360	156.1203	
103.9336	190.0995	182.7668	138.8311	138.4684	128.8150	127.3748	122.3002	
103.7677	170.5837	168.3740	154.9424	149.2068	146.7381	141.2973	124.7269	
104.1603	185.0057	177.6312	134.0853	134.0526	132.3740	130.3508	124.8678	
115.6187	190.0588	178.4649	156.2226	155.5302	153.8803	148.2686	141.7084	
126.5015	182.0808	181.8394	146.6598	140.8531	139.2097	137.4307	136.2639	
116.2381	192.4749	187.7307	125.9136	124.9906	125.5520	122.6218	119.3704	
73.4813	181.6184	175.1881	134.6154	134.3102	132.6306	131.0562	95.4193	
112.4555	178.6326	175.3918	149.8823	148.2628	141.5341	140.8200	120.5246	
101.8697	183.1055	179.6350	125.4023	122.0313	121.9068	119.3515	114.0776	
140.4198	184.6886	177.3654	163.6152	163.1709	163.1576	162.7252	151.4395	
111.0630	184.3349	180.5562	136.1667	133.2462	126.9667	124.2130	119.0169	
103.5539	177.5574	177.1549	147.8211	146.6313	143.1149	140.1774	111.2989	
137.1049	187.2162	186.1605	165.9262	162.7781	165.4472	159.7742	145.5198	
16.0337	177.1635	174.6277	44.4770	44.2316	43.5388	39.9064	21.1742	
34.6957	189.1341	185.1140	130.3768	128.5528	109.7455	104.3176	44.9086	
159.3898	186.0103	180.6717	173.4276	173.3274	170.6556	169.0144	163.1906	
153.4009	186.0879	185.1192	171.9722	171.7109	171.0516	166.7059	163.6866	
112.0908	178.7347	178.7308	151.3704	151.3278	151.2253	147.3984	139.7714	
-182.6920	185.6045	166.2024	-148.6688	-148.9101	-151.3570	-153.3034	-178.5835	
53.8703	179.8393	178.8968	122.1922	121.4269	107.0519	105.8543	61.3159	
139.0500	179.5695	177.2651	156.9762	156.8670	156.1892	151.8850	144.3780	
73.2454	181.7912	178.3841	128.5875	128.5492	126.1634	125.2001	89.0839	
65.1839	179.2649	179.0363	100.0735	98.5729	97.8464	96.2582	68.5694	
63.0155	189.2079	183.0571	94.8862	94.8151	93.5628	87.0766	73.7202	
101.1068	180.9959	180.7331	145.7268	144.4469	141.4876	138.7645	112.7082	
92.0623	176.2314	176.1149	134.4013	133.8294	123.8861	115.4764	97.6426	
73.3483	187.0031	179.0799	106.6773	101.0866	102.1981	96.4785	80.2254	
69.6185	189.6271	179.4822	108.7027	108.4720	90.0954	87.5106	82.9642	
52.5241	184.0665	181.4168	104.6332	101.3794	98.6256	91.7631	56.6160	
83.9208	194.7681	161.3195	129.2468	128.4050	116.7112	114.2733	89.9884	
114.7819	188.2910	180.6873	156.0546	149.4594	146.3400	143.8881	122.4977	
94.6422	177.5081	169.9707	147.9894	147.8109	146.1421	145.6357	97.2858	
67.6534	181.9084	181.8787	137.6253	136.2825	134.4289	131.3465	83.0052	
120.8504	194.3598	184.4786	154.5704	150.3049	144.3925	142.6316	128.9626	
77.7587	177.9559	175.6046	125.3327	125.3141	116.6346	114.5104	82.5103	
122.2382	181.0620	180.9436	149.3139	148.5320	144.6954	142.8892	129.8477	
120.2033	183.1890	179.5285	159.2522	157.6906	149.9182	149.0357	139.3905	
96.0344	183.5007	177.0057	137.6724	135.6757	122.4442	119.8727	104.6897	
81.3599	181.0679	161.5187	107.4167	106.0497	100.3839	99.2589	90.9454	
110.8614	186.2322	183.0359	152.9093	152.8908	152.5905	150.6171	117.6024	
98.0199	189.1817	154.1410	131.6361	130.4413	128.7947	127.3438	102.1120	
21.6211	183.5353	163.4156	110.8481	110.8455	107.7391	107.4450	35.0233	
76.0143	185.0569	180.4932	119.1478	116.7372	115.7509	112.0909	84.3969	
141.1367	180.3990	179.8595	159.3274	158.0266	157.8455	154.9391	147.9123	
80.1783	182.2352	180.2942	144.7523	134.0935	134.0751	131.8160	86.7749	
112.4378	179.0000	169.3172	131.0554	129.4048	128.2426	126.2952	119.9588	
88.8248	195.1971	179.3266	123.2519	123.1505	122.5555	120.0428	112.4795	
87.4007	186.2533	181.9239	135.5421	129.3492	123.7467	123.2687	107.9493	
112.8629	186.5758	184.7670	170.9351	170.5814	169.7670	165.4356	132.4895	
108.3286	179.7881	179.7330	137.1679	134.1714	136.7617	133.4143	131.3532	
58.8173	185.2490	171.7816	103.0160	99.1879	94.3985	93.1362	90.0416	
126.3960	182.1233	181.8051	165.2093	163.5146	159.8469	159.3154	131.9777	
-56.0584	180.1213	165.0375	9.6330	7.1484	0.3387	-4.9478	-15.1911	
129.7976	208.4381	191.3824	162.5279	161.7554	141.2050	140.4794	137.0384	
88.4967	185.9840	178.1605	125.0883	124.6231	122.3250	121.1562	96.0574	
80.3451	194.7822	194.3485	134.1987	133.8636	129.4437	126.4371	91.0598	
135.4012	177.2391	176.5328	167.1551	166.3542	164.7744	161.6231	152.1483	
144.7181	188.8696	187.9311	171.5056	171.3129	169.7594	168.0114	157.9541	
140.2383	185.8749	184.7125	166.8363	166.2822	165.3561	164.2233	153.4431	
122.8496	184.2743	182.7753	150.0512	135.2077	131.5916	127.5023	125.0723	
75.8961	194.6833	186.4684	139.1746	138.7545	137.4681	134.3567	83.9989	
132.4787	180.8661	180.8163	168.3972	168.1768	159.0084	155.3011	139.2828	
145.0635	197.5831	195.9139	169.4412	168.9004	168.0749	167.5419	158.0768	
113.0399	182.8105	182.4006	147.6373	147.2902	142.3423	141.8589	117.7171	
68.6079	165.9015	161.9688	114.7932	111.9068	110.4724	107.2017	104.2949	
146.4990	215.2755	183.4506	173.2503	172.0458	171.4926	166.8403	151.4817	
82.1948	182.0269	173.9859	131.2129	131.1082	106.7532	92.2990	84.5566	
87.7137	172.1127	169.7040	141.4664	141.1780	141.1241	108.3183	102.2021	
132.5826	186.3193	181.3123	151.2884	151.0308	149.5691	147.4283	146.8488	
121.9221	187.9610	185.6495	175.7275	172.2234	167.3497	164.8555	127.4571	
127.7471	176.9731	172.6073	147.3216	147.1184	145.6189	141.2183	132.1344	
125.3013	175.8828	169.4186	150.3853	149.4782	145.1178	142.6226	127.6379	
119.4747	188.4914	171.4003	158.3046	158.2338	154.7852	153.8540	131.9928	
105.5468	184.7142	173.3917	145.2724	142.0980	140.7655	139.2609	111.2047	
5.4508	180.9509	171.0655	34.7482	34.4324	27.7406	25.5995	10.9757	
106.8205	186.5538	184.4062	170.2952	170.2745	150.6328	149.2655	112.5906	
38.9736	205.9470	154.2948	85.0201	83.7762	81.2810	42.3674	40.4540	
48.4387	189.6178	182.0558	115.7258	115.1303	113.1825	62.8288	55.3252	
112.9826	182.5743	171.8740	145.3665	143.2628	141.2316	137.6889	129.3722	
123.6819	180.8701	180.3722	154.7002	154.3367	149.3984	145.0054	131.1265	
92.1438	180.7796	177.3810	127.0405	126.8333	118.2535	114.8385	99.1114	
57.2876	186.1442	170.8648	128.0820	127.4080	125.4605	121.5373	68.6349	
35.6041	177.2831	176.0039	83.5763	83.0181	75.0157	64.4186	60.0597	
-16.3881	182.4915	128.7491	66.2018	55.7826	63.6870	50.6471	2.7841	
127.3572	188.6695	187.9162	169.1779	168.7188	157.7285	155.5537	141.3359	
73.6995	190.6920	183.0691	138.3875	131.9399	134.1580	125.3662	82.2267	
153.7695	200.4663	199.9986	169.8801	167.8353	166.9149	163.8644	158.5426	
110.2993	174.9962	168.2188	150.5202	150.3835	144.1486	142.1733	119.4498	
122.4066	174.4770	174.3377	162.6457	158.8118	155.9778	150.6762	128.2082	
150.6553	190.5927	190.5912	178.1499	175.5254	172.7577	170.5909	166.5657	
102.1760	188.4493	187.2045	165.4149	165.2367	162.9612	159.2671	152.0659	
60.8843	181.0285	178.2459	119.7411	119.5395	106.6044	100.7733	69.2866	
110.8603	188.0192	188.0073	172.1344	172.0197	167.2224	164.9460	142.7458	
121.8225	194.0572	177.0512	143.9953	143.9476	135.3751	134.5750	126.3029	
90.7267	191.0166	188.4729	150.1832	149.1339	147.5497	146.6091	120.4934	
98.0583	178.8651	178.7903	153.3304	149.9003	147.0844	143.0682	110.9141	
42.6173	189.1185	189.1111	121.4091	120.5856	108.3867	105.6602	50.1763	
60.7658	183.9528	183.2125	119.0950	115.9356	111.5494	108.2685	79.0762	
77.8066	175.7044	173.3321	122.3478	122.1923	116.2605	112.9128	107.3581	
45.6188	187.2563	183.2999	70.7560	70.7460	69.1994	67.6081	48.8308	
143.9961	182.3745	176.3412	152.2108	150.5739	149.7637	147.1003	146.3124	
152.5102	178.0812	175.1210	168.3796	166.2019	163.1364	161.3952	154.8105	
111.9871	178.8544	174.3255	158.9907	156.1334	155.8824	154.3145	117.6227	
67.6963	173.7541	173.3586	153.1811	151.7941	149.2445	144.5760	79.1783	
77.3747	194.3975	191.5830	147.5963	147.5323	130.5638	129.6275	90.3624	
140.8953	183.9505	179.2797	171.7924	168.2809	167.2331	165.5429	144.8201	
61.0823	170.0416	162.4983	104.1588	101.1345	99.7447	94.0185	65.5922	
106.8415	190.5886	181.1701	157.0474	156.9010	155.6172	153.5391	135.1649	
123.8857	193.5535	193.4738	175.1090	174.1754	166.2647	165.3924	131.3965	
72.0746	176.2819	158.2850	118.4959	117.7468	116.8113	109.4803	75.7793	
100.7270	189.9611	189.7760	151.6694	148.6976	146.7985	145.7172	108.1389	
74.7125	186.7659	181.7658	139.1337	138.3916	125.1818	123.0916	80.5014	
90.6882	183.7452	183.5634	126.9074	124.3878	121.2097	119.1452	102.8840	
155.5429	189.8361	188.0217	177.6092	177.5060	176.1356	172.6740	166.8054	
147.7284	189.4355	187.7939	178.8667	178.6042	178.2488	176.6739	157.3797	
115.1591	183.9609	180.5576	146.7026	146.6772	146.0030	142.8620	119.9018	
115.6021	182.0852	175.8237	137.7169	137.6640	131.8905	129.0126	116.8360	
117.6779	184.9339	184.9326	163.8861	163.7548	162.9684	159.7250	132.9434	
57.0331	179.2481	174.8253	125.7314	125.1893	121.2874	120.7452	67.7319	
-117.4096	177.8479	161.9006	-75.7249	-85.2733	-77.9877	-89.8231	-108.2099	
136.9747	188.0163	180.4948	164.7800	155.4995	154.9201	152.2317	140.9955	
63.1029	181.1328	180.9124	126.0909	116.1245	118.1329	85.6150	70.7540	
114.4140	203.2369	202.4424	151.4050	150.9942	142.9455	141.2812	120.6727	
149.3754	179.6052	178.3961	160.6928	159.1860	156.7666	154.5250	150.2804	
109.1353	178.2603	158.1208	128.8411	127.7020	125.5653	121.2623	113.9960	
45.9762	184.5011	181.2180	108.9625	105.3520	102.9029	98.5326	96.7325	
146.2938	209.5981	209.5090	179.6154	178.9303	176.5117	170.6748	159.3785	
145.0977	187.7979	184.8129	170.2503	169.7517	167.5814	165.1945	146.9537	
126.4719	184.5345	183.7581	152.4803	152.3233	151.7508	150.6312	143.3908	
99.8877	171.2155	168.4748	141.6604	141.3706	131.0642	128.8846	120.5034	
56.5963	181.5763	181.4215	82.4827	79.9536	78.1546	76.8130	71.6684	
105.7538	182.6652	178.6871	154.9806	154.9335	153.7902	149.1029	115.7835	
126.7512	192.3441	192.3334	163.3286	162.0205	153.1949	151.9984	132.4910	
114.6659	186.1340	181.6481	144.0906	144.0902	140.6481	137.6594	126.1630	
75.5787	181.7430	181.4831	147.9278	147.7069	142.5421	138.4337	135.1276	
106.8623	180.4327	179.9482	146.0502	145.5479	143.9719	140.0821	108.5556	
103.1601	189.8336	164.5661	138.8087	138.4516	136.6255	134.5965	108.9199	
136.8701	200.9206	196.1349	160.0639	159.6054	157.4772	148.9126	144.3385	
40.5886	174.7996	173.9129	73.8247	73.4269	72.2356	71.0938	47.7594	
128.6711	177.7396	177.5589	157.3728	153.1103	150.6426	149.5928	139.7612	
84.7200	167.7380	163.5870	109.1758	108.5413	103.5353	101.5967	92.6677	
101.1620	184.4481	175.5579	128.6653	120.9213	116.9066	115.8146	112.8994	
111.0296	185.0919	184.1615	160.8835	160.5077	158.6166	154.2093	124.9703	
131.7798	185.0569	173.0504	158.8213	152.7584	151.9836	151.0913	139.9763	
95.9903	183.2145	180.9206	149.2427	149.0588	148.5677	145.8119	103.7033	
134.6933	191.1693	182.4978	159.4107	155.4137	154.5035	152.0392	140.8943	
162.1982	189.3692	183.9208	175.5109	172.7425	166.5613	166.3275	165.0420	
59.7761	178.1281	173.8846	110.1591	110.1172	92.2467	87.9909	66.5823	
91.5769	182.8334	181.9176	154.5179	154.3629	153.5504	152.2505	98.2603	
135.0052	194.5674	183.6841	155.2143	154.0610	152.8164	149.4960	139.0908	
121.0462	185.0909	185.0082	154.3827	153.1024	151.2032	144.4439	127.2763	
151.5267	199.3315	197.1922	167.0392	165.6204	163.3908	158.9792	153.0177	
92.0493	183.0473	175.7090	149.2552	149.1780	145.0928	144.1689	114.8232	
126.5639	179.7090	178.5195	155.4304	153.8241	152.0038	151.0876	133.9238	
112.0671	182.8947	182.8670	129.1112	126.9800	128.0751	120.6210	118.8780	
79.9080	189.0214	184.2677	127.5730	127.3928	123.7197	116.7732	90.2657	
40.3636	191.4365	191.0818	90.3914	89.3714	88.5419	84.1610	51.5973	
135.4719	183.3460	183.2571	164.2286	163.0731	155.0338	150.7653	148.6966	
27.1806	177.7561	148.2037	110.2105	109.1446	106.5633	106.0200	73.8199	
133.3568	181.5433	179.7081	161.2842	159.7898	151.8323	150.2110	140.9631	
142.1058	189.1736	189.1457	173.0474	165.2016	163.4929	159.9376	156.6036	
121.8989	178.6746	178.5441	158.0342	157.0171	156.5129	154.4279	127.8676	
22.8934	183.8856	183.8850	145.7149	145.5254	133.3365	130.8550	46.1020	
27.3272	180.0779	178.8096	132.7568	132.4504	131.5468	35.0352	28.8735	
4.4787	186.5875	184.1424	79.3982	78.4020	73.8341	72.7617	22.7957	
126.1188	173.9761	173.8389	157.8316	157.7068	157.5591	155.5843	130.3089	
131.8849	171.2007	171.1977	149.1607	145.5325	143.0874	141.4066	135.8334	
143.8512	182.9301	182.2886	165.7065	164.9906	162.4451	159.1125	148.9709	
11.6639	177.3569	175.4282	75.5608	74.2147	61.7635	58.8643	14.1963	
133.4297	173.1871	173.1675	165.2357	165.1889	162.9153	158.6588	155.2644	
117.7174	183.1202	180.6420	152.2861	152.2802	150.6448	144.9684	124.3760	
108.0770	178.4725	177.4125	144.8741	143.5362	141.8131	140.1923	120.6503	
114.2892	188.6298	182.6273	143.4346	142.6980	128.0361	127.5532	125.7733	
0.3417	189.1353	187.4498	125.0926	112.7429	112.1871	111.2503	19.5194	
132.2005	188.7471	187.4939	162.9974	162.8121	151.5277	148.7790	135.5875	
91.6399	184.9733	181.4076	136.8438	135.9638	114.3560	110.0370	96.6446	
156.6609	193.5480	184.0966	173.1929	169.5626	168.0383	165.8704	162.8759	
125.7280	186.6578	186.3779	159.0843	158.9925	150.9348	145.5544	129.0883	
68.0047	178.5452	166.8554	95.0047	94.9861	94.3965	89.9988	78.2143	
134.8046	175.1522	172.2927	153.6676	153.0740	152.0179	150.5706	138.0604	
64.4416	192.9032	162.7979	82.9975	82.8788	82.5701	75.6850	65.7285	
-47.6429	176.1591	175.0168	12.3180	9.6976	8.6865	-40.4964	-44.4429	
139.5114	185.4444	185.2024	160.2817	159.9391	157.8157	155.6370	149.8227	
13.3286	194.3734	194.3237	67.9822	55.9316	54.3297	52.2621	27.1439	
113.3438	176.4061	168.1788	134.6056	131.8415	131.9436	129.3351	124.7194	
143.8093	182.1984	180.9333	162.5738	159.2320	157.6525	153.2595	146.2774	
108.9771	180.4174	173.5902	154.0999	152.4335	149.5838	147.8032	132.1872	
142.1333	180.4459	179.7925	163.1352	156.1274	154.2334	152.7918	147.9710	
112.3117	183.4984	179.4638	145.0050	144.2649	141.7176	139.3499	119.3927	
134.9550	200.2791	190.2175	153.7988	153.6662	152.2062	143.2397	138.3753	
108.3668	180.2844	174.8853	145.6191	145.1220	143.3240	135.4436	132.0300	
97.4332	183.5279	179.9669	157.4695	156.8789	142.4390	138.3951	104.8535	
142.4985	183.0892	178.5572	158.2495	158.2412	154.1302	151.1709	147.0784	
150.3609	191.3057	185.9573	171.5666	171.5465	162.3171	160.1639	155.0618	
156.0126	187.4638	187.3432	183.0201	182.7680	176.8749	175.6782	169.5193	
-7.1159	190.2059	179.1094	104.1870	104.0808	102.6987	93.9436	0.5914	
153.4570	188.8044	187.8524	174.2949	174.2789	173.6126	173.5128	156.2114	
87.0804	178.0740	177.2891	120.4831	118.9033	118.4359	113.6909	103.3682	
68.5114	165.2045	164.8388	97.1036	95.9409	92.9990	89.0996	80.5633	
12.2605	191.6007	170.9796	63.4150	63.3408	61.2565	56.8013	14.2533	
145.9422	197.1340	195.9076	175.1219	173.6546	166.7816	163.9392	149.4711	
55.9369	183.8271	162.4103	98.4707	98.3677	97.9931	96.2489	66.1341	
157.5139	201.2513	191.4113	178.0347	174.6071	173.5767	171.6969	165.6208	
87.1375	178.9940	172.9499	155.7334	151.6019	149.5039	148.1186	98.5868	
97.5410	187.6430	186.9731	133.4171	133.3274	130.5789	127.7907	102.8845	
123.4277	170.3344	164.6274	149.8121	133.8539	131.7072	127.9483	142.0182	
93.5177	182.2885	168.6711	157.6680	157.5554	152.9124	152.3494	104.7798	
114.4822	177.4864	171.0467	146.8811	146.8687	144.4118	144.1566	135.4049	
121.1754	196.9691	190.5322	154.0114	153.8567	152.8978	149.4065	139.9730	
137.9311	188.5347	187.9924	159.0679	158.1742	157.6526	153.8176	147.7157	
96.6396	188.9572	184.5802	140.6980	140.0627	137.1415	136.5072	104.7593	
77.2823	179.6137	164.6814	116.7872	116.4223	109.7606	108.3555	98.1379	
44.9914	207.0861	186.0639	115.6229	115.0325	109.6197	107.4204	58.6129	
-7.9458	184.1030	181.7487	129.4878	129.3602	123.1616	121.4820	7.3449	
96.4070	186.0518	185.9499	155.4232	154.0867	141.7581	138.6334	107.8428	
115.2275	182.7857	179.8993	153.3812	153.3703	148.6694	148.2922	126.5823	
111.0103	179.8261	177.8216	152.2392	152.2392	140.2290	139.7846	120.1528	
102.1456	178.4506	169.7249	123.0267	122.6582	122.6279	110.3111	107.8952	
-149.3516	171.7541	160.5891	-79.8543	-80.4656	-81.8701	-86.3621	-140.3864	
38.3893	183.6834	180.2849	93.7891	93.6096	84.7140	45.5869	39.8880	
112.4015	177.4980	177.4977	153.1980	152.8119	146.9232	141.4009	120.4389	
136.6865	181.1358	179.6656	162.8547	162.7393	159.9524	159.3640	142.7515	
140.3058	186.4480	186.3499	164.5297	160.7903	157.9680	153.7309	146.0156	
149.2483	192.8322	192.5562	168.3035	164.8386	164.1388	160.5227	151.0142	
164.8202	181.0504	180.6427	176.9411	174.6834	176.8912	174.5606	169.6388	
139.1434	200.2325	199.5332	169.1173	169.1167	163.7157	160.9790	146.4235	
59.6340	189.0145	166.1666	106.8814	106.3298	100.4223	92.3861	66.0436	
131.5799	198.5160	187.8166	171.9369	169.4497	168.5942	166.7581	139.4408	
135.6583	192.8384	186.4080	170.2258	162.3465	161.8495	159.0050	153.3899	
115.4472	199.1553	194.7989	162.9338	160.9468	158.6174	150.7143	130.6319	
99.6137	181.6226	174.2535	150.6701	145.8563	134.4569	131.6079	109.3107	
101.2340	189.0651	188.7412	133.0456	133.0456	126.9297	124.5520	103.5995	
115.0428	181.5713	175.7308	141.1361	140.9734	140.5524	138.9096	120.8539	
123.1798	222.9227	184.6199	146.1073	145.4579	138.2522	136.5229	125.7417	
102.1520	181.1792	178.2955	134.9606	134.9096	124.7212	114.8357	108.5262	
128.9963	182.3170	172.3071	154.5737	151.1187	148.4009	146.5131	133.3777	
140.4080	199.4335	199.3381	187.1628	186.8931	179.2049	178.7725	149.2872	
113.7299	173.2946	173.2595	146.0414	143.2178	142.4733	141.4357	136.7072	
108.1351	184.1308	181.8738	153.4009	151.1332	149.1641	144.8224	119.7230	
116.7777	187.5767	185.7106	170.2620	170.0858	168.1147	165.4264	142.0569	
10.0075	214.3281	172.0201	55.3757	55.3737	54.3235	48.9498	19.0855	
61.0369	179.9918	165.5678	109.6447	89.9850	85.7448	67.5261	64.2008	
-40.6105	196.7532	196.4411	21.6847	21.0808	17.8462	17.2502	-25.4966	
29.6383	192.3081	188.6242	86.9729	86.9729	86.0937	33.6417	32.1003	
94.6796	187.7293	187.6115	142.6456	142.5230	139.9141	133.0912	110.3270	
80.4159	179.6931	178.4918	143.4077	141.2710	137.0584	134.8733	112.0934	
126.5143	181.5303	181.2240	156.8895	156.0625	155.2306	153.1167	134.3686	
113.5911	186.1426	182.2452	137.1387	137.1117	135.5683	133.3140	120.6498	
136.8039	189.5363	189.4964	161.2596	161.1695	159.5735	157.7004	138.8228	
91.1047	184.1099	183.9439	140.3661	140.0818	138.6678	124.3714	103.0706	
71.5915	180.7878	180.5671	151.8967	151.1961	149.8948	136.4808	93.3700	
135.0454	195.9925	192.6167	168.7649	168.7641	167.9720	161.0848	138.7671	
146.9170	187.8855	187.5544	179.5445	179.0984	177.1235	175.2962	152.0564	
134.0736	191.1548	191.0262	169.6280	167.7048	167.5418	160.0268	152.7091	
74.3571	184.9613	174.1015	108.3875	108.2570	103.2346	102.4939	91.8615	
122.4114	178.2174	177.3378	155.3713	154.6718	147.5761	145.2376	132.1746	
125.4975	177.9802	177.9379	156.8024	155.5909	155.0484	154.3529	129.5095	
116.7772	195.2588	190.3037	151.4933	150.5171	142.7375	141.5195	117.9816	
125.1229	180.6060	179.6547	169.2539	162.0808	160.1825	157.8579	130.1905	
132.6706	195.5953	181.1612	147.9121	147.8438	147.0088	146.8169	140.1799	
29.6017	182.7233	182.6041	85.5657	84.1682	83.0887	35.2559	31.2820	
149.1318	188.6856	179.5558	162.8667	162.8640	160.4014	160.1367	157.2155	
50.6237	179.6508	166.6504	83.0070	81.3718	80.6961	71.5668	60.8720	
133.9480	175.5432	174.3346	156.0008	155.6757	153.7769	153.2789	148.8251	
160.2897	195.6048	195.5249	175.7781	175.1804	174.6768	172.2695	164.7086	
148.3495	179.3757	175.0431	164.5419	163.8768	161.3776	160.6401	153.4871	
131.6649	196.0665	194.8174	175.6873	175.6728	172.2830	170.2590	137.0974	
118.5397	186.6929	180.2584	141.3352	141.1126	132.9179	132.1018	129.3963	
88.9844	186.1183	185.3010	136.5834	135.9156	133.2765	130.0725	92.4594	
69.8653	184.3971	183.3719	149.2909	149.2893	141.8871	139.1219	78.3150	
117.6886	183.0611	181.3214	139.6858	130.8798	130.7198	129.4938	119.4066	
162.1413	200.8143	198.9785	189.9144	189.1297	180.0905	179.9331	168.3018	
148.5621	178.3254	174.9946	160.8185	160.7522	158.8152	157.6015	155.6762	
116.8770	165.8288	159.8036	150.0917	149.8504	147.0890	144.7035	122.9133	
145.7202	179.3414	179.3190	160.7338	159.7371	158.5220	157.2465	155.3816	
108.3501	185.7943	185.5830	147.8821	142.3423	141.3929	137.3617	117.1412	
65.3392	191.2130	184.0210	122.2520	121.6883	107.9659	103.7147	84.9032	
126.3167	183.8563	180.6246	162.5472	162.1176	155.8194	153.0863	135.0822	
103.6781	180.3131	173.6137	148.2552	147.0165	141.9410	138.6286	107.9755	
105.0098	192.7580	191.3639	168.6333	168.6238	158.7064	157.0829	121.6573	
121.2007	190.2534	190.2289	159.0161	150.2590	148.8151	146.4509	130.6341	
107.2997	179.6254	179.6256	164.5560	164.5479	164.1838	162.4665	111.8266	
110.1248	185.8538	179.7205	140.2995	137.2095	124.9894	124.0212	120.6322	
-1.0505	178.7520	167.0924	103.9477	101.1502	98.2817	96.2801	89.7932	
93.8025	181.8428	181.0495	147.5398	147.4949	146.9323	144.8700	106.1036	
90.1720	184.7501	181.5298	143.3230	143.3120	125.4158	124.3696	106.2164	
119.2074	178.9216	177.7217	156.8948	156.7725	142.5429	140.8798	127.9049	
123.5344	195.5563	195.4595	166.2013	165.8597	165.3895	163.1512	148.3566	
136.8006	188.2957	188.0750	161.0493	160.4040	159.6765	156.9381	144.0812	
151.3363	179.4943	177.9876	163.3859	162.2088	160.9693	155.9097	153.7507	
128.6437	174.8440	169.3512	156.5675	156.4566	151.6837	139.2925	136.0248	
55.3946	193.2047	162.8625	95.1999	95.1999	93.8639	93.8602	62.6332	
98.8801	186.6483	182.8154	130.9197	128.6778	127.0831	124.7200	102.6824	
-70.4074	163.8706	149.0067	2.5902	-6.9821	-11.9433	-16.3291	-60.3798	
77.6776	181.1780	181.1787	148.8788	148.2416	144.4096	142.3782	115.6739	
125.9360	186.5740	182.0630	164.9863	164.8186	162.7409	155.4073	134.6396	
113.0086	193.3231	184.5495	156.6209	155.0208	152.3760	142.1489	116.8187	
88.7256	188.6569	183.4716	133.2865	132.9118	132.3074	131.5753	97.6589	
-62.8955	172.9303	169.6999	95.3602	95.0234	91.2094	90.3987	85.1642	
38.3317	173.8570	147.5607	115.0754	115.0533	107.3730	105.2013	44.5589	
103.2297	179.9934	168.9204	142.6228	141.5174	140.9521	134.4383	108.4068	
149.0025	197.0346	184.6889	164.2476	163.9248	161.2879	157.2213	151.0493	
129.5038	182.2677	180.6305	169.1295	152.1471	147.2790	145.3759	133.3807	
47.1881	173.6495	166.8315	101.2593	101.0433	95.4298	93.2545	50.9353	
123.8530	191.1376	187.5164	149.4891	146.6378	144.3395	143.3579	131.9472	
66.7956	182.2173	181.6315	140.3505	140.2951	132.2046	131.5673	72.0252	
127.9904	187.3286	175.1938	154.2086	154.1881	152.0155	149.7822	139.0357	
103.6799	173.6248	173.5630	149.7286	148.8726	144.9600	141.8722	113.9086	
150.1686	194.1502	187.1213	170.2694	168.0281	163.0155	159.6598	152.3240	
71.5734	181.0987	179.4036	106.2414	105.6811	102.3123	99.2071	85.8372	
122.1858	189.6104	188.7784	144.3158	139.3196	137.0622	135.7948	125.6434	
98.5086	184.4777	159.8852	120.6531	119.8577	117.7115	115.5449	105.2283	
98.2198	181.8991	181.8951	129.6357	124.7345	121.1814	119.3779	104.2281	
64.1839	178.2104	178.1761	131.4344	122.9451	121.7209	119.1054	65.8666	
51.2461	188.6247	185.8014	97.0510	96.6610	94.9787	88.9922	79.3453	
74.7893	185.8948	184.3002	115.8747	115.1601	110.4375	105.2480	82.6673	
122.2946	169.2288	164.5155	154.9356	154.3516	148.6834	145.7074	132.2562	
103.8250	187.8452	184.8948	133.3458	132.9922	119.3688	116.7079	104.2901	
137.4247	187.6334	184.3631	150.2745	148.7068	149.3711	147.6465	141.4612	
123.3519	184.4711	184.3504	169.0317	168.1668	166.2659	163.8613	133.7149	
128.7988	182.7703	181.5839	161.9634	160.6340	155.7624	154.1254	138.3898	
61.3477	182.6914	178.6475	113.8594	103.6178	113.1713	101.5045	74.3189	
109.7240	190.2340	190.2261	163.4548	161.3631	156.1756	150.7937	114.4138	
115.9521	197.7539	195.3350	157.3091	157.2744	156.4771	120.1784	116.6841	
119.5414	171.3599	166.4837	140.2253	138.7248	138.7521	136.4609	133.8387	
63.7913	186.7243	172.0223	108.7039	108.6962	100.0772	99.4636	73.2327	
131.8689	188.0485	186.2151	170.8242	170.7977	165.9050	165.6625	136.8921	
121.8501	191.5542	187.1256	143.4727	143.2114	142.0547	139.9238	124.7320	
112.8642	182.0807	181.8681	141.3634	138.2461	136.7282	134.4206	117.1938	
143.5882	198.1387	187.5268	168.1288	168.0847	166.3252	164.6823	153.5072	
137.5695	189.8331	188.9258	181.5283	180.9845	177.8832	176.1626	145.6770	
46.8512	180.3254	179.8290	91.3839	90.6643	89.8052	87.7783	56.8557	
122.6585	190.2305	178.9957	155.2684	153.5979	150.7077	147.7531	128.2871	
104.8909	199.1615	195.3308	139.9473	139.2866	129.9358	128.0763	111.9532	
121.5676	189.5670	189.1855	153.3163	153.2532	153.2190	148.2457	128.6969	
94.2965	175.3911	174.2669	134.8476	134.8064	132.0020	131.5429	101.1816	
145.6025	200.3068	199.0278	172.5986	170.7491	167.9830	166.1014	150.7788	
-40.1833	183.1479	180.5138	83.5587	83.4999	82.9294	79.8260	74.3285	
136.2068	190.9799	187.9039	164.8090	164.4644	164.3481	162.3892	138.5245	
130.9929	178.4029	178.1569	154.1287	154.1121	153.8580	149.0664	138.5439	
119.3058	169.5336	169.1783	137.8510	135.9984	135.3743	132.9661	120.3037	
123.2655	177.7147	165.5039	164.1760	163.9462	151.3068	149.2117	128.2990	
124.4296	186.5266	183.7840	170.4898	169.1228	168.1663	165.3562	135.0976	
153.3366	193.3524	192.8484	169.3678	169.3443	168.0992	164.2656	162.8166	
94.9140	176.6172	176.0499	136.2345	136.1963	132.5929	130.0844	107.6684	
-25.7606	180.0484	177.2380	59.6223	59.1465	58.6757	57.0253	-23.7625	
131.0332	179.6996	178.9244	153.2445	152.4646	149.4477	139.6701	135.4622	
104.6924	172.0942	167.9533	159.5123	154.6582	153.5276	148.3652	109.0651	
90.2007	184.4510	178.6918	152.0200	151.7765	148.8918	140.5745	108.0395	
79.2274	188.0717	183.3194	154.7113	146.5411	144.6024	135.2523	93.5778	
122.6169	184.5921	172.8139	156.3521	155.3214	152.3040	148.0414	130.9507	
-132.9378	191.5938	179.6720	-41.9510	-42.0836	-42.7421	-48.1496	-117.7160	
105.1292	182.6361	181.5768	132.3921	132.0723	127.8492	123.9861	106.0715	
114.6012	186.0477	178.7950	146.7607	146.6438	142.5917	138.7465	123.1851	
104.8597	179.2043	176.1783	145.1697	145.1271	131.4434	129.2995	118.6859	
133.2524	190.6645	190.5825	173.3906	173.3098	170.6407	164.1720	140.6340	
61.4200	180.8341	170.9284	122.7349	122.7324	119.4567	115.6361	69.5000	
127.1436	185.4287	184.6002	157.7222	156.5106	149.1726	146.4531	135.2119	
64.6824	186.5552	186.1105	147.2519	140.9671	142.2821	133.0425	80.8619	
66.9647	180.4193	178.3473	122.1938	121.9100	118.4966	115.7247	84.7699	
-21.5767	185.2137	184.5268	53.6178	51.8021	36.1218	33.7596	-15.0397	
59.5718	179.8438	163.4413	119.3673	118.9487	114.2462	111.3625	67.1060	
123.9811	183.1868	181.8888	160.9992	149.3845	148.9806	145.6005	130.7795	
73.0340	186.3885	178.7374	108.4982	107.8022	105.2540	99.9233	82.9718	
141.3299	178.7390	178.7363	169.4896	169.2340	166.4236	165.6271	148.2974	
120.5263	184.3371	184.0622	156.6949	156.4783	151.7722	150.3536	127.6730	
112.4881	194.3726	184.7344	141.4558	141.1875	136.9982	133.6702	127.1189	
42.8495	189.7391	189.6566	141.3266	140.7195	135.6261	124.7805	55.0849	
142.8946	180.4816	180.2683	164.1815	160.7031	160.1255	158.1611	153.4431	
128.3003	175.1521	174.6425	172.0393	171.9862	161.3197	159.5071	134.2371	
109.5847	177.2408	174.3250	127.5979	127.5843	127.1995	124.7502	119.6693	
116.8504	182.9889	181.3437	172.4958	172.3700	156.1087	151.9894	128.7988	
103.0282	187.4007	187.0528	159.2010	159.1937	152.9611	150.3851	113.2219	
161.6029	190.6273	190.3149	168.6936	167.3584	167.6238	166.1395	163.1572	
135.2714	186.5317	184.2619	172.8801	166.5562	166.0670	161.1289	141.9803	
-258.9186	175.2282	154.1339	-198.6179	-198.6453	-202.1954	-207.1666	-210.8042	
142.0337	198.0470	197.8892	168.0062	167.6318	163.1485	160.7243	146.3070	
115.3631	174.1654	169.5611	154.2193	152.1518	153.3405	150.6812	144.0346	
174.2209	201.9235	201.8843	191.6950	190.9749	189.3434	185.7589	180.9573	
111.1722	170.9353	165.8714	139.3748	139.2333	135.5996	126.8961	113.1850	
72.3495	194.0873	192.9354	120.0643	117.6255	114.4513	111.9597	101.0480	
111.4224	180.0692	173.3066	158.4261	158.4170	158.1403	156.2621	132.2872	
109.4829	175.7559	172.0684	145.7220	144.8181	137.1679	134.3538	119.8892	
134.4062	178.0577	177.9063	161.6864	159.8303	159.9300	157.7231	141.7313	
62.7658	181.6486	181.4680	95.6337	95.6234	93.0696	76.9173	67.6704	
114.0399	182.6238	169.8411	149.4371	148.5242	148.2121	145.9625	125.3625	
109.1574	175.1158	168.2859	132.1558	132.1524	131.1932	131.0030	114.6711	
-2.9124	184.5410	173.3399	79.4204	79.2070	74.3407	72.6916	6.5622	
12.6326	198.8019	169.4047	43.3886	41.0735	39.8212	20.2101	17.4459	
151.0106	179.3315	178.9292	162.1409	162.0545	160.9687	157.6367	152.9055	
104.6013	191.1118	190.8541	142.0986	140.7763	137.9018	133.8634	110.9612	
73.8336	185.2513	184.0844	141.3836	141.0985	134.6978	132.5407	83.6865	
119.7196	185.3950	175.6314	147.0340	146.9286	145.9959	138.9966	123.2260	
68.9863	185.8518	185.8090	127.6131	125.4923	124.4613	119.0846	78.3207	
-75.8086	191.7338	179.9048	-16.6724	-20.0536	-20.2147	-21.7283	-41.3382	
84.9973	193.7103	193.0083	136.4686	136.3267	125.7041	121.8862	92.1811	
148.7201	180.3425	178.5880	171.4210	171.4183	168.7762	167.2437	156.9352	
146.4465	175.4072	174.2832	168.4355	168.2903	166.0005	164.2619	156.1335	
133.7572	181.7130	179.6902	153.0528	148.6296	144.9723	141.3897	136.4765	
129.6488	195.7272	179.1387	166.7625	166.5929	160.2388	158.6524	136.5169	
131.3714	196.7946	191.1491	173.6890	173.3218	169.4319	167.0265	135.6775	
106.8762	190.4177	183.4416	145.3987	145.0349	140.4587	138.7078	115.3278	
102.2879	178.0168	178.0001	131.3170	128.3105	127.7155	123.9572	108.9861	
86.7047	181.5856	179.4109	125.1275	124.3587	119.2298	116.0233	101.9103	
123.9193	185.7231	184.5457	170.0426	170.0424	167.5070	164.9585	138.2269	
95.6779	177.7936	156.2448	125.8470	125.7018	124.2262	120.4677	107.3916	
-15.6887	182.6936	182.6502	77.5140	73.7554	70.6624	67.5902	-2.1428	
140.2764	182.7085	180.9660	168.7104	164.3266	165.0380	160.3175	149.4730	
19.0380	178.5978	150.7777	74.9478	74.9075	73.8721	73.5571	33.6865	
120.5318	175.7042	163.7823	135.3673	135.3672	128.6508	127.9199	124.4353	
40.1519	180.9084	180.2659	110.2254	108.4460	98.2648	93.1062	50.7003	
70.0900	183.9071	182.5328	117.8559	116.7509	100.9605	98.5633	75.2684	
8.9162	180.3331	176.9289	43.9426	43.4522	40.4282	39.4938	26.9305	
119.1353	184.1099	184.0664	134.8218	134.8218	134.1469	131.9572	122.9054	
125.4545	191.0041	170.3797	149.1406	149.0350	146.7877	143.0727	134.1472	
94.2736	188.6467	188.4435	146.0968	138.9953	138.6394	135.8280	120.9008	
41.4555	184.1968	177.7514	152.4864	151.8360	150.2196	141.4944	67.2698	
135.3887	187.5422	187.2105	146.4847	144.2553	143.1865	142.5310	141.3312	
103.4989	191.0271	188.8935	138.8341	138.5621	136.5877	133.3120	120.8880	
146.7930	189.6348	185.8807	163.3543	159.9555	160.2778	156.8256	150.9585	
16.6289	178.1640	178.1591	115.3107	109.1689	102.5274	26.3432	20.9790	
131.6510	170.2390	159.2288	152.0482	150.7576	146.7834	142.6765	133.3175	
128.6791	198.7418	194.0031	168.1085	167.3866	154.8389	152.5435	143.3605	
100.6811	177.8006	169.3727	137.6525	137.2362	135.4341	130.7620	120.4632	
124.1092	183.1234	180.1160	142.5315	141.6530	141.9414	138.3673	127.5252	
113.8176	187.1908	175.9444	139.2721	138.5708	135.3244	130.8168	125.9571	
-52.3160	179.0008	176.1135	13.1732	5.6148	0.3773	-2.8804	-49.1414	
87.6905	177.6099	177.2957	126.1310	119.9126	116.2724	114.1510	93.1553	
60.6993	177.2812	166.8831	95.4917	94.3981	93.9302	91.9257	82.9606	
120.3757	182.0802	180.3529	154.5733	151.6735	150.7575	141.1655	123.4170	
104.7660	185.2335	184.0779	152.4919	147.1685	139.4119	137.8622	112.2190	
30.4558	182.4617	182.1186	111.5873	110.9340	94.5969	93.4833	54.1010	
