-372.2394	35.1936	18.6143	-332.6607	-335.3285	-336.9478	-345.8024	-357.7119	
-131.5575	5.7325	-42.6579	-97.5235	-97.6470	-98.6107	-102.7726	-121.6397	
-27.9940	50.4286	34.0762	-4.0133	-5.0447	-6.4119	-6.5141	-20.7300	
-0.2180	33.5183	33.0688	24.6297	23.5835	22.4721	21.0691	15.6522	
-50.3870	19.8027	15.5712	-7.2509	-7.2588	-7.9920	-8.4307	-13.8129	
-14.7317	44.3604	41.5259	22.5439	19.0629	18.6655	18.0978	-1.2515	
-93.2561	22.6852	22.4792	-5.3739	-6.5153	-38.8126	-41.5372	-60.4288	
-30.3483	41.0735	3.9388	-4.0066	-8.9591	-9.8910	-14.7123	-21.8404	
-32.4039	23.1590	22.5663	2.7265	1.7064	-4.7501	-6.6844	-15.2658	
-246.0911	27.6293	27.5225	-72.0172	-78.8670	-79.3961	-84.2166	-239.7053	
-12.2339	34.0126	33.5898	19.0757	11.0809	10.0902	8.9458	1.5473	
-8.6552	43.7180	38.6739	32.5879	32.1963	27.9309	22.0383	15.9449	
-3.0967	36.2120	27.7243	20.6955	18.3334	17.6270	15.8434	4.2567	
-27.0681	22.4493	13.9296	6.4222	2.1287	-3.9703	-5.9735	-11.8543	
-15.8006	23.4835	23.0756	17.6611	17.3600	16.3434	13.4421	-7.5058	
-45.2440	22.1377	18.1479	-28.9934	-30.4461	-31.6134	-33.7206	-43.5634	
-9.6055	28.5029	24.5697	5.7211	4.6974	2.1200	1.4719	-7.3206	
-17.5601	30.5861	30.4581	11.6705	9.2631	9.2281	7.8048	2.2770	
-40.8784	41.4066	36.7614	3.1180	2.1285	-1.0215	-13.2112	-28.5016	
-80.7638	30.8697	-3.9810	-55.8221	-60.5967	-62.1076	-62.8048	-67.9974	
-105.2683	-5.5236	-40.2652	-49.4495	-64.9477	-69.0282	-69.5605	-81.3217	
-62.6128	31.5749	5.4206	-40.2587	-42.8482	-43.3690	-43.9653	-48.4094	
-63.0367	-6.7088	-11.0241	-40.2734	-40.3039	-41.1293	-42.1859	-48.2796	
-126.7385	19.1085	-15.4024	-62.8411	-63.1359	-69.5101	-70.4976	-112.8624	
-12.5002	34.6032	34.4615	29.3324	28.4761	27.6744	24.2542	-1.4829	
-60.8834	4.8150	1.1793	-14.9818	-14.9870	-17.5025	-21.0898	-32.8055	
-14.1104	39.6104	38.6338	17.4696	17.4051	15.9954	14.9938	1.0761	
-29.5721	25.4813	23.4826	17.0468	16.7620	16.1791	9.9403	-23.0364	
-194.3669	19.0660	-46.4417	-166.7202	-169.6759	-170.9571	-175.6993	-185.1600	
-25.9116	43.8920	43.0597	5.4284	5.3856	3.4749	2.3269	-10.5646	
-27.4851	36.5749	32.8936	2.8267	-0.6543	-10.6934	-12.9570	-16.1916	
-24.8615	32.3695	32.3151	13.1124	10.3741	10.2386	9.3842	-11.4303	
-35.1003	33.9779	29.8282	3.4676	-1.5547	-3.5228	-7.1339	-33.3789	
-3.4407	33.9467	31.7107	21.5438	21.5182	21.4999	20.6090	5.8110	
-25.7092	40.5182	20.6609	1.9263	-1.7989	-2.4111	-4.5980	-6.5078	
-197.3547	30.1807	-22.7142	-147.5295	-147.9842	-149.2183	-150.2328	-156.1014	
-13.7790	31.0666	23.3727	15.4866	9.7238	8.6425	6.0841	-8.1936	
-40.4211	37.4898	19.4799	-12.3487	-13.7873	-15.6697	-15.8082	-24.3561	
-25.0201	38.4214	37.9948	28.0628	16.5121	24.5039	10.1083	-3.5482	
-91.1320	19.8431	12.4499	-20.2003	-20.2421	-29.5435	-30.5257	-69.1185	
-170.3548	-2.7273	-4.8086	-56.4434	-56.6796	-57.6747	-67.5981	-108.4072	
-50.6946	29.2843	25.9978	1.0108	0.0165	-0.5069	-6.6013	-34.6134	
-53.8549	42.7392	-0.0765	-21.8468	-27.4863	-29.9424	-30.5296	-42.4655	
-19.8804	9.8155	8.5809	-2.1468	-2.6355	-5.1996	-7.3797	-11.1623	
-213.5552	18.8153	17.5706	-120.3649	-141.1540	-143.8834	-147.5688	-199.7880	
-16.1119	20.3545	20.2371	6.8762	-1.0252	-2.9211	-3.6096	-12.2827	
-56.6209	11.0940	10.4405	-12.8869	-14.4527	-24.2111	-26.8449	-46.4679	
-22.2223	17.7796	13.8177	6.2357	-4.9249	-5.4869	-6.8236	-18.4807	
-37.0034	15.2609	14.8168	5.0308	0.3501	-6.8920	-9.8109	-13.5684	
-49.3427	13.8109	13.7870	-6.2502	-6.6254	-7.0015	-9.0264	-15.0004	
-63.4352	35.7407	35.5459	-6.2131	-6.3861	-7.6424	-12.9694	-22.4340	
-32.5252	25.0514	16.2540	-6.7401	-11.7955	-13.3513	-13.4702	-23.7280	
-60.2211	-4.2875	-5.4063	-14.9494	-16.7542	-18.4989	-20.3304	-43.3771	
-43.2942	16.0606	12.6339	-6.5524	-6.5992	-7.6240	-7.8324	-28.3869	
-80.0807	23.8552	15.6682	13.3465	-4.8888	7.2091	-13.7256	-72.8981	
-56.9417	51.5028	51.5032	18.8057	18.1524	16.7875	15.0254	12.8468	
-74.0898	-20.5403	-28.6991	-39.8673	-40.6142	-44.8101	-46.5104	-62.0664	
-36.5217	19.5875	19.4385	4.8840	3.5377	1.0773	-0.5892	-17.8577	
-75.0715	-1.7060	-42.8202	-66.1185	-68.4648	-68.5466	-69.6755	-73.4847	
-160.8279	22.1745	19.8393	-30.6790	-33.1366	-34.3936	-41.7299	-116.3251	
-44.0450	37.0968	36.5171	-17.5993	-17.6684	-21.1939	-22.7118	-30.7818	
-416.9142	-30.2172	-66.9852	-297.4932	-300.5537	-303.4422	-311.1069	-317.9932	
-19.4350	29.1000	13.3003	6.6690	6.1689	5.9092	3.2971	-12.1441	
-46.1033	26.1909	21.2953	-4.4722	-4.8509	-13.5589	-19.8557	-29.3406	
-66.7190	-16.2257	-20.5587	-45.0259	-46.1913	-48.7864	-49.8740	-56.5005	
-3.8278	46.6300	44.7811	31.7600	29.2976	29.2801	25.8777	15.0471	
-43.4653	8.2128	7.6954	-13.7343	-14.6997	-20.5583	-22.2367	-33.1882	
-89.3650	15.9302	12.5549	-25.5867	-25.9014	-29.7561	-31.1231	-81.7765	
-12.4377	25.2373	21.9279	-1.7921	-1.8144	-2.0223	-2.2845	-9.6106	
-80.8854	45.1417	43.1462	5.2241	-4.9942	-12.0960	-17.4929	-50.1909	
-17.4909	33.6843	33.6506	17.2162	17.0383	15.8501	14.9064	11.5833	
6.3972	33.4869	33.0531	22.5216	21.7704	21.3531	20.9600	11.8472	
-38.8221	18.5956	18.4462	1.0180	-1.4391	-4.4940	-6.9432	-27.6631	
-68.1942	2.0707	-8.6328	-25.0355	-35.8413	-40.3452	-42.0685	-56.7663	
-53.6987	31.7176	19.1191	-23.1704	-27.0906	-26.2057	-33.8114	-43.2621	
-41.5335	36.2245	32.2428	13.5222	13.2891	10.4726	9.2121	-26.2428	
-35.9400	36.7895	34.0452	13.2381	7.8829	7.7287	6.7750	0.5650	
-55.4931	19.6763	3.8265	-3.0497	-3.1252	-3.9395	-4.8543	-41.8538	
-116.9037	26.5669	0.4017	-50.4709	-50.7602	-60.4703	-62.4255	-110.0599	
-25.1751	23.3500	6.8790	-1.6443	-5.3956	-10.0366	-11.2332	-16.2742	
-14.1254	24.9365	23.5255	2.9304	1.9735	-3.1898	-7.3346	-8.2825	
-119.0501	-4.6886	-30.3772	-48.8251	-50.5244	-52.1502	-53.2210	-86.5696	
-45.7466	11.9191	11.1858	-30.7973	-31.1157	-32.4576	-33.2991	-42.0526	
-44.5494	-0.9240	-0.9689	-15.0067	-15.2811	-16.5784	-19.1885	-22.9320	
-9.6174	30.2234	29.8158	8.5654	8.4905	8.4694	4.9806	1.3341	
-331.7909	28.0384	-62.8280	-288.4001	-289.1985	-289.9171	-292.3549	-323.5522	
-40.7572	29.2216	9.7321	-11.8475	-12.6598	-12.6847	-16.4560	-30.4041	
-59.6833	31.8345	27.6646	-18.9475	-24.7987	-24.9908	-31.0732	-49.8689	
-61.5280	24.1477	21.4175	-5.1455	-8.6283	-17.6296	-24.2307	-55.8780	
-23.5039	32.2717	32.2187	22.5630	16.3354	14.9125	5.4291	-10.0342	
-27.7650	17.8582	17.6980	4.7516	2.3383	2.0475	1.5671	-10.8060	
-66.0162	4.1669	-0.5688	-42.6360	-42.7223	-42.8524	-43.3205	-51.4039	
-110.5155	9.3761	8.5332	-9.9119	-14.2784	-18.2165	-19.8093	-104.4392	
-0.8753	24.0320	17.5950	6.3024	6.2824	5.3364	4.0849	2.9086	
-38.1487	37.8341	-6.2741	-15.6491	-15.6767	-16.3646	-20.5805	-29.1799	
-184.0709	23.9629	21.2466	-119.0587	-133.2405	-134.9861	-140.3886	-150.1496	
-38.3477	28.4112	24.9758	3.2002	1.7635	1.5653	-1.1949	-27.6108	
-24.8125	25.9522	17.2384	4.9679	4.7749	-6.9879	-8.1227	-14.3343	
-71.8750	28.7255	6.2873	-50.3409	-51.6908	-52.0959	-56.0009	-59.6458	
-38.4677	22.2703	22.2412	-12.1169	-13.6576	-15.0739	-18.3378	-23.1194	
-80.9678	-30.3900	-34.6463	-39.6522	-42.8214	-44.0010	-44.7947	-65.4010	
-140.8813	21.1007	16.4966	-31.1255	-32.5454	-32.7151	-36.2722	-74.5250	
-8.8819	34.2624	23.5956	10.3271	9.4022	5.3999	1.2001	-1.5676	
-29.0084	15.7060	9.5162	-10.8028	-11.0295	-11.6427	-14.0373	-23.2223	
-21.1471	32.3641	31.2065	-10.2569	-10.3687	-10.8999	-12.5464	-16.0742	
-23.1016	22.9273	22.0780	3.0420	-12.4848	1.7312	-14.6700	-18.2391	
-64.9681	13.7432	-1.4997	-22.8023	-23.1589	-25.4260	-26.8755	-41.4834	
7.1341	36.3841	30.7606	18.8010	18.5606	17.6419	15.9530	9.9048	
-88.5771	38.3574	33.9169	12.2557	11.4521	8.6547	6.6824	-68.0458	
-23.8705	36.3833	35.3155	17.3941	15.2902	14.0899	10.7851	-16.9141	
-19.0912	30.8459	23.1285	2.0820	1.7204	-0.0285	-1.4053	-8.3036	
-63.1740	28.0305	20.4294	9.8375	9.8162	9.6920	9.6357	-46.7863	
-42.1794	56.3470	54.1434	35.8187	33.7023	28.8423	25.9095	-25.6796	
-12.1836	8.6833	8.6737	4.9694	3.2498	3.0631	2.9603	-4.4998	
-172.9163	-19.8325	-65.6228	-131.8854	-135.4277	-142.4482	-149.8257	-161.0705	
-28.0094	25.2095	25.1817	8.1857	2.4152	1.4471	1.0034	-23.5474	
-29.2641	29.4951	27.1576	4.4517	1.0359	0.0860	-4.5949	-10.9696	
-24.2554	18.8966	18.8742	8.2889	4.3776	-0.7139	-5.2423	-15.8888	
-52.0542	38.3065	27.9649	10.9866	10.2486	4.7120	3.2881	-40.3111	
-50.4726	27.7286	2.9968	-19.1713	-20.7637	-32.6283	-33.5278	-45.8188	
-10.7502	23.6046	17.6197	8.9108	8.2919	6.8049	5.1843	-2.8525	
-70.0506	-24.3498	-30.9990	-44.3517	-44.5893	-45.1908	-45.7473	-64.0981	
-21.3055	18.7112	2.3131	-8.2047	-8.5785	-9.6224	-9.9917	-14.9326	
-14.2194	39.3598	31.2832	18.7720	15.9612	14.2080	10.8918	1.6184	
-51.7432	19.4051	4.4869	-10.7216	-11.4857	-12.2320	-13.1951	-27.4457	
-6.4238	15.8567	15.5883	6.0583	1.5228	1.4978	-0.4384	-4.4310	
-34.0369	14.0555	13.6286	-14.4117	-14.5659	-14.9021	-17.6710	-25.7270	
-58.2239	22.2886	14.9886	-30.6467	-30.8949	-36.3265	-38.0853	-44.2725	
-41.8357	4.2027	4.0231	-15.2104	-15.6587	-17.1535	-24.4134	-36.4931	
-79.5688	3.8957	3.7225	-47.1622	-47.7289	-60.9052	-63.3656	-65.6783	
-40.4797	23.5330	23.2130	10.7683	-0.3740	-1.4846	-3.3184	-10.3744	
-48.1911	29.0724	-8.0290	-20.5587	-20.5798	-22.3335	-23.9721	-29.1380	
-66.4808	46.5734	44.2094	-13.3798	-15.6676	-22.3871	-27.9505	-48.9982	
-69.5649	17.4679	6.7529	-22.6935	-23.1711	-23.4434	-27.2966	-40.9422	
-89.7027	-15.9086	-18.3419	-52.1856	-52.2409	-55.8533	-56.4795	-81.5893	
-164.6280	26.2203	8.7843	-31.3830	-42.7146	-47.0970	-47.2599	-135.5630	
-197.5565	-36.4671	-42.1803	-147.0871	-150.0801	-151.8297	-158.7113	-190.5649	
-54.4332	12.8170	-4.3379	-12.3335	-13.9044	-14.7286	-19.4913	-23.3944	
-26.4724	32.7383	25.5461	16.4688	14.9327	12.1844	8.8166	-4.7403	
-14.7015	20.0487	17.6993	7.9638	7.7489	7.4754	6.6266	-10.9637	
-52.1347	3.3311	-0.6227	-34.0578	-34.1383	-34.3357	-36.5780	-39.2743	
-110.4479	28.6562	10.8282	-88.0796	-88.0968	-88.9599	-97.3067	-99.1115	
-30.2418	32.4152	31.7817	5.3935	3.8616	3.2392	-0.6344	-5.0704	
-100.9939	45.0319	24.2621	-48.1162	-49.1351	-50.3963	-57.5595	-70.9610	
-42.8281	16.0400	13.7868	-8.4256	-8.7569	-9.0844	-13.8887	-29.9461	
-121.7186	-27.5708	-27.9696	-93.1132	-93.1259	-96.3249	-98.9735	-117.7450	
-174.3428	25.9354	0.6003	-96.7030	-108.6213	-109.1940	-111.5918	-149.2516	
-6.0568	33.7111	31.1258	19.9394	19.5123	18.7551	14.9946	-3.3320	
-44.2020	30.9627	15.3243	-16.2582	-16.6063	-23.7587	-24.7254	-36.9524	
-91.3587	10.2963	9.1902	-12.0557	-14.9192	-16.0299	-26.3800	-57.7677	
-210.9234	-0.0155	-23.3760	-117.6019	-120.1399	-118.4667	-122.9118	-198.9085	
-118.8639	23.1222	21.0072	-23.8741	-44.1822	-42.4554	-59.2853	-84.0932	
-74.0561	29.2853	-3.9457	-20.2109	-22.1487	-26.1999	-28.5076	-44.7249	
1.6601	32.3719	24.4902	17.5449	17.5042	17.1078	16.7372	9.0356	
-72.1711	24.7759	19.3929	-18.9892	-32.7941	-43.4792	-44.8692	-65.3446	
-52.3221	7.5586	7.5508	-6.1422	-6.2872	-7.4158	-9.2293	-18.4341	
-158.6665	24.8071	22.6457	-99.8240	-103.4559	-103.9512	-107.6257	-141.9839	
-52.4631	38.9162	38.8078	24.1389	24.0769	23.0384	21.4827	6.6369	
-49.7819	28.4112	15.6223	-4.3883	-15.7329	-16.5659	-18.7581	-46.6491	
-40.0367	23.2376	18.9075	-17.0228	-20.7057	-20.7697	-23.2277	-28.5335	
-10.3476	43.7725	43.6769	36.3846	34.7785	33.9891	32.8605	-6.0266	
-72.0940	13.2032	10.5065	-21.9974	-22.1255	-23.8840	-27.5196	-43.2526	
-37.1071	11.5559	6.8312	-10.8335	-13.3010	-14.5437	-17.6016	-28.0389	
-12.1154	29.3217	27.4547	10.2142	6.4487	6.3914	5.5725	-4.0135	
-71.0022	18.0391	-10.7589	-26.4307	-28.8235	-29.1218	-31.3069	-47.8208	
-35.6369	25.2705	22.0577	-8.6270	-10.1311	-10.7823	-13.1209	-28.8399	
-112.6361	12.7839	-27.4120	-49.4126	-59.6024	-63.9147	-68.7884	-73.9889	
-20.0922	30.8850	25.9325	25.6342	18.2669	18.2346	16.2290	-1.2663	
-35.9506	14.2067	12.0942	8.3156	7.7207	7.3851	6.8376	-9.0423	
-14.7331	30.8973	27.8195	21.9602	21.6087	20.1625	16.5946	0.4394	
-65.2316	37.2489	34.3710	-11.8620	-15.8414	-16.1092	-16.6273	-55.2226	
-43.5582	37.4068	37.3934	-0.0535	-1.1431	-4.6991	-14.6042	-27.4983	
-127.1872	3.5319	-8.4928	-43.1948	-50.4849	-54.0258	-57.0943	-112.4110	
-57.0938	46.7003	46.6003	36.1438	21.0566	18.0270	16.6016	-3.5661	
-37.0486	19.7290	19.5784	-5.7650	-8.0277	-14.2083	-15.7689	-21.8331	
-15.2601	38.5134	34.8057	23.1775	21.2634	18.5982	17.9923	-2.3516	
-17.3325	32.9773	32.9805	5.6034	2.4371	2.0949	-0.1680	-2.6954	
-43.6337	31.9203	31.7992	3.8274	3.3155	1.2563	-0.6532	-31.7491	
-39.9277	23.3023	20.1869	8.9985	7.0616	3.3879	1.8434	-14.9034	
-30.1507	16.9522	13.9266	1.9112	0.2856	-1.2010	-8.2997	-27.3661	
-42.5951	31.7004	20.4801	-5.1290	-5.6989	-19.7772	-22.0373	-25.5819	
-59.2779	15.8980	15.6489	-3.4547	-14.6942	-16.1417	-19.6641	-52.5180	
-108.6631	1.4891	-2.8260	-68.8957	-68.9049	-69.7592	-80.1070	-90.0802	
-213.8855	13.4946	-120.3344	-177.2131	-177.3319	-177.6764	-180.5872	-198.4881	
-70.9276	-5.3840	-14.1327	-29.3181	-36.2855	-42.1030	-48.9782	-67.3957	
-20.9700	18.1756	8.8940	-0.7202	-0.7264	-0.8004	-2.4743	-7.4964	
-71.1715	16.7476	16.7141	-17.5757	-21.2778	-23.4760	-26.8497	-36.8988	
-59.9737	30.0520	19.5862	-4.1238	-4.1261	-4.7875	-18.1233	-32.3662	
-4.1665	33.2729	32.4066	21.4840	18.4144	17.3404	12.8804	1.5389	
-51.5444	52.9898	51.9824	7.4232	5.8722	3.6141	1.7415	-35.4512	
-125.6511	30.9841	-30.8998	-65.2879	-70.7203	-74.5266	-78.1860	-115.4730	
-13.0044	34.0706	33.3192	29.1228	28.6236	28.5384	27.3301	8.9996	
-85.1927	20.8669	4.0997	-8.7851	-14.4278	-14.7215	-23.1661	-30.0571	
-17.9521	35.5385	33.5261	27.7279	24.4588	23.3546	20.9664	-8.3124	
-3.1252	31.8934	30.5520	15.6945	15.2097	13.4706	10.5810	2.6962	
-68.7555	9.2570	8.8306	-12.7826	-13.7117	-18.6275	-22.1767	-44.3602	
-5.5696	23.9379	22.2115	8.5867	6.5952	5.6707	3.4168	2.2881	
-78.1780	23.3276	6.0410	-53.3422	-55.6672	-58.5019	-63.1237	-68.2689	
-120.6950	18.6187	-43.3586	-93.2034	-98.9748	-99.5235	-102.8530	-109.8629	
-1.5805	29.7264	29.6160	14.5017	10.9137	11.5397	7.4941	5.8610	
-54.2649	-5.6285	-10.0315	-36.8964	-37.9908	-38.1630	-39.1267	-41.1345	
-64.0255	11.5017	5.7283	-5.9452	-5.9527	-6.5581	-11.3143	-39.5962	
-52.5016	26.3131	25.4157	-16.2173	-17.5543	-18.1578	-19.8491	-35.9607	
-18.0767	19.6081	14.9912	-0.0107	-3.2596	-4.6387	-10.8916	-14.6343	
-108.5965	1.4371	-0.4066	-39.7468	-48.6781	-54.6953	-59.3523	-102.0038	
-28.9554	22.8287	18.9305	13.5003	6.5790	5.2263	3.6588	-14.6314	
1.6481	34.0628	33.3972	29.6795	28.7394	26.9764	26.2122	14.3633	
-44.6555	31.1983	30.7822	18.4282	18.2176	17.9903	11.0733	-2.0115	
-52.5848	33.0162	32.1853	25.7371	22.2494	21.2196	17.8395	-29.2841	
-41.1101	-5.0481	-8.3491	-16.6047	-16.7106	-18.1687	-19.4265	-26.7235	
-82.1061	24.4589	-29.3881	-49.1954	-49.6768	-52.9229	-54.5427	-70.5568	
-35.7409	26.6849	26.4218	-19.4240	-19.4634	-19.9965	-26.0223	-26.5660	
1.3230	33.6960	31.3113	14.8338	14.3134	13.5174	9.9931	7.7176	
-82.5289	25.4052	20.5417	-52.7982	-53.7065	-53.8793	-56.8384	-77.4388	
-35.2372	25.7339	24.0162	-6.4508	-6.7736	-7.0950	-10.1210	-17.2718	
-8.3227	34.2321	32.7455	5.7910	5.2683	4.7961	3.7202	0.6279	
-201.0641	8.0092	-52.1628	-161.8614	-168.7318	-169.5420	-176.1340	-197.3324	
-37.8642	33.5447	6.9446	-16.3831	-16.6844	-20.7039	-21.7294	-23.6813	
-19.5681	41.6871	25.1889	14.2847	12.2984	11.2970	8.8006	-12.5656	
-39.3290	12.4426	11.4076	-6.3720	-13.5146	-14.0849	-14.8278	-28.1255	
-91.5342	16.6992	10.0303	-52.9131	-53.9160	-54.7922	-58.1854	-60.7273	
-118.0402	-1.1147	-49.0814	-88.2732	-89.6166	-89.5642	-92.9628	-99.0770	
-228.7317	-44.9571	-66.7375	-115.4677	-115.5356	-151.5315	-152.5603	-193.7872	
-93.9239	9.5288	4.4161	-42.8863	-49.8902	-51.2227	-53.6767	-76.5862	
-48.1604	12.7071	4.4292	-10.4314	-11.1194	-11.3750	-15.1856	-28.8776	
-117.0853	20.9076	5.3205	-83.1491	-86.7984	-86.4059	-90.5998	-108.0730	
-81.3721	18.2877	14.9327	-46.1100	-46.6132	-47.5859	-48.9299	-64.6050	
-49.8689	-0.1857	-6.0952	-19.1686	-25.6591	-26.5493	-28.4407	-32.2047	
-73.1498	15.4592	10.5434	-34.6005	-54.1634	-38.6490	-58.5661	-63.0242	
2.3447	36.9698	36.9619	32.2059	31.6397	25.6393	22.3287	21.9731	
-15.8767	19.1452	18.3529	6.7123	4.2151	3.0905	0.8054	-11.7871	
-146.7559	59.3738	21.0923	-111.9417	-112.1041	-119.3597	-120.8679	-139.9722	
-28.2860	25.0443	24.8937	5.5410	5.3512	4.3639	3.5078	-21.3004	
-35.1140	36.9751	27.7481	19.9209	5.4559	4.7671	3.6907	-5.7926	
-73.8593	15.5203	6.0491	-44.1426	-44.1633	-45.7842	-46.1619	-50.2075	
-40.1343	25.6865	22.1205	-3.8943	-5.6194	-7.3525	-13.2409	-26.1422	
-87.7445	21.4316	20.6563	-8.2363	-27.7241	-29.1389	-34.2736	-64.1625	
-15.9862	32.0716	32.0472	11.5964	11.4796	-1.6828	-3.6381	-10.0114	
-23.3159	27.8228	13.3273	8.5422	8.5209	7.8542	7.5006	-14.2551	
-25.2111	16.6835	15.9715	-3.7117	-5.0112	-10.1807	-11.9825	-13.5604	
-50.1916	0.8346	0.8335	-35.2507	-35.4697	-37.5618	-38.4694	-42.0622	
-65.2484	29.2927	-5.6840	-26.0704	-28.2360	-30.7187	-36.2824	-53.9031	
-4.8888	30.9104	25.1468	15.1247	10.8048	9.0743	8.8811	-2.1847	
-103.0415	6.2404	-16.8196	-23.3619	-29.4917	-45.4999	-47.0938	-72.7059	
-46.7974	26.9158	-9.3152	-16.0688	-19.8405	-20.0768	-22.0122	-40.0651	
-89.9511	25.6015	22.6206	-56.8158	-56.8188	-58.3741	-61.2719	-71.8145	
-30.7291	30.1751	25.5140	11.1485	3.9066	-1.3092	-5.4109	-19.5031	
-125.9535	-2.7617	-15.5335	-40.0725	-45.0655	-46.6521	-56.3344	-87.7473	
-34.6534	12.3153	9.5228	-13.4232	-14.5981	-20.6136	-22.1092	-24.8903	
-50.3461	24.3907	22.9616	-11.2652	-20.1298	-28.5989	-30.3184	-40.2613	
-23.2946	26.9943	26.1179	15.2209	15.2207	14.9991	14.0386	-11.4704	
-21.3184	36.9819	26.8552	15.8616	15.4729	14.7765	8.0895	-7.1031	
-63.2422	28.1184	26.8844	-37.6793	-37.8375	-38.2665	-38.8299	-50.8411	
-53.6706	18.8814	-5.6048	-14.3225	-14.3403	-23.1229	-24.8058	-39.8529	
-5.2938	39.7718	39.6567	32.4520	26.5029	25.0392	16.1717	14.7051	
-25.4212	16.4040	16.4036	6.3372	3.1192	0.7699	-0.1629	-16.4109	
-49.5562	18.4500	12.2657	-16.3557	-16.6723	-18.0684	-24.2874	-40.1527	
-58.5192	32.3275	32.2357	-1.4140	-6.2210	-2.0068	-7.9491	-24.7483	
-14.5978	35.7592	29.3110	17.9524	12.2321	11.3793	10.1364	4.1045	
-29.5514	35.2780	28.0542	15.9831	-1.8608	9.7001	-0.3852	-21.8642	
30.2688	55.4375	55.3935	40.8218	40.8113	39.5141	38.3975	35.4985	
-32.0813	38.9661	34.5666	-11.8265	-12.0606	-12.2439	-13.9799	-27.5356	
-122.2586	0.6717	-20.5283	-61.7123	-77.4447	-83.9149	-85.5541	-117.1141	
-14.5038	30.1400	29.1673	26.9178	19.5963	18.7548	17.4287	-8.5539	
3.5656	33.9956	33.9969	20.4202	20.0482	18.5520	14.8081	8.1452	
-63.7949	2.2915	0.5496	-21.9908	-36.2087	-37.9501	-40.3941	-45.9988	
-161.0851	-39.5024	-53.8577	-104.4209	-106.1722	-108.0353	-109.7218	-149.6633	
1.4450	36.1499	34.3717	21.7714	20.3617	19.5344	17.2607	14.8180	
15.4572	45.5958	44.6502	32.3788	32.3761	29.5900	28.4614	25.4633	
-43.3166	19.0892	12.5276	-5.6085	-11.8380	-13.5683	-18.3963	-25.8267	
-50.1243	70.8732	55.3082	-7.7466	-20.2114	-21.0236	-24.1782	-38.0480	
-139.7171	-7.4278	-18.2606	-71.1088	-71.5485	-84.3204	-86.7278	-130.8727	
-27.5345	21.0653	20.4975	14.3944	14.0978	13.2776	7.5616	-11.8637	
-30.8831	25.2541	22.6853	3.3926	3.3869	-10.0854	-20.2237	-27.6846	
-34.7614	21.7858	21.5559	12.6970	7.4747	7.2677	5.1081	-11.8810	
-20.4419	24.9836	22.0211	3.4270	3.3368	2.8901	0.3271	-9.2110	
-54.2882	40.9901	25.9522	-15.2230	-17.5192	-17.7054	-18.2861	-30.4160	
-7.7867	14.3662	13.9522	5.9943	4.4991	3.1380	-0.6051	-1.6046	
-66.0776	24.3761	23.3718	5.2833	4.6228	1.9366	-1.8844	-48.6478	
-89.3551	22.2604	21.8939	5.6897	-13.5830	-15.8235	-16.1845	-53.4724	
18.4732	63.7728	55.7946	46.9424	46.9424	45.9012	44.5762	21.4256	
-70.7942	-3.7540	-5.8632	-37.8259	-38.4220	-38.5272	-43.3286	-62.1015	
-85.2333	-7.6067	-48.9081	-69.8750	-69.9263	-70.5496	-72.2949	-79.5670	
-32.0163	8.8423	7.0229	-3.8989	-4.7695	-6.2153	-13.6771	-20.8332	
-14.5162	26.0375	24.7584	16.7174	10.1960	9.7859	8.1931	3.1641	
-23.9862	25.2408	21.6432	-10.8884	-10.9569	-11.3971	-13.9607	-18.8207	
-166.9341	16.8258	-12.3373	-57.5630	-61.0563	-59.2662	-63.8357	-141.3596	
-125.6985	8.0414	-14.3240	-68.7594	-69.7434	-71.7952	-73.8781	-80.5943	
-72.2191	19.9659	11.8042	-21.3320	-21.4109	-23.0509	-27.5158	-58.9966	
-29.4769	31.4129	25.1341	6.8122	5.6732	4.5174	4.3807	-22.2933	
-10.6723	27.4474	25.9885	14.4417	11.7247	9.9230	6.6855	-4.0776	
-56.5022	32.3097	20.7657	-8.9360	-9.1699	-10.8456	-16.6757	-17.6709	
-29.5676	24.7033	14.4517	-4.4854	-4.7169	-5.3149	-5.7613	-12.3702	
-24.7081	42.6431	37.6104	20.8727	17.3898	13.1786	10.8728	-9.0126	
-38.0780	20.5022	18.7129	-9.9947	-10.0029	-13.6936	-14.5877	-32.1135	
9.9498	30.9439	30.9430	18.8451	17.8058	15.8227	14.9528	12.6789	
-53.5414	49.5943	27.1969	-2.3717	-2.7135	-3.1269	-3.7710	-50.8681	
-31.7177	5.8762	0.4490	-2.8077	-5.9055	-7.6597	-10.9132	-11.3680	
-71.6957	39.4655	29.1029	-3.2259	-13.9850	-14.8832	-15.0544	-57.5086	
-46.7051	1.9781	1.7580	-18.7897	-19.8968	-21.5276	-22.9237	-37.0775	
-41.7430	29.2448	18.0719	0.4989	-4.5182	-12.8945	-13.9614	-32.4242	
-52.3764	34.8840	25.2404	7.0161	2.5894	2.2059	-3.1001	-36.1981	
-182.8591	17.7831	8.8696	-121.1243	-133.7258	-135.4501	-142.6309	-180.5665	
-26.9218	50.9627	34.6102	8.7203	7.6681	8.0386	5.5470	-2.9997	
-19.5636	25.0289	15.9354	6.1580	-0.5384	-3.8516	-5.9469	-10.6255	
-60.3447	32.0977	32.0286	7.0925	6.9952	5.8207	-3.1191	-52.3769	
-48.2941	32.6126	6.3826	-14.1568	-16.1171	-18.2156	-21.3450	-42.0732	
-24.3737	25.6844	19.6372	8.6825	6.8640	5.0871	1.1438	-17.6359	
-34.9492	34.5139	7.2171	-18.8573	-25.0903	-27.1610	-28.3368	-31.9313	
-90.2915	13.8018	-9.7234	-48.2087	-49.0965	-52.9665	-53.6286	-81.7353	
-32.5662	57.1136	37.9579	13.0086	12.0119	11.7480	5.1803	-7.3045	
-37.4551	17.8800	17.8286	4.5458	-4.1401	-5.7762	-8.3988	-28.9028	
-71.0083	34.2784	-18.1074	-39.9086	-43.4031	-43.8919	-44.6786	-54.0225	
-161.5533	35.2573	19.9605	-90.5648	-99.7490	-100.8858	-105.0803	-151.9986	
-40.8962	17.5536	17.5518	3.8514	3.3696	1.6251	-1.6560	-12.4436	
-271.2061	-29.0667	-75.4194	-209.9426	-210.8137	-213.9946	-222.4363	-258.8460	
-30.5943	16.6939	14.2192	-11.4981	-14.1081	-15.0553	-17.1344	-21.6770	
-70.5295	29.3975	27.8461	-33.7415	-33.9869	-37.6527	-38.4471	-42.5436	
-21.0170	37.4051	19.2671	3.9584	3.3579	1.4268	0.6455	-2.3269	
-34.6920	24.3845	19.7202	-4.8587	-4.8740	-6.1752	-7.0117	-18.1502	
-52.5947	25.7038	0.7588	-18.5581	-21.2216	-21.7953	-22.9604	-48.5181	
-105.3470	13.9498	-6.4067	-14.9144	-21.8123	-24.2527	-31.5842	-93.1891	
-82.8145	-36.6105	-39.3003	-46.6523	-54.6343	-55.6701	-55.7939	-62.4775	
-97.3032	-36.5870	-56.7881	-72.7375	-75.7441	-85.4905	-86.0375	-95.9357	
-69.8392	39.4610	38.7169	-8.9769	-19.1427	-19.6297	-25.6511	-52.8463	
-67.1786	32.2341	27.0807	8.9784	-11.1985	-17.7379	-20.7557	-31.1922	
-5.1257	39.5986	36.9189	19.9528	10.6803	14.8846	4.2626	-1.3221	
-83.5990	14.9461	12.0420	-22.2194	-29.8550	-30.6059	-41.3943	-77.8722	
-100.1880	38.2160	-11.9989	-37.8129	-43.6775	-44.7975	-49.1157	-69.9489	
-79.8238	35.1540	23.4923	-45.2966	-54.8039	-56.5144	-57.1130	-78.3102	
20.2321	38.7543	38.0004	31.5972	31.5663	31.1952	29.8991	24.3236	
-134.9730	33.8921	6.2332	-79.9308	-81.2370	-83.7017	-85.5551	-124.0984	
-94.1133	-14.1000	-49.9519	-69.2223	-69.2223	-73.2590	-79.0350	-86.9136	
-32.3600	37.0563	32.4629	3.1089	-3.7269	-4.8176	-7.3520	-21.3992	
-13.5925	35.0620	34.1709	16.4265	15.1666	14.5581	10.1258	-6.2885	
-38.8561	31.6807	12.1807	-13.4445	-15.0381	-15.2000	-18.5977	-33.7485	
3.3528	28.1511	24.5315	22.3306	17.8742	17.6857	16.9705	11.4493	
-37.9875	15.9126	15.9112	3.0825	1.7593	-5.3376	-6.0133	-12.5208	
-117.5277	3.7738	-24.6829	-82.5673	-89.8953	-91.6309	-92.3948	-108.3899	
-34.0703	37.3110	37.1186	29.3682	20.6172	18.9128	16.6897	-20.7846	
-26.8876	24.1082	23.7902	9.5457	7.7289	5.9169	0.1385	-9.5215	
-7.5121	15.2390	15.1053	8.4750	7.9280	7.3097	5.6982	-6.6295	
-32.8251	1.3841	1.0065	-2.3475	-3.7875	-3.8474	-3.9607	-23.7208	
-34.7177	31.2788	31.0675	16.3898	11.9252	10.8422	4.3821	-16.3682	
-108.2420	25.7371	22.4690	-53.2136	-53.2248	-63.1205	-63.2024	-89.5095	
-41.5944	26.9160	26.8770	17.1146	16.1335	14.8026	12.9926	-12.0792	
-11.8413	20.1567	19.4783	4.0623	2.9468	-1.8680	-2.2095	-3.3315	
-206.7719	8.4157	-14.8355	-127.3022	-139.7386	-129.6369	-147.0369	-160.6022	
-2.0233	37.1525	30.9479	21.3807	21.2361	20.5621	16.9432	5.0658	
-7.9700	33.3874	32.1403	21.1701	20.3043	18.1152	15.2659	4.7135	
-24.9762	17.0844	5.2790	2.7558	-1.1596	-2.2166	-3.1920	-16.3110	
-81.5951	39.8319	-13.3058	-48.8178	-50.6061	-50.6471	-52.9467	-73.0069	
-18.4492	40.0225	36.3290	15.4772	13.9015	13.0328	9.0030	-1.5237	
-178.9374	24.3571	18.1832	-129.6953	-132.2297	-133.3984	-141.0694	-162.2614	
-46.5029	44.7566	44.4635	7.0445	1.1046	0.5637	-2.7065	-23.7430	
-64.0248	24.3307	3.5408	-12.2432	-26.5023	-22.8125	-20.9524	-40.1610	
-75.3316	26.1884	23.9365	-41.0509	-44.2779	-47.0952	-50.2624	-69.8552	
-9.4972	25.5418	25.2027	11.8102	5.8729	3.0819	1.7889	-2.3384	
-143.7594	30.4395	1.8647	-97.7390	-99.5203	-105.9507	-107.4166	-118.3256	
-10.3083	34.5853	34.2585	24.9566	24.9455	23.5565	22.0070	-5.6810	
-17.4314	49.1579	48.0652	27.3839	24.6592	21.8946	18.5255	7.1798	
-77.4215	12.4030	9.6525	-27.2799	-30.7947	-31.4972	-43.6677	-53.7201	
-86.2146	3.4304	-0.6181	-8.3358	-11.9199	-14.1024	-26.0852	-53.3747	
-48.3343	-6.2456	-7.4674	-14.8051	-15.1034	-15.8079	-25.4853	-32.4365	
-94.9137	23.8551	-8.9260	-53.2327	-53.6364	-59.5098	-67.5453	-89.4732	
-44.0575	30.7212	3.8299	-27.9667	-28.0452	-28.0511	-33.1831	-39.0115	
-90.5203	-6.7839	-45.1042	-56.7025	-56.8660	-58.6016	-59.6473	-72.9379	
-114.2063	12.3492	-23.6535	-46.4623	-53.5537	-55.0259	-56.8065	-89.6899	
-10.1066	25.0780	15.9506	8.7344	8.5602	7.5964	0.8590	-4.6861	
-32.3589	-1.5942	-3.7298	-16.6771	-17.7038	-18.0841	-19.6160	-27.2110	
-32.0914	35.6637	8.4493	2.7621	2.6226	-1.3346	-4.0063	-16.6954	
-94.5070	5.3503	-30.4011	-54.9984	-55.0363	-58.2585	-60.0017	-75.2058	
-57.0366	23.5140	17.7064	-12.5269	-22.4224	-24.4237	-27.5547	-42.7678	
-21.0273	14.0585	13.2048	8.2278	7.3857	6.5085	4.6422	-9.4130	
-32.4062	32.1774	1.4261	-17.8979	-17.9352	-18.6911	-20.0815	-26.9327	
-26.3337	23.5861	20.2414	11.7976	10.8288	9.3031	8.1776	-7.2541	
-21.6738	15.8020	1.8196	-3.9217	-5.9943	-8.5478	-10.8917	-15.0151	
-161.7846	50.9792	-55.1424	-105.8204	-106.4111	-106.4447	-109.2540	-140.3647	
-40.4707	14.3810	8.2126	-23.1662	-23.3770	-25.2855	-28.0478	-31.0068	
-185.1099	-30.5099	-88.2617	-110.0774	-128.5788	-130.6404	-133.9806	-151.6326	
-61.3374	28.6457	18.4589	-11.1348	-11.2948	-14.3408	-18.4334	-51.6510	
-12.2126	26.5130	24.7845	-0.2994	-0.4557	-0.8270	-4.9990	-9.8359	
-40.4644	20.4326	20.1299	9.3420	-5.8180	-6.4186	-10.5844	-18.3450	
-49.3892	-1.0304	-10.1054	-17.9141	-18.0843	-18.2423	-23.7210	-29.7572	
-80.3636	4.2351	-19.7466	-51.8360	-53.5531	-53.7726	-57.2174	-71.5028	
-79.8640	1.7304	-29.4597	-48.6749	-54.7217	-58.8477	-60.1982	-74.5421	
-148.6684	1.6870	-7.6722	-102.7187	-106.5371	-122.7698	-125.6656	-140.1225	
-36.5667	26.0766	23.7026	-3.3380	-5.5590	-8.0761	-9.4767	-28.8708	
-76.0621	22.6365	19.1976	-13.1697	-13.2097	-15.3988	-17.6780	-64.8309	
-136.9828	38.5047	14.8618	-117.3348	-117.3350	-117.5487	-119.0143	-124.5782	
-10.8266	26.2079	26.2057	19.1664	17.4580	14.4974	13.3058	-1.0939	
-32.9495	19.8236	18.9188	-12.8809	-12.9744	-13.0312	-13.6163	-16.9546	
-25.1860	32.2530	27.8946	6.0061	-1.0735	-5.9840	-7.5588	-16.9638	
-15.7972	39.5976	38.7468	28.7455	26.6558	25.9982	17.0626	5.9712	
-51.2410	20.6748	19.0926	-37.1540	-37.7285	-39.2158	-41.6604	-43.7205	
-95.7201	6.2207	-3.4229	-39.9209	-41.8915	-45.2523	-47.4807	-70.6392	
-18.6120	35.2671	31.8518	11.6073	11.1801	11.0769	9.1373	3.7059	
-31.7701	17.2071	11.9485	2.1755	1.1123	0.5539	-1.6516	-15.5688	
-107.3619	13.8202	6.9689	-49.2557	-56.0018	-56.9575	-62.1504	-99.9135	
-1.0714	50.5296	44.0271	24.5049	22.0047	21.5162	19.3931	7.1573	
-74.9136	22.6893	3.4231	-31.2753	-31.6205	-33.4134	-38.3417	-63.9212	
-48.1207	34.6135	21.0115	-2.3509	-16.3091	-22.8329	-27.2873	-38.0287	
-27.3365	37.7905	24.2243	17.0986	12.5021	11.9365	10.8956	-12.6679	
-31.9436	39.3378	36.3199	5.5523	0.9919	-0.0968	-1.5934	-11.7334	
-10.3699	32.1826	32.0662	26.0139	22.3295	21.7709	18.9404	1.9878	
-6.8709	26.8328	25.1691	10.4079	10.2483	10.1276	9.2722	1.6540	
-61.2019	30.8578	24.3411	-15.3156	-17.5584	-19.0646	-20.3301	-22.1446	
-52.1123	24.2426	24.2333	16.0983	13.9376	8.7912	6.6166	-34.7361	
-51.1232	16.8642	9.3249	-10.0573	-18.8149	-20.1694	-23.8178	-32.9648	
-87.3072	21.0522	-36.8015	-62.9050	-63.4170	-76.9642	-77.3815	-81.6735	
-1.4668	43.3460	34.6261	20.7073	17.4813	16.3028	15.9836	9.1582	
-42.8952	5.9295	4.3759	-3.3069	-7.1556	-7.7150	-10.8218	-32.0544	
-48.8563	17.2762	11.7402	-14.6062	-14.7187	-15.2748	-18.5681	-21.2450	
-27.8175	33.1120	31.6910	-8.2629	-9.0972	-9.1525	-11.0823	-20.7394	
-63.6005	7.2376	-12.0199	-30.4108	-36.3926	-38.7603	-41.0913	-41.7702	
-12.0754	23.4368	19.6540	10.9351	10.9319	10.4278	6.7440	-9.1063	
-25.7170	3.0043	2.4910	-3.6749	-4.7577	-5.1508	-8.3012	-18.4289	
-51.6648	-3.2377	-5.7723	-30.5398	-30.7397	-31.6319	-36.4817	-38.7902	
-58.4817	21.9869	21.9054	14.9804	10.0668	8.2086	1.6572	-47.3002	
-34.2744	23.2561	13.1540	-4.2586	-6.0980	-6.3640	-9.5871	-23.2593	
-36.4730	18.7609	18.6080	0.0422	-11.8568	-13.0328	-15.9906	-31.3706	
-163.7342	37.3806	-14.9904	-62.3703	-64.7843	-79.9770	-88.8009	-103.2099	
-55.2501	20.8791	18.5970	-21.0405	-22.0689	-23.4555	-24.0128	-37.6454	
-39.1298	5.6370	4.4286	-14.2743	-16.9307	-19.9190	-23.0463	-30.9220	
-77.1386	-20.6940	-23.8011	-31.9920	-33.2548	-42.3757	-45.0364	-69.1092	
-262.5079	5.7612	-32.5267	-156.3773	-167.4965	-168.2738	-176.4613	-246.0381	
-101.3009	-4.4087	-15.1728	-66.8565	-71.0692	-73.3023	-78.9269	-91.1325	
-11.6569	42.7495	41.5590	17.1011	13.8644	12.4127	5.9481	-2.8524	
-84.1850	-7.7711	-11.6177	-35.1917	-36.7649	-36.4187	-38.8162	-65.1773	
-62.5631	17.0168	3.3930	-36.8460	-39.7737	-40.1200	-43.7330	-58.6721	
-31.2830	29.5174	29.2023	20.1037	1.9500	1.6000	-0.0611	-3.6188	
-68.9118	24.5784	-1.9586	-52.5617	-52.7245	-53.9074	-59.9870	-66.1157	
-7.9446	29.6714	29.5964	8.8309	8.4252	5.4636	-1.1903	-1.5566	
-26.9231	24.6533	23.8882	10.0799	6.4270	6.0908	4.0941	-17.3127	
-11.8920	30.0541	25.2446	13.2617	10.5439	6.9929	6.4453	4.3764	
-34.6271	29.7515	28.6768	11.1757	-2.4257	-4.2120	-12.2601	-20.6452	
-61.1342	12.9927	11.9132	-22.5176	-24.7139	-27.0399	-29.9378	-42.6198	
-45.5845	27.2115	26.9315	14.0353	13.6262	11.3785	10.2931	-26.9330	
-5.1587	57.5525	28.1687	22.1030	20.5381	20.3817	20.2771	18.4703	
-17.2453	15.4786	4.5305	-1.6129	-4.8272	-5.9519	-7.2128	-12.2689	
-122.6646	17.6531	-23.6733	-76.6249	-83.2872	-84.9262	-85.4623	-113.0505	
11.4561	30.1227	29.7406	28.1859	24.1270	23.5017	22.8774	20.2656	
-41.3244	27.0175	26.8451	14.4146	13.9217	11.9478	10.5451	-18.8218	
-175.1943	9.3297	7.3648	-54.2378	-74.0544	-74.6183	-76.9896	-89.1169	
-313.2140	31.3506	19.6433	-245.4938	-245.5710	-245.5765	-247.3348	-308.8407	
-6.3672	21.7520	19.2849	10.3586	8.9664	6.5225	4.8170	1.5085	
1.6182	39.6268	25.4283	21.3826	21.3356	20.3079	19.8210	9.6264	
-142.2593	-38.3775	-45.6396	-94.1729	-106.8289	-108.1014	-113.5751	-117.6857	
-35.6288	20.6019	20.3286	7.7517	-8.8137	-10.7026	-13.4957	-25.4656	
-43.7066	31.6632	22.0640	6.7221	-9.6879	4.9222	-12.6025	-29.2185	
-132.7439	-14.9713	-44.5966	-90.2609	-90.3667	-90.5777	-91.6370	-95.7162	
-66.6329	26.3700	25.8412	3.5195	-5.6538	-6.7800	-10.1942	-31.9111	
-9.2873	39.3678	37.8573	13.5330	13.1703	11.5175	11.3413	4.7012	
-9.9484	12.2860	11.6059	5.9406	5.7200	5.5903	4.5390	-4.9098	
-33.0664	18.6611	15.4045	3.4808	2.7831	2.6048	-3.1402	-23.4817	
-52.9662	18.7156	6.4077	-22.9972	-25.2075	-25.2341	-28.8270	-43.4770	
-47.4564	21.7147	5.8704	-5.1813	-22.8108	-29.2894	-30.3851	-36.0826	
-65.6421	28.8729	19.8681	-20.0063	-22.5160	-31.6215	-34.9378	-42.9407	
-12.4534	18.6593	10.4049	1.0809	1.0766	0.0018	-0.7596	-10.4750	
-33.7083	18.9540	12.8637	-9.5950	-10.7833	-18.4086	-19.1429	-20.7359	
-54.3470	2.7288	0.3321	-2.1466	-15.7899	-21.8490	-23.4278	-34.3203	
-34.2305	24.9822	24.9596	2.7501	1.4502	1.3222	0.0617	-15.4391	
-237.0472	5.7935	-3.6226	-212.6013	-212.6154	-219.3551	-219.4302	-224.0800	
-152.4284	12.1475	-9.3460	-96.6385	-111.2857	-121.8923	-123.0920	-125.8567	
-41.6674	22.6953	8.7864	-6.8953	-7.5478	-8.9383	-10.3123	-25.3254	
-21.0172	10.1311	8.7602	-5.2864	-5.2873	-5.6964	-8.3506	-13.2213	
-180.7142	11.9445	4.9131	-129.4499	-130.0308	-130.0478	-140.4825	-150.5640	
-32.8761	4.6028	2.6396	-2.8891	-3.5290	-5.6752	-6.5347	-17.9672	
-13.0117	28.7870	28.7797	22.8580	22.7821	22.5495	19.9405	3.4123	
-24.7759	23.7423	19.4047	6.8303	3.5556	3.4173	-0.2907	-18.8761	
-75.1684	24.0082	-12.0676	-37.8703	-38.1736	-38.6000	-45.8231	-56.9323	
-52.8753	16.6038	14.9523	-6.4990	-21.1952	-22.6391	-23.1691	-46.2541	
-79.6380	35.8300	24.7543	-13.0004	-25.2018	-27.1212	-29.5333	-69.0431	
-12.0705	25.9985	24.7401	11.4346	9.1786	7.2686	3.1245	-1.2411	
-2.4428	25.3451	25.3184	12.9342	11.5419	10.5657	9.2156	6.1676	
-41.4243	2.9175	2.4411	-4.1508	-8.5643	-8.7779	-14.6843	-27.4123	
7.9137	56.2660	56.2489	33.7698	33.0106	31.8023	27.6436	24.5751	
-15.5686	22.0584	13.9146	3.8099	-2.5293	-3.4273	-7.0052	-10.2693	
-190.4217	26.5053	-33.0350	-142.6702	-143.0862	-144.6931	-151.3075	-186.5023	
-24.8111	21.7444	17.0056	10.9575	8.1018	7.6610	6.6502	0.0641	
-6.2711	32.0195	31.7205	17.2660	16.8418	15.2347	14.1822	11.6443	
-9.1555	14.6929	12.4563	9.2821	9.2695	8.6659	8.5018	-2.1456	
-107.4145	25.1751	7.0174	-83.0727	-84.0511	-85.5976	-90.8952	-105.2326	
-32.5038	37.1221	24.9134	-0.4865	-2.0320	-2.5071	-8.8135	-25.7697	
-37.9854	47.7896	28.0879	17.0351	15.8648	15.1261	13.3060	-7.7336	
-45.5067	21.3194	18.6050	-14.1086	-14.1506	-18.1156	-20.8373	-33.1619	
-11.3642	26.2958	18.0274	5.0569	4.9802	4.3119	1.2632	-1.1272	
-109.7762	16.3546	15.7453	-17.5643	-17.7774	-22.0568	-22.5694	-32.0795	
21.9685	53.8472	48.5406	45.0196	41.7833	41.3291	36.2876	34.3797	
-18.5385	36.9015	34.5444	16.2994	16.1497	14.1803	9.6987	4.8947	
-75.5349	13.5281	-5.8581	-12.1945	-13.7498	-15.5637	-23.2430	-51.7728	
-31.6107	25.9947	25.1115	15.3048	14.0416	13.2357	5.9732	1.8981	
-143.2297	23.7355	23.0816	-50.1766	-50.2096	-50.7383	-54.4374	-63.1816	
-35.5116	6.4860	5.6057	-14.8735	-15.2568	-16.6654	-23.2918	-33.3478	
-12.6705	32.7989	31.6823	25.7177	20.9938	20.0514	16.5661	6.2439	
-46.9358	26.8435	25.5054	14.6783	13.3581	11.7906	9.0693	-26.8517	
-3.4489	37.0153	34.0398	26.2998	18.8294	18.1212	17.7054	5.5161	
-36.7231	18.1253	10.3239	3.5814	-11.9703	-2.6584	-17.3388	-24.0804	
-171.3592	3.2471	-38.8843	-139.9864	-140.3204	-145.2800	-146.9179	-158.4430	
-56.0221	16.2102	16.0422	-19.1153	-19.3128	-19.7314	-24.7761	-50.4792	
-44.3003	32.4749	30.6088	-14.2405	-15.7702	-15.9569	-17.2590	-37.5584	
-45.0983	42.2739	28.4888	-5.1588	-9.3385	-9.8728	-12.8321	-36.1903	
-20.9381	27.5305	26.3574	11.7208	10.8776	1.6783	0.0441	-3.3037	
-18.7544	32.3044	31.6617	16.0279	15.9841	5.2184	2.0699	-4.4686	
-97.5399	22.5553	21.9800	-17.5596	-20.5670	-22.5916	-23.2720	-83.7197	
1.8104	31.2179	31.0703	27.1937	24.6881	24.0372	21.2879	6.5018	
-149.7395	5.2564	-16.0393	-111.2732	-115.6485	-116.7353	-121.0028	-131.4416	
-6.3934	23.5644	22.5210	13.7550	13.7340	12.8850	7.3546	-1.1920	
-52.5100	26.2964	5.7782	-6.8147	-12.3177	-13.3049	-14.9813	-32.6611	
-47.7120	17.3746	17.2395	-6.4288	-18.5180	-21.3514	-23.0254	-36.6787	
-53.3795	33.9600	32.8089	7.8284	-0.9472	-3.4168	-5.8724	-32.2289	
-50.0265	40.1946	39.4879	20.4251	16.8371	14.6899	7.2262	-32.7635	
9.3886	32.3028	32.2940	21.4861	21.4174	21.1986	18.7277	16.5589	
-61.3958	8.0284	5.7976	-20.1014	-31.9712	-33.1775	-34.6190	-47.8881	
-13.3877	28.8128	28.1451	19.5351	16.8083	15.9781	14.7382	-4.2470	
-9.9375	48.8917	48.8916	29.4344	27.1224	26.7991	25.3368	4.9061	
-43.1649	3.8373	-2.9136	-15.1826	-23.6379	-18.5139	-28.4738	-41.3146	
-71.6608	2.7778	1.0680	-20.5975	-22.5355	-24.1981	-33.0303	-45.3688	
-234.0488	25.4785	12.5101	-173.9160	-174.2785	-182.7901	-183.5977	-198.2520	
-64.9168	14.9810	8.2213	-16.0666	-21.8586	-25.2257	-30.7141	-43.7773	
-233.8966	-3.7062	-31.7602	-203.5904	-203.9308	-207.9699	-208.4535	-222.0042	
-40.5865	27.6409	27.6278	8.1950	8.1891	7.2217	6.1258	-24.7925	
-4.2720	42.9590	42.8568	33.8123	33.6926	31.8391	30.1160	10.2480	
-67.7748	57.1253	4.6152	-32.3159	-34.9112	-36.5649	-36.9970	-40.3622	
0.0245	29.2162	22.8175	16.2567	15.6932	15.5670	14.9853	5.5245	
-136.5438	24.2890	-47.3405	-94.6816	-94.9027	-99.6534	-100.0183	-111.4083	
-53.5317	29.5309	-10.0267	-20.2878	-21.2434	-22.7311	-26.1911	-41.1725	
-51.2396	2.5839	-15.9813	-29.4249	-31.7433	-34.2687	-35.0801	-37.7956	
-60.0971	10.6551	-1.8234	-35.1836	-36.1665	-44.1591	-47.8641	-50.9414	
-126.4186	22.1614	-48.6807	-77.2831	-77.3255	-82.0189	-82.6519	-109.5415	
-88.5773	33.9339	27.6800	-14.3505	-24.9336	-26.4762	-27.0400	-73.6573	
-42.6297	-2.4043	-8.8486	-16.6710	-20.3459	-24.3033	-30.5869	-37.9455	
-60.1502	22.5624	-6.4607	-14.2990	-16.5262	-22.3274	-23.4961	-52.9022	
-151.5359	19.4213	-6.1887	-65.8153	-67.2880	-68.2147	-81.6411	-142.0213	
-30.8616	43.1398	42.2996	10.2824	1.4892	-0.6581	-3.2458	-25.6403	
-54.0275	16.5735	11.6397	-3.0379	-3.0660	-5.7623	-6.4883	-43.6491	
-112.7365	23.6279	7.7707	-32.4388	-32.4943	-42.2453	-44.8346	-48.8907	
-24.0485	33.4404	32.1469	27.1881	25.3020	24.3762	21.3376	-13.7118	
-48.0635	13.1691	13.1198	-7.7230	-11.3115	-12.3834	-14.3947	-24.7381	
-28.0182	33.7994	16.4658	4.7344	0.7596	0.5952	-0.1128	-22.3636	
-2.9461	38.2571	30.8224	14.4325	14.3301	11.7292	10.0030	1.6251	
-117.7379	30.3551	30.3255	5.5787	5.1099	3.7299	-4.0350	-83.3531	
-6.0912	39.5131	39.2619	38.6903	38.2934	37.1494	36.6450	19.2815	
-36.6945	35.8939	18.0673	-15.4222	-15.5208	-19.8616	-21.0885	-29.6409	
-100.6252	-6.0681	-9.5935	-38.4848	-46.7543	-39.7162	-49.9964	-90.9592	
-40.9422	30.7039	30.0755	15.6802	15.6695	14.5655	3.1006	-17.0829	
-79.4042	10.9231	-1.2155	-19.4779	-26.5572	-28.5025	-36.2628	-62.0563	
-32.4801	34.7195	32.7592	6.8918	-9.6841	-9.7569	-11.0303	-22.3919	
-98.6998	6.4072	-10.2019	-60.2593	-60.5635	-63.3394	-63.7457	-91.9013	
-47.8408	31.3368	29.7431	15.5171	15.0476	14.4540	11.0188	2.1394	
-26.3200	21.5131	21.2137	-4.4934	-5.7450	-9.3061	-11.5867	-18.0297	
-35.0812	18.2119	16.1149	-1.5958	-5.1222	-8.1076	-14.3670	-21.3026	
-16.5369	39.7923	17.7370	13.7566	11.8396	10.7540	2.6396	-9.6878	
-51.6433	-15.4286	-29.4213	-40.0890	-40.1829	-41.6043	-43.2850	-47.5062	
-29.2629	29.0653	20.9492	-3.1292	-8.5092	-10.3847	-15.4972	-23.0640	
-19.1393	51.1433	49.2292	30.2481	26.9837	23.6826	21.2056	-0.5595	
-277.3890	-11.3327	-30.3478	-237.2551	-242.1362	-243.2480	-244.2745	-270.3852	
-157.5608	19.8720	-5.9986	-99.4533	-101.0479	-102.9341	-105.4157	-147.4387	
9.9821	44.8473	41.7436	29.0402	29.0211	27.5468	22.3465	20.2433	
-24.9591	24.6673	22.7429	8.1406	7.9707	7.3403	5.1347	-0.9601	
-48.0613	21.7206	3.3125	-7.9095	-8.2784	-11.8574	-18.9744	-26.8231	
-44.0578	4.3558	-1.7790	-13.8488	-21.6860	-21.8336	-22.7739	-36.5420	
-51.9121	-1.3786	-2.9161	-16.0181	-16.0615	-17.1391	-19.0859	-38.1506	
-50.7999	39.8265	11.5673	-4.9065	-4.9385	-6.6368	-13.5915	-30.4417	
-15.1740	33.4957	33.4834	28.1684	20.3805	19.9032	18.6729	-11.5626	
-163.5563	28.2247	3.7214	-107.0929	-108.3939	-126.1617	-134.0907	-147.9162	
-85.5641	10.4220	10.4172	0.4636	-5.7834	-5.9404	-12.6716	-81.4812	
-44.3213	9.4140	7.9964	-6.9944	-7.2385	-19.9009	-19.9998	-36.8270	
-26.6741	41.3493	18.1394	12.6527	12.5828	9.5247	4.5591	-3.1217	
-127.7022	-1.2443	-67.6466	-83.6198	-85.3499	-85.8476	-88.3134	-119.3449	
-93.6013	22.4355	12.7717	-36.7079	-37.0320	-39.7166	-40.9428	-74.3369	
-35.4700	21.7204	19.9987	-2.7528	-6.7287	-7.0434	-11.8317	-26.5355	
-12.6441	31.8965	29.8616	10.3740	10.2261	10.0472	4.7614	-1.3669	
-98.8684	-2.1790	-24.7578	-73.1677	-73.1690	-73.2109	-73.6976	-92.1477	
-6.1913	24.7208	21.2152	13.7359	12.5006	12.4900	5.3037	2.3237	
-70.3741	24.5476	-20.7986	-35.6768	-35.8045	-36.2408	-41.3668	-48.7500	
-3.5537	26.4023	23.5004	19.5792	19.1959	18.9960	15.6564	6.8608	
-32.2129	-10.8431	-12.8933	-24.8058	-25.8393	-27.1448	-28.6129	-29.5180	
-72.1052	23.2237	21.8580	-13.8200	-14.1883	-17.2752	-19.4980	-63.5800	
-3.7786	37.4078	26.2930	24.3711	24.3432	24.1380	21.4811	16.4481	
-90.3159	34.2382	4.9472	-51.6584	-51.8648	-51.8837	-53.4289	-70.1610	
-19.4109	38.7513	37.0094	26.6219	19.0040	10.8267	10.5775	-1.8511	
-74.1134	-0.1972	-11.4026	-31.2846	-35.2856	-36.1636	-40.8909	-58.5067	
-33.7761	18.1037	17.9086	0.3520	-2.6121	-5.8608	-6.0927	-12.8023	
-91.1463	29.5413	20.8374	-45.0759	-48.4556	-46.7408	-53.2339	-78.6772	
-61.1058	10.5858	10.5868	-11.5506	-22.1874	-23.3670	-29.2966	-42.0508	
-155.6333	-3.2863	-47.8427	-113.0722	-127.2834	-128.4398	-132.0545	-151.4462	
-31.6008	30.3886	28.5741	21.6721	16.4282	13.1280	5.1372	-20.7270	
-27.0657	36.8967	34.7407	31.8192	31.6566	31.1470	27.4096	-11.3721	
-23.5429	28.7615	22.9496	13.0795	11.7932	11.3485	9.2133	-18.8088	
-29.8461	41.5034	41.1389	3.4479	0.2465	-0.2230	-1.0353	-15.9984	
-114.9188	20.4791	2.2502	-54.7458	-54.7472	-60.3968	-61.7593	-80.8603	
-47.3532	30.9552	29.7117	8.3439	8.3384	7.8858	0.7071	-6.3615	
-1.5209	25.8087	25.7995	10.9063	10.9062	9.2383	7.4193	2.9037	
0.3068	31.6563	31.6120	27.3028	19.1694	18.9704	18.2500	13.1432	
2.5707	38.1185	36.7151	29.4464	25.6744	25.0878	22.7517	5.3259	
-50.3952	11.7950	8.5652	5.4313	5.2198	3.3227	-6.7977	-16.9058	
-31.0832	35.9935	35.9368	21.8409	9.2962	17.7356	1.8048	-4.2207	
-14.8179	43.4642	37.1634	19.4084	12.2009	9.1210	5.9259	2.1678	
-34.9212	24.0192	19.9932	6.5043	5.5005	4.3092	3.5654	-11.2411	
-38.4649	7.6283	0.8694	-10.6764	-14.6336	-15.9398	-20.9962	-27.2323	
-7.1911	39.4255	38.8120	23.5193	19.5474	18.5513	17.0200	11.7351	
-67.5427	-6.5862	-7.0459	-9.1076	-9.1139	-11.5202	-14.2300	-52.7610	
-99.3224	19.2388	-6.2898	-57.7921	-65.2594	-65.4956	-66.3143	-79.6835	
-76.0360	21.4944	21.4916	-21.9389	-22.3649	-24.8384	-29.7940	-35.1623	
-37.6990	24.8834	21.4150	-6.5729	-6.9342	-7.0977	-8.4467	-11.9893	
-5.6143	48.6339	44.1927	19.8091	16.2278	17.4683	11.3948	7.5477	
-27.0910	21.2940	-2.8788	-5.5195	-8.7211	-8.8766	-10.7176	-18.2823	
-1.9200	33.0592	32.2952	22.9390	15.4312	14.3774	14.0247	2.9956	
-82.9948	22.5088	8.4923	-54.8550	-63.9887	-68.4208	-70.5364	-79.0983	
1.0373	34.6535	33.3529	19.4051	15.7463	15.0492	14.0697	4.4863	
6.2510	36.0818	29.7693	26.1124	25.8726	24.8481	23.0873	18.9342	
-59.9860	22.7370	20.5320	-11.4951	-14.0453	-14.8088	-16.5287	-48.1660	
-84.0754	15.2661	9.0084	-60.1931	-60.1993	-61.2083	-66.9998	-71.7372	
-36.0953	16.5928	16.3219	0.0511	-17.4615	-2.9367	-20.4743	-26.7262	
-188.2382	-8.6527	-23.6739	-137.9591	-142.9929	-157.9319	-159.4091	-164.1910	
-86.3419	39.8055	32.9793	5.1185	-2.0634	1.3098	-11.0382	-80.4488	
-40.1991	28.3034	20.3377	-12.9674	-19.0415	-13.7688	-20.7468	-32.4328	
-101.6721	22.6413	0.5120	-35.4705	-44.6685	-49.5995	-50.8390	-66.4221	
-13.4012	21.1070	20.3380	3.8323	3.2907	1.4006	0.8282	-7.7105	
-104.0095	-15.2916	-33.6328	-43.7643	-43.9637	-44.3698	-52.1640	-62.8298	
-34.5621	0.4374	-13.5458	-19.6515	-20.6943	-20.7130	-26.1459	-29.2415	
-4.5597	45.7376	43.4367	17.8179	17.7667	17.2293	15.8284	-0.4409	
-100.2520	52.5762	36.1587	-69.6958	-69.9454	-70.7856	-80.2245	-85.6056	
-43.6213	28.1051	20.9558	-6.1485	-6.4961	-9.0125	-9.8358	-28.6065	
-33.4549	26.8635	0.9542	-4.2567	-4.4863	-6.4938	-7.7574	-21.8590	
-31.4238	30.4709	29.0850	2.9274	-3.7966	-4.4005	-6.7009	-18.5828	
-82.0274	3.8144	-11.1554	-29.4665	-43.5810	-45.9684	-47.9245	-67.1709	
0.3516	24.4591	24.4230	18.8249	18.5216	18.4970	18.2540	8.8325	
-60.4291	19.2077	5.2207	-24.5559	-25.8020	-25.9184	-29.2209	-55.2029	
-50.0669	22.3504	7.3437	-5.6332	-15.0018	-20.9472	-26.7947	-38.2096	
-8.2181	28.4587	23.8679	16.2583	15.6025	14.4799	13.3086	2.5846	
-62.6251	9.3358	7.6784	-26.2388	-28.7657	-29.2552	-32.5543	-48.2471	
-0.7070	29.6523	27.6492	17.4799	17.4546	17.3103	14.9737	2.4169	
-16.9879	38.8798	38.8618	19.9916	18.1922	9.0835	7.6284	-10.3365	
-45.3257	35.0175	14.3581	-3.6979	-7.1840	-7.3915	-14.9504	-28.8284	
-61.0781	13.8138	9.8379	-21.0260	-31.9217	-33.2566	-35.4803	-41.0914	
-40.2983	21.4073	20.7828	7.6089	6.6911	5.3383	2.3390	-4.4529	
-16.9089	20.5758	19.7318	1.0006	0.9818	-0.4561	-6.6494	-14.9977	
6.0944	45.9505	45.9212	40.0492	34.8445	33.9591	32.2283	17.2337	
-71.9004	18.4953	-21.8267	-46.3407	-46.3699	-49.0590	-56.5476	-60.9719	
-23.7226	17.4611	17.3717	3.5816	3.4677	2.9727	2.1333	-13.8714	
-62.8124	-14.3670	-15.1123	-23.0954	-31.8434	-35.5971	-41.5618	-47.0792	
-29.5279	17.3152	11.1601	-0.8468	-1.1433	-4.5424	-5.2683	-9.9520	
-30.3744	33.8853	15.3661	2.3710	0.3788	-0.5245	-3.0299	-10.9847	
-79.4138	21.5385	7.1051	-9.1226	-23.8630	-24.8129	-35.1588	-51.5428	
-46.5822	10.4693	10.4411	-32.6426	-38.4341	-34.4668	-41.4124	-42.7230	
-72.7770	5.9202	2.1876	-24.0272	-25.2931	-26.7181	-27.1102	-66.0717	
-36.9804	-9.3423	-10.9292	-16.1474	-18.8497	-20.4491	-22.9115	-28.9521	
-33.5591	35.4753	35.2497	17.5260	17.2196	-1.9271	-2.7759	-20.7486	
-50.5021	39.6929	17.5215	2.5825	2.0943	0.0137	-10.3007	-21.1837	
-37.5220	12.3243	12.0634	7.2483	-2.6244	-8.8467	-10.9824	-20.9542	
-57.2597	6.4951	2.6774	-10.5287	-10.9410	-12.0669	-14.1208	-29.6888	
-47.7164	25.2507	23.6202	13.0189	11.2977	10.5296	9.8981	4.6048	
-52.1716	18.5058	10.6973	-4.7161	-6.0327	-8.0540	-10.2299	-35.1303	
-46.1363	18.5637	9.0708	3.4529	3.4517	2.9407	-3.2510	-40.8262	
-133.5560	2.3232	-22.7607	-79.7153	-87.2335	-89.1475	-90.9369	-107.5833	
-9.1757	30.1425	30.1396	25.3838	25.2357	25.1086	16.1724	-6.4792	
-18.1186	32.3307	30.5572	-1.6590	-1.6590	-5.8324	-5.9523	-8.7570	
-44.4986	18.1053	2.6002	-29.8474	-29.9176	-30.1956	-31.5084	-35.6672	
-1.9359	37.6873	37.6611	35.3143	30.8603	22.8638	21.3517	3.3709	
-13.0435	24.0141	20.4262	12.3939	12.2257	11.4451	5.3743	-5.3227	
-15.4005	27.1031	18.1248	8.0207	7.7985	7.1260	3.9543	-12.5156	
-70.7418	20.6090	7.4045	-32.4834	-32.7224	-36.7495	-37.3274	-49.7777	
-12.2110	45.3697	43.8997	37.7874	28.3184	27.2630	15.2113	-6.6528	
-1.9282	26.1067	24.4998	14.2596	12.1820	11.8310	7.0280	3.6115	
-119.0402	-7.8319	-27.4905	-38.9600	-43.4382	-46.1982	-50.8151	-106.6848	
-101.3879	9.9084	0.8700	-53.4324	-53.4521	-59.8926	-62.3267	-66.6101	
-11.1959	20.8395	20.8346	7.6222	0.5096	0.1382	-0.6299	-6.1609	
-32.8413	25.4383	13.5921	6.1838	5.1505	3.8498	-0.0193	-11.4668	
-58.0451	10.8068	6.4810	-14.4786	-20.7322	-21.5064	-26.0157	-34.2297	
-85.3343	-10.2385	-22.5226	-40.1412	-40.9327	-40.5698	-41.6925	-60.4440	
-34.3302	40.4805	40.1464	15.2245	13.0718	13.3986	9.0714	-22.7721	
-50.2930	25.5818	-20.9179	-26.7307	-28.5721	-29.5193	-30.1453	-40.3864	
-3.5992	9.7606	9.6887	7.1272	6.8601	5.8746	4.8924	2.8806	
-10.7940	22.8179	9.8112	3.0365	3.0354	0.8151	-4.3322	-9.2004	
-26.0572	32.4906	32.2747	23.6654	23.6525	21.0914	14.0647	-16.9852	
-10.4871	33.3211	32.6496	15.2267	15.0269	13.8655	11.8832	-0.6315	
-58.8198	0.9698	-3.9148	-33.2976	-33.3005	-35.0165	-36.0240	-48.2119	
-11.7346	38.2782	22.9852	12.3429	12.1992	10.4979	9.2990	1.9284	
-30.4360	24.0976	23.8659	2.7965	2.7739	-0.6264	-2.0048	-16.4892	
5.8131	32.1786	27.7723	21.5576	21.5464	21.1754	17.2431	9.7355	
-5.5379	22.1731	21.9982	15.0170	11.8663	9.0297	7.5875	-2.1999	
-47.9521	2.1414	-15.6493	-24.7979	-26.6413	-27.6507	-31.7676	-33.8922	
-49.6306	21.9630	19.9932	-26.2057	-36.5978	-38.3365	-40.5445	-43.7991	
-6.7014	28.3871	25.1086	14.0906	13.8711	13.0728	10.4897	8.7481	
-90.6671	12.1653	-23.0875	-57.1232	-57.2329	-57.3902	-63.2239	-87.4273	
-11.9767	28.8117	28.7673	12.8296	12.4737	11.9211	9.0550	-9.9215	
-24.2334	23.3759	23.3727	3.0474	1.7309	-0.4870	-1.6628	-7.5313	
-122.8536	2.1804	-34.4616	-79.5137	-83.2829	-80.3237	-86.4971	-102.2616	
-23.1101	24.4506	24.3216	1.1156	0.8992	0.3733	0.1480	-18.0940	
-544.7700	12.0393	-91.2755	-509.4151	-512.9351	-513.2194	-514.5130	-532.2584	
-49.8772	20.3145	2.1497	-16.5225	-17.7552	-21.4259	-25.1889	-28.0586	
-6.1676	41.3948	39.8748	30.9007	29.4950	27.9905	23.1317	10.1502	
-28.1429	28.9541	28.6545	12.1718	1.7224	11.8370	-0.1315	-18.2712	
-26.0107	44.5509	18.1407	9.9248	-2.7289	-2.8017	-5.2063	-13.7695	
-67.1481	33.4451	32.8313	-32.0138	-32.0803	-38.9076	-39.6852	-57.0670	
-56.5527	-0.6788	-6.7488	-19.4968	-20.6398	-21.3084	-31.1464	-42.9674	
-23.0282	29.8912	12.2729	5.7052	4.3424	1.4852	0.2562	-15.4903	
-25.1138	15.1958	4.0166	-2.8889	-5.8613	-8.3747	-9.4951	-21.3984	
-58.7800	70.4028	2.1533	-21.4078	-25.8246	-26.2855	-27.9925	-51.2339	
-57.4389	36.1908	-6.0813	-25.6116	-27.3152	-28.3844	-36.2476	-54.6205	
-7.5398	44.7644	25.1182	12.2950	8.4105	7.7779	5.3662	-1.8529	
-29.6700	16.6281	16.5829	-13.7326	-15.9427	-14.2154	-17.9159	-22.2795	
-7.5582	19.6189	17.7792	15.2536	14.1722	14.0048	13.6914	7.3263	
-58.7079	38.6837	34.3091	9.8411	-3.1460	-4.3980	-7.6779	-19.7362	
-47.7686	28.8610	27.6381	10.2143	10.0266	9.6961	4.8176	-24.4308	
-207.3995	15.7805	-38.0761	-175.6417	-177.0635	-183.2680	-185.6085	-190.4255	
-13.9417	33.5154	33.3534	-0.8333	-1.6030	-4.2234	-11.2931	-11.4874	
-43.9526	27.9755	24.2129	-22.5387	-25.3645	-27.1014	-31.4729	-33.2672	
-96.6316	10.0716	3.5143	-50.1671	-52.8681	-58.6636	-60.3481	-86.1515	
-13.6805	39.8033	39.7432	20.0450	19.5999	19.0348	18.5214	-0.6449	
-18.5064	36.2863	36.0785	11.8598	10.3515	9.6119	5.9191	-3.9589	
-34.1363	34.1737	26.9407	-0.4054	-0.9307	-2.9994	-3.7439	-11.8983	
-77.3630	26.0256	6.9938	-34.7015	-42.7101	-46.6430	-47.9023	-72.6998	
-73.7342	-4.4730	-12.2158	-55.2926	-62.4242	-57.4434	-65.8375	-69.4961	
-25.1066	29.7236	16.2263	12.5173	9.8818	0.0380	-2.2120	-20.0137	
-26.4169	9.3374	7.2911	-5.4928	-5.8099	-8.7973	-18.7923	-25.0720	
-36.7235	20.3662	19.7036	13.1017	2.8041	2.6143	0.5793	-10.9063	
-56.0881	8.7803	7.0896	-26.3908	-32.8536	-34.6056	-39.9465	-49.6477	
-72.7195	5.1950	4.6901	-24.6864	-27.3759	-35.9300	-37.8013	-61.6624	
-44.3519	1.3335	0.9830	-17.8072	-22.6471	-23.3424	-24.9957	-36.8046	
-37.0878	22.4508	16.2255	8.5936	-0.4909	-2.1523	-2.7297	-29.1222	
-58.8178	27.3002	24.8677	-17.7130	-19.2061	-20.6879	-23.5583	-25.2483	
-24.4051	22.5706	20.3859	3.9886	-0.8042	-2.2007	-6.0544	-22.0876	
-38.6765	40.5346	27.4359	-13.8655	-16.6784	-20.9472	-23.8749	-34.9893	
-25.5677	3.0665	-0.2797	-6.4669	-11.2448	-12.5559	-15.8080	-22.6666	
-25.8272	29.0389	29.0180	8.2420	8.1008	-6.7076	-7.7272	-19.6125	
-19.2197	31.1479	30.8268	19.8163	16.8220	9.0169	6.9977	-4.0117	
-36.6684	34.0754	24.8701	20.6308	5.0654	5.0413	1.6466	-22.1140	
-32.3717	32.0351	31.2423	4.2838	-4.5789	-5.0833	-6.2626	-13.4771	
-23.8760	25.7303	24.1948	1.8766	1.5742	1.5226	0.7775	-20.0822	
-226.4244	-5.2555	-12.4874	-49.9608	-50.2411	-51.0590	-65.3458	-208.4235	
0.2529	24.4168	24.0778	8.6620	8.6278	8.5810	7.0806	4.8481	
-109.0828	-9.7416	-41.7744	-62.2816	-63.3992	-64.5116	-79.6376	-100.3331	
-101.7819	12.0833	11.7472	-18.2625	-18.2830	-20.3724	-29.0824	-53.9735	
-76.7902	18.3674	11.8886	-17.5456	-19.0124	-29.6767	-30.9386	-56.2276	
-4.2335	30.7357	30.7329	16.9894	13.4982	13.3487	10.1580	2.3597	
-23.8670	28.1514	25.7691	15.8698	15.5777	8.9570	6.7870	-2.6423	
-47.2762	21.3411	9.8593	-33.1980	-33.2064	-33.7172	-35.4951	-43.2836	
-23.4100	20.0277	18.4128	11.8303	9.2843	8.0651	7.3520	-7.9500	
-40.3715	26.0898	25.1560	11.9846	10.2215	8.7880	-1.1602	-18.5860	
-36.7433	24.2953	15.8685	0.1327	-0.0342	-1.2955	-5.3843	-20.8745	
-141.1740	7.9768	5.3953	-42.3624	-58.3351	-44.7496	-65.8254	-82.5200	
-127.7829	2.1702	-38.1466	-95.9193	-105.0280	-96.8600	-106.8243	-110.2546	
-157.1166	31.2084	14.5620	-124.6940	-125.7381	-126.0214	-129.2815	-141.2902	
-23.2509	19.1705	18.4897	5.3434	5.3237	-4.2098	-4.7759	-6.9685	
-37.6551	28.2999	24.4044	-13.2514	-15.6068	-15.7126	-17.5761	-26.1270	
-30.4373	23.6272	-0.8733	-16.3074	-17.7530	-18.9376	-20.4474	-22.0459	
1.7244	37.5910	31.2547	19.7132	19.7127	14.5001	13.8755	6.3344	
-19.2211	38.7174	38.7039	15.7580	11.8888	10.6562	9.2829	-6.9808	
-20.1279	23.1493	19.4713	-6.4240	-9.6166	-12.0021	-14.7006	-17.9975	
9.5035	35.6213	35.2421	29.4042	29.3983	29.1609	29.0784	11.0860	
-24.8365	28.4821	27.5545	5.8406	-4.3163	-5.2293	-8.3656	-14.3057	
-30.6038	30.0037	29.9566	-14.5300	-14.6804	-16.3413	-18.7768	-25.1349	
-27.5337	17.9768	17.9692	8.9347	5.0692	4.5772	2.8973	-21.2858	
2.5206	38.7996	38.1904	26.4170	19.6347	19.2962	17.6362	11.5869	
-69.2118	-21.3149	-21.9738	-44.2629	-47.7313	-48.2031	-52.1368	-59.7625	
-8.7961	38.1976	32.7912	24.5885	22.0252	21.0406	20.6968	13.0352	
-16.0339	13.2755	6.3281	-1.1383	-1.1632	-2.2880	-2.6479	-13.0883	
-41.8855	3.8529	3.8271	-23.0330	-28.7302	-34.2854	-35.6159	-39.3401	
-22.6294	20.2363	17.2312	-4.5269	-5.2921	-6.2016	-9.4670	-12.9200	
-108.7647	5.3925	-7.4329	-81.2330	-81.2358	-81.9236	-85.1036	-105.9782	
-163.8596	-8.7766	-62.1187	-125.3359	-127.9511	-128.7478	-130.3718	-159.1105	
-39.6956	43.6570	26.7245	22.3031	22.1055	20.7656	17.9028	-21.9883	
-19.7717	26.4130	14.4173	9.3299	8.8809	8.6680	8.0572	-10.5269	
-12.1596	23.2250	21.5980	16.6875	11.0373	9.8059	1.1838	-1.0954	
-107.9678	34.9714	12.0377	-32.8761	-45.1543	-46.4340	-48.1869	-100.2414	
-25.7949	35.7664	35.7619	-0.9501	-5.3556	-10.3982	-10.8398	-18.8087	
-46.9518	15.8397	7.6981	-8.2026	-13.1246	-13.4137	-14.3770	-41.1463	
-2.9115	33.7769	32.4605	18.7226	17.5498	15.4072	10.1276	4.0722	
-58.9470	-6.0701	-7.5982	-23.7947	-23.9866	-31.4178	-32.7046	-39.6282	
-84.6693	17.9118	14.6526	-25.0240	-31.0272	-29.2748	-36.4624	-51.0845	
-71.1484	9.8952	-2.2841	-16.7369	-16.8322	-17.4346	-21.2283	-49.4534	
-86.1504	5.1324	-28.8885	-58.6366	-59.0546	-59.1358	-61.2300	-72.9432	
-51.2569	39.1059	38.4652	20.2151	11.8685	9.8705	7.9119	-43.2753	
-77.8264	23.7317	-22.8376	-60.0291	-60.0482	-60.8053	-63.8191	-76.2292	
-32.9596	29.0115	29.0072	-11.7305	-11.8348	-15.2067	-20.3064	-22.6697	
-61.2856	42.5556	42.4715	25.7632	14.1739	12.5616	8.2158	-36.9385	
-146.2561	40.9895	31.1328	-81.1019	-96.3495	-98.8185	-99.0247	-142.8235	
-53.6819	8.5038	-9.4017	-28.0167	-28.0170	-30.1325	-32.0586	-46.2756	
-72.8119	2.6240	-27.4031	-51.8715	-51.9286	-52.5534	-53.9813	-58.8243	
-2.8362	27.9322	24.8730	18.5291	14.8803	10.5353	9.3555	1.0335	
-81.2049	35.0748	-19.8405	-54.2683	-54.2729	-61.9465	-61.9654	-78.5409	
-345.2320	19.7798	-11.2009	-195.1538	-218.5001	-197.4971	-222.3338	-320.1682	
-21.9460	14.9573	12.5269	5.2409	4.9514	4.3169	2.0285	-13.9339	
-74.9729	24.3438	17.6223	0.1190	-12.7430	-14.6229	-16.1430	-57.7325	
-114.1293	32.6153	31.5676	3.6634	-6.3568	-13.1211	-14.4276	-91.7808	
-68.4052	15.9796	14.6251	-41.4082	-41.5450	-44.6956	-48.1733	-63.2441	
-81.1943	-1.5037	-10.2125	-48.7816	-49.6797	-52.0817	-59.8542	-68.2491	
-35.8738	2.8092	2.5999	-11.9040	-13.0397	-15.8835	-17.2779	-23.3916	
-41.8234	39.5250	26.4432	-22.7394	-23.4343	-25.4245	-25.7178	-27.4361	
-29.1083	33.0970	31.6462	23.1649	21.5413	20.2032	13.5369	-3.9131	
-44.3080	20.3000	17.8909	5.0133	5.0101	2.9728	-2.8425	-30.7344	
-5.2439	20.9804	19.9668	11.8187	11.6423	10.2841	6.1949	-0.2558	
-64.3686	27.6037	27.2877	3.8596	-1.4113	-7.5300	-8.4350	-9.8500	
-285.1363	37.4336	-8.5056	-176.8680	-196.6419	-199.3911	-202.7241	-281.2741	
-100.5797	2.6126	1.5632	-74.9004	-75.3163	-75.7013	-76.4690	-90.0402	
-104.7375	26.8265	26.7756	-36.9008	-36.9215	-37.2323	-39.6475	-89.7162	
-34.6290	15.4962	5.5098	-17.1251	-17.9330	-18.4106	-21.4910	-28.6160	
-16.1917	45.4425	31.5123	26.7544	26.0242	25.3131	22.6754	-9.5791	
-35.7669	-2.8083	-4.6286	-18.0402	-19.1106	-18.1683	-20.0080	-31.9895	
-96.4222	27.6527	26.1890	-52.8881	-55.8873	-56.6820	-60.4311	-90.3850	
-67.4943	4.1985	-11.7672	-44.7986	-44.8949	-45.4926	-46.8242	-57.9412	
-121.5593	7.4107	-46.3219	-82.6668	-85.1959	-86.1293	-88.8672	-105.3274	
-57.9223	24.8379	24.6484	2.1122	-13.1332	-14.9975	-18.0110	-47.3278	
-34.8295	23.9368	23.3552	-3.5144	-3.6353	-9.1141	-10.2903	-21.1043	
-103.5549	9.8980	3.0852	-44.6308	-45.1151	-45.3688	-48.2136	-77.8061	
-41.3640	20.9650	10.3920	-5.9364	-6.6184	-8.0940	-9.7321	-15.0632	
-23.8052	54.3695	53.4193	21.5920	18.4467	15.4340	13.0264	-8.3615	
-50.6825	22.6614	18.7183	-13.9559	-22.8909	-24.5864	-29.9490	-42.7429	
-58.2561	30.1105	26.6956	-17.0513	-17.2619	-23.2151	-24.5464	-42.5734	
-48.2899	16.5524	4.0941	-3.4727	-3.7327	-4.3989	-6.2386	-15.3017	
-7.0251	20.4149	19.7051	14.5228	14.4107	13.2296	10.2039	2.8401	
-27.5476	12.3848	12.3151	-0.1461	-1.9512	-2.2384	-3.9736	-14.0972	
-144.1947	18.8093	-38.1413	-94.0023	-99.6199	-100.7667	-106.6167	-122.9479	
-27.8244	13.9347	10.8714	-3.4664	-6.0582	-9.0737	-9.5579	-26.6954	
-27.5031	38.5156	38.4557	15.0728	10.8269	11.5948	6.3422	-3.3754	
-19.4602	13.1839	12.7168	5.1932	2.5707	1.5744	-1.5248	-6.1757	
-96.5999	-18.4051	-51.5048	-64.1650	-67.7276	-68.2344	-71.1901	-81.6882	
-63.2650	10.9157	6.3687	-9.9332	-16.7229	-14.4444	-22.5913	-36.2873	
-62.7979	12.7840	-1.0006	-18.4960	-18.5049	-20.8146	-21.6080	-28.9907	
-85.1228	9.4707	1.5128	-40.9935	-45.4591	-48.7298	-49.3739	-69.3039	
-200.9817	-7.8437	-33.0608	-113.2514	-113.2648	-113.6243	-116.6172	-192.9604	
-55.0272	1.5939	1.4965	-11.8779	-11.8783	-13.1305	-15.8658	-39.1326	
-25.5487	36.8489	23.4070	-3.0106	-3.7272	-5.5352	-8.1549	-16.8887	
-146.2822	6.3304	-54.6657	-90.2196	-94.5498	-101.9050	-105.2454	-107.2012	
-52.9574	-2.6651	-17.5553	-32.1182	-33.7936	-39.2621	-42.3384	-51.7530	
-41.1168	-5.0539	-5.0948	-18.6875	-18.7438	-18.9064	-21.1385	-29.6431	
8.6412	33.4983	33.2979	29.3703	29.0307	26.5242	22.8462	14.3901	
-80.1598	-2.8254	-5.6157	-20.5720	-32.6322	-34.0454	-38.0971	-68.6070	
-51.1087	20.4057	19.6975	-12.6915	-15.9385	-18.0899	-24.6135	-35.1771	
-13.1976	19.2007	18.4613	9.4772	3.4316	3.0224	2.2242	-9.7401	
-34.3347	6.2018	-0.1562	-13.4761	-19.7899	-20.3406	-25.8664	-28.5582	
-16.4380	35.6385	30.6486	11.3827	6.8894	5.6663	2.3053	-9.2633	
-6.1199	29.7311	19.2810	15.7353	15.7220	14.5869	11.5097	-0.8288	
-38.1018	11.7010	6.2335	-12.3093	-12.4074	-12.4868	-13.9220	-24.6278	
-52.6683	28.6035	24.2273	-4.4947	-20.2252	-26.2189	-27.6262	-38.6590	
-9.7531	29.4970	25.2322	18.6876	18.3258	16.1729	13.8377	9.5119	
-90.2745	-6.0532	-6.0885	-43.0545	-50.9874	-56.3815	-60.1722	-79.1707	
-44.7923	30.4078	26.7531	17.6255	-3.2327	-4.2033	-9.8242	-25.3725	
-37.7327	21.9586	21.8126	-7.1370	-7.2019	-7.9240	-8.3931	-28.7669	
-31.3877	27.8689	26.6885	11.4711	2.5081	-1.7896	-2.9426	-15.6643	
-12.5700	36.9548	36.3939	17.9935	17.9459	10.2547	9.5853	-4.3870	
-62.5627	53.4110	38.9633	4.5849	-6.1049	-9.4520	-10.9151	-53.0415	
-15.8369	28.5038	26.2011	9.0199	9.0147	6.6989	4.2297	-13.0600	
-13.6550	17.9098	17.7384	14.4399	14.4148	13.1384	8.3849	-4.1151	
-33.1896	18.9047	-3.4089	-17.5215	-17.5514	-20.9727	-21.7578	-27.3928	
14.9861	42.7501	41.6211	31.1773	31.0079	30.4859	30.2383	27.0010	
-72.0918	25.3500	-3.3371	-41.7016	-42.3884	-44.8841	-45.4160	-53.1749	
-43.0672	23.9497	3.8631	-0.3889	-1.4616	-1.8473	-3.5628	-15.5685	
-98.0962	38.3886	38.1137	-24.8838	-26.2185	-29.1259	-33.1555	-76.1851	
4.3011	39.2923	34.9997	27.3420	25.3380	24.9375	23.5627	19.1138	
-42.8920	5.0282	2.7237	-15.7905	-17.0622	-17.9916	-21.9434	-35.2562	
-52.9633	21.3431	21.0961	-4.3931	-4.7807	-5.3482	-6.9821	-15.4387	
-67.7136	24.0097	19.3049	-4.9730	-7.9548	-15.7483	-18.9798	-32.0915	
-18.8949	36.0782	31.8223	20.9846	19.6964	18.7873	12.5422	-6.8753	
-36.5741	27.6394	27.2853	-1.1744	-1.3306	-4.6617	-6.1356	-17.0812	
-65.1300	19.2326	8.6476	-1.7153	-15.6352	-16.1000	-23.7412	-56.8120	
-37.3768	34.7605	34.2042	20.1809	19.9707	19.2764	14.0082	-25.5399	
-85.8393	18.8670	17.2779	-16.8019	-17.0459	-34.1136	-38.3367	-74.2202	
-105.3095	-1.7336	-4.2097	-32.9823	-33.3767	-34.8366	-36.4895	-96.8135	
15.3859	45.0239	44.5461	38.8350	38.6275	37.9338	31.1231	25.4033	
-59.6690	18.7486	6.9207	-28.8619	-38.9411	-39.5910	-43.2420	-50.8421	
-19.3005	33.0144	29.6899	6.4093	5.8359	5.6040	-1.4737	-15.6919	
-47.6071	23.8110	23.5773	5.7300	4.7506	4.4435	0.1400	-32.6816	
-15.6102	24.6560	24.6548	11.0938	9.2287	8.5283	8.0603	-0.2656	
-117.6204	26.3126	14.0704	-55.9821	-60.7273	-62.4566	-63.1614	-96.1785	
-64.7601	24.6468	20.5571	-27.4527	-27.4539	-27.6031	-28.6949	-60.1780	
9.0539	32.4414	32.3159	24.3241	24.0304	21.8403	21.7286	17.2283	
-74.4110	27.2606	26.8799	-37.6687	-41.0287	-42.8128	-44.2686	-63.7881	
-2.8278	24.2101	22.5248	18.4125	16.8318	15.9607	14.2608	11.5998	
-33.5029	39.5702	33.0091	-1.0916	-4.2033	-10.8371	-12.6529	-30.6891	
-30.8379	13.0019	6.4225	-6.7478	-6.7663	-7.6332	-9.1392	-13.5771	
-117.2862	7.2449	-28.7856	-78.4400	-81.4240	-86.8875	-88.1187	-97.1267	
-63.2554	46.4972	26.0206	-12.7904	-15.1753	-18.5414	-30.5702	-33.1041	
-13.4739	24.0799	22.9051	17.5159	14.1647	12.0143	10.0692	7.2975	
-115.8062	-27.0047	-27.1608	-52.5918	-54.0844	-54.4425	-59.4841	-97.7642	
8.1347	41.7289	40.5844	35.4314	35.3093	32.0168	28.2507	16.9873	
-64.7889	33.3441	7.6269	-29.2946	-39.2630	-41.6307	-44.2492	-57.5729	
-40.9777	13.5856	-9.7592	-23.4844	-23.4852	-24.9543	-27.8826	-36.1090	
-9.4363	26.5167	26.4670	17.0983	13.6692	12.4909	8.5657	2.3754	
0.6082	42.1861	34.9495	27.2078	20.8574	19.1803	17.7347	9.6317	
-41.2564	36.5984	22.4091	7.4026	0.8519	-0.5855	-1.5764	-15.4649	
-46.7214	33.3893	30.5834	8.9996	5.6697	-1.9055	-5.2274	-18.5558	
-53.3320	28.9656	19.9021	-26.9957	-28.4549	-30.3590	-31.8624	-45.4287	
-37.5929	48.6294	29.8767	-1.2526	-3.0982	-4.2886	-7.7668	-36.8762	
-76.2925	5.0244	4.9970	-16.5489	-16.9967	-18.2342	-21.2628	-47.6060	
-10.3005	36.6777	26.1511	19.4165	18.6237	17.7395	17.3960	-4.4394	
-18.3924	26.7007	16.6206	-2.9364	-3.1208	-3.8107	-5.3152	-7.8172	
-48.9041	5.4189	1.0878	-15.6346	-17.2594	-25.5502	-29.4513	-35.2965	
-234.7612	35.6589	15.3183	-173.0954	-177.6241	-178.6697	-189.7698	-222.7461	
-20.7023	34.8967	27.1905	5.0017	2.8187	2.4369	-0.3950	-1.3808	
-27.2580	18.4348	9.6685	-0.4561	-2.6800	-2.1183	-4.1999	-14.0593	
-122.2932	-43.5884	-72.5210	-88.0808	-90.0109	-90.5442	-91.8212	-98.4735	
5.1580	29.4952	28.1931	15.4651	15.4365	15.4323	14.1303	7.9187	
2.4258	33.1818	33.0666	21.1972	19.2229	18.8807	12.4872	9.7800	
-9.9893	36.9939	36.4928	8.5129	8.1586	7.9184	3.9557	-1.0500	
-60.3150	5.8020	-11.3957	-22.2926	-37.1912	-39.4468	-42.0910	-53.9081	
-118.4611	7.5917	-38.4784	-92.4376	-93.0821	-99.4934	-100.0155	-104.3747	
-28.7957	35.2286	34.1610	18.8600	8.3202	6.1227	3.1553	-23.7538	
-12.8969	37.8896	28.2019	13.8530	13.7830	12.9083	9.5575	-6.7796	
-32.1511	5.7228	-3.6739	-18.3430	-18.5286	-21.5704	-22.2202	-27.8242	
-88.6041	37.4829	36.5176	-8.1013	-12.2236	-12.6988	-15.4728	-76.4006	
-27.7554	37.2370	37.2362	15.1480	8.7123	1.2302	0.9513	-11.1803	
-90.5053	32.4446	29.3967	-1.2505	-1.6404	-2.7663	-3.5007	-81.4247	
-2.0817	42.5193	40.6997	21.6011	18.2590	16.1744	14.9647	9.0107	
-1.2582	31.3490	30.4089	25.1134	13.0405	11.5873	10.9121	1.6565	
-27.1100	19.8431	12.0817	-6.8102	-6.8144	-8.7100	-9.8011	-20.2056	
-61.3145	36.1954	26.2170	6.7797	3.4353	2.0492	-0.8340	-49.2049	
-14.9965	33.6120	30.3221	2.9436	2.9429	1.4413	-2.1653	-8.6990	
-147.9010	35.1180	10.3496	-67.1579	-77.8798	-70.2271	-82.1283	-125.9191	
29.5385	43.0638	43.0096	38.4088	38.3355	38.0639	37.7289	29.8478	
-170.4130	26.2178	-20.3492	-131.3172	-132.9833	-135.0616	-137.6046	-165.5789	
-97.9408	35.0532	15.4844	-14.9913	-18.5519	-20.7951	-23.5761	-93.2936	
-40.0016	26.7568	18.7271	-20.6224	-21.0945	-22.2532	-24.2203	-31.3079	
-51.3768	8.6738	-17.4105	-23.7623	-27.7461	-28.4137	-29.9219	-38.6042	
-5.7626	19.4541	12.8195	6.0354	6.0231	4.7944	4.4425	1.3834	
-29.9197	32.8425	27.4600	10.8742	10.7911	9.3594	6.6788	0.6210	
-101.4176	28.3532	27.9197	-36.1820	-39.4964	-40.5854	-44.4353	-57.6614	
-71.3141	14.6527	-28.1522	-54.3387	-54.3925	-55.7938	-57.8213	-65.3182	
-50.3572	30.1749	29.9274	19.4821	10.6481	9.9349	7.1426	-34.6068	
-53.5843	43.8106	24.2198	2.3529	2.0921	1.7749	-8.5372	-11.0858	
-54.6081	-1.9656	-17.2719	-23.7475	-26.8542	-27.2213	-31.7679	-36.3470	
-33.3391	14.1947	13.9006	-1.5751	-5.0444	-5.4316	-5.7916	-17.0252	
-72.8110	21.9360	-19.8917	-54.7901	-56.0104	-56.6312	-58.4293	-63.0249	
-83.6749	23.2339	-1.9476	-41.3424	-42.7603	-44.0679	-46.3378	-71.2693	
-57.8994	42.9453	16.3241	-28.6370	-34.8594	-41.6547	-43.6280	-51.8554	
-8.2893	41.0441	40.4698	15.2939	5.7983	11.5138	1.5540	-3.3043	
-8.6232	31.5803	28.8859	17.6652	17.6164	16.7780	14.4973	11.6363	
-6.6842	37.9752	33.9231	21.0184	19.3779	19.0064	16.0033	3.2171	
-40.3111	24.0902	13.4518	4.7946	4.7938	3.1199	1.3783	-19.6992	
