598.2866	668.5248	667.7301	608.5480	608.3752	608.3730	607.4504	600.2371	
647.4970	667.1439	666.2691	661.0388	660.6248	660.0825	660.0070	650.1106	
648.9489	663.5097	663.4869	656.4259	655.6951	654.9303	653.9745	651.3315	
660.8908	667.4880	667.2508	663.6724	663.3154	662.2360	662.1435	661.6472	
651.5353	662.9061	662.3993	658.8512	658.8497	657.3293	655.6061	653.5270	
651.7146	665.9485	665.9240	660.4743	660.4608	660.1347	659.7475	655.4309	
658.6882	665.9099	665.0241	663.3660	663.3030	663.1430	662.9108	660.3614	
653.8818	662.7951	662.4343	658.9509	658.9429	658.2283	658.1168	656.0813	
655.0547	668.9382	665.6645	660.6505	660.5627	659.5531	659.3469	658.7177	
659.5156	667.0213	666.8049	665.9574	665.7955	665.5066	665.3497	660.5113	
661.8594	670.3593	668.8007	664.9569	664.5953	664.1695	664.0096	662.6454	
660.7545	665.2786	664.9346	662.9030	662.8143	662.4514	661.7887	661.5526	
656.0342	668.5824	668.1534	662.2282	661.6961	661.2779	660.0970	658.0446	
655.4717	665.6031	665.5995	659.1504	658.8980	658.6654	658.5539	656.7129	
656.4021	663.0402	662.9636	660.5546	660.1782	660.1291	659.0638	657.8400	
659.6116	666.3595	666.2913	664.0700	663.4061	663.3403	663.1348	661.1134	
656.8595	664.1061	664.0645	662.8080	662.5694	661.2354	660.9877	658.4138	
661.2042	666.8946	666.8692	666.5509	665.6414	665.6063	665.3758	662.8234	
659.5824	666.5631	665.9370	663.0697	662.8331	662.7670	662.6753	661.0482	
654.8833	664.6291	664.5891	661.0325	661.0324	660.9385	659.4793	655.6418	
657.4932	665.0921	665.0898	661.5984	660.7826	660.5020	660.3164	658.6399	
656.0564	662.9139	662.9043	661.5989	661.0539	660.5456	660.3444	657.7387	
658.4850	667.3332	667.3332	663.8345	663.8335	663.7860	663.5526	663.0853	
654.5637	662.6284	662.6271	658.0837	657.6418	657.1729	657.0416	655.5519	
655.0416	664.5979	664.5091	658.6119	658.4917	658.4742	658.4092	656.8262	
649.5508	667.8204	667.7000	665.4834	664.4766	664.0255	663.7447	658.6358	
652.0468	666.6515	664.2124	660.7760	660.1803	656.3189	655.4680	654.2224	
652.6460	660.8367	660.3991	656.1800	655.9267	655.7357	655.7045	653.0813	
654.4414	662.4606	662.0163	658.8265	658.7605	658.6791	658.5266	656.9782	
648.2284	663.6374	662.6815	654.4292	653.7268	653.4662	653.0066	651.3074	
661.7385	667.9069	666.8266	665.3880	665.1366	665.0886	664.9687	663.8664	
657.1898	665.4127	662.5499	661.0491	660.5260	659.8818	659.7107	658.8401	
655.2365	665.9044	665.0514	661.5265	660.8648	660.1506	659.9851	656.5990	
654.0763	665.6463	665.6454	658.4941	657.5996	656.3377	655.8503	654.8147	
657.5892	662.6466	661.9090	659.6787	659.6773	659.5129	659.2592	659.0831	
650.3283	667.0147	666.0961	662.0119	661.6682	660.6779	659.5239	654.4511	
655.3372	664.1594	663.1263	660.1239	659.5286	659.4813	659.1380	656.9360	
657.0046	665.4229	665.4243	662.8949	662.8927	661.8894	661.7595	660.0640	
657.3820	665.4872	665.0188	661.8294	661.1866	660.9485	660.7256	658.6901	
657.1426	664.8238	664.7821	663.9409	663.7158	663.2375	663.0143	659.4075	
650.1623	664.3210	663.5734	658.4882	658.3470	658.3295	658.0968	654.7326	
656.5020	666.6933	666.5687	661.4621	660.8581	660.7533	660.5973	657.7269	
653.4698	665.7231	665.0866	658.7517	657.8244	657.7526	657.5471	656.0384	
649.7512	661.6252	661.5624	655.4495	655.3618	655.0125	653.1519	651.4538	
655.8851	664.6459	664.0486	661.8256	661.8224	661.6001	661.1482	658.4089	
650.7457	666.6509	666.5037	655.4560	655.0267	655.0168	654.7468	651.1199	
656.9223	666.1833	664.9493	663.9612	663.7521	662.2029	661.7189	659.6375	
659.2010	666.5990	666.5654	664.5417	664.3669	664.2257	663.4561	661.7769	
661.1117	666.0955	665.8847	665.2956	665.2551	663.9722	663.7170	662.8218	
650.5992	664.2975	664.2805	655.0467	654.5398	654.3902	652.3441	651.5093	
653.4778	664.1671	664.0451	658.6709	658.4416	658.3474	657.7773	655.4219	
657.3902	666.0973	666.0750	662.7089	662.6159	662.4370	661.3231	658.5372	
662.2086	670.1875	669.0091	666.3625	666.3202	665.8443	665.0573	662.5008	
660.1686	666.0523	665.9593	664.1771	664.1763	664.1381	663.7507	660.8790	
657.0997	663.6455	663.6069	662.4972	662.0057	661.6336	661.4308	661.1250	
663.7052	667.8653	667.6989	667.2773	667.1525	666.4771	666.3728	665.5104	
648.6371	666.2390	666.2328	659.6996	658.7649	657.0782	656.0491	653.8973	
652.8594	664.7503	664.7033	659.4778	659.4751	658.7126	657.9058	653.3486	
640.3394	662.1580	659.7386	651.6448	651.5665	651.2515	650.5699	641.3070	
660.0690	667.6501	667.3800	664.6956	664.6956	664.5573	663.3316	662.4405	
649.6697	662.2579	662.1140	656.5142	656.4879	656.0049	653.8743	652.3862	
658.3150	665.0091	665.0071	663.3553	663.2331	663.1486	663.0719	661.5073	
658.8588	667.3978	667.3974	664.6230	664.5621	664.5527	663.0383	660.6890	
646.1064	657.5086	655.6343	651.9799	651.9767	651.4691	650.6094	648.5957	
658.6051	670.5898	667.4277	663.4279	662.6557	662.3570	662.3275	659.6778	
652.2558	662.3430	661.8549	657.8228	657.7801	657.3300	656.7434	654.1626	
653.1912	663.5611	662.5587	658.5634	657.3745	657.1108	656.8000	655.8454	
645.1950	660.7639	660.3900	655.2700	654.8190	654.7029	654.2062	647.8800	
646.9664	661.3998	661.0623	657.4705	656.9161	655.6321	655.4147	652.6813	
643.6290	663.9440	660.4534	650.5747	650.0376	649.8783	649.4816	645.5197	
652.2650	663.0148	662.7995	658.2333	657.7107	655.6044	655.4721	654.2073	
648.8922	663.3856	663.2328	656.0394	655.3047	652.7726	652.3833	651.4820	
661.7998	667.2827	666.6703	664.0042	663.8418	663.8118	663.7298	663.3241	
653.6910	664.2397	664.1889	658.4881	657.8670	657.4150	657.2479	654.9646	
649.2922	663.6310	663.3594	655.1476	655.0611	654.6636	654.3708	651.4944	
652.4230	668.6228	663.1795	659.0320	659.0223	658.2621	657.8767	655.2968	
654.5494	667.2097	666.9280	662.1262	662.0232	660.1221	660.0152	656.1964	
653.6806	665.8000	665.7075	658.8041	658.0788	657.7358	657.6212	655.0079	
653.3407	662.4938	661.6977	658.9169	658.9106	658.6652	658.0956	655.8074	
654.0089	666.0153	664.9463	661.0863	661.0821	659.8680	659.6799	654.4338	
653.6274	663.0413	662.5017	661.4206	661.2492	660.9147	660.2009	656.3350	
653.8249	662.9663	662.8768	658.5121	657.5982	657.5697	656.5452	655.5524	
646.3213	665.2613	664.7840	661.6551	661.5320	661.1551	661.0845	651.0875	
657.8620	665.7192	665.6964	661.3889	660.6304	660.4162	659.9747	658.7022	
652.5827	665.9248	665.1574	663.1325	662.2822	662.1120	661.8329	653.3678	
654.4498	660.7776	660.7082	656.4672	656.3742	656.1224	656.0847	655.3550	
657.2450	666.0454	665.3853	661.9520	661.6269	660.3443	659.5233	659.3369	
658.6023	667.0121	666.9573	661.6794	661.4053	661.2415	660.6069	660.3606	
641.2767	659.2072	657.0642	650.8018	650.5855	649.0105	648.5971	643.9342	
653.3966	664.3120	663.2503	655.7776	655.0278	654.6211	654.5144	654.2534	
656.8541	664.6648	664.4148	661.4496	660.8477	660.2973	660.2112	658.9495	
646.7956	661.6761	657.8824	655.7539	655.4806	654.9463	654.8817	650.0323	
658.9144	669.6426	669.1860	663.1503	663.1445	662.9400	662.9231	661.2690	
652.8536	665.2401	664.5539	659.0795	658.2430	657.7376	657.3955	655.6875	
660.7471	668.4531	667.4350	665.7838	664.8826	664.4349	664.2066	662.1725	
658.0590	668.2583	667.7612	662.0884	661.2644	661.2544	660.6971	660.1816	
651.7425	667.5387	665.4273	659.0793	658.8760	658.3617	657.6075	652.7235	
655.0261	667.3003	666.5863	660.5429	660.5333	660.0327	659.5606	658.7913	
653.9062	664.5466	664.5451	658.0938	658.0807	657.7405	656.7194	655.9850	
659.9180	669.2400	665.7307	661.6744	660.9036	660.6639	660.4925	660.3873	
653.4523	661.8197	661.7825	658.6181	658.3448	658.3397	657.9895	654.2281	
655.2264	664.6753	663.7440	657.9279	657.7434	657.6679	657.2037	656.7919	
657.4153	664.3238	664.3042	661.4688	661.3154	659.7944	659.7071	658.5645	
658.2324	666.4831	666.3346	663.1315	662.9225	661.9873	661.8700	660.7432	
660.0891	669.7989	668.4482	665.3104	664.7751	663.0222	662.8719	662.6410	
651.7643	667.1711	666.0129	663.6701	663.6416	661.9900	661.8247	655.2894	
654.3466	664.8339	661.6610	660.0912	659.9980	659.3920	659.1721	656.7881	
649.6915	661.6236	656.7701	654.9551	654.4395	652.0522	651.5372	651.1660	
655.1957	667.0842	667.0832	665.4439	664.9883	664.8430	664.6475	662.1959	
659.0047	667.9387	666.9857	664.1107	663.6222	663.3181	662.7317	659.9553	
656.0234	665.3430	664.9764	660.3633	659.9222	659.7583	659.3902	657.7482	
657.1107	668.2229	667.9509	663.0795	662.4361	662.1731	662.1592	660.2717	
652.2660	667.3123	666.7302	662.4035	661.6381	660.7495	660.4450	653.2759	
653.7608	662.1766	661.7046	659.8349	659.6910	657.9431	656.9488	654.6611	
656.5160	665.9174	665.4756	662.8562	662.5075	660.5859	660.0275	658.2318	
657.9310	665.9868	665.5763	662.9896	662.9416	662.5459	662.3146	659.5331	
653.8686	664.0787	663.6485	655.6666	655.6648	655.3641	655.1181	654.2408	
659.5834	668.5203	668.4606	665.2616	665.2531	664.4928	664.4667	662.9795	
653.5929	667.6310	666.9952	659.1125	658.9813	658.0100	656.7750	655.2280	
660.5994	668.1436	666.3796	662.5170	662.4773	661.8992	661.6364	661.0927	
657.1065	663.7058	662.9379	661.3999	661.3811	661.2640	661.0103	658.4972	
646.2906	666.4744	666.4755	656.7496	656.7494	656.3581	655.4287	647.1034	
654.6542	665.6749	665.0810	663.1858	663.1316	662.9524	662.5458	656.5124	
640.0177	663.7662	663.5966	658.2623	658.1595	657.9240	655.3679	644.8919	
645.1113	665.1149	664.4387	654.6956	653.9358	653.8665	653.4313	652.8351	
650.6290	664.5967	663.7753	659.5575	659.2208	659.1460	658.8483	654.3080	
657.3497	664.8807	664.4243	662.7187	662.4369	662.3121	661.6971	659.1723	
652.3763	663.1387	661.3135	657.7960	657.7946	656.6670	656.5705	654.1191	
652.7368	667.1881	666.6571	661.5358	661.3615	661.3051	660.4359	658.1988	
662.5550	666.9156	666.9144	664.4063	664.3915	664.1247	663.8158	663.3115	
648.3352	662.5524	662.1066	653.3521	653.3396	653.0015	652.6484	650.5850	
647.7810	659.8462	658.6789	653.0372	652.9568	652.1297	651.4354	650.3492	
652.6606	663.8617	659.0493	655.6845	654.8781	654.7349	654.6862	653.3865	
643.6419	663.0784	660.6242	657.0418	656.2807	655.6039	655.5100	651.6686	
645.0297	659.0867	656.6377	652.2205	652.1376	651.5443	651.1859	648.9121	
660.4005	665.2932	665.2619	664.5131	664.2800	663.2948	663.0322	661.6666	
653.8328	665.9997	665.8053	662.0978	662.0507	662.0336	661.1377	659.4557	
654.5195	666.0699	664.6531	658.4941	658.2231	658.1671	656.7550	656.2600	
644.8800	663.3127	661.8439	658.0288	658.0283	658.0046	656.4602	655.1479	
655.0804	670.6015	661.4036	660.3528	660.2905	659.7446	659.6602	657.2064	
649.5137	662.5062	662.5067	659.5498	659.3649	659.0536	658.4251	652.7399	
657.1334	666.8416	665.1180	664.7649	663.8442	662.7378	662.6315	659.0899	
654.0059	664.0749	663.4410	661.3537	661.3445	661.3219	660.2094	658.6254	
654.7142	663.1953	663.1369	657.0776	657.0295	656.7869	656.4475	656.1088	
649.3038	664.2910	660.3962	655.5778	655.5680	654.7455	653.7404	652.8984	
654.3242	667.7072	667.4419	664.9144	664.8259	664.1601	663.1665	658.1467	
653.5766	661.6215	661.6015	656.7530	655.8444	655.7212	655.1298	653.8010	
664.0962	670.7597	669.0487	666.2836	666.1458	666.1144	666.0835	665.6018	
655.0415	666.9769	665.9038	661.3494	661.0166	660.9905	660.1978	658.6865	
647.4577	662.3249	661.8320	656.2022	656.1920	655.6343	654.5065	650.4164	
652.6742	665.0444	665.0428	656.3245	656.2924	656.2591	655.9618	655.1195	
657.2494	664.1479	662.3691	661.1937	660.8910	660.1672	658.8405	658.7324	
658.0409	665.9352	665.8324	661.1781	660.4079	660.1211	659.8878	658.9704	
654.7680	668.3497	666.2609	662.9731	662.4716	660.5507	660.0073	658.8013	
654.3611	663.0661	662.4972	657.1355	656.8425	656.4556	656.4042	655.4761	
653.4266	661.8454	661.4071	660.2089	659.7826	659.2331	659.0498	654.7725	
648.8112	669.2528	663.2450	655.5201	655.4947	654.8830	653.3480	652.2747	
657.8094	666.2339	664.3304	661.3082	660.7862	659.9356	659.8663	659.1044	
658.0828	667.8179	665.6458	662.9451	662.7272	661.0745	660.6725	660.2516	
653.6187	664.7084	663.6999	660.6690	659.8713	659.4883	659.2439	654.5201	
654.0384	663.3233	662.9580	659.4176	658.7033	658.5052	657.6044	656.3529	
652.3814	660.7206	659.9859	657.1012	656.8576	656.8193	656.7399	655.9001	
653.7074	664.8230	664.8222	662.0925	661.3741	660.2789	660.0104	655.5968	
653.2500	664.1918	663.1520	661.5238	661.3521	659.3633	659.1129	654.8319	
655.6023	665.4985	665.4616	662.7343	662.6407	661.0295	660.9701	658.6786	
654.8769	663.6210	663.6235	661.4186	661.2374	661.2233	660.9053	655.8629	
653.3584	666.5645	666.4882	662.5131	661.8145	661.4189	661.0328	656.1222	
659.3958	671.1443	668.2185	665.7047	665.6992	664.7429	664.6743	661.2089	
658.8705	666.0529	664.7827	662.7472	662.4313	661.9013	660.9006	660.4200	
656.2476	665.7266	665.6738	659.6367	659.6063	659.0620	658.8159	657.5570	
655.3809	665.7132	664.2895	663.4454	663.0076	661.9299	661.8437	657.4238	
657.4782	664.9546	663.6016	662.5878	662.5797	662.2408	661.4414	659.3716	
650.6896	665.8350	661.8070	657.6279	657.4418	656.9608	655.7449	652.9641	
651.3291	666.7396	666.5589	656.2661	656.1399	654.5676	653.6827	652.6123	
653.1475	665.9919	665.9843	659.3983	659.2699	659.1787	658.9344	656.8596	
652.8643	663.6479	663.1292	655.8396	655.8156	654.1378	653.7178	652.9768	
652.1839	666.0698	665.9218	663.2840	663.2840	659.5827	659.4027	654.2900	
648.4276	663.0540	662.4803	657.4802	657.3646	657.3158	657.2446	654.2453	
646.7384	661.6372	660.1423	654.2468	653.7432	651.9412	651.0910	648.8257	
658.3119	666.5297	666.4045	662.0001	661.9727	661.1316	660.8955	660.7848	
645.7124	661.5681	660.6443	653.1685	652.6363	650.0469	650.0024	647.8549	
657.0480	666.8097	666.6008	661.1157	660.1925	660.1829	659.5188	657.8801	
656.4052	667.8048	666.8305	663.6878	663.6802	663.2401	662.4458	660.5783	
658.0008	671.5624	667.1620	662.6017	662.5935	662.5764	662.3627	660.7477	
658.5515	670.6367	669.8806	667.7645	667.4772	667.1597	667.0687	664.5490	
657.8775	666.7803	666.7609	663.1744	662.2969	661.4880	661.3477	660.2476	
657.5321	665.5742	663.2117	661.0786	660.5038	660.3221	659.3011	657.6888	
660.2082	667.9747	667.9712	665.5639	665.5489	664.3857	664.0191	663.1912	
659.3964	667.1641	667.1647	665.5961	665.5714	665.0777	665.0028	663.1330	
650.8493	661.7855	661.5276	658.7265	658.6733	656.8008	656.7379	656.3879	
653.1382	665.9872	664.1430	659.9964	659.9918	659.6238	658.9763	656.0535	
654.1983	665.6977	665.3401	663.7086	663.5610	663.5533	663.2622	660.8425	
643.5603	663.2972	662.7499	648.7163	648.6705	648.6356	648.4725	645.3698	
651.8973	665.7969	664.9511	662.9769	662.6652	662.5325	662.4244	654.1118	
648.1525	660.8168	657.3203	655.0794	654.8232	651.8664	651.1531	650.2846	
656.9315	665.4472	664.7323	664.4858	663.6069	662.2006	662.0862	659.6776	
654.9124	663.4594	663.4237	660.4370	660.4024	658.8648	658.6712	656.0142	
655.1835	664.6584	663.1002	661.2056	661.1567	660.0516	658.9699	656.2750	
653.2738	664.4549	662.6880	657.1719	656.6202	656.1743	656.0383	655.6631	
652.2365	663.3539	663.3535	658.7630	658.6143	657.3874	656.9825	653.4625	
655.0389	661.5087	661.2898	658.3658	657.8725	657.1201	657.0782	656.3224	
651.7468	666.2004	664.5281	658.7950	658.6953	656.8743	655.2596	653.6439	
656.6333	665.1266	664.3540	660.8980	660.8905	659.5741	658.6890	657.9367	
647.6373	662.6635	660.9912	655.5551	654.9439	654.6839	653.5333	648.2559	
653.7627	666.1249	666.1128	663.7648	663.2094	659.0775	658.0047	657.2780	
653.8049	666.0234	664.0668	661.7505	661.7025	660.0074	659.6503	655.0244	
647.1238	660.1030	659.3849	651.2844	650.5271	649.7431	648.6658	647.1924	
650.9005	666.9966	666.9955	661.5277	661.5209	660.6213	660.5520	656.1021	
649.1229	665.0769	664.9363	659.4134	659.4010	658.2681	657.7088	653.4801	
659.0431	667.1158	665.6029	664.1840	664.1108	663.7566	663.2448	662.2369	
654.1245	664.8693	664.6731	662.2122	662.2060	661.5439	661.4142	657.2875	
635.3837	658.6149	655.9512	648.2880	647.4205	643.4522	642.5285	636.2307	
657.7519	664.2350	663.3601	661.5420	661.5082	660.9644	660.8298	659.8191	
658.4362	666.0576	666.0538	663.3854	662.7790	662.5089	662.0442	660.8325	
654.1961	664.0101	664.0081	660.8526	660.3117	659.8748	659.3834	656.4212	
651.3392	663.1934	662.9254	656.8376	656.7008	656.3980	654.4303	653.4809	
645.9495	661.4299	661.3621	655.9965	655.8476	655.6160	655.5336	647.5392	
654.2911	664.8347	664.6036	661.8603	661.7141	661.3978	661.2735	657.9296	
655.1309	666.6712	665.0845	661.4927	661.4794	660.6058	660.0557	657.4608	
654.6852	665.8031	665.7305	659.5083	658.9674	658.9640	658.5139	657.6743	
653.9356	663.6837	663.5807	659.7914	659.0620	658.6651	656.8187	655.6005	
657.1740	665.3642	665.0663	662.9657	661.9269	661.0857	660.6906	659.5310	
651.6344	666.4824	665.1800	657.6181	657.4569	655.0640	654.9626	653.5032	
654.8518	665.5695	665.4094	660.9429	660.6339	659.5473	659.4393	658.5209	
646.5056	664.8622	664.7179	655.7554	655.0208	653.6178	652.4629	649.6951	
654.0543	663.4712	662.4440	660.8245	660.8237	659.9685	659.1346	657.6069	
656.1804	665.0627	664.9374	660.5361	660.5281	660.5273	660.3950	658.5156	
656.4285	664.3981	664.0668	661.0667	661.0115	660.8775	660.6667	656.8588	
656.4441	664.8783	664.8354	661.5066	661.0688	660.0354	659.5426	656.8062	
657.6638	664.7323	664.5194	663.8449	663.5605	661.5009	661.0104	657.7465	
645.6805	659.3342	657.7015	652.4518	652.4327	650.5759	650.3194	649.4629	
659.3571	665.9175	665.3662	661.2756	660.9871	660.1544	660.0470	659.8314	
660.1767	666.4187	666.2170	663.7537	663.4752	662.9335	662.9281	662.6345	
653.8212	665.5968	662.0250	658.4104	658.3632	657.4414	657.2074	655.4768	
653.7770	663.6055	663.1273	659.2793	658.6416	657.2603	657.1849	656.4098	
658.2052	664.3379	664.2760	663.1288	663.1183	661.2980	661.0145	659.9340	
659.9395	667.2441	664.7135	662.7372	661.9375	661.8186	661.6544	660.7656	
657.3402	665.7129	665.0868	661.9256	661.3786	661.0709	660.5871	658.7506	
650.3421	664.8889	664.4959	655.5289	655.5226	654.0875	653.8716	653.1456	
648.1626	662.5508	656.7538	653.2265	653.2095	652.6036	651.8918	649.7184	
657.9624	668.7193	666.9033	664.3192	664.1073	663.2166	662.8918	660.3789	
655.1681	664.6600	664.6518	661.9977	661.8958	661.8913	661.6356	659.4860	
655.6569	667.8675	662.4240	661.1049	660.9412	660.6688	660.2726	659.0937	
650.0894	666.3187	666.2708	661.6571	661.3708	661.0128	660.0988	650.8294	
649.5653	664.3395	663.9741	658.5196	658.5191	657.3833	656.6436	650.9864	
654.0085	665.0864	665.0606	659.5763	658.5560	658.0219	657.9659	656.3350	
657.0807	664.7666	664.0179	661.3461	661.3039	659.0385	658.9224	658.1681	
653.1551	663.5228	663.1617	661.3179	660.9567	659.4172	658.1482	655.8718	
637.7033	665.3242	665.3073	650.3671	650.2758	647.0071	646.7562	641.6048	
655.4897	669.9363	668.0109	663.0821	662.3824	662.0422	661.8554	658.9825	
665.2484	669.4475	668.1487	667.4610	667.3656	667.0488	666.8665	666.1721	
662.4461	670.3378	667.8759	664.8770	664.8748	664.4238	663.8123	663.4280	
658.5127	667.5099	667.3651	663.6361	662.7829	662.2100	661.0691	659.3584	
642.4558	661.4909	660.0478	657.6233	656.6242	652.5125	652.3727	644.4653	
654.9315	666.0164	665.8271	662.2129	661.5229	660.3856	660.3226	656.8946	
651.9334	664.4894	664.4455	658.7402	658.3849	658.3720	658.2476	654.8427	
654.3038	665.8014	665.7169	662.0064	661.9843	661.5106	661.4480	658.6818	
639.0426	657.9938	657.0746	650.0377	650.0289	647.3214	646.6539	640.9311	
658.0956	664.5830	664.4073	661.9597	661.9496	661.4282	661.1344	660.0871	
657.4265	664.2910	663.4571	661.8894	661.3559	661.0523	660.5042	659.3120	
656.1065	664.5150	664.4362	659.5421	659.5272	659.2643	658.7034	656.3886	
661.4991	666.8591	666.2454	663.1214	663.0582	662.8227	662.7956	662.0390	
654.3968	665.1877	665.1195	661.4413	661.3781	661.2107	660.6459	655.6586	
662.2496	665.8093	665.8086	665.4613	665.4547	664.6853	664.5873	662.8460	
657.9340	666.9259	666.5489	663.5242	663.2036	663.0898	662.1110	660.4178	
650.5212	663.7993	662.5052	659.9364	659.1697	658.3156	658.1459	656.1519	
655.5351	667.4136	666.9588	663.4249	663.0513	662.6737	661.8656	657.2814	
641.7861	662.3164	661.8025	649.7121	649.3305	648.0653	647.8305	645.7238	
654.7478	664.1204	662.7947	661.6482	661.6454	661.2855	660.8546	658.2214	
652.6751	665.3277	665.0519	659.1673	659.0986	658.3205	657.9679	655.8821	
658.8953	666.7168	666.7095	664.1979	663.6261	663.3048	662.3984	659.8461	
648.8485	666.2022	666.2016	657.9616	657.8212	657.2101	657.0591	652.2863	
657.5212	664.0760	664.0719	661.2932	661.0813	660.8198	660.4540	660.1944	
652.1716	665.2817	663.8563	660.7079	660.1392	660.0664	659.9087	656.9407	
645.8129	659.8942	659.8921	656.6232	656.6138	653.3614	653.2662	649.0847	
657.9453	668.0508	666.8597	665.1067	665.1054	664.5995	664.4834	662.5914	
648.8929	666.3888	666.1588	658.8542	658.0768	657.4753	657.1174	651.4216	
657.9998	665.0177	664.6909	662.6735	662.4844	662.2188	661.6875	659.1883	
645.0129	667.1044	666.4567	655.8443	655.3988	653.9719	652.1461	647.5753	
657.3612	663.9892	663.8662	660.1442	659.9275	659.6245	658.7789	658.7200	
656.1460	666.2847	664.9230	663.3386	663.2130	662.6095	661.9475	658.8635	
654.1193	664.1903	664.1887	660.8847	660.1807	658.7457	658.2800	656.8179	
656.7152	665.7435	664.1978	662.1962	662.1822	661.9134	661.7127	659.7294	
661.4000	667.6094	667.6089	664.3444	663.8775	663.3666	663.1629	662.7946	
654.2106	665.7230	665.7224	661.3564	661.1088	661.0716	660.9112	655.2098	
657.5394	663.6864	662.7216	659.8916	659.2503	658.8010	658.7657	657.9191	
656.9460	664.7916	664.2203	659.8295	659.8195	659.7654	658.6366	658.1953	
650.1561	664.2729	663.9157	656.7225	656.7215	656.3676	655.7025	652.7527	
654.4502	665.2810	665.2040	658.1016	658.0964	656.8998	656.8587	656.4827	
657.1678	665.4049	665.3565	664.0022	663.9819	663.3752	662.9502	661.7242	
657.0123	662.8857	662.6002	661.5202	661.4759	660.0821	660.0337	659.0965	
656.2952	666.7833	666.7482	663.1398	662.6442	662.0999	661.0743	658.6752	
655.4532	664.7330	664.6608	661.1777	660.3988	659.6803	658.5849	657.2910	
651.4661	666.0800	665.9690	661.9101	661.9097	661.8565	661.4320	655.4951	
642.8927	665.3104	665.2231	654.7414	654.7040	651.1200	651.0424	648.3605	
658.9319	665.6174	665.4408	662.0119	661.7551	661.1446	660.7265	659.7856	
655.6680	664.3373	663.9409	660.3789	660.0733	659.3789	659.2474	657.3708	
643.8390	660.0463	657.3579	652.2377	652.2327	651.8848	651.5113	646.6917	
652.8362	666.0290	666.0281	663.2220	663.1945	662.1591	661.3609	657.9379	
649.7893	664.5066	661.2276	658.6789	658.2712	656.2902	655.9356	653.6233	
653.6766	662.8843	662.6639	659.6248	659.5883	657.0354	656.2547	654.9972	
654.2821	661.8499	661.3315	658.4919	657.8656	657.3035	656.0079	655.8064	
650.5364	663.9716	663.9698	657.3652	657.2881	656.4657	655.1811	651.1119	
655.3127	665.8163	665.8067	661.1208	660.7806	660.6010	660.4140	655.7141	
640.3877	661.6496	657.6703	655.9491	655.4643	653.4753	653.1850	645.1039	
653.3070	662.9511	660.6807	656.5241	656.4270	656.3360	655.9440	654.2933	
655.4202	664.8384	664.6334	660.0624	659.3320	659.1910	659.0975	658.9655	
653.8812	663.7811	663.7670	662.4313	662.1269	662.0821	661.9414	657.5223	
650.9464	666.7564	666.4205	660.6333	660.4019	660.3688	659.4585	654.1129	
657.9252	664.5399	664.3418	662.3281	662.1644	661.7634	661.4114	659.0557	
651.9803	665.8212	665.4674	661.8737	661.8698	657.0596	656.8740	654.4586	
658.1221	665.8714	665.8673	662.4884	662.1825	661.3651	661.2257	660.1174	
649.5335	661.4467	658.4752	654.6303	654.6294	654.0872	653.9589	652.6861	
656.7005	666.7063	666.6481	661.5166	661.3198	660.6051	660.4175	658.3999	
656.9599	667.4663	666.3859	664.6478	664.6298	663.2125	663.0566	661.6220	
655.5735	665.8844	664.8928	662.1924	661.4565	659.8051	659.3710	658.8188	
658.5151	667.1258	665.2611	663.1897	662.3445	662.2580	662.2090	661.4123	
660.2662	665.1468	665.1094	663.3840	663.1962	662.6850	662.5599	662.1771	
658.3381	666.8359	663.2341	661.6851	660.9468	660.6820	660.2752	659.9659	
657.8174	670.9243	669.3441	666.8675	666.1803	665.6833	665.2015	663.1809	
647.3958	661.4086	661.4004	656.7084	656.2335	655.4893	655.4013	649.7567	
655.6873	668.0985	666.9167	659.7479	659.2572	659.0024	658.9311	658.7543	
646.0524	666.5586	665.9198	652.1045	651.4229	650.9615	650.8948	649.2457	
649.3445	664.6871	664.4480	659.0640	658.9459	658.2368	657.7960	654.9455	
651.2470	661.6099	661.6082	656.6313	656.6276	656.5343	656.4511	655.5041	
659.3817	670.6040	670.0133	666.4561	665.8672	665.6259	665.4948	662.3021	
654.7944	663.2951	663.2706	659.5679	659.5649	657.7789	657.7256	656.4038	
652.2091	665.9764	665.9754	660.3572	660.2976	660.1801	658.4710	655.1787	
656.9957	665.1512	664.2841	661.4958	661.4773	660.9831	660.4755	658.0886	
658.6012	665.9117	665.7019	662.9361	662.0676	661.1298	660.9356	659.3564	
652.5582	663.4155	662.6884	657.4928	657.4613	657.1019	656.9661	655.1733	
649.4680	665.5789	664.3066	659.3940	659.2751	658.4359	658.0983	655.3133	
656.1597	663.2297	663.2126	661.8844	661.8550	660.8870	659.8998	657.7640	
662.1468	670.4140	666.5413	665.2336	664.8189	664.2847	664.1830	663.2794	
654.3714	666.8214	666.5876	662.6570	662.3285	661.2544	660.9577	658.6994	
655.9336	667.3578	667.3378	662.7028	662.2186	661.9005	661.4361	658.8416	
656.8803	666.3922	665.8059	664.2074	663.9995	662.0289	661.6018	660.4902	
663.8717	672.3850	667.2544	666.9906	666.5676	666.4529	666.0633	665.7600	
650.7593	664.7768	664.2441	656.3527	656.3364	653.9037	653.7857	651.6266	
662.6019	669.0484	667.4694	665.9504	665.6320	665.5008	665.3341	664.0477	
662.1484	666.7985	666.0732	665.3646	664.8583	664.4194	664.3877	663.3786	
659.1514	664.4982	664.4830	662.3553	661.3849	661.3541	660.4907	660.1321	
658.3100	670.0976	668.5544	663.5993	663.5974	663.2460	662.2669	659.7777	
646.4320	660.7864	658.6023	653.4443	653.1749	652.7915	652.5548	650.6145	
655.6350	661.5115	661.4648	658.6942	657.8257	657.6694	657.5139	656.6308	
634.8928	670.1941	662.7407	645.9258	645.8398	645.2699	645.1605	638.2104	
654.4917	668.1470	665.2111	659.2167	659.1882	657.1163	656.8806	656.3922	
658.9041	667.2559	667.0555	663.9744	663.2231	662.6242	662.4928	659.6587	
644.8288	666.1998	661.0956	653.2324	653.1838	653.0796	650.4748	645.8532	
654.0474	665.4750	663.5331	659.3872	659.3867	658.7863	658.6604	657.6770	
657.2400	665.8500	665.6885	663.3404	662.6904	662.5381	662.0351	658.7673	
644.9832	662.8259	662.6397	657.9281	657.9266	657.4641	656.6075	648.6289	
652.5100	667.3487	665.1508	661.9520	661.9513	661.0297	660.6923	656.3290	
662.5152	668.9636	668.0296	664.3380	664.3228	664.3101	664.0504	663.9451	
654.6219	666.7021	665.3228	661.3008	661.2852	660.7139	660.5964	659.7151	
653.6402	669.3909	667.0748	662.5053	662.3669	659.7873	657.9625	654.8167	
647.4303	662.2868	662.2689	654.5091	654.0841	653.9949	653.9100	652.0111	
655.9404	668.4222	667.3660	664.6559	664.6331	663.9722	662.7513	659.9931	
654.4717	665.0166	663.0665	659.5075	659.1161	658.7673	658.6942	656.3395	
660.3371	666.6322	666.5025	663.2760	663.1120	663.0960	662.8904	661.7480	
661.5790	667.8449	667.4183	665.0130	665.0130	664.5382	664.2808	663.5896	
650.3942	664.7074	664.7011	657.3508	656.9209	656.5756	654.6204	651.9466	
647.9570	661.1068	659.5881	657.8157	657.6642	657.0732	656.5203	653.0904	
660.5658	665.8160	665.8033	663.7313	663.7254	663.6569	663.2910	661.8486	
654.2436	666.6550	666.1042	658.9311	658.8479	657.4661	657.3919	655.7388	
656.3787	665.6979	665.6109	660.9680	660.8210	660.1693	659.9147	659.0279	
655.0808	665.0811	664.8032	659.5536	659.0327	657.9176	657.7338	656.5792	
650.7977	664.3338	663.8370	662.5535	662.5527	657.1082	656.4119	653.2275	
659.0911	664.7359	664.5161	663.5550	663.2717	662.8131	662.5153	660.1142	
659.8742	665.2625	665.0304	663.8899	663.3475	663.1525	663.1219	660.5104	
656.2019	668.1502	667.3218	663.4663	663.4110	662.1403	661.8459	661.2924	
653.8903	663.8881	663.7910	659.1231	658.3119	658.0740	656.9164	655.5213	
653.1282	663.9450	663.6306	657.9454	657.6692	657.5322	657.1192	655.7926	
650.6143	665.3353	665.2025	663.2227	662.6767	660.1113	659.5756	654.5343	
657.2557	667.2028	666.9102	664.3345	664.0765	662.0982	661.6899	658.6867	
653.3742	667.0577	666.1521	659.9018	659.8656	658.7106	658.5387	656.5841	
657.5645	665.6810	665.6459	663.5930	663.4145	663.2320	662.9464	662.3224	
655.8841	664.7747	664.2222	661.5757	660.8593	660.6549	660.4678	657.7430	
654.8075	664.8936	664.8397	662.6235	662.4617	659.7724	659.5920	657.8349	
656.3082	666.4177	666.2040	662.7823	662.4938	662.2697	662.2539	661.4871	
658.5773	665.3098	664.9560	663.2852	662.9586	662.8337	662.6081	660.4299	
654.0188	666.3178	666.1487	662.3035	662.2856	660.9993	657.3096	656.5435	
659.7423	665.9734	665.7776	663.2600	662.4537	661.6760	660.8873	660.6832	
659.4933	666.8468	666.8196	665.3232	665.1683	664.5104	664.3646	661.1280	
652.9551	667.2870	664.5580	660.4292	660.0335	659.9707	659.2381	655.8915	
653.4279	666.0582	664.9817	662.7745	662.4843	662.4200	660.1644	656.6309	
661.0012	671.3480	669.2851	664.5610	664.5552	663.4259	663.2757	662.8341	
656.5698	665.4960	665.2643	662.2438	662.1768	662.1420	661.8934	658.5980	
661.2289	665.9583	665.6656	663.7520	663.4662	663.2126	662.9576	661.8690	
649.4495	657.2458	656.1515	653.6894	652.8432	652.5722	652.2628	650.5611	
656.4795	666.6404	665.1776	659.8833	659.6935	659.5777	659.5483	658.1887	
657.6429	667.0827	666.9550	664.9279	664.7980	664.4305	664.3123	660.0797	
660.1051	666.8540	666.6664	665.1804	664.3041	664.2049	664.0605	662.9606	
658.0883	664.6484	664.5201	661.4334	660.7352	660.5414	660.4284	659.7130	
658.4823	664.9213	664.8881	662.1454	662.1454	661.7584	661.4886	660.0704	
652.2041	664.8725	664.8512	660.6442	660.2302	660.1700	659.8684	657.5611	
652.1357	659.5469	659.4475	657.9914	657.6149	655.7645	655.3169	653.1157	
655.1267	666.0084	661.5672	658.7092	658.6934	658.5087	658.1487	657.2336	
654.8429	664.9851	664.8622	661.4079	661.1094	660.6501	660.4056	658.3420	
654.4935	666.3796	665.6510	659.8785	659.8112	658.6719	657.0890	656.1067	
657.5598	669.1526	668.2681	663.2300	662.5388	661.8965	661.5083	660.8806	
654.9546	664.9764	664.7502	662.6461	661.8827	661.5506	661.1358	657.2667	
653.1725	666.6334	666.2453	659.8507	659.8450	658.8541	658.3105	654.7527	
658.1527	667.8105	666.3350	661.8876	661.8685	661.1211	659.8980	658.9931	
650.6700	664.2632	663.5948	654.9386	654.7345	654.4228	652.8015	651.4324	
649.8793	667.3523	666.1890	659.7023	659.3759	659.2401	658.7568	655.5796	
649.0471	663.6990	663.6994	652.6597	652.4844	652.4155	652.0735	650.6320	
648.8183	668.7561	668.4293	660.0251	659.6018	658.8641	658.2013	653.4874	
652.2508	667.4450	667.4409	659.9975	659.0399	658.6576	657.7619	653.7697	
656.3836	667.9580	664.3775	662.4447	661.7034	661.4816	661.1514	660.6142	
657.0887	665.1235	664.8563	661.2027	660.4584	660.3687	660.0667	659.3893	
657.7388	667.1290	666.1500	661.2470	661.1912	660.1332	660.0599	659.5401	
647.8683	661.5581	658.8199	657.0976	656.5153	656.3232	656.3002	652.9940	
658.8711	666.1273	665.8234	663.2359	663.0165	661.3092	661.2083	660.5579	
657.5326	666.3339	666.0440	663.6673	663.6512	663.1672	663.1339	659.8529	
661.3064	665.8995	665.7844	663.9111	663.5107	662.9997	662.6874	661.6931	
659.6983	665.7918	665.7907	664.7223	664.6963	664.6562	664.6469	661.6926	
650.8115	666.2608	665.9907	662.1280	662.1232	661.2828	660.9282	658.9165	
656.0627	662.2867	659.7863	658.6868	658.6864	658.3525	657.7524	656.3522	
661.5393	667.0260	667.0010	665.1351	664.3309	664.1452	664.1221	663.2130	
652.9064	665.9039	665.4975	662.4468	662.4403	659.9083	659.6678	655.0261	
646.2689	663.4201	659.6834	650.6133	650.3853	650.3665	649.9923	648.1221	
657.2403	666.2793	664.7930	661.8588	661.8525	661.7497	661.3433	660.0700	
655.7711	664.4356	663.0607	660.7002	660.6847	659.5860	658.7332	658.1660	
651.6807	663.1782	663.1002	658.1566	658.0934	656.8455	656.1258	655.0610	
649.6501	662.5988	662.4247	657.0360	656.8926	656.8650	656.8376	654.9403	
646.4033	663.2386	662.9794	657.2211	656.4569	656.4337	656.2930	649.8768	
659.3429	668.1676	666.0900	661.2857	660.5128	660.1434	660.1337	659.7743	
646.2202	662.4175	657.8744	655.2440	655.2390	652.4737	652.4328	647.8980	
654.3083	663.4577	663.1138	657.9853	657.9834	657.6295	657.5654	655.3106	
657.4940	667.3795	665.8075	660.7155	660.6988	660.4016	660.2047	658.4066	
652.5638	667.4304	665.9175	659.7173	659.0425	659.0394	658.9543	655.2139	
654.1968	663.4132	663.2846	661.7342	661.4383	659.1407	658.6039	657.2942	
653.1830	665.3399	665.3371	661.0140	661.0108	659.4587	659.2604	656.4956	
651.8495	668.4398	667.4616	664.6716	664.1741	663.7893	663.5699	656.3794	
656.3435	666.3877	666.3178	662.8824	662.2214	660.6728	660.0517	656.5401	
657.5390	670.7883	667.1753	663.0587	662.9000	662.4340	662.3689	660.4314	
658.8070	666.3581	665.7508	662.4060	662.2949	661.9636	661.5912	660.4615	
657.8823	665.8271	665.0624	661.6224	661.1661	661.1554	660.9413	660.3304	
655.3935	666.9371	666.0453	665.3753	665.3366	663.2676	663.2191	657.5014	
657.1225	664.5563	663.5108	662.4802	662.4726	661.5750	661.5222	658.5550	
651.6802	665.5634	665.5634	656.3836	656.3697	655.6994	655.4915	653.9368	
655.8353	665.3174	663.7578	659.8177	659.8177	659.0932	658.9501	658.4142	
643.2476	661.5705	661.3977	653.0344	653.0344	652.6938	651.4452	648.3337	
653.7530	664.1827	662.8759	661.3396	661.1674	661.1580	661.0254	656.9277	
657.5650	669.0897	668.6540	667.0213	666.8540	666.5545	666.3810	660.2138	
652.5340	666.1035	666.0991	660.3807	660.2524	659.4546	659.3389	656.4287	
652.3226	659.5593	658.4407	655.9383	655.3986	654.5348	654.3984	653.5820	
656.1330	669.0431	668.1344	662.8827	662.8361	661.7511	661.2720	657.6337	
654.9718	664.7050	664.5178	660.5002	660.3222	658.7647	658.3206	656.1747	
639.3945	665.3640	663.7844	652.7163	652.1802	652.1648	651.2763	643.4742	
659.5260	665.8377	665.3905	663.2788	663.2538	662.9609	662.9047	660.5998	
659.4603	671.6849	667.4639	665.7298	665.7270	665.0434	664.9822	663.5778	
653.7375	665.0012	664.9996	662.3552	662.2396	661.8210	661.7298	657.9910	
657.4392	665.9532	663.9528	661.6841	660.9474	660.5496	660.4154	659.6733	
657.2435	665.6973	665.6614	661.6797	661.0565	660.8625	660.7912	658.8918	
653.9252	660.9164	660.7915	659.2601	658.4657	658.4587	658.0972	655.9082	
658.6505	664.7026	664.3207	663.3897	663.3818	662.8741	662.4658	659.9969	
656.7034	666.6905	665.9795	663.1082	662.8274	660.1125	659.8179	658.5347	
658.8504	665.7570	664.3070	663.4989	663.1093	662.9842	662.7854	661.8620	
642.7998	661.2201	660.9835	656.1095	656.0999	655.7263	654.9427	644.9056	
651.7258	666.2593	666.1102	658.0785	657.8196	656.3418	655.8240	653.0037	
644.1216	662.5083	662.5082	655.0100	654.9898	654.8266	651.8124	646.8313	
644.6417	663.3752	660.0319	654.0684	653.7230	650.5265	649.3401	648.0500	
646.9985	663.4592	660.9118	657.3496	656.7499	656.5902	655.2839	652.4346	
661.8530	670.5777	669.0150	666.6863	666.5420	666.1071	665.5131	664.5044	
643.6257	655.3258	650.0280	647.7678	647.7412	646.3389	645.4621	644.5082	
654.6371	664.6104	662.2593	658.9888	658.7561	658.2070	657.7037	656.8458	
659.6336	669.7439	668.1311	664.4408	663.7811	663.4953	663.3363	661.7835	
657.1039	664.7834	664.7667	661.7318	661.4364	660.6811	660.6120	657.9993	
656.1288	665.3607	664.8963	659.4543	659.2608	658.8666	658.5883	657.9950	
653.0668	673.0611	669.6533	660.1363	659.9781	659.1216	658.5736	656.4235	
654.8270	665.7050	665.3288	662.6416	661.4604	660.3572	659.7019	658.5519	
648.8005	664.6051	664.5783	656.5928	656.3665	656.0211	655.2014	652.5677	
653.0660	667.2609	667.1355	660.9728	660.4327	659.2657	658.8610	657.4701	
657.6421	664.4166	664.0976	663.2658	663.0902	662.4889	662.4266	659.4874	
653.9862	662.7150	662.5413	659.5901	658.6242	657.9196	657.6824	657.4840	
662.0236	670.6636	669.4332	664.5020	664.5019	664.1615	664.0585	662.8624	
658.5877	666.5281	665.9311	664.0611	663.9284	662.2268	661.9047	660.4980	
656.5644	668.3233	667.1728	665.7816	664.8185	661.9155	661.5062	658.3265	
656.7057	663.8214	663.0481	661.8001	661.2856	660.8250	660.6154	658.1795	
647.1008	658.2856	658.2798	653.3090	653.0225	651.2960	650.7869	649.3312	
647.8926	664.6321	664.4164	656.2416	656.2416	656.1651	655.6545	652.8732	
652.4997	664.5458	664.5456	660.5638	660.5599	660.0227	659.8260	655.1184	
652.7449	660.1834	657.6082	655.1498	655.1486	654.6899	654.4023	654.2677	
653.0781	663.2891	663.1839	659.7264	659.7007	659.1481	658.4586	655.7672	
651.1124	666.1141	666.0162	658.7599	658.5820	658.2001	658.0277	651.5275	
656.8973	666.6573	666.5704	662.4793	661.6679	661.6064	660.3747	658.5960	
650.4192	663.9534	662.8586	656.3480	656.1419	656.1367	655.7235	651.2624	
651.6521	663.5705	663.5542	658.0700	658.0692	658.0158	657.0097	654.4269	
658.3873	668.7305	667.3601	661.2278	661.0452	660.3886	660.2151	659.3172	
659.0637	666.5922	666.5103	663.2127	663.1861	662.4813	661.9798	660.9093	
660.7782	666.1754	666.1688	663.5570	663.2769	661.7828	661.7541	661.1899	
656.6798	664.5587	664.3896	660.1839	659.1882	658.5949	658.4735	657.9812	
659.5347	664.1655	664.1212	662.1001	661.8336	661.3707	661.1484	660.7106	
657.6239	665.4310	664.2869	663.6386	663.3592	662.5151	662.4363	660.1049	
658.7150	666.6042	666.3891	663.8595	663.6778	663.6215	663.5235	659.5492	
653.5004	663.8802	663.8577	658.2387	657.9704	657.1405	657.0028	655.3797	
658.7938	664.4958	664.4577	662.8716	662.4702	661.9532	661.0008	660.5291	
651.5076	665.5012	664.6991	659.8310	659.8128	659.5250	658.9602	655.6154	
658.7471	667.2807	666.8203	664.9758	663.7620	663.0422	662.5487	660.5257	
657.2380	665.0500	664.7813	660.4703	659.5884	658.4254	658.1308	657.7440	
652.0911	663.1291	662.7951	655.7759	655.6289	655.1940	654.2589	652.5635	
654.0809	661.7679	660.7332	659.3660	658.4346	657.9738	657.7220	657.0100	
656.7190	666.0499	665.9861	662.1666	661.9352	660.4194	659.9213	657.9320	
654.4682	665.1028	664.7481	660.8313	660.1730	659.7023	658.5536	654.6070	
652.1220	666.9020	666.5764	657.9473	657.5415	655.7289	655.6042	653.1460	
658.2949	666.2008	664.8388	661.2896	661.2896	661.0815	660.4372	658.4164	
652.4039	666.2651	666.1339	662.8970	661.8806	661.3092	661.1570	659.8941	
658.8693	666.8721	666.7080	663.5605	662.9202	662.0436	661.9729	660.9744	
654.4527	666.7422	666.7090	661.9271	661.6020	658.8060	658.4467	656.6330	
656.1498	664.9872	663.7898	661.3355	660.7498	660.4146	659.8850	659.8397	
657.3350	666.9961	666.8052	662.2607	661.8198	661.7363	661.6273	659.4508	
658.2205	666.1502	666.1174	662.6688	662.3247	662.0549	661.4445	659.8121	
655.3577	665.6499	665.5569	663.5253	663.4761	663.0274	662.7251	660.1700	
653.3163	665.3639	665.3650	661.4623	660.8426	660.8012	659.9717	657.5439	
656.6296	665.6836	664.7810	663.0564	662.8415	659.9234	659.4930	657.2985	
660.2662	666.0854	666.0834	664.2439	664.2202	663.5795	662.6586	662.2706	
655.8947	666.2616	666.2601	661.8589	661.8064	661.4901	661.4137	660.5368	
658.5606	665.6434	665.0328	663.2357	662.8666	662.3415	662.3048	660.9995	
660.0286	667.2104	667.2016	665.1290	665.1170	664.2293	664.1342	662.8806	
654.2060	663.1267	662.9143	657.4821	657.1495	656.5699	655.8461	655.5363	
653.0127	665.2039	665.1190	664.8499	663.9445	662.3270	662.1052	654.1962	
653.0739	661.9274	661.5024	656.5561	656.5501	655.8656	655.4839	654.6205	
653.6230	664.6672	663.8758	660.3545	660.3341	658.1958	658.1141	655.2309	
658.9040	666.3563	666.3288	662.1752	662.1546	660.5427	660.3703	659.5803	
652.5612	664.3351	664.0187	657.7397	657.7137	657.5801	657.4332	655.1128	
642.8388	671.8794	663.3610	649.9510	649.8241	649.0966	648.8571	645.4679	
644.8226	664.7519	664.7511	655.0723	654.4736	652.7337	652.4793	650.3467	
652.9377	662.8781	662.8329	657.0099	657.0040	656.6696	656.5481	655.5562	
659.2408	666.9399	666.8711	663.5520	662.6756	662.6450	662.5997	660.9364	
641.7739	665.5707	664.6717	658.8308	658.8126	657.2728	656.4838	645.4638	
660.1348	666.1790	665.8582	663.1011	663.0210	662.6515	662.5828	661.0318	
654.5401	662.7227	662.6843	658.0744	657.6120	657.3816	656.8915	656.2314	
649.6192	659.1781	658.9273	656.0596	655.9851	655.4819	655.2941	654.0624	
651.3993	665.2112	663.9685	662.8897	662.6861	661.9951	661.6544	654.9964	
653.9136	667.6315	667.0804	662.7974	662.7859	661.7104	661.6858	658.3209	
654.8530	664.1307	662.9898	661.0842	661.0233	660.2741	659.9877	656.2754	
660.3138	667.7268	667.0342	664.5982	664.3410	663.3245	663.1227	662.4123	
652.7098	663.5711	663.4225	659.8878	659.0574	656.7782	656.7610	653.8068	
657.0462	667.2913	667.2900	665.2452	664.9240	664.8368	664.8342	661.3865	
661.1953	667.8415	667.5782	664.2415	664.2290	664.1624	663.7901	662.6433	
654.1783	663.0548	660.9924	658.0377	658.0144	657.9596	656.7116	656.3736	
653.9983	663.0953	662.9951	659.6957	659.6755	659.2304	659.1651	655.2215	
657.1092	663.6372	663.6275	661.8464	661.7986	660.1203	659.8467	659.2706	
655.3642	664.9304	662.8506	657.7358	657.1746	656.8976	656.6316	655.8401	
657.4377	665.8381	662.6576	660.4441	660.3928	660.1928	658.4718	657.9853	
658.9429	664.7682	664.7351	661.4854	661.3109	661.0563	660.5463	660.0545	
655.4259	662.8815	661.5226	660.1241	659.8155	659.3341	659.1100	657.7211	
650.5790	665.3483	665.3459	659.2986	658.6362	658.6289	657.6853	654.9026	
655.9884	663.1481	662.4354	660.1767	660.1562	660.0394	659.9116	659.0702	
646.9084	667.5257	665.2120	655.7969	655.6301	655.2507	654.9421	650.2098	
646.5296	662.6884	662.6761	655.8756	655.3356	655.1308	654.9362	653.5005	
656.5579	666.5243	665.7863	660.9423	660.8935	660.7852	659.9006	658.0656	
659.4918	666.1983	665.9554	664.3578	664.1149	663.7451	663.5530	661.0333	
648.6337	664.0334	659.6517	655.8284	655.7699	649.5292	649.3883	648.9646	
655.7339	665.3520	665.0305	663.4479	663.1572	663.1514	663.0157	656.9929	
659.8143	666.9995	666.9989	662.8505	662.2858	662.1220	662.0763	661.2355	
649.8287	663.9843	663.9845	659.4732	659.4726	659.2062	658.4555	655.2315	
662.7069	669.0888	668.2885	666.9474	666.9184	666.5280	666.3456	663.8671	
660.8720	665.7086	665.7058	664.1757	664.1513	664.1501	664.0974	662.9088	
654.3763	668.1404	666.1072	659.5379	659.3951	658.4759	656.3418	656.0956	
651.4251	664.5383	663.8205	659.0144	658.3316	658.1629	657.7181	656.0353	
658.4132	667.5077	667.1152	661.9600	661.9586	660.2128	660.1230	658.7726	
659.4321	666.9851	666.9158	663.1727	663.1618	662.6779	661.9059	661.0649	
655.1180	664.4247	663.5027	662.2367	661.9209	661.8526	661.1911	658.5789	
649.5372	660.4553	659.0820	653.4862	653.2098	653.1796	652.5560	650.1543	
661.7999	666.6240	666.1086	662.5727	662.5594	662.3665	662.2795	662.1851	
657.9947	667.6189	667.2001	664.8790	664.1074	664.0323	663.8323	660.4970	
651.2012	663.5610	663.4037	656.7742	656.6814	656.4746	655.1748	652.7884	
658.0588	664.8579	664.4864	663.4677	662.8965	662.7415	662.6746	661.5595	
651.2477	664.5183	664.4815	659.1851	658.7409	658.2317	657.4935	653.9849	
653.6016	665.2988	663.1868	660.8192	660.6281	660.6125	660.5601	657.0430	
645.8853	664.3103	664.1645	654.0354	653.8484	650.4169	649.7411	646.5372	
653.9438	665.8438	664.7644	659.0985	659.0940	658.7490	658.2332	654.9665	
658.8469	668.3158	667.5486	661.9009	661.1858	661.0787	660.1600	659.5609	
653.2413	668.1344	667.8305	663.7136	663.2126	662.6131	662.4283	654.3265	
655.9767	665.0794	664.9555	663.9030	663.6496	663.0658	662.9956	658.6535	
658.4048	666.8519	666.7437	662.7229	662.7084	662.5923	661.9393	660.0508	
657.9849	667.7241	667.6611	662.3109	662.0898	662.0608	661.4401	661.2076	
646.1355	665.3696	665.3317	658.7453	658.3593	657.0848	655.2773	648.4255	
658.0550	666.5325	666.4548	664.1406	663.6198	662.2826	661.4269	659.8834	
661.1791	674.2618	670.7983	667.0895	667.0360	666.6715	666.5996	664.3450	
658.0968	665.4809	665.4609	663.5844	663.0205	662.3393	662.0597	659.2905	
646.2928	660.3925	659.8813	651.6732	651.6708	650.4305	650.1420	647.1500	
657.6735	663.7189	663.7163	661.8687	661.6616	661.5683	660.9015	659.6974	
654.8490	664.1542	664.1339	661.9366	661.6976	659.3684	658.9292	656.0950	
654.7088	667.5472	667.4985	662.5743	661.7421	661.6888	661.2988	657.9557	
652.2126	662.9000	662.5542	658.7639	657.9309	655.3519	654.5383	653.1380	
653.2678	663.4689	663.3042	658.0857	657.7470	657.2489	656.2241	655.0524	
650.8910	664.6216	662.4433	658.0883	658.0128	655.5487	655.4609	652.5669	
660.8816	665.2166	665.1761	663.3309	662.6123	662.3080	662.2516	662.2219	
654.9191	666.7625	666.3511	663.3443	662.9472	662.7931	660.6104	657.2605	
654.3908	664.9062	664.8630	660.5844	659.8112	658.4362	657.6624	655.8005	
654.0490	665.9947	662.7393	660.9762	660.0561	657.6071	656.7239	655.0139	
647.7533	658.3818	658.2557	653.0950	652.6010	652.5087	652.2678	649.8108	
651.5359	665.4706	665.1593	661.7731	661.7653	660.9360	660.8668	660.2331	
655.7099	667.0100	666.0825	660.8996	660.8100	660.7630	660.3462	656.8991	
655.8216	667.1107	666.7741	665.4434	665.4333	665.1849	663.9141	658.3670	
657.3053	668.6932	664.9786	660.0935	659.4146	658.8906	658.7914	657.9229	
654.4283	661.2358	661.2175	659.2868	659.2118	658.9833	658.9185	657.6419	
661.0202	666.4742	666.2508	663.6967	662.8789	662.6630	662.0258	661.4580	
655.5228	670.0563	668.1907	665.0359	665.0114	664.8031	664.2127	659.5634	
656.1526	667.3734	667.1104	663.6799	663.6440	662.7562	662.5825	658.6686	
656.1227	663.0026	662.9686	659.5623	659.0238	658.4284	658.3326	656.9959	
653.5172	664.1582	661.8256	659.2457	659.2123	658.7998	658.4086	655.5649	
647.5471	661.6941	660.0558	656.4947	655.9820	654.7648	654.1612	652.4183	
661.8227	668.6994	667.1050	664.8961	664.8865	664.7212	664.5655	663.3186	
659.4858	667.6689	667.5795	662.7241	662.3679	662.3100	662.2772	660.7006	
650.0737	665.1827	661.8291	659.7235	659.6857	659.4410	659.3653	655.5065	
658.5415	665.4500	663.8764	660.3693	660.0645	659.7012	659.4514	658.9496	
656.6981	666.7684	666.6799	664.0489	663.9710	662.6030	662.5107	660.8810	
651.8879	664.5663	659.3476	656.1939	655.7230	655.5951	655.3387	653.0834	
637.9158	662.7232	661.8811	655.1783	654.6718	654.4912	651.8013	642.7882	
655.6902	667.5956	666.1006	660.9745	660.7484	660.3443	660.0901	656.7411	
653.7781	666.6324	666.4238	661.0706	660.9963	660.3531	660.2596	657.4497	
662.0541	666.4838	666.4783	666.1743	666.0223	664.0366	663.8079	663.0881	
661.4107	670.6835	668.3636	667.1979	667.1947	664.0790	663.9491	662.5741	
650.1467	666.5480	665.5979	657.6398	656.7937	656.3679	656.2046	653.3246	
653.8132	664.0846	663.6524	660.5508	659.6890	658.9437	658.7083	656.2251	
653.4452	667.1524	664.7150	661.2074	660.8586	660.5406	660.2005	658.4160	
656.6613	669.0164	666.9088	662.8863	662.7871	661.8826	661.6362	660.4598	
654.4215	664.9258	664.9189	661.3982	661.0285	659.6873	659.6215	657.3938	
648.9290	664.8527	662.6117	657.0442	656.2315	655.8047	655.7462	655.3405	
652.8291	668.7751	666.4682	660.6692	660.6668	660.2481	660.1623	656.4628	
646.1614	662.6133	662.5568	650.8190	650.8145	650.5017	650.4133	648.6843	
645.9401	662.9686	662.8034	660.8693	660.7954	655.7679	655.5806	647.9625	
658.8505	668.6958	667.8917	662.6859	662.6833	662.0417	662.0170	660.3672	
655.1872	665.7863	665.7143	661.7485	661.7128	660.4487	658.4719	655.3771	
656.7323	667.6204	665.6137	661.0363	661.0313	660.0983	659.9413	658.0113	
656.1268	667.6626	667.4390	663.6704	663.6456	662.3216	662.1355	657.8052	
662.0204	666.1617	666.0919	665.0092	664.6156	664.3890	664.1170	663.6352	
651.6094	664.5256	663.8089	660.2553	659.6310	659.4142	659.2764	654.6997	
657.0888	666.4500	666.1833	661.9402	661.9250	661.0159	660.8487	659.6925	
656.7930	665.1022	663.4244	660.1651	659.8434	659.0537	658.7729	657.8808	
657.9243	669.1300	666.1487	662.5675	662.5288	662.4594	662.1245	659.8773	
656.3835	664.3493	663.8242	661.8459	661.3896	661.2947	661.1281	658.0195	
660.4266	668.0091	667.0941	665.3140	664.7278	664.2537	664.2032	662.4397	
657.8305	666.1776	665.6910	661.5774	661.0545	660.5952	660.2991	659.3860	
655.6993	665.6545	662.8484	661.1726	661.0704	660.8207	660.6231	658.6833	
659.1371	669.6545	668.4185	665.8261	665.4925	665.4682	664.6338	661.4371	
654.2672	664.8611	663.9793	660.2675	660.2176	659.4091	659.0544	656.0139	
646.1934	663.8908	658.8666	654.8512	654.6139	654.3222	652.9397	652.5521	
654.9296	662.4913	662.4789	658.4677	658.2029	657.1024	656.0735	655.9040	
655.8792	666.5870	662.7916	659.5901	659.5766	659.2054	659.1502	657.8307	
654.7857	667.3571	666.8322	661.3361	660.6972	660.5808	660.3224	656.3782	
657.2959	665.4320	665.4294	664.5405	664.5043	663.8024	663.1205	659.2115	
647.4489	663.6934	660.7627	654.3718	654.3083	653.7454	652.5124	649.5560	
649.8696	669.9302	666.0598	660.8164	660.3607	657.2318	656.4418	650.8677	
654.2583	666.5786	666.5096	660.1329	659.7677	659.5736	659.4520	655.6424	
659.5122	665.8595	665.5835	662.2912	661.8055	660.7927	660.7646	660.2159	
659.7008	669.9668	669.6777	665.3872	665.2705	665.1251	663.9180	660.5506	
654.6520	667.1928	667.1523	660.9452	660.1512	660.1174	660.0337	657.7628	
652.1583	664.3856	664.3652	656.0406	655.3513	654.9350	654.4746	653.8790	
647.0983	664.3934	663.3138	653.1616	652.5328	652.2556	650.0899	648.8687	
653.1587	662.7927	662.6433	658.2700	657.8930	657.1905	656.7281	655.1334	
655.5907	664.8347	664.3153	660.0050	659.5084	659.2783	658.3285	656.4673	
650.3499	666.1401	665.4886	661.6572	661.3082	660.0501	658.2373	651.7663	
658.7603	663.7655	663.6274	663.3489	662.6413	662.5965	662.5163	660.2630	
659.2236	665.1216	664.0707	663.0941	663.0668	662.8202	662.7534	660.6985	
654.1593	666.1677	666.1650	664.3787	664.3492	662.4385	662.3321	657.4024	
652.6085	662.4901	662.4833	659.1314	658.3772	658.1704	657.9872	654.4568	
656.8572	665.6063	665.5764	662.3065	662.3063	662.2953	660.7362	658.7213	
657.6496	665.6738	665.5239	662.5745	661.9855	661.7719	661.5083	660.0366	
657.4299	663.0775	663.0409	660.7413	660.0723	659.7133	659.5009	659.2981	
655.8824	665.8611	665.8320	663.2532	662.9109	660.2150	659.9816	656.2463	
652.5583	664.6551	664.6550	658.8044	658.3888	658.0235	656.7837	653.7817	
655.2673	665.0232	664.2143	660.6804	660.5143	659.8287	659.4209	657.5581	
656.4780	666.4328	666.4283	664.0269	664.0005	663.8552	662.8055	658.2997	
656.0361	665.5819	665.5659	661.0747	660.2373	660.2293	659.7111	658.1329	
654.4926	664.5024	664.4024	661.8825	661.8782	661.4527	661.3527	657.5851	
654.1039	667.9841	667.6637	658.1200	658.0817	657.9760	657.8944	655.8433	
650.0669	663.7654	663.5867	656.5184	655.8289	655.2834	653.2641	653.1638	
657.4186	669.5084	665.9988	662.6046	662.5653	661.9068	661.6852	660.4727	
663.1678	672.0076	670.0672	666.2904	665.4425	664.9968	664.0342	663.4155	
650.4072	664.2337	664.2225	655.2602	655.2001	654.6871	654.6263	652.8290	
656.1794	668.2755	667.9636	664.7998	664.5861	663.6581	661.9000	659.5800	
639.9387	659.0638	658.2390	647.5441	647.3927	646.3306	646.2022	643.1045	
653.8539	665.3274	664.2108	663.0840	663.0442	658.4656	657.3686	654.5867	
656.4375	666.5739	666.5662	662.1533	662.1435	662.0376	660.7584	659.6493	
656.5991	665.3577	664.0457	659.5812	658.7062	658.6980	658.6131	657.8649	
651.1977	665.2291	664.8461	660.6854	660.6665	660.4580	659.8806	657.8533	
646.4202	664.1391	660.9939	654.9197	654.5565	654.0284	653.6087	649.8131	
653.6953	667.2442	666.8891	658.3939	658.1210	657.0239	656.5852	655.0686	
659.3766	665.8950	665.6749	662.7245	662.2666	662.1252	661.8996	661.0759	
657.3390	665.7759	664.6441	660.6750	660.6656	660.1944	660.1177	657.4236	
649.8356	660.7798	660.6117	658.1056	658.0126	656.0238	655.8380	653.9210	
649.7305	666.0327	665.9333	664.0898	663.8132	663.4588	663.1797	656.1445	
658.8806	667.7134	667.2827	663.7010	663.4710	663.0531	662.8955	660.4876	
657.8454	664.9838	664.9162	663.1067	662.5598	660.5259	659.5101	658.5007	
657.2168	664.2377	662.8835	660.0532	660.0532	659.6213	659.5597	657.9838	
656.8416	667.0655	665.4922	659.9663	659.8721	659.7247	658.9606	657.9698	
658.7438	665.8374	665.6746	661.6311	661.0180	660.8757	660.7241	660.2058	
655.7378	663.7963	663.7400	662.5494	662.4563	661.6570	661.5478	657.6469	
656.6382	666.6544	666.5360	664.5206	663.7537	661.9139	661.3771	658.7644	
652.5242	664.0133	661.1985	660.1596	659.9729	658.7340	658.6024	656.0637	
652.1996	664.7786	663.6724	658.5204	658.3990	658.3285	657.3988	654.9939	
648.8692	664.8314	664.6674	661.5995	661.5713	661.2005	660.2850	654.6267	
652.9739	665.6570	665.6560	661.7827	661.0898	660.9091	660.4078	657.5721	
659.1271	665.0306	665.0203	664.0615	663.2731	663.0252	662.9129	662.4048	
650.7848	663.3843	662.7456	661.4561	660.8756	659.6464	659.2730	654.6321	
649.9753	660.3899	658.2168	657.4087	656.7600	656.1886	655.1865	653.5570	
654.1788	664.5211	664.0475	659.9819	659.8933	656.2420	655.9279	655.5968	
649.8467	664.5011	663.6441	654.4789	653.9250	653.7984	652.9666	651.9167	
656.2512	664.4609	663.4969	662.2938	662.2325	662.0631	660.7721	658.2848	
649.4306	664.6315	664.1045	658.5550	658.4222	657.9625	657.1187	650.9003	
654.2618	665.4792	665.4779	663.0501	662.7039	662.6071	662.4695	660.7418	
654.0061	660.3242	659.0151	658.1656	658.1370	657.0706	656.9300	655.1495	
653.4132	666.9766	666.7760	661.1050	660.4421	660.3912	660.2057	656.2342	
651.2615	663.5652	663.4449	658.5246	658.0405	656.5048	655.9579	655.1151	
653.4500	665.4891	664.9538	661.4234	661.3304	658.6724	658.1461	658.0921	
646.6944	664.9889	664.5665	656.8493	656.4388	655.7417	655.4709	654.8336	
656.0308	665.4002	665.3678	662.8580	661.9180	660.3923	659.5739	658.4449	
649.6256	660.6710	660.2772	657.1917	657.1255	656.7020	656.0120	653.3878	
652.7758	665.6450	665.5893	658.8721	658.7366	657.9540	657.8778	654.7747	
653.8321	665.9062	663.4025	660.8247	660.5123	660.3299	659.6927	655.8605	
650.2910	664.0502	664.0466	655.8058	655.6017	655.4481	653.2512	651.7973	
651.2188	669.4987	662.9040	660.1050	659.4904	658.4055	657.8941	652.7324	
646.7289	666.2830	666.1085	654.5032	654.4659	653.6040	653.5271	649.0262	
656.7666	666.5577	666.1220	663.0845	663.0768	661.8699	661.1027	657.6225	
655.8803	664.0817	663.9037	662.1387	662.1076	661.6634	661.4796	658.3672	
659.0339	666.6315	664.0423	661.7844	661.5158	661.3533	661.3428	659.9643	
658.5524	666.9099	666.2847	664.0846	663.2108	663.1931	662.9774	660.8648	
661.2591	665.4668	664.8575	663.5178	663.4651	662.9411	662.8557	662.4500	
654.7498	666.2757	666.2022	660.5771	660.5557	658.2849	658.2478	655.2060	
656.9849	667.7518	667.6091	662.0250	661.6496	661.4638	660.9394	658.1054	
657.2671	665.0340	664.1178	659.3215	659.2655	659.2401	659.1760	658.0013	
656.2298	667.1541	667.1541	664.6047	664.2943	663.7967	663.3162	660.1448	
656.8115	665.7924	665.3073	661.5120	661.0862	661.0468	660.0881	657.9158	
647.8402	662.7100	662.3942	653.2980	652.8539	652.7163	652.6037	651.3825	
657.2437	667.4848	664.8100	663.2096	663.1130	662.1095	661.4058	660.1013	
657.8889	663.9682	663.9120	662.7327	662.6795	662.1154	662.0726	658.8085	
659.1647	664.9812	664.8912	661.9475	661.9342	661.8464	661.7956	659.8807	
657.5798	668.0661	666.1171	662.9295	662.6043	662.2545	661.7389	660.5622	
654.0199	666.7588	666.6353	664.5276	664.5245	663.7041	663.2262	660.6862	
653.4289	665.5793	664.1327	660.8430	660.3293	659.7902	658.9571	655.6984	
650.1398	664.9078	664.8091	660.1443	659.7098	658.8977	658.6216	654.3178	
655.1769	664.6341	664.4116	660.8225	660.7362	660.5980	659.7926	657.1725	
655.2202	667.2112	667.1983	658.6180	658.2718	658.0270	657.9267	656.2610	
656.3766	663.9988	663.0697	660.4492	660.4479	660.2852	660.1483	657.7438	
643.9960	660.7866	657.4301	649.9040	649.8428	649.5366	648.6841	645.9840	
656.2361	664.1791	661.5304	658.4104	658.4053	658.3490	657.7701	656.9810	
653.2869	668.6069	666.2672	663.9975	663.0897	662.5222	661.0470	659.0873	
653.2716	672.2738	670.3088	659.1666	659.0923	658.4753	658.0077	655.9141	
656.6989	665.7352	664.5147	662.8017	662.7873	662.5025	662.4440	660.1679	
659.0186	673.8963	670.5064	666.5751	666.1850	666.1596	666.0335	661.8217	
656.6517	665.1692	664.1692	659.7567	659.6255	659.4485	659.4048	658.2024	
655.8159	665.7279	665.5045	663.4463	663.3831	662.6904	662.1429	660.7317	
661.1607	668.4876	668.0279	664.9185	664.2372	663.7035	663.4590	662.5150	
656.0127	665.8156	665.6193	661.4508	660.8114	659.6166	659.1023	657.8314	
655.6327	667.0179	666.8311	663.5163	663.0379	662.7932	662.6911	658.0236	
658.1455	670.7822	668.4175	664.2065	663.9459	663.9341	662.9255	659.7090	
653.9448	665.1993	665.1703	659.2584	659.0934	658.5594	657.2862	656.7030	
655.6799	663.7267	663.6253	659.3106	659.3097	658.3685	658.2024	657.9847	
649.8513	663.9984	660.7460	657.5391	657.5300	657.4667	656.8516	654.1642	
666.3690	675.6643	672.3020	668.9433	668.8921	668.3283	668.0664	667.0203	
645.9942	667.0490	664.0616	659.1965	659.1770	658.9521	658.5776	652.2512	
649.3442	661.9307	659.7408	656.0563	655.2400	655.0709	654.8614	651.1114	
655.5764	665.8197	665.1837	662.0656	661.9449	661.6115	661.5858	658.1618	
647.9126	668.6432	668.2756	658.2828	657.9481	657.5028	657.3626	652.3997	
647.4237	659.6096	656.0514	651.9434	651.6889	650.9971	650.5810	649.4401	
657.3767	665.6556	664.5593	661.5568	661.4722	660.6910	660.2750	660.0120	
654.3052	667.8234	667.1714	659.7810	659.3334	659.2482	658.2375	656.7563	
660.8925	666.6108	666.1830	665.5712	664.6507	664.6247	664.0045	663.5111	
652.7280	663.3648	663.3291	659.1094	658.6210	658.1377	657.6903	654.1154	
659.5359	665.5829	665.3995	662.5622	662.3451	662.1749	661.7404	661.4541	
656.5146	665.4728	665.4602	663.0199	662.8921	661.6631	661.1904	659.3192	
658.6455	665.4114	665.3668	662.7782	662.4594	662.1936	662.0926	659.7860	
649.4120	662.0417	661.3593	655.4551	655.3599	654.4968	654.1626	651.3620	
645.6890	666.1817	660.4628	656.1139	656.1123	655.7006	655.0600	650.0822	
653.5688	668.2374	666.8917	661.6513	661.4261	660.6246	660.4338	656.9259	
658.1876	670.3101	666.4023	662.8940	662.1594	661.9020	661.1256	660.0775	
656.8164	669.2510	665.0142	663.1668	663.0700	662.9096	662.8799	659.2508	
647.8303	662.5712	661.4389	654.2471	653.6952	653.6269	653.5504	651.1001	
650.9192	664.5543	662.0015	658.5380	657.5695	656.1224	655.7734	652.7206	
659.0397	665.9701	664.8466	662.7661	662.7512	662.6490	662.3989	661.3076	
651.8106	666.4923	666.4570	660.5741	659.7515	657.6462	657.1945	653.8580	
653.5473	662.8564	662.5472	660.2794	660.2438	659.7702	658.3014	656.9562	
659.7745	673.1054	669.7380	664.5701	664.3956	663.1614	662.7114	660.8847	
656.0437	665.5132	665.5054	661.0081	660.9827	660.0974	659.2729	658.2360	
655.5627	666.6242	665.8786	662.0710	661.4214	660.7503	659.5535	657.5508	
655.3189	668.7468	667.0876	664.5048	664.5025	664.4644	662.4806	660.8811	
655.2140	663.2270	663.0772	659.8131	659.7082	659.1825	659.0123	656.8534	
663.6357	667.9971	667.6970	666.4533	666.3451	665.9755	665.8093	665.1216	
655.7116	671.4823	668.1030	660.2143	660.0033	659.8122	658.9841	656.8054	
653.9770	668.8335	666.4514	660.8041	660.8009	660.6209	660.2202	656.8697	
649.6980	663.5151	661.1567	657.3713	657.3451	657.1453	656.7386	651.0166	
653.1388	664.8459	663.6770	659.5660	659.5496	658.4312	657.8841	656.5672	
660.1089	665.8084	665.7038	664.8275	664.0664	663.3390	662.7798	661.6851	
649.2833	665.4091	664.9423	661.5066	661.4644	656.5642	655.7435	652.5003	
655.3580	664.9124	664.5839	661.3208	661.2902	660.6605	660.5732	657.8491	
659.9904	665.9210	665.9023	664.7767	664.7767	664.2801	663.9663	661.9749	
657.9741	665.8797	664.8783	662.1321	661.4467	660.9142	660.6555	658.9297	
649.5768	664.0113	662.0506	653.4407	653.2221	651.4700	651.2167	650.9890	
656.4112	664.7865	664.2385	659.3481	658.9830	658.5376	657.9261	656.8723	
656.3441	666.6555	666.5263	662.5911	662.5744	662.5307	661.4727	660.6703	
651.6661	662.4692	662.1920	657.2476	656.9014	656.8311	656.5688	654.0435	
655.1984	665.2363	665.2208	663.0584	662.3039	662.1297	661.9784	656.9619	
648.0623	664.0574	662.2257	658.9808	658.2613	657.9097	657.4884	656.3569	
650.7413	661.0309	659.9478	657.5691	656.8598	654.9308	654.0795	652.6774	
653.2065	667.3514	666.3976	663.0538	662.5032	662.0772	660.1748	657.3410	
655.6251	666.1569	666.1553	662.3443	662.1109	661.6948	660.9920	658.1291	
660.7004	666.9000	666.8018	664.5825	664.2142	664.0689	664.0443	662.6901	
650.2706	667.1964	667.1814	660.6592	660.4276	660.1758	658.6168	654.0191	
654.9202	667.7110	666.6816	662.1059	661.6428	661.5905	660.6842	656.5834	
653.8792	665.6322	664.6784	661.5268	660.8204	660.5658	660.1995	657.5590	
660.2130	670.6365	668.4836	664.3834	664.3477	663.6936	663.5651	662.0832	
661.2968	670.0917	669.3621	667.8734	667.8512	666.8529	666.0923	663.5164	
654.8055	667.4467	667.1827	664.3351	664.2448	662.6790	662.6439	656.8291	
654.0775	663.9104	662.7813	658.7894	658.1900	657.9902	657.9490	656.2857	
659.4954	666.0458	666.0381	663.5191	663.0546	663.0016	662.6645	660.5298	
653.2190	662.9288	662.9146	658.9459	658.9036	658.0944	657.5045	656.1192	
654.6901	666.1762	666.1289	662.7270	662.2444	661.1352	660.6913	657.9952	
643.8521	665.0844	664.6837	652.6994	652.4712	652.2607	649.1685	644.4557	
662.8418	671.9237	670.0114	668.6605	668.5177	667.7137	667.5719	664.8304	
655.9186	664.2560	664.2445	661.3442	660.5306	659.7707	659.6967	656.8097	
650.1068	666.8477	665.4994	662.1282	661.9378	661.6347	661.6139	657.7994	
660.6661	666.1561	666.1525	663.8387	663.7158	663.0100	662.5432	662.3141	
654.4058	664.5817	664.1886	659.2956	658.5778	658.3873	658.1304	657.3310	
659.0594	664.5451	664.4602	663.6673	663.4229	662.1743	661.9440	660.8732	
658.7785	667.0911	667.0744	663.4422	663.4156	662.9615	662.7517	661.5584	
650.5895	657.4808	657.0669	655.6070	655.5992	655.2928	655.2467	652.1102	
650.1991	663.7075	663.5464	658.2902	657.5266	657.1389	654.8171	652.2768	
652.4312	661.5571	660.1871	656.9541	656.5229	656.1728	656.0599	654.1936	
653.6808	665.1578	663.7789	659.7963	659.1551	658.6402	658.5133	656.2108	
648.3511	663.9795	663.9796	657.8178	657.6679	657.4912	653.6211	648.9682	
652.4781	675.2905	670.2997	664.3240	663.7910	663.5139	663.0122	656.1714	
649.9354	663.1999	659.9588	656.5877	656.4534	656.1653	655.5785	653.8778	
651.5652	663.4421	663.2012	658.7713	658.7350	657.8765	657.8357	655.8027	
653.9854	666.6409	665.1555	660.2170	660.1291	659.6681	659.6010	657.8624	
653.9597	665.0463	665.0199	662.3050	661.9175	661.6612	661.4274	658.4289	
649.7675	661.0316	660.5864	658.8203	658.8073	656.6733	655.5401	654.9057	
656.5168	666.5021	666.4236	661.8683	661.7189	660.6984	660.3860	659.9244	
656.1585	667.1786	667.1048	664.8112	664.7017	663.5048	663.0607	657.4061	
657.8232	666.7636	666.5314	664.2167	664.2116	663.8662	663.7620	661.5175	
644.3779	656.5469	654.1636	649.8972	649.0472	649.0164	648.7869	645.5820	
657.3557	667.2097	666.4367	662.6564	662.6280	662.0582	661.6554	659.4504	
657.1547	666.0949	665.4820	664.7339	664.6914	663.2515	662.9366	659.8617	
660.2640	669.1786	666.0818	665.4374	665.2275	664.7032	664.5607	661.2372	
653.3230	664.3511	664.0980	658.3827	658.3442	657.7935	656.9864	654.8581	
661.5934	664.6369	664.4594	662.4498	662.4212	662.2298	662.0155	661.8652	
654.3575	663.5929	662.8497	658.0880	657.7916	656.9645	656.7064	655.9755	
656.8087	664.8959	664.5551	662.5153	661.7584	661.4639	660.9528	659.5466	
655.2257	667.1006	666.8575	661.2288	661.1096	661.0334	660.9561	656.5759	
655.4800	665.4830	665.4811	661.0547	660.1664	659.9232	659.8568	656.7486	
644.7802	661.2170	660.8339	647.1039	646.2397	646.2358	646.1913	645.1215	
657.2344	667.1538	666.9593	665.2268	664.9321	664.8673	664.3837	661.1825	
656.4518	664.9625	664.8390	660.4187	659.8314	659.6495	658.8579	657.5606	
651.9327	664.7095	661.8366	656.5600	656.1800	655.8468	655.4827	652.8706	
655.1239	665.4101	665.2106	663.7392	663.7009	663.3733	663.2751	658.7753	
658.2018	664.3082	664.3064	663.0145	662.1911	662.1869	660.7998	659.2761	
641.8616	661.3463	658.1447	648.4462	648.3688	647.8605	647.0363	645.3875	
648.2329	661.3086	658.5785	652.4954	652.4310	651.5213	650.8452	650.0086	
655.9853	666.4927	665.2994	662.6456	661.8491	661.1696	660.5683	657.8040	
658.6117	663.9393	663.5753	661.4259	661.1789	661.1736	661.0003	659.8355	
654.2870	664.3075	663.1869	661.9438	660.5995	658.5118	658.3884	655.8614	
658.5619	669.0443	666.3316	664.6752	664.4440	664.2432	663.5868	662.5092	
651.6398	663.1396	661.2257	656.7716	656.7711	656.5462	656.4883	653.5621	
655.7779	666.9631	664.6897	661.4151	661.3784	660.7564	660.6235	657.0559	
655.7675	663.6461	663.5798	661.3608	660.6549	657.3516	656.8512	656.5826	
654.8741	664.7044	663.9504	661.4362	661.2911	658.3477	658.0451	656.7049	
650.5152	663.3636	663.2356	658.5001	658.3646	658.2072	658.1366	653.4419	
659.7059	664.8842	664.5032	662.5738	662.5406	662.4586	661.8546	661.1390	
658.1640	664.5296	664.4020	662.6267	662.5674	660.5664	660.3570	659.6187	
657.5390	666.7371	666.4398	663.6294	663.1201	662.4516	662.1542	659.2378	
655.6465	664.8660	664.3463	661.8623	661.7201	661.6900	661.5080	657.7010	
652.7570	664.3761	664.3715	659.7598	659.0053	655.8512	655.8227	653.3028	
655.2864	666.6779	666.6471	663.6409	663.5470	662.3349	661.6518	657.4122	
657.9588	664.2899	664.2881	660.8773	660.6368	660.3423	659.6800	659.2164	
658.9001	667.8608	667.2912	664.4534	663.9660	662.7153	662.3563	660.8564	
660.6206	668.0181	667.1134	664.0315	663.5809	663.3923	662.8632	661.4862	
659.6480	666.3096	666.1667	664.0972	664.0805	663.1291	662.9664	661.0197	
654.9760	666.3075	666.1536	663.8352	663.8029	663.1862	661.8448	659.0260	
655.7644	666.4639	666.4265	661.4831	661.3271	659.5882	659.5443	658.2729	
660.2621	665.2501	665.1680	663.9133	663.2284	663.1025	663.0407	661.5238	
637.9594	662.5557	661.7468	641.8005	641.1847	640.5090	640.2847	638.9980	
653.4925	663.0507	661.5823	657.9137	657.8214	655.1549	654.7114	653.9849	
648.6542	663.6322	662.5869	657.6199	657.1688	656.8117	656.0437	651.8170	
655.3916	665.8703	665.8352	659.8130	659.0001	657.9321	657.2242	656.5484	
659.6531	668.1966	666.0335	664.2911	663.8513	663.5008	662.9490	661.5589	
643.8820	660.9677	660.9212	649.3464	649.1127	647.5903	646.4167	644.8797	
650.1942	663.1682	663.1544	660.2295	659.9005	654.5241	654.4802	651.4558	
659.2873	666.6233	666.4283	663.9047	663.4262	663.0712	662.8841	660.6022	
653.3371	667.4066	667.3953	660.0871	659.7601	659.7282	659.5367	656.5020	
664.7928	673.0072	669.5616	666.8138	666.6501	665.2535	665.1832	664.8763	
656.3260	664.5591	664.0544	660.8016	660.2668	659.9168	659.4929	658.4464	
648.8020	665.6667	664.9023	658.8161	658.3269	658.1557	657.9798	653.6303	
656.7007	666.5345	666.4520	664.1034	663.9278	663.8212	663.4547	660.7262	
643.3848	660.8461	660.5457	650.5496	650.4914	650.1952	649.0628	648.4657	
656.9843	665.0455	664.9970	662.5287	661.6809	661.6438	661.6233	657.9602	
657.6117	664.0532	663.6454	662.5171	662.2399	661.3505	661.0767	659.7603	
655.9377	661.9620	661.6458	660.4499	660.4430	659.6909	659.5227	659.3698	
657.7660	664.4060	664.4049	663.0553	662.8794	662.7555	662.7014	658.9979	
659.7567	666.8494	666.4702	663.0429	662.8573	662.5774	662.3624	660.7194	
659.2867	665.4294	663.9887	662.8227	662.3027	661.0764	660.9718	660.0956	
656.9467	665.0053	664.9927	658.9868	658.7696	658.2839	658.1359	657.5589	
653.2178	666.8135	666.8129	659.7118	659.5862	659.3536	658.6595	656.1386	
646.0474	659.3065	659.1841	657.1735	656.5901	654.5721	653.4618	647.7328	
657.0096	663.9255	662.9336	660.8535	660.6759	659.7282	659.4839	657.6195	
651.4081	670.3100	667.0272	662.8708	662.8706	662.0301	661.7853	654.9971	
644.9907	661.9247	661.8126	652.2624	652.2356	651.5667	649.8935	646.5349	
658.9419	665.0949	663.6047	662.1141	661.8919	661.7876	661.6849	660.4767	
653.9656	662.0742	661.6249	659.3068	659.3068	658.8333	658.6990	655.1437	
660.1616	665.9394	665.6327	663.5751	663.5667	663.3917	663.3214	661.8892	
656.5743	666.9490	666.5066	663.6970	663.6180	663.4047	661.8591	658.4157	
646.7999	662.0465	662.0319	652.8241	652.8112	652.5978	652.2048	650.9792	
651.5516	662.9196	662.6014	657.9858	657.9852	657.6051	656.3468	652.8254	
656.1190	666.9236	666.5961	663.4183	663.3703	662.2660	662.2047	660.3611	
648.0820	662.8359	662.0658	655.1275	654.6220	654.5575	654.2452	650.9259	
650.4942	665.9575	665.4534	660.6485	660.3887	657.4874	657.4057	654.3916	
658.0474	666.5875	666.5071	664.2893	664.1890	663.3489	662.7207	658.9863	
653.2552	668.2608	667.7391	663.2024	663.1524	659.2790	659.1647	657.2169	
654.8576	667.5629	665.4499	661.2757	661.2043	661.1795	660.2916	659.3479	
650.2196	663.2697	660.9346	659.6936	659.6854	659.6813	659.6412	655.2834	
648.7790	666.1808	666.1770	661.6791	661.4726	660.9491	659.8130	653.7668	
657.8721	668.5205	667.0544	661.8934	661.8866	661.4551	660.7894	658.9786	
659.3400	667.1666	666.5238	664.6212	664.5853	663.7010	663.6375	663.1850	
651.0707	664.9510	662.9472	655.9033	655.3629	653.2773	653.0927	651.9281	
660.8264	668.2507	668.1612	663.9796	663.9366	663.5376	663.3769	662.4958	
656.3685	667.5654	665.7645	662.8874	662.8872	662.7813	661.5198	658.6688	
653.4970	662.9376	662.6446	656.7076	655.9330	655.5787	655.4469	655.0764	
652.2898	660.1600	659.8284	655.3437	655.2239	654.5839	654.3503	652.9466	
651.6171	660.7856	658.8163	657.9353	657.8892	656.2926	656.1277	652.7335	
656.4769	664.2502	663.8507	662.0193	661.6318	661.2590	661.2150	658.9734	
653.3126	663.2312	662.7214	659.3127	658.6226	658.4734	657.8662	654.7910	
662.5704	665.7850	665.7851	664.4245	664.2865	663.7865	663.6812	663.0630	
650.9116	665.1372	665.0379	658.3628	658.0463	658.0393	657.7176	655.3387	
654.0831	664.8127	664.7241	659.0972	659.0527	658.9399	658.1108	657.0353	
661.0819	666.5818	666.2763	663.5149	663.4571	663.4503	662.8074	662.2499	
660.2558	670.9318	669.3532	667.0557	666.8346	666.3403	666.0982	662.8512	
653.8525	664.6197	664.2285	662.1638	661.5894	660.8818	660.7237	654.5918	
656.3479	663.8832	663.8780	662.0190	661.1911	660.6605	660.5220	659.7956	
653.3004	663.6350	663.0972	660.9230	660.1225	659.8788	659.7029	657.1457	
658.6130	664.3980	664.0582	661.2069	661.2038	660.8908	660.8174	660.0352	
654.6456	664.5650	664.5647	661.2745	661.1751	661.0280	660.5694	658.2182	
664.2586	669.3904	669.0232	667.5261	667.3226	667.2452	666.9276	665.3342	
659.3564	665.7165	665.5598	663.1223	662.9672	662.6840	662.4418	662.0150	
651.4517	666.5438	666.5346	662.3764	661.9068	659.5808	659.4347	656.0307	
657.4539	667.1547	667.0098	663.0547	663.0355	661.7018	661.3409	660.3289	
653.7334	665.6803	665.6299	658.8726	658.8725	658.6068	658.5280	657.8961	
654.2083	663.4635	661.3530	659.3860	658.4337	657.7900	657.6544	655.7695	
654.7697	663.2551	663.2545	660.6943	660.6374	660.5434	660.0975	658.0756	
649.7301	662.9721	662.5412	659.5642	659.5088	657.7690	657.2856	654.3270	
654.0434	666.7247	665.4782	657.7940	657.5269	656.2604	656.0777	655.3848	
652.1067	664.8641	664.8457	659.6792	658.9371	657.8537	657.6316	655.5061	
655.6325	666.0589	666.0129	663.1756	662.4606	661.4659	661.3582	659.3634	
648.5317	665.8543	665.8500	657.9980	657.9208	656.9081	655.5477	651.3191	
657.0601	666.8349	666.8046	662.0104	661.2435	660.6798	660.4268	658.9529	
657.1755	666.3805	665.6532	662.3448	662.0260	661.2995	660.9832	659.1167	
638.6538	664.3677	660.9568	659.7876	659.6797	659.5553	659.4555	642.7430	
649.0803	663.9275	663.1643	657.7541	657.7095	656.8639	656.7859	653.8902	
658.6954	666.5364	666.2637	664.5767	664.1665	663.7489	663.6781	660.1041	
642.5889	665.8193	665.4292	659.5104	659.2788	655.5912	655.4893	647.3381	
652.0450	664.8836	663.2598	657.8552	657.7941	657.5267	657.0801	655.6329	
652.8335	663.4463	661.8753	657.3465	657.2455	656.1473	655.5423	654.4481	
651.4602	665.3399	663.9327	660.2639	659.7896	659.3183	658.8907	656.0245	
654.6995	663.4897	663.4838	659.3697	659.2413	658.6587	658.0091	657.4782	
656.8302	664.8149	664.4091	661.7436	661.6247	660.6709	660.6445	658.1423	
656.8191	663.1696	662.2986	661.1549	661.1102	661.0183	660.5309	657.7684	
659.0610	668.6485	668.2518	664.7876	664.4287	663.1989	662.8971	659.8010	
654.0724	662.4720	662.3745	660.7097	660.3340	659.3469	658.8639	656.9481	
654.7899	663.9116	663.8895	660.6159	659.9327	659.4159	658.9135	655.8910	
661.3437	667.4212	667.3260	664.4935	664.4030	663.4107	663.3096	662.9707	
656.1450	662.9399	662.1996	659.5887	658.9767	658.9263	658.6004	658.2279	
646.0638	661.3620	658.4655	655.3765	655.2581	654.4995	654.3806	649.6747	
655.7301	663.6985	663.4261	660.9907	660.7079	660.2450	659.8011	657.0439	
651.1221	666.6979	666.6936	658.6088	657.9394	656.5171	656.4747	653.0391	
653.5787	673.1090	669.2232	664.0113	663.9735	662.1750	661.7694	654.0577	
654.8142	669.5344	667.7180	666.1846	665.7934	664.1259	663.6433	660.0758	
649.7337	664.6227	662.3949	654.3100	653.5415	653.3193	652.2926	651.1625	
646.3273	665.0319	663.4612	655.2865	654.7295	654.5852	654.0358	653.2765	
645.3779	663.7656	663.1942	651.8752	651.0394	649.6344	649.4980	646.8720	
654.1457	668.4002	665.7202	657.6314	656.9551	656.9220	656.3688	655.4011	
651.8771	668.5174	668.4353	663.7236	663.2990	663.2760	662.2437	657.4550	
647.5511	663.9899	663.5624	658.6867	657.8739	657.8528	656.8500	648.7782	
658.3236	665.4989	665.3111	662.8124	662.6018	662.1043	660.8530	659.7800	
656.8887	666.9374	666.7697	661.7327	661.1053	660.5630	660.5076	659.5552	
650.4278	663.7171	663.6706	654.0981	653.9670	653.8684	653.8400	651.6752	
655.4652	662.2580	659.8302	656.8392	656.1314	656.1084	655.8406	655.6409	
651.1203	663.9686	663.4639	658.2835	658.0121	657.7360	656.2354	654.2573	
656.3718	666.2049	666.1427	665.1459	665.1184	660.4494	660.3936	659.0147	
649.6157	664.7029	664.3056	658.5290	658.4041	657.5559	657.3468	655.1556	
651.4448	662.4055	662.3946	659.9935	659.2204	656.9431	655.8477	654.8041	
659.2804	667.1324	667.0455	666.1572	665.7222	665.3890	665.1832	661.0363	
652.6797	664.9713	664.9714	658.9862	658.3827	657.7307	657.2507	656.3960	
656.9679	667.6162	665.6723	663.1953	662.8942	662.5638	662.4449	658.1298	
658.8768	666.0373	664.7931	663.0170	662.5715	662.3629	662.3018	661.2471	
663.2552	669.1768	668.8896	667.2884	667.0111	666.3304	666.0647	664.9678	
651.4195	668.8501	662.6955	654.9118	654.6923	654.4818	653.9936	653.7518	
650.5940	666.0988	665.1865	661.7681	661.6598	661.4671	659.8177	655.8066	
651.3165	662.9299	662.7134	658.1634	657.4078	656.6404	656.1178	653.2902	
658.3042	666.5345	664.1515	662.8416	662.0216	661.9381	661.7718	659.5396	
654.5858	664.4662	664.4461	661.6072	661.5255	661.4362	661.3939	659.2451	
660.2434	667.3074	667.0711	665.2092	664.7770	663.6371	663.2012	661.3417	
655.3530	665.9567	665.6859	662.2792	662.1097	661.8706	661.0740	657.6947	
650.6244	666.4063	664.1839	655.7057	655.1734	655.0194	654.2173	652.3806	
657.7162	669.6149	668.9022	664.3982	664.2476	664.1380	664.0393	660.5981	
648.3217	662.5692	656.4908	651.6523	651.2321	651.0674	650.4044	649.4308	
653.7929	664.8704	664.8700	661.2404	660.3999	660.2929	659.8872	654.7381	
656.5985	665.9200	665.9116	664.3961	664.1114	664.0852	662.2283	657.2500	
658.9992	667.0752	666.9366	664.1879	664.0220	662.9060	662.6990	661.0834	
