-637.7893	353.3668	353.3671	-343.6453	-346.6501	-363.2241	-606.4636	-625.1662	
-150.5727	325.1806	325.1333	-69.7430	-70.8498	-96.2034	-133.7732	-138.3854	
-529.9830	523.6835	523.6862	153.2278	-263.7033	-224.1402	-273.2999	-445.2924	
-21.9490	717.1910	702.4906	619.7203	619.7191	617.9106	615.1058	-7.2275	
-244.6549	346.7841	346.4099	-15.4679	-64.5972	-66.9104	-152.9219	-221.7845	
-182.7423	629.7677	625.7654	486.7200	84.5718	71.5927	58.6155	-106.6409	
-224.0022	891.0062	880.6351	339.5427	333.0333	332.9796	-47.1476	-160.0199	
-116.8706	472.4995	472.2945	22.5334	22.5197	20.6667	-4.2842	-29.7160	
-268.4417	931.5237	931.4452	456.6707	456.4753	449.4326	447.1428	-234.9240	
56.7663	716.9568	710.2185	258.3180	256.2188	254.4112	234.4984	108.6461	
-193.1207	1082.0205	1027.4778	429.6829	428.5808	-49.3939	-67.3743	-91.9767	
-357.3696	804.4438	796.7965	279.1565	276.2643	275.3435	-213.9288	-331.5351	
-276.7294	876.5270	875.0168	378.7018	265.7779	23.2109	-48.9453	-255.0006	
7.1158	738.9540	734.0896	209.7398	179.7726	176.6861	141.5632	33.2199	
-362.9713	893.1062	860.4794	292.8280	289.0822	287.4886	285.9824	-350.5177	
-384.7742	718.2705	684.7795	217.8243	72.6771	-104.1543	-175.0332	-374.3261	
-128.9637	550.6874	545.2263	58.4906	4.4412	1.1088	-6.3410	-111.6711	
-70.8715	585.2064	568.9180	163.5155	117.6634	101.6727	83.5963	-23.5364	
-109.8933	527.7844	523.4819	158.9853	137.2019	95.8769	78.4392	-103.6088	
30.4498	767.7493	751.9400	218.0065	216.4402	155.6302	153.0620	40.7525	
-72.5402	1255.0647	1234.9058	222.0853	220.6578	219.6771	218.9552	-20.5015	
-448.2087	771.2026	761.9424	237.6454	237.1824	215.2261	207.9098	-418.8303	
144.8050	939.2424	909.3607	344.0283	289.9206	276.1316	264.4986	180.7186	
-432.2412	407.7918	405.4185	152.3357	-231.6696	-330.0781	-346.5052	-407.0987	
-448.0093	807.5454	784.4455	287.6069	287.1642	285.5188	271.3144	220.6113	
-178.6017	552.7919	545.5485	38.9697	0.3418	-31.0832	-53.6375	-165.4894	
-144.5763	509.4068	509.0788	-0.9447	-1.0270	-2.8607	-27.0129	-111.2052	
-296.3209	982.9054	969.7601	421.2495	420.6923	420.0247	399.8289	-278.6230	
-133.0182	1145.7331	1145.6685	603.0964	602.9339	602.6930	579.3064	-111.5502	
88.4093	737.7996	730.0724	176.1837	174.7538	152.8126	149.5313	98.6568	
-76.4725	808.1089	799.4378	195.7618	180.8497	173.2830	169.0844	35.8797	
45.6656	743.4122	740.2504	670.4312	668.8584	665.4258	657.5280	91.8220	
-492.9471	405.5327	399.1683	61.0976	56.6775	35.8310	-232.2789	-440.0011	
-239.1191	1071.7063	1010.0563	409.8038	408.5015	399.8840	397.8649	-127.7190	
-126.7452	541.1418	539.3284	99.8404	98.7561	94.0404	90.9189	-87.5779	
-74.4809	603.7698	603.3688	155.9671	155.5188	147.4104	24.5035	-14.2054	
-529.4881	379.1797	378.0607	49.5459	-398.3802	-413.8639	-423.0624	-469.8954	
151.1799	801.1354	780.9604	306.3499	273.6500	266.5262	222.2827	158.4470	
-473.4827	521.3897	518.9697	125.5585	121.9935	121.2519	-404.5609	-424.1379	
-397.1851	728.4680	724.3041	273.0358	60.3538	-159.6803	-176.1086	-368.0373	
92.5522	910.4777	885.7565	361.5711	324.2701	314.2979	263.0446	95.2761	
73.7499	724.5618	713.2547	239.7788	217.1964	207.1731	184.0052	78.6115	
22.3272	338.7707	313.7585	172.5318	135.3986	134.1355	68.4873	35.6143	
-35.1055	645.1182	641.1902	155.3212	104.2230	103.2897	102.2646	-15.0468	
-358.3798	803.2620	784.4622	267.2295	-168.2438	-184.5161	-190.0132	-208.5137	
-366.1574	449.6003	438.6286	146.5499	-274.9318	-281.9940	-291.3557	-357.1653	
135.9623	826.7763	816.6519	331.2990	293.5776	201.9099	250.5731	164.8603	
38.8276	1127.8742	1055.5701	321.0325	321.0207	270.2274	315.8817	73.4157	
2.7476	449.3118	443.4790	124.8253	103.3753	101.0075	73.9708	42.8181	
-307.4357	454.0784	450.7872	325.4317	298.0846	291.1166	-109.0868	-228.4632	
-559.1013	631.3167	628.7144	69.8205	69.1221	38.0837	-317.4636	-478.0160	
-308.3897	493.4230	476.8347	345.4011	257.0658	248.3263	192.7018	-285.3956	
-35.5999	626.0768	625.8885	162.8067	115.2740	114.8570	64.7143	42.5473	
-334.3111	808.2394	756.2100	318.0377	308.5599	-271.7559	-299.6227	-326.9572	
-330.6474	806.2311	792.5582	393.8542	392.5982	385.1519	381.3855	-302.2349	
-150.2017	406.0707	400.1341	32.8324	25.4257	22.5863	4.3482	-118.7931	
-424.4837	655.8290	633.2290	232.9166	232.9148	207.9694	-9.6463	-323.3261	
-86.8452	497.5816	497.5408	34.1456	19.5140	17.6392	4.2923	-74.8422	
-281.6577	990.4889	984.1546	338.7927	332.6756	-121.5783	-251.4112	-258.4113	
-412.5985	249.5736	249.2059	65.7427	-49.2707	-186.2620	-226.3705	-392.8185	
-402.3315	672.1265	672.1202	180.2069	169.8386	-178.5804	-256.9650	-367.1412	
-206.1947	1118.3998	1074.0444	304.1218	303.8623	303.7226	-199.9232	-201.8774	
-150.1932	441.1662	441.0488	415.0692	306.1184	29.9171	9.4597	-93.4577	
-241.8449	355.6228	353.6669	-85.6991	-115.7328	-131.1592	-162.9705	-230.4284	
-320.8751	621.3591	597.6360	230.7276	210.1430	-159.4926	-170.9223	-309.4980	
-188.1760	1023.1472	1023.0144	465.9860	462.0482	8.6796	5.8548	-129.7006	
-376.8393	701.7951	700.6769	269.2117	268.6310	35.7865	-169.3669	-332.6329	
-504.9534	302.6800	297.2885	-10.8292	-11.1648	-40.2715	-345.9702	-455.6682	
-414.9336	631.0292	629.5422	228.2267	226.3618	-8.6916	-177.4664	-353.5946	
-650.9925	203.6731	201.0502	-136.0916	-174.5016	-439.8133	-502.7139	-633.1242	
-39.9580	838.3329	805.6868	580.8852	579.9007	198.8581	189.4596	-18.7610	
-521.2308	394.7554	392.4398	-59.4431	-69.1505	-78.3724	-327.2921	-450.4541	
-8.0227	650.2433	647.6746	168.4186	166.2577	128.3000	25.7819	17.1056	
-315.2517	747.1179	737.1909	339.1833	337.3554	164.7627	-66.8125	-270.3010	
-260.7259	775.3691	775.2104	318.9043	298.7383	-151.0298	-152.9233	-197.9054	
-391.2718	680.4921	674.8383	-165.0723	-165.0923	-165.1098	-231.8926	-365.8833	
-220.6031	641.5758	607.3340	444.5352	436.9164	430.0606	426.5345	-195.7325	
-50.2105	715.9637	714.6412	257.8664	257.6618	254.9624	233.6687	9.9874	
27.4905	714.0570	708.6455	183.5706	182.3384	177.3633	162.0805	43.1966	
-313.0628	637.0079	631.8627	268.4116	265.0086	258.6042	-125.8880	-297.9584	
-546.1622	362.0702	361.8366	34.7902	-32.0779	-235.8786	-330.4316	-502.5634	
-425.4756	629.3797	628.3107	220.3553	-119.9606	-163.8889	-364.2129	-390.9362	
-405.3023	824.5383	811.0233	212.9950	203.5482	-212.4602	-238.4223	-366.1314	
-261.4626	1017.8247	1017.3998	458.0047	457.4628	438.2928	433.4522	-231.3715	
-54.8116	422.5179	422.2396	118.9412	61.0666	55.6704	38.2171	-30.3698	
-487.7554	514.4396	513.3975	147.8885	-317.5804	-345.5077	-377.1701	-432.2147	
-474.2214	473.2122	469.7035	94.5315	61.9158	-189.6829	-253.7239	-413.2586	
-362.1184	620.5635	607.4488	202.5620	-192.7373	-341.0874	-344.6069	-356.2206	
-308.8688	888.8616	862.2167	157.1931	156.5772	-193.7146	-205.4158	-270.9426	
-368.0224	576.7509	573.7162	223.3956	-259.4753	-263.4577	-278.6980	-342.5838	
198.9465	470.9683	468.3020	323.3602	320.5579	314.4420	298.8047	216.4530	
330.7125	454.5441	453.7515	451.8853	448.6457	443.7778	437.1239	353.7847	
-6.8751	523.0802	520.1703	129.2582	117.9938	106.9297	105.1617	49.0729	
-1.4178	755.3926	725.2830	669.3610	622.3858	303.1974	214.8389	44.7691	
-224.5665	1029.9626	987.4866	522.1060	514.9353	513.0908	507.1736	-198.0043	
-99.8378	582.0365	579.7743	503.3934	491.4564	461.3679	112.2085	-53.7586	
-287.8246	743.6222	735.3959	342.9034	106.9419	-94.7327	-110.6216	-250.7790	
-518.7583	473.8562	473.8531	84.1792	82.1276	-272.1434	-315.7745	-445.3219	
-479.9261	310.9818	310.9561	39.3278	-21.6422	-250.6003	-304.6406	-451.0467	
-345.0782	648.3057	620.4372	245.3694	-91.2378	-208.4991	-222.5398	-298.2059	
-117.4095	579.9065	579.3767	83.2070	83.2068	82.1345	42.7092	-62.6996	
-211.3963	1116.5558	1077.6410	558.6059	554.9885	552.8898	236.3662	-120.4752	
-351.7188	927.5378	885.2629	343.5400	341.0710	337.4473	336.0941	-307.1969	
6.1751	615.1864	615.1329	150.7088	150.4909	132.5153	130.8938	111.3323	
-110.5815	864.8895	811.2400	103.6632	4.2457	-23.0938	-33.3598	-49.4372	
-172.4884	850.0860	843.4087	431.1754	426.4931	425.2397	-23.7124	-34.2755	
258.7088	409.1369	407.2879	368.1009	352.7004	351.4155	334.2747	277.7873	
-274.6875	875.9854	875.6904	374.7478	354.6392	56.9410	-69.3945	-228.8448	
-91.6571	633.4002	629.1708	41.9547	38.9273	37.1997	18.9498	-67.7850	
28.8080	729.1878	716.0549	166.6095	166.5807	160.3088	160.0286	100.6407	
64.4397	950.3137	934.9552	264.2046	263.1664	252.8616	141.8770	138.2487	
-36.9402	506.0068	504.7283	73.8210	49.6822	-10.7645	44.5434	-32.4834	
-610.9933	330.9967	330.9816	-122.7287	-150.4492	-457.4274	-494.7657	-602.3289	
69.4204	781.5336	774.7886	717.7404	716.4762	614.7865	292.3957	136.4476	
-342.0053	862.7931	841.2727	220.5125	220.5124	178.9696	-257.3620	-267.1232	
-323.8580	717.3021	714.9597	284.1450	283.3387	-210.4051	-223.0572	-286.8963	
349.5348	492.9028	491.7044	480.4199	477.0151	458.7568	449.0807	356.4629	
-131.9349	1210.1076	1202.8499	597.3160	579.5565	578.5671	577.9620	-112.0607	
-23.7975	727.1252	709.5189	614.8642	613.8685	613.0322	610.7508	6.1584	
-303.3551	841.2818	836.2988	361.1639	359.8900	347.3237	343.0727	-286.1983	
165.9603	881.1827	873.3967	849.1602	846.5680	377.0408	335.6271	199.2294	
-261.5973	836.4360	832.0026	-70.6763	-70.9342	-74.8405	-246.8250	-247.1613	
112.5994	907.9098	887.2613	776.0225	774.9932	295.6630	290.7811	138.6384	
-331.4420	820.6866	818.6182	98.8265	97.4555	87.0747	-249.7648	-268.8063	
158.6309	1227.6337	1144.2196	811.8896	811.8650	811.4625	809.6624	800.8250	
-152.7759	309.8360	309.2820	-16.4938	-22.3588	-30.1767	-67.5331	-113.8789	
-368.7670	648.6520	643.9371	120.9220	-203.8253	-223.7294	-240.1832	-322.5203	
-296.8602	867.0284	862.9009	283.9836	283.8779	-123.0734	-145.5330	-255.6371	
42.5408	920.4347	867.7094	703.3160	700.0793	665.4155	257.4469	79.1888	
-50.6329	1299.6176	1280.1645	668.6600	662.4199	662.0685	660.8561	648.4054	
27.3516	485.9631	485.7726	157.1196	156.9381	156.8318	124.9586	39.3339	
-329.5535	949.8242	920.4875	319.6714	313.2651	307.2488	209.0755	-313.5981	
-204.1848	620.9510	615.7120	325.2565	20.3839	-6.1861	-9.3240	-199.5840	
-491.5316	547.9858	542.0595	168.1384	157.6369	154.4058	133.1464	-420.9267	
-388.4058	731.6498	731.6503	21.5006	7.8227	-1.2274	-191.6201	-351.9686	
-529.8772	604.1473	601.8662	181.4048	181.4048	180.4670	153.7512	-434.7146	
-364.0543	796.2196	796.2140	311.4602	311.1604	287.2610	-123.6612	-336.2344	
-85.4945	406.9954	403.6193	87.4051	61.2939	53.9074	31.3663	-67.9172	
-693.7254	104.1375	99.3205	-163.7881	-168.5679	-589.7607	-596.9883	-651.8529	
-238.6486	844.9278	834.5801	363.3119	-151.4206	357.3221	-214.9715	-224.7519	
-309.1657	829.4448	808.8144	253.6525	251.0518	-99.9926	-153.7573	-297.7719	
247.8881	489.2095	485.4047	335.7823	323.0706	312.9093	305.3269	276.1507	
-139.4748	991.6911	982.1372	499.0814	497.6592	497.1094	-110.1603	-134.3590	
-556.2722	523.0364	520.4960	-12.7999	-58.8070	-74.9285	-362.0997	-474.0191	
-540.6650	727.6135	718.3647	70.6344	68.9357	20.5579	-185.3578	-493.8441	
-169.2970	1023.3156	1009.5375	541.3800	539.2931	529.4754	524.1431	-148.1213	
-74.9452	546.8692	530.2736	132.4574	85.0635	84.6959	82.7604	-48.4561	
257.3328	369.7679	366.3190	336.9724	336.9598	325.2642	318.1090	273.4024	
-631.7247	403.7469	391.2208	-42.9328	-91.9083	-100.3839	-414.3655	-592.4298	
-457.3341	777.5169	776.7424	260.6217	235.4845	234.7641	232.6203	-357.2406	
90.7101	554.4869	553.8649	209.6068	168.9538	167.2701	159.3696	112.2504	
-77.0717	578.4073	564.7814	495.7472	313.4016	157.7640	154.6372	-14.6916	
-268.3779	343.5789	343.1031	-0.5186	-70.5280	-87.4992	-174.7755	-262.6688	
-37.1966	447.3866	445.1147	86.0301	69.9097	68.7271	62.7396	-24.4150	
-164.0803	399.0443	398.4959	355.5699	-14.7627	-74.8364	35.3759	32.0086	
-279.8252	370.5197	369.6855	288.7790	287.8994	-64.0634	-91.4254	-242.5756	
-254.7261	925.7849	923.5367	447.3245	447.0540	445.7784	437.4140	-236.7119	
-465.9377	601.5098	598.8553	178.6978	69.3899	-193.1950	-236.8944	-391.0191	
-385.5218	720.5007	684.3962	149.3078	149.1640	-249.9871	-266.7505	-358.0555	
24.1210	709.2576	683.5486	622.9991	337.5580	142.7195	132.3613	74.4918	
-157.9057	510.4546	503.3406	9.9777	-31.1892	-52.1169	-57.4548	-133.4140	
-340.4560	499.2897	496.7414	307.3106	305.7065	290.5711	44.3123	-261.9154	
-437.8817	588.9728	552.8581	200.9121	169.0285	164.8885	-130.4444	-391.4557	
-515.9006	475.1804	473.9940	-156.3014	-156.3087	-178.1560	-374.2155	-459.8732	
-106.4666	943.9123	905.7641	571.8356	571.1538	571.1089	566.2622	-65.2148	
-300.6913	470.0103	468.3431	-56.1328	-114.7638	-124.5786	-152.2336	-257.7489	
-442.3048	194.7446	194.7213	13.6291	13.4709	-224.9792	-315.5225	-408.1800	
-384.7490	816.8672	815.8541	200.3668	197.7373	180.6227	179.5551	-354.3961	
-184.9057	879.0321	778.9570	47.3267	47.2698	8.1566	-28.6600	-171.7570	
-73.8555	364.1397	359.2841	45.5209	23.8927	16.8725	-18.4704	-58.3768	
-441.9492	574.0291	568.9549	170.2651	-62.7536	-313.6148	-318.9872	-420.3410	
59.1120	792.0328	785.0183	695.6872	695.6860	693.0101	689.0720	93.9812	
-431.8133	729.0102	719.0554	-95.2910	-95.4142	-292.3287	-295.6465	-401.2497	
-474.4288	711.8038	684.5481	120.8510	117.2213	112.7241	-108.8929	-396.3986	
-356.9963	428.7851	428.6844	158.5847	147.2411	123.7922	-116.3964	-339.6353	
136.5650	859.4514	832.1540	288.0931	287.2836	278.2576	274.4677	168.7901	
-267.1808	720.6795	718.2565	312.9663	311.0162	310.9215	-12.1750	-207.4501	
-39.2367	1138.8672	1138.8118	463.8133	463.7999	462.9444	-16.9644	-37.2092	
-318.6301	1021.7756	977.7903	362.3679	361.6786	313.8537	-161.0434	-203.0918	
-371.0551	823.1942	797.2440	293.6153	292.4307	288.7736	-165.0660	-348.0112	
-221.5951	997.4357	944.2280	421.9250	421.8666	404.7514	-116.7468	-118.7684	
-332.0137	875.2124	839.0856	261.9842	257.4041	-196.0617	-223.9881	-228.4649	
-332.3487	767.4526	766.9676	299.3458	295.5977	293.1702	19.9556	-255.3400	
-187.2012	1061.7676	1061.7421	232.5088	178.4049	-101.6944	-163.3165	-165.7765	
-503.0400	461.8301	460.1573	92.2349	11.3160	-112.1425	-276.2932	-470.0280	
-120.0529	593.5522	584.8990	50.3266	49.0791	22.4918	4.7046	-99.5603	
-221.0411	886.8772	885.6001	456.4523	425.8690	419.1540	418.8822	-212.6549	
-93.5486	590.4077	590.2307	162.6430	151.7802	132.7250	83.9147	-46.8800	
-364.6090	792.9057	782.6314	116.6978	116.6764	107.6324	-188.4746	-327.1697	
66.9008	871.1129	842.9497	761.7620	761.1172	749.5632	747.8073	77.8472	
-449.4915	560.2164	550.6457	-25.8967	-26.1683	-26.8623	-264.0278	-391.6466	
-475.2691	358.1898	356.5424	42.6130	42.3914	40.1814	-338.3096	-438.8998	
-343.6676	903.5561	876.5743	336.2031	335.4158	333.3661	331.9972	-314.6329	
-582.7762	169.5697	166.1971	-124.1069	-482.5240	-486.7253	-506.4054	-565.9876	
-605.5356	148.1654	145.8187	-166.4182	-448.1005	-463.8718	-482.2672	-575.5515	
-349.5534	886.5969	886.5439	340.9580	340.9008	327.5721	-37.3875	-302.5417	
-401.8573	728.8022	714.6947	-33.7520	-35.4314	-46.8710	-100.5498	-396.3900	
-320.0975	809.8312	809.4369	372.2211	361.6003	350.3961	85.6495	-274.4401	
-349.5205	909.4481	857.4166	328.2864	324.8612	324.5820	320.1923	-314.7555	
-195.4168	539.5964	529.6419	406.1260	406.0303	405.8744	405.3122	-186.7564	
225.1126	379.5397	378.0083	376.8807	353.0572	328.2020	325.6370	242.2669	
-427.1239	587.1639	573.4151	187.9494	179.2193	-8.5010	-232.9397	-409.6704	
-427.3474	168.3482	167.0537	-14.5692	-61.0453	-230.6077	-254.8361	-417.0374	
178.4942	1058.4029	998.5996	861.3583	860.6226	859.4555	856.6670	196.0337	
-427.9781	506.2148	488.7721	78.9758	78.9643	-326.2947	-336.1360	-389.1077	
-20.3896	658.8643	657.1318	179.9791	177.1759	177.0678	171.8938	-1.7576	
-247.0042	1029.5851	980.3170	414.8459	414.4648	413.3705	412.0480	-205.7982	
-490.8163	518.2482	515.9248	173.5613	114.6244	105.5739	-188.8726	-451.1758	
-375.5031	760.1837	729.3967	86.2565	75.9146	75.4651	-211.8319	-353.3105	
-196.6456	421.8669	420.6369	19.3579	-14.1602	-78.1619	-86.8959	-184.5584	
-20.0140	706.6464	696.4699	632.3420	632.2518	631.7700	238.8470	11.6959	
425.0957	522.0292	520.0408	495.9141	493.7358	490.8557	484.3477	432.5303	
-260.2954	905.7956	869.5770	369.4761	354.5927	-80.3656	-245.8150	-253.0199	
147.2670	867.8201	858.6907	329.4055	329.0403	328.8318	322.6712	171.5280	
-244.9231	481.1301	476.4095	226.5841	-158.3968	-160.2544	-161.6307	-235.4935	
-493.2167	323.6162	307.4745	-223.7799	-224.7531	-370.5064	-390.2520	-448.8990	
-344.3829	711.2957	709.5754	314.4200	300.8072	279.3132	188.2465	-281.7598	
-421.4415	693.6286	692.2909	242.6199	235.3199	42.0542	-101.9339	-406.9960	
-184.7107	807.2994	767.8576	397.0042	359.2443	354.5592	126.0568	-157.1979	
-544.5462	564.0779	562.8423	111.6432	-8.9826	-21.1443	-311.2955	-494.1870	
-366.1734	805.4449	802.9296	311.5945	296.4319	72.3019	-150.7577	-334.0600	
-179.7998	544.9338	544.9267	434.5310	434.4480	423.5341	419.1177	-163.2293	
-275.2972	637.9022	626.8951	287.1963	239.1515	-72.9651	-98.2139	-268.9759	
-161.4114	1076.9236	1020.7930	480.7088	478.9457	-17.2517	-23.6577	-116.4852	
-382.5694	707.9187	706.8358	291.9418	291.3158	286.9918	285.5445	-314.5960	
-323.3484	876.3909	869.5162	141.8782	141.8525	133.6037	-79.6729	-301.0111	
-213.6539	1022.8964	1013.0303	489.5156	489.5156	483.0761	478.3931	-198.2202	
170.8319	929.9312	907.6882	823.0751	821.9536	821.9191	816.6060	182.3087	
-355.1681	747.2008	712.7788	272.7671	272.7642	262.8024	-290.2998	-319.8268	
-163.0100	413.7145	410.4714	-61.9627	-69.8455	-88.5563	-103.8411	-120.1580	
-257.6254	1032.0123	1004.6460	430.0623	425.7252	425.2035	417.2283	-222.5188	
-4.4819	794.0850	782.7489	707.1261	705.7289	698.4780	693.6316	30.1734	
-238.2735	449.7562	446.0676	42.6597	32.0765	-72.3939	-91.9334	-179.6125	
259.9655	530.6698	528.3367	477.0888	434.5188	427.7909	415.9892	279.6464	
121.0764	423.1529	422.8641	315.8722	258.0077	249.7444	230.5242	131.2638	
-303.7448	759.7882	747.0497	330.6463	329.2749	316.5517	-106.5471	-211.7455	
6.8791	447.7466	446.0098	336.6962	336.5273	336.2000	296.4057	20.2439	
149.4503	1020.2611	973.7048	794.6316	794.3333	793.7861	791.7812	161.4608	
-55.7703	1207.7830	1207.1030	691.3741	689.1038	680.4848	607.8911	32.3907	
-162.4595	1065.6353	1065.4182	448.6773	440.2367	438.6980	-137.3208	-140.0858	
-197.8903	1104.8642	1091.1714	459.5836	450.2965	449.0325	448.2142	-167.7979	
220.6111	1137.5633	1090.0240	901.2340	900.7547	900.7124	900.5068	243.3268	
162.5785	962.3865	926.0244	320.3112	320.0616	294.3660	289.5278	176.3948	
-310.4335	761.9444	747.7607	331.1226	325.9866	296.1403	-66.0109	-280.5359	
-419.2903	769.8948	726.4451	166.8409	166.8235	-16.8128	-303.4754	-388.6824	
-190.9019	685.8150	661.1518	428.4684	-54.2196	-156.0011	-162.9514	-169.0304	
-163.2074	849.0618	794.9948	457.5570	457.4746	454.1707	-42.0519	-148.3606	
-45.4932	708.0768	696.6215	610.1949	609.8833	194.6167	177.9533	18.9878	
69.6960	788.3620	771.1315	219.7274	219.6922	118.0253	89.5916	79.6127	
-256.9683	928.4487	879.2141	387.1781	386.0134	-107.8287	-124.9867	-151.7109	
-196.7185	270.5452	270.5336	-16.0727	-28.4823	-109.2688	-119.5520	-179.1494	
-501.7263	303.5374	302.5430	48.6485	-308.8069	-324.3487	-354.9621	-463.0515	
-268.0216	618.6703	606.7885	345.9996	324.5362	323.2972	1.0286	-253.9208	
-318.1453	1079.1643	992.1365	374.5405	373.6957	370.8482	369.0051	-280.4700	
-538.1475	312.1315	303.2836	18.2240	-16.8844	-287.0504	-304.0960	-515.1551	
359.7279	452.0152	451.8545	425.9779	421.6063	416.0745	396.5937	377.0679	
-347.5139	672.4919	671.7391	-53.0104	-68.0395	-69.5291	-218.5120	-298.7937	
-375.8329	433.8047	433.8088	-74.3857	-78.8841	-99.1802	-177.0659	-300.8359	
-161.3213	386.6526	386.1555	1.6494	-1.3122	-5.4798	-24.8974	-142.5263	
-557.2248	329.8803	316.3472	45.3468	-190.0309	-192.7436	-347.5685	-501.9829	
-248.8349	1012.5745	1011.0915	298.6209	295.2457	291.7599	-210.2786	-223.4116	
-429.6713	763.5096	756.6354	226.0887	224.7014	218.2418	-199.4699	-357.7790	
-166.8420	1123.1449	1120.3004	469.4695	468.4579	465.9506	426.0590	-141.2702	
-216.8109	1004.6176	1003.8820	455.0507	447.9748	447.7811	446.5867	-168.5170	
116.9348	484.1401	484.1358	386.0372	383.0257	379.1384	365.4443	190.7893	
136.3139	277.0181	276.4722	266.4735	263.7773	263.0575	240.1228	211.6268	
-125.9652	513.8872	508.1382	15.7616	14.2967	-3.8068	-80.9832	-96.4819	
-420.2536	823.3098	803.3146	205.8552	-231.1326	-233.9323	-263.0985	-353.1514	
10.5426	992.2072	941.2063	744.9899	744.9850	744.4841	721.2855	50.5521	
-539.7184	617.6644	606.5270	196.3120	179.4472	169.0910	167.5585	-452.5704	
-423.3574	643.1268	638.5542	174.5323	171.9248	165.7787	-114.9918	-401.1404	
-487.1378	671.5256	661.0554	-110.2635	-185.2310	-194.1960	-251.9078	-444.5841	
-233.7562	653.4277	642.5480	306.7417	104.0379	-103.4792	-114.6164	-206.7122	
266.9765	548.0968	547.7158	518.4897	471.8213	456.2766	444.2093	274.7913	
-362.4345	500.0516	491.9484	225.8233	191.6096	147.5710	-32.7850	-353.7261	
-395.9067	847.1987	795.1503	279.8347	279.7768	270.1462	263.4999	251.7019	
-463.8514	566.8071	565.3170	212.6440	171.2856	-90.0538	-354.2874	-417.6981	
394.7783	499.2522	498.1071	484.5036	484.1844	464.6324	463.5068	411.8014	
-75.7694	369.5674	369.5604	294.5227	100.7507	41.4927	30.3598	-13.0605	
-84.0937	663.7971	656.1542	126.3247	125.0370	122.0765	89.9984	-65.5205	
-240.0790	1026.8562	1008.9497	459.3779	456.0343	455.2010	450.0633	-214.5879	
-268.3844	925.2506	913.8917	220.2359	-37.6606	-68.4722	-72.4388	-222.5432	
-197.3915	532.2705	527.1861	2.9910	-52.3645	-54.6838	-84.9272	-172.8803	
-460.1260	526.5011	525.7266	-46.4407	-60.7897	-76.5714	-391.3439	-420.4389	
-112.5286	376.1407	376.0805	80.3964	-9.7380	-18.5809	-28.6237	-109.4910	
-210.3183	1106.8092	1101.0658	543.9311	541.5241	538.3461	535.0755	-165.4363	
-70.1674	578.4795	574.8815	536.4311	533.3175	172.2562	157.5765	26.5833	
-289.6893	715.1674	714.4995	297.7363	-54.4844	-166.9956	-174.6596	-251.0367	
-220.7858	869.1936	853.0519	362.3582	362.2779	-126.1192	-135.5121	-197.4960	
-16.4468	623.8641	619.9422	148.6000	148.2591	147.7087	111.6283	10.8104	
-12.0789	741.0528	730.3115	673.8754	664.5524	664.1018	295.0108	98.6987	
-548.7196	476.5191	474.7449	-87.2706	-116.5086	-116.6885	-477.8194	-501.2820	
-157.3496	984.6549	984.6436	424.7839	424.7605	423.6674	104.6859	-97.4517	
63.0525	908.8232	849.6369	279.0587	206.2559	203.6611	197.4637	134.7330	
-100.7152	674.6053	672.4320	541.9165	532.6681	528.2680	524.5979	-73.6378	
-364.0655	866.8919	823.5340	262.5935	262.1449	81.2973	-225.3213	-326.0622	
-120.6106	1240.4023	1240.2675	576.9719	569.2827	567.8373	566.6494	-56.0626	
-52.3660	695.5943	668.8745	543.0559	531.1710	537.3638	526.3024	-43.1002	
-197.6468	989.9301	988.0895	367.1722	9.7561	-27.4751	-45.4789	-182.0257	
-538.9367	475.0507	464.7603	-14.0826	-19.9293	-22.7371	-375.5468	-517.1737	
-189.0440	992.1961	951.8965	442.3107	441.9572	-80.7300	-99.2888	-149.8627	
-432.3588	320.1643	319.3604	72.8051	-49.7371	-256.9892	-263.6385	-389.5736	
-128.5193	515.6237	515.4311	480.0713	448.9173	390.7144	56.7288	-107.3570	
-331.5958	722.4815	722.2515	307.4831	285.9072	-68.1501	-103.3138	-295.8968	
310.7872	398.6637	397.9989	373.0457	366.0189	356.8942	348.5177	326.3831	
125.1744	1014.5177	964.1807	346.0887	343.3307	309.3008	304.7108	141.6265	
-265.6146	892.3352	892.1834	356.7223	356.4121	-90.2345	-99.0504	-239.2398	
-91.9661	862.8484	850.0403	504.7849	504.7785	504.7418	9.0414	-7.1582	
-239.0445	664.6169	644.3149	82.3772	63.9848	30.3679	-91.8811	-210.1018	
-107.5800	958.9399	945.2380	503.6548	503.5098	502.6455	15.6289	-29.5737	
-152.3954	1196.1428	1168.5469	546.4948	538.6369	537.4503	536.6238	-115.1000	
-272.0080	668.5578	666.7008	270.8004	257.3359	255.5064	-57.6464	-86.5989	
-289.9183	789.7980	783.3652	194.1473	187.8480	187.7237	-28.2094	-214.9985	
-229.8368	1043.5548	990.5287	404.2776	402.7438	399.5745	398.7707	397.6679	
-38.7944	468.4319	467.0339	100.9675	77.5739	70.0728	62.5979	-27.5301	
82.8490	991.3771	940.2943	345.3812	344.4491	272.4888	234.0641	91.4715	
-168.2350	899.1203	855.1933	464.5197	463.9460	452.1661	201.4265	-66.9195	
-313.5315	741.5432	733.0558	343.8866	321.1083	161.7187	-58.5984	-306.9776	
215.6439	420.2108	417.7752	366.7388	350.9419	342.8908	276.8293	250.4825	
116.5197	777.1715	770.9818	291.0487	228.7322	220.7411	216.8366	137.0008	
-528.1074	541.2232	539.6277	127.2962	117.1464	109.1664	-66.2538	-492.9540	
-287.9612	401.0748	400.6705	264.8976	252.6114	237.8687	-78.4599	-192.6785	
-374.5600	789.3892	776.2238	-69.6807	-70.2098	-92.2566	-137.3320	-295.9619	
-357.6102	893.5122	880.5278	315.0652	315.0259	313.6031	309.7146	-300.3022	
-194.0928	903.7956	899.1415	441.1394	434.9621	432.7079	338.9267	-97.1491	
-95.2674	671.9499	661.2784	552.9077	550.6603	527.8413	298.2456	-68.8726	
316.3735	469.3121	467.5245	429.8981	427.8825	422.4694	406.7346	357.6831	
-253.7781	431.2025	426.2237	19.0496	-104.8254	-119.0522	-120.8524	-245.8959	
71.7861	805.7680	789.4633	691.7846	691.4893	690.5573	688.6586	98.8265	
130.1079	1006.9025	954.6198	326.0107	326.0025	272.1900	262.7540	137.0719	
-468.9680	810.1820	789.7849	190.3331	-0.4342	144.0053	-299.3712	-429.0468	
161.6469	330.8986	328.7165	244.3220	244.3054	243.2438	203.3951	175.1919	
178.4330	401.1570	390.8328	325.3625	309.4432	297.1012	288.9093	194.8303	
390.1929	473.7979	473.3816	446.6986	441.6986	440.6624	431.9371	397.6293	
-446.1011	796.7262	791.9842	250.9773	250.6018	-154.5359	-177.0740	-316.9691	
-86.8570	539.6489	537.9238	107.6325	77.8527	68.6647	61.4079	-52.8726	
136.0942	831.5571	819.8230	307.6374	267.1343	265.2254	255.4364	151.4771	
-338.8993	803.5917	801.3285	203.4605	197.6908	-236.9497	-239.3954	-265.5195	
-363.6183	712.5460	711.6534	131.6515	-102.6550	-172.7908	-177.3890	-287.8173	
-743.0394	481.9994	477.3298	-85.5991	-95.2151	-135.3966	-458.6094	-619.8935	
-303.2099	974.8794	929.1265	381.6605	381.5897	359.8598	-151.2301	-293.8951	
-145.7771	960.6383	960.5720	488.3869	406.8371	-7.3892	-22.0242	-105.7156	
-548.2252	439.9706	437.7261	-24.3008	-30.6368	-34.0586	-299.8936	-474.7682	
-520.0413	680.9408	679.7874	125.9129	82.6497	80.1244	-253.4722	-337.3346	
-118.8198	984.2039	921.1361	550.1545	546.8177	545.7998	544.6057	-80.1624	
-289.2906	758.6929	752.2509	306.0800	165.8252	-185.5801	-186.4019	-267.2394	
263.2578	437.8416	436.4581	372.8280	372.1281	359.9573	336.8843	303.8430	
-202.4227	1122.0947	1110.6778	530.9619	519.3775	516.7329	515.7514	-162.3542	
-467.7369	602.4467	591.0796	12.8172	11.1897	6.4598	-176.8641	-410.1745	
-126.0566	583.1458	559.8081	455.4189	10.7334	-5.3914	-12.2887	-88.9275	
29.2845	862.6032	834.9243	676.2313	675.8260	674.7467	200.0841	42.4447	
200.6757	303.6185	298.3942	260.1375	235.1809	225.8134	222.3790	214.6168	
-249.8821	968.1259	941.5911	415.8451	415.4847	414.6842	-219.8866	-234.4059	
-220.7319	847.3713	847.3613	412.7448	396.3290	-80.8326	-89.8930	-155.1069	
-96.9578	1167.6863	1165.0519	556.1746	62.7561	-55.1593	-61.1578	-65.7820	
-212.8471	467.1541	461.6067	-17.1746	-17.6681	-66.5803	-81.7406	-193.6985	
-74.6840	764.3113	743.7803	644.8412	619.3628	618.4505	614.8270	-58.8662	
-402.6485	792.2999	773.0375	-220.0854	-235.2264	-235.1784	-267.1829	-385.4364	
-85.3942	593.3448	576.0765	494.8571	488.0727	487.4137	485.2606	-61.5658	
-378.0496	765.4862	743.3900	260.0895	254.8658	-226.1272	-256.7194	-358.9635	
-259.6602	878.2216	865.2999	-68.3981	-69.0341	-71.1003	-226.4392	-230.3014	
91.5568	847.7091	827.8123	741.6484	741.0931	734.8698	731.6984	103.5650	
-215.9597	1017.7060	1016.1044	243.2719	243.1263	213.4798	174.7060	-166.7113	
-491.7334	530.6638	528.1363	8.1516	8.1515	-276.3513	-299.0373	-447.1352	
-583.4394	291.5911	291.5654	-59.3625	-479.6921	-482.3263	-491.6972	-557.7466	
-727.3923	10.2792	8.7005	-225.3064	-290.5528	-301.2798	-617.0510	-686.7917	
2.0263	617.5784	617.5455	578.0805	577.4410	137.1389	128.4614	40.0418	
-366.5860	693.8557	693.3904	288.9433	71.4808	-199.3489	-224.2745	-316.7598	
383.3218	482.9970	482.9909	472.8348	472.3182	471.6383	464.0812	409.9828	
-202.4651	985.6927	959.2076	181.6724	177.9097	-87.4695	-102.0564	-167.2481	
-142.5381	450.7501	450.6750	104.9407	13.8459	5.5484	-10.6440	-110.0499	
-369.9393	927.7701	916.5624	-95.8108	-97.1674	-112.0261	-128.7935	-221.1631	
-518.3542	561.4641	532.0470	16.7094	16.6095	-335.4070	-338.2413	-486.8488	
143.6906	868.3255	836.6393	323.5141	323.3876	322.1288	292.4717	153.8711	
-273.2477	893.3112	850.5063	366.8296	366.3072	-32.5789	-68.9493	-240.7732	
36.8417	854.6774	811.0625	199.5011	152.0409	140.2019	135.5236	64.9297	
-74.6434	768.1265	729.7515	565.9254	559.8764	555.4583	543.7449	-61.3910	
-332.7229	854.3460	854.0185	353.1346	223.7536	-25.9575	-164.4574	-306.3543	
-107.7996	594.0773	593.5582	66.3919	66.2550	52.8456	52.3577	-47.3327	
-285.0156	884.2228	879.9390	407.5689	404.9951	404.8269	398.7466	-269.3221	
-460.9923	641.6118	639.1254	63.4112	-254.5002	34.9786	-143.4577	-382.4771	
-23.3994	937.6429	918.3700	549.3234	28.1610	25.1083	22.2735	-14.6088	
-581.0263	351.9166	345.1403	-8.9467	-95.5034	-343.3895	-391.1086	-443.3364	
-146.7962	892.4359	892.4075	443.1463	-109.1003	-111.5698	-113.9804	-136.7546	
-65.4025	497.0350	496.7270	94.0484	53.5109	51.4107	44.1697	-52.5749	
-93.7033	538.5768	534.6318	119.2750	107.4493	105.7544	90.9606	-59.8402	
-306.1177	1051.5038	979.4118	393.0729	392.9855	257.0121	-89.4589	-278.4218	
-399.0685	652.2941	638.7909	215.2936	-268.7343	-271.4748	-279.4203	-354.6461	
-11.9843	552.4008	548.6273	111.8501	110.4828	106.9554	59.4495	-8.0993	
-452.8438	760.7771	732.1885	212.6538	212.6179	211.4825	209.1302	-422.7253	
-17.1298	543.2608	542.7877	153.7437	143.5308	132.7261	92.7040	-10.8394	
-460.5198	647.5984	640.9996	206.9197	202.3750	-320.9295	-370.1530	-401.7235	
-211.6913	468.3749	466.1718	26.5817	-67.4956	-73.7764	-75.9664	-202.4791	
13.3549	613.7848	607.5982	191.5845	191.0498	178.9938	177.3950	34.2166	
-283.8996	946.2072	912.1530	394.6230	393.7650	368.7210	58.1833	-192.3654	
-5.5857	640.6461	633.0690	188.4780	138.0088	130.7915	119.6402	25.6175	
59.0141	860.0305	825.5986	304.6121	303.5242	273.0570	96.9190	91.9030	
-323.6387	793.0525	775.2312	217.7652	217.7541	215.9021	-181.5992	-246.7389	
206.1587	437.8027	431.9834	336.3987	330.4678	315.9082	296.6767	214.2513	
-325.0987	867.6194	846.5637	344.9157	330.7154	329.8290	3.5208	-299.8645	
-196.4745	827.2338	807.4012	403.3998	-50.8184	-84.1323	-87.6723	-176.0222	
-420.5437	820.1995	816.6153	54.8546	-32.9255	-366.7443	-36.9637	-380.0725	
-420.0021	580.3341	579.1280	168.3278	-191.3975	-218.1783	-229.0180	-379.5465	
-385.7483	895.3030	849.6970	279.1911	279.1653	279.0302	273.4968	-376.4945	
153.1383	375.4954	373.2929	310.4843	309.5275	307.1964	276.6136	171.5166	
-183.9884	449.3976	446.4818	-35.7799	-46.0234	-62.0580	-81.0864	-142.1168	
-434.5252	632.1799	629.9802	185.6085	184.9715	182.4962	-185.0005	-378.8852	
-183.2292	780.1578	780.1098	398.5450	45.5442	-98.3940	-104.6678	-133.0066	
-527.2054	511.2068	505.1371	-159.9461	-161.2460	-174.5503	-262.4443	-436.3183	
-46.8819	750.4480	745.6830	222.6595	222.6467	218.7596	152.9717	36.8255	
-197.5455	581.8553	577.2927	83.5064	78.2784	76.8784	-82.2369	-172.6353	
-164.5816	579.8334	573.2423	94.9144	91.6756	81.0527	50.3898	-132.3776	
-380.5807	535.4777	528.0100	110.8156	90.7728	90.3078	-251.0597	-370.4238	
62.3823	744.8725	734.5857	154.2386	154.1444	139.9623	132.8809	68.6446	
-478.6214	523.8758	523.1123	152.3012	-221.8019	-274.7697	-279.4239	-456.5868	
-448.3138	840.9079	824.5059	-194.1150	-197.8434	-245.4488	-264.7787	-377.8346	
-289.5962	426.2989	422.4611	229.6104	-160.3280	-177.8514	-188.7497	-258.6720	
-314.5252	894.5603	813.9941	408.8253	400.9058	391.5754	379.6815	-300.8838	
37.4358	711.5498	696.6693	177.6915	168.9431	148.3306	80.9392	51.4925	
-42.5855	874.8329	839.1630	619.1678	618.6770	613.3961	213.9375	178.8469	
-252.3423	622.3700	622.3233	288.3438	287.4256	287.3814	283.7689	-154.9369	
-113.0769	545.2123	543.0059	157.6442	147.1188	125.5602	119.2700	-96.6163	
-331.4562	648.0432	647.9597	202.1165	202.0280	198.9353	-79.8260	-282.1075	
-38.2455	527.1074	525.0507	154.9850	78.6386	71.1730	61.5531	-26.7505	
-400.8918	721.7093	721.5851	176.7148	163.9263	161.9618	-356.7222	-365.7166	
-432.3864	657.4450	650.7914	55.0227	54.7227	-253.4831	-257.5896	-385.7364	
-652.0170	461.7347	461.7357	48.4521	48.4061	48.2906	-116.6250	-590.4747	
-381.4522	656.2540	655.4181	245.9184	179.3355	-216.9525	-241.9172	-319.3256	
-323.1349	527.6449	521.2134	196.4159	166.6714	162.0737	-114.7816	-283.3563	
-337.0632	431.4535	424.6844	329.0104	293.3864	-123.0390	-128.4184	-265.6964	
-157.0061	1045.0148	1043.7847	381.1157	375.2458	13.3347	1.7469	-46.8732	
-10.6233	591.4049	591.3961	122.6728	121.5804	120.2769	64.0932	-3.5448	
-132.2995	1126.5797	1088.2657	582.6642	580.3795	300.2253	83.4416	-101.5093	
-561.3106	396.7028	396.6980	57.9737	-103.4170	-391.7668	-435.4874	-528.0016	
-63.0561	756.2927	738.8559	248.8165	210.7428	202.7345	130.2888	10.4469	
-326.2293	899.5026	897.9059	362.4647	337.6375	336.1084	270.8256	-182.8388	
-217.0801	579.6360	577.9984	58.9361	48.2642	-3.5411	-33.4939	-91.8468	
-178.4039	1047.0746	1017.5665	454.6934	454.6821	102.0544	101.3978	-100.2709	
-42.6314	828.4821	784.6263	578.9229	578.9032	566.8364	562.5612	-34.6964	
-462.2965	501.8209	501.8211	115.9933	-271.1638	-327.0014	-341.1780	-437.8239	
-264.3522	851.0938	844.1636	131.2216	-75.9458	-90.3756	-99.7270	-221.7799	
-371.0416	792.0053	791.9280	320.5556	317.7114	312.7670	303.3458	-327.8303	
-60.0118	573.8722	573.5231	130.9371	127.2080	120.9973	59.5430	-34.9530	
-316.1951	774.1414	773.6994	286.7067	-102.7724	-113.5022	-121.5874	-279.5561	
25.6763	628.0255	628.0213	212.7480	198.5966	193.3094	190.6333	51.2393	
-231.1280	466.7716	461.6287	-5.4811	-56.3269	-86.3594	-174.0555	-195.5686	
-12.7991	638.3948	624.5462	191.3954	142.1098	139.3436	123.5904	34.8228	
98.4634	642.5562	642.2379	263.7627	259.0722	244.4537	230.6556	143.4445	
68.2850	770.5617	754.5091	716.3155	716.1781	288.2019	278.6834	99.8032	
-125.2605	963.1305	962.9967	492.0914	-55.0752	-57.4950	-60.0891	-121.6407	
-73.7423	668.0799	650.0795	557.6217	557.1523	552.0207	359.1477	-12.2625	
-234.8740	979.5944	978.0293	479.3093	479.0186	477.0788	466.7244	-210.2672	
55.6041	718.3949	709.8159	267.5568	260.2411	238.3333	232.8130	72.8917	
-178.9617	559.6138	548.8398	36.6392	23.7816	17.2320	3.6026	-147.4989	
-408.5080	730.7322	727.1962	246.8459	237.7008	236.3042	-146.7256	-368.9655	
80.4509	922.4537	874.1060	240.1685	239.6855	88.2087	86.8927	83.8944	
4.4482	501.3098	494.8951	485.1011	303.9323	233.0875	219.2722	54.2017	
-328.4835	910.1271	903.1779	377.3252	358.6369	357.8389	-294.4862	-299.4137	
-100.1245	555.9619	549.0908	123.0692	119.7620	113.8066	35.9088	-46.8297	
-418.5011	694.1843	683.0385	152.5995	152.2481	-324.8717	-328.8051	-382.0688	
-107.2042	397.4556	394.4845	-4.7513	-7.2072	-13.8147	-24.3555	-80.8195	
318.1348	493.9070	489.2924	469.5160	465.5531	463.9889	428.2181	338.5344	
-236.9402	1064.6991	1015.7462	318.9600	318.4930	-45.5172	318.2176	-154.3897	
117.6237	819.4626	805.1757	747.7114	320.2615	746.4804	333.6097	131.1973	
-371.9623	878.9111	826.8002	306.3976	306.3062	301.4304	-320.0764	-367.4570	
-268.1887	331.2938	326.0358	-132.8431	-138.5837	-138.8475	-168.6377	-214.0675	
-257.9174	398.5825	396.2008	283.2421	248.8182	246.9787	-1.2445	-151.5431	
-315.2793	742.4776	693.2758	288.6225	288.6107	-156.0067	-186.2017	-299.8960	
-422.8640	748.9949	748.0717	-86.1685	-87.1081	-91.9018	-144.4144	-365.0366	
-124.0103	372.0038	371.9982	19.5311	16.5271	13.3991	-26.3918	-112.5728	
-410.7241	659.7660	656.6106	158.4235	63.7817	158.1885	59.2371	-391.8613	
-297.8710	603.6720	582.5311	269.0205	265.0898	-63.5082	-127.2109	-274.4315	
-296.7224	872.0559	858.9260	385.3413	377.9786	374.9528	372.3789	-253.6106	
-250.2322	853.5989	853.4874	251.1408	-116.7508	247.2262	15.2876	-178.2720	
-67.7774	634.4058	633.9778	587.2656	583.1633	577.6614	216.0666	-7.5234	
-506.4933	504.3265	504.2164	-208.6273	-232.3815	-232.4716	-304.9651	-423.5256	
-153.7389	429.7093	429.7067	26.2385	17.0393	-47.1905	-57.9940	-135.6361	
-381.2502	651.3873	597.1598	215.4830	99.3282	-170.7022	-262.7512	-365.2389	
-243.9478	465.4969	462.6792	389.2647	366.2774	312.0880	145.0658	-150.0729	
98.7574	686.9508	673.9439	241.0286	174.5919	171.4515	169.6202	105.9257	
14.3734	586.2116	585.9125	179.1562	178.2090	176.3818	164.5666	27.7184	
-162.3805	559.9632	552.1834	439.4996	437.0650	436.0751	139.9503	-21.8186	
-388.8091	833.4758	781.9218	265.3472	265.1529	216.2710	-242.4257	-375.1817	
-473.5600	717.0926	712.2978	205.9424	-36.9114	-245.2359	-246.3717	-428.4412	
7.8125	642.9820	640.6830	181.9416	181.7361	180.9982	155.6458	80.6641	
119.0032	558.2501	556.7283	197.5287	196.7648	194.5779	181.8807	132.7252	
-453.5776	468.5322	465.6973	84.4644	-243.9335	-272.7817	-279.1898	-426.0645	
-480.4725	465.5224	464.2919	-192.9163	-192.9164	-198.8180	-280.5056	-392.9185	
169.8425	1044.3066	1000.9402	837.0399	837.0344	836.3340	834.2150	182.0475	
321.3838	386.4833	381.5261	367.9923	364.8835	352.4165	340.3644	322.5160	
-39.6153	815.0252	807.8413	506.3796	506.2406	506.0337	57.5026	-9.8368	
-484.2770	580.4237	579.6112	-49.0015	-49.6453	-50.6731	-278.5847	-422.1579	
-342.8189	747.4298	738.8490	338.5585	327.0304	319.4860	312.9773	-316.1265	
65.5018	885.4141	861.2521	209.1949	209.1031	183.6243	179.4217	79.1730	
-60.5535	750.9670	734.0646	147.5462	131.8850	98.0829	84.7021	-19.8437	
163.1673	1077.4875	1022.4444	321.4346	321.4345	319.6703	288.3172	188.1569	
-453.8347	733.9720	733.2110	299.6004	272.8257	258.8644	255.9895	-409.2637	
-254.3125	952.0879	916.7831	425.0093	421.5671	418.3799	414.9546	-236.7643	
215.7693	418.4631	409.9460	388.9678	388.0734	355.9720	352.8803	225.3889	
-66.5950	767.4218	735.0833	155.2317	155.1870	151.3474	107.7863	-53.5321	
