-668.8362	300.5863	297.6974	-77.8044	-561.5339	-80.4768	-598.8848	-599.3731	
-670.4686	334.2253	322.7235	-105.8495	-221.4182	-455.9199	-585.4536	-662.4280	
-551.8324	714.3801	692.5894	-109.1567	-398.2901	-157.1983	-145.7063	-444.9107	
-469.9442	683.2633	676.6840	128.5685	-422.0961	128.8454	-455.6538	-465.9126	
-684.8957	487.2359	471.8642	-210.0032	-596.4776	-220.1817	-619.5928	-623.7275	
-585.3281	630.7007	630.6336	48.7988	48.2320	-514.5870	23.1230	-535.1404	
-492.9821	576.3276	576.1759	98.9123	-461.2148	-462.5808	93.6425	-490.9405	
-636.5602	540.6551	532.5396	-426.4685	-485.9733	-427.4038	-431.6786	-623.6854	
-597.7134	570.2759	568.9607	-89.2002	-517.7806	-126.6106	-552.8706	-556.2483	
-434.8459	692.6071	683.1082	233.9076	-2.2925	229.3352	-311.3373	-404.2766	
-537.0477	708.4099	651.5151	13.7848	9.6445	12.7939	11.0993	-459.6325	
-522.2401	743.9290	730.0690	-166.8539	-428.2083	-218.9951	-168.1189	-521.7050	
-491.5980	741.8244	734.4748	66.8929	48.6847	65.7530	-465.1541	-484.6820	
-693.1654	474.0778	473.9342	-296.7844	-583.8514	-299.9361	-640.2562	-685.6596	
-522.1375	644.1675	638.5345	-96.4920	-453.4477	-105.7775	-500.0808	-508.0379	
-562.6210	533.8392	533.3371	-19.3890	-497.6791	-22.9882	-22.8035	-517.0301	
-555.2528	659.4521	654.8117	-103.9466	-116.0729	-104.9752	-505.6044	-517.7145	
-467.3261	685.2985	684.8450	69.2843	69.2132	62.8039	51.2341	-378.0892	
-534.2179	697.2968	694.1559	64.5242	64.5053	-478.7777	37.2295	-513.1489	
-505.1792	620.1088	617.4149	135.2781	-454.1361	131.7103	134.6504	-503.3692	
-400.0602	735.3354	733.8955	216.8614	-375.5899	-380.4536	-384.0628	-384.4890	
-438.2662	818.5858	804.4787	-77.0907	-89.1562	-85.8897	-350.0192	-356.7049	
-568.7369	687.7461	669.1860	98.3217	38.5626	97.8643	-511.7639	-517.6337	
-818.5335	338.4254	336.2879	-258.5974	-278.0040	-291.6577	-748.4328	-796.4982	
-489.9764	786.0484	785.6907	144.3093	-404.5996	138.6754	-440.9447	-486.8062	
-695.9299	541.2241	517.0248	-588.3727	-601.1275	-640.2749	-591.5256	-676.5602	
-594.9822	608.0667	587.2186	21.5905	-183.5046	-462.3577	-204.5725	-567.0023	
-608.7404	570.2167	567.3294	-252.6382	-569.9352	-252.8525	-607.2173	-608.5222	
-365.2356	881.2604	875.5755	341.0664	340.5582	-341.0594	-351.0678	-361.8956	
-415.7516	397.6362	386.0239	118.8901	-390.2399	-357.4778	-394.4026	-399.5174	
-831.2211	233.9098	218.3125	-188.4010	-561.7531	-744.3885	-748.2468	-748.7425	
-280.6088	755.7212	714.2115	370.9287	288.5306	369.7225	-184.7350	-194.7044	
-727.5777	371.7581	371.1128	-180.5920	-186.2484	-696.1613	-198.8124	-705.0210	
-521.7025	637.0810	626.4654	65.9678	-3.0955	-512.8885	-513.2365	-514.8551	
-743.7362	475.3272	474.0437	-90.4962	-99.1403	-541.7036	-687.3744	-691.8810	
-446.3701	618.0268	616.7589	210.7947	-324.3323	-367.9274	-415.6639	-418.4635	
-543.4749	607.0575	598.3070	66.4003	66.1652	62.3615	-306.9198	-455.8828	
-609.2065	617.1673	565.5677	16.4299	-102.0882	-4.2594	-580.0613	-588.8256	
-600.7834	579.3809	576.1686	-38.2929	-101.2802	-581.1976	-40.6479	-581.0868	
-471.8216	736.6480	732.6519	-164.7934	-408.1260	-182.7074	-449.4894	-452.0110	
-688.5776	556.9336	547.0759	-34.0436	-58.5269	-638.7069	-650.8786	-658.5996	
-425.6301	691.1416	685.7816	102.4300	102.3430	-320.6716	-410.2872	-413.5493	
-570.3130	439.0051	425.8884	-5.8201	-523.0253	-10.1093	-557.2642	-561.4671	
-877.8749	398.5164	373.5921	-386.6949	-717.7536	-388.1247	-755.7455	-797.2216	
-430.4089	795.7502	788.5291	-45.3732	-348.6820	-56.5226	-52.6438	-373.0056	
-621.6781	436.9840	430.1614	-24.5296	-35.9152	-53.6501	-70.6486	-436.4544	
-371.8772	764.2505	761.2636	182.8089	-289.9621	171.5348	153.9177	-370.3355	
-651.6055	609.3386	587.0910	-27.8974	-286.9115	-31.3815	-32.5911	-586.9160	
-815.8498	261.7653	245.2290	-200.9321	-203.4234	-204.2350	-733.4993	-773.5586	
-667.6636	481.8205	481.6658	-202.6705	-206.9770	-222.6354	-597.8394	-613.6857	
-659.2160	589.3510	563.9094	6.0139	-31.8999	-75.8672	-65.1771	-542.8996	
-537.2682	567.0675	567.0570	19.8363	17.0776	-449.4734	-25.7726	-490.4235	
-522.4867	457.0945	430.0529	171.0078	-262.0730	136.1667	-299.8936	-449.6580	
-769.2212	324.7785	303.5680	-427.2499	-709.0462	-468.0066	-760.6182	-762.3463	
-736.0610	580.6514	499.9075	-168.4395	-457.0440	-178.5588	-704.1646	-707.5138	
-449.7877	478.6999	395.9588	107.3378	106.7128	105.8024	-428.1542	-436.0597	
-623.3447	360.6400	355.0623	-115.9770	-143.0048	-149.8167	-596.6751	-599.3618	
-630.5062	481.4039	434.8262	-40.1764	-42.7694	-41.4252	-588.3692	-605.6808	
-535.2316	668.5729	668.5611	-158.9355	-495.4680	-159.0211	-510.0112	-513.5500	
-686.5591	573.0495	551.1215	-39.8768	-112.7716	-72.1216	-120.4667	-683.2699	
-400.6816	658.1972	656.8705	212.4199	-316.0348	-279.8340	-359.1536	-360.3858	
-405.8872	741.6347	741.5964	197.2332	-366.2224	-388.9200	195.1887	-404.3018	
-723.0985	438.9431	436.0941	-85.8794	-164.1609	-96.8670	-183.5653	-711.8794	
-640.9310	314.1319	313.4270	-85.3811	-534.7788	-366.4340	-550.0549	-593.8469	
-452.7847	493.4175	492.8523	139.6547	-75.1842	-326.9724	-363.7733	-364.2652	
-517.9833	690.2182	690.0674	-157.6120	-166.5408	-160.3922	-486.6478	-488.1484	
-441.8265	716.4561	690.3458	226.5339	192.1643	-143.6832	192.3206	-414.5678	
-813.4990	225.0260	223.7769	-245.5241	-725.1776	-245.3327	-749.1198	-754.0721	
-773.4317	478.0050	474.3394	-195.4464	-543.0227	-632.0601	-257.8336	-722.2723	
-571.4744	431.9647	416.8420	20.7277	19.6986	-14.8454	-346.9555	-521.4812	
-445.4793	718.2130	696.1490	144.7453	141.7867	-407.0616	-410.9749	-418.1574	
-540.3811	353.7415	353.3953	13.2088	-208.6781	11.4034	-495.8043	-508.1236	
-695.9108	482.4317	472.7892	-314.7199	-314.7820	-582.5010	-599.7304	-603.8016	
-646.1968	375.4247	374.1612	-53.5432	-548.9571	-96.0464	-616.1135	-629.1288	
-348.4060	661.8683	658.7709	243.3480	201.0107	-94.6700	-327.8123	-328.1834	
-431.3318	681.1439	668.2171	175.4925	132.3930	-388.2944	-410.5284	-413.2383	
-692.3059	635.5902	575.5351	-83.7986	-86.9368	-648.1019	-152.7139	-576.2200	
-683.5683	405.9964	378.6707	-156.3189	-184.4951	-185.5224	-620.9309	-621.8553	
-643.5163	575.3306	567.6907	-30.2385	-30.7487	-31.9076	-547.7663	-618.0624	
-577.4021	573.7815	562.1676	-111.9180	-144.4805	-145.0349	-116.1091	-551.3364	
-756.6932	448.0161	436.3083	-656.3761	-688.9656	-695.1052	-696.2419	-716.2591	
-484.3427	727.3738	725.2701	186.4952	-349.3931	-420.3610	-423.4865	-447.3814	
-568.5421	698.8866	657.6447	-222.4994	-223.9245	-230.0262	-546.8790	-549.2369	
-534.0044	747.8062	747.3598	122.1775	73.6756	120.4946	-5.5745	-520.3908	
-738.7604	355.2532	326.9877	-144.5318	-239.9153	-507.2868	-690.4931	-709.5268	
-425.6700	722.2652	722.2268	42.3837	42.3531	-5.8989	-325.1869	-338.4006	
-740.2098	649.3509	605.5472	-163.2130	-163.2138	-163.4055	-619.2920	-678.4081	
-570.0047	453.0299	447.0850	49.6861	-551.9126	49.6330	-563.5253	-564.8280	
-997.3213	93.3886	18.7528	-398.0780	-960.9520	-397.9543	-983.1543	-995.9874	
-558.7422	505.0909	497.9582	-30.1311	-42.1111	-30.1294	-494.3485	-499.5918	
-832.6180	191.1449	186.0248	-174.0823	-180.3819	-330.6013	-791.9284	-815.9871	
-816.1176	244.0592	244.0621	-207.6633	-228.8968	-302.9148	-665.5631	-774.3035	
-921.6830	221.7869	221.7663	-311.1736	-651.8255	-401.7838	-314.8473	-806.1817	
-599.6144	681.8933	665.5486	62.6104	61.3237	-1.8672	-566.0868	-573.1254	
-391.5800	868.6091	853.9573	295.2716	295.2714	-259.4338	-361.8566	-389.4918	
-626.3987	513.6233	483.6022	-55.7022	-55.9143	-100.8176	-563.5995	-563.9365	
-529.7981	537.6396	537.5308	24.5730	-3.1430	-7.2096	-400.5459	-517.9148	
-404.0230	851.3351	799.5161	252.5111	-155.8664	-348.6021	-364.4086	-365.3175	
-546.3958	474.2112	463.0041	39.4308	-276.5705	37.6695	-507.5529	-520.1123	
-491.1212	647.2617	646.8180	129.7321	-413.6401	129.3691	-465.3230	-466.1788	
-578.8797	701.7487	698.7791	-251.5214	-252.7275	-261.1769	-261.7336	-291.3222	
-369.5725	963.5419	948.6374	205.9403	170.3252	-296.6006	204.2387	-364.9857	
-748.7212	477.8688	477.6566	-142.5922	-215.1387	-676.0199	-686.7932	-688.2210	
-814.6327	333.6617	327.9297	-211.6567	-211.6568	-689.9321	-637.3845	-792.2287	
-571.7943	508.2139	494.8265	56.9715	-509.7731	-524.0764	-531.2409	-540.7100	
-463.9222	580.1083	579.6384	146.7922	-398.7980	140.2396	-408.1758	-436.1951	
-886.4108	171.2494	171.2129	-383.1601	-387.6075	-420.4175	-832.8698	-861.5630	
-697.1612	527.9558	527.7795	-229.0521	-578.6207	-230.5544	-609.2353	-648.1036	
-692.7673	498.7479	460.1094	-57.8746	-533.2612	-73.3946	-628.4081	-657.5305	
-865.0038	176.1899	174.1739	-254.6858	-655.6281	-561.2865	-823.7042	-862.0862	
-629.7846	698.4999	663.8832	-366.1311	-426.9359	-366.1248	-571.5259	-571.9566	
-663.0452	510.6115	505.1105	-88.7476	-89.9342	-109.1387	-109.2946	-649.5145	
-649.9026	522.4232	498.8540	-43.7829	-45.0256	-610.8809	-101.6631	-618.8433	
-1002.3296	219.6598	219.5924	-485.3454	-516.2562	-968.1576	-979.2170	-980.2252	
-473.3977	704.2120	703.0922	54.3900	-423.8436	54.1449	-406.7965	-419.1300	
-718.8175	389.0671	388.6545	-209.7326	-210.5050	-216.2415	-219.6118	-664.1419	
-834.8857	172.5583	165.7899	-358.1544	-682.6114	-362.1756	-733.5539	-754.4855	
-380.6765	911.4151	907.7426	208.1660	208.0581	-320.2938	184.8029	184.4369	
-687.0328	575.4738	575.2916	-144.1216	-551.6900	-144.3692	-651.2771	-679.0212	
-274.4437	948.6837	944.4623	360.9640	351.8381	-238.5051	351.4053	-203.6924	
-469.1414	809.9142	758.1086	224.6182	209.6762	209.2721	221.3580	-269.5886	
-418.8081	738.6556	737.7420	94.6401	82.0276	81.7745	-344.4211	-345.7299	
-869.7721	418.0808	414.6790	-175.8121	-175.8651	-201.7528	-802.6244	-827.4273	
-525.2179	661.9031	661.7532	-1.2237	-1.3325	-63.2839	-450.3545	-465.4861	
-514.5535	860.2507	814.5711	-409.9535	-410.4905	-415.2857	-505.1813	-510.7994	
-725.8547	488.8931	452.9031	-379.9358	-572.4242	-491.9518	-665.4617	-712.4954	
-506.0350	606.9260	598.5189	52.7842	52.2549	8.2326	-434.6269	-463.9904	
-588.6933	568.2432	568.1747	56.6080	-537.9392	-568.5776	56.2273	-549.9552	
-674.5487	531.5659	528.8573	-77.4923	-77.5346	-255.6008	-83.6649	-661.9953	
-289.0132	1038.1234	1030.9595	307.4868	-192.0523	304.1307	241.2972	-287.3269	
-470.6599	612.1530	606.8038	166.7205	78.3106	74.0382	164.8858	-365.2092	
-460.6054	697.3422	696.3240	-7.3420	-9.3412	-12.8608	-12.7156	-433.2145	
-706.9722	-285.9377	-301.6248	-385.3093	-698.9585	-699.7428	-700.2152	-700.4134	
-569.4792	660.9448	655.0589	-57.6911	-446.1141	-118.0025	-482.9320	-526.1941	
-780.5089	404.1426	370.6390	-253.2049	-583.1732	-717.5721	-363.9539	-686.3811	
-697.4549	557.3150	543.6482	-183.3390	-596.0686	-184.6945	-186.8407	-631.6297	
-519.2726	722.8416	720.4748	143.5874	42.7392	95.6745	-498.7857	-517.3378	
-795.1518	320.3020	310.9949	-223.1608	-243.0299	-348.8426	-251.7040	-676.2150	
-589.0464	267.7155	259.4706	-63.1550	-524.7338	-555.6412	-68.8410	-587.8583	
-401.0885	839.4266	795.7580	227.6602	224.9657	220.5299	219.8558	-390.3258	
-525.4805	663.0514	656.8360	79.7468	4.7447	72.2058	-509.8633	-515.2695	
-750.6270	322.5971	320.4300	-299.5971	-335.9066	-309.7307	-717.4653	-724.5835	
-587.2621	444.6998	434.3553	13.0711	-559.7945	12.9403	-564.1989	-564.6523	
-751.2155	404.0958	403.2797	-163.2993	-694.0540	-730.9794	-718.7246	-722.5965	
-418.8510	828.6181	819.1689	-40.2587	-42.5910	-311.3987	-343.0508	-416.8607	
-502.8582	685.7678	683.8477	167.9881	-357.3518	-466.2214	-484.4230	-486.4990	
-298.1590	1055.6266	1039.0588	-213.3520	-248.6347	-213.5972	-259.3544	-260.3737	
-523.9562	369.1311	323.1218	71.9950	71.9730	-466.1836	-463.1111	-486.4108	
-673.4082	473.1912	468.3876	-231.7652	-233.4339	-241.3444	-340.9861	-664.2416	
-461.1025	871.9341	852.2481	-216.0488	-231.2291	-436.5128	-458.5303	-459.2910	
-553.1007	401.1311	395.2847	17.9010	17.0914	-9.1672	-518.2401	-524.3100	
-580.2360	435.2664	429.7718	31.1965	-338.4250	-561.1831	-568.3717	-574.2760	
-587.1843	543.0801	521.1568	-205.8858	-244.5333	-210.1076	-255.1740	-584.6248	
-594.8394	264.7411	261.1552	-84.6575	-87.8626	-84.7065	-580.7390	-580.8172	
-672.6761	455.0032	445.6891	-40.4758	-40.9090	-43.1435	-636.2963	-639.6337	
-1089.2128	252.3181	218.6472	-450.5633	-454.4984	-608.9745	-944.8317	-998.1063	
-359.8031	875.0614	875.0631	33.4137	-240.6493	-16.0174	-306.0632	-310.1493	
-557.1332	572.1989	569.5052	4.4796	-482.4835	-60.4818	-534.0253	-534.2382	
-532.5675	519.8851	517.5683	58.1506	-262.5189	-477.5185	-478.1752	-525.9722	
-293.7462	746.0582	734.3215	316.6251	315.2884	-257.1274	-258.5462	-266.0322	
-590.0327	467.5153	467.3789	47.8895	45.2050	5.9026	-438.0251	-578.0147	
-295.5417	603.0100	587.0136	323.8734	323.8348	-172.4517	-205.0820	-255.1845	
-651.4567	404.7872	398.1808	-96.0222	-528.6273	-597.8082	-603.3388	-608.9904	
-620.6972	422.5373	414.2814	-54.7216	-73.2310	-583.6726	-599.9614	-604.5039	
-559.7624	673.8307	662.8688	81.0232	-58.3404	-472.1850	-95.0236	-99.4332	
-319.0969	830.9436	825.7816	295.9158	145.6212	-282.8394	282.4637	-316.4851	
-548.4955	472.9923	469.4443	11.1434	11.0101	9.7708	-537.3010	-540.2834	
-515.9045	415.1130	414.1288	36.6913	-497.2284	-502.2406	36.5210	-515.7733	
-371.3490	834.4133	826.0550	83.6519	-327.7083	83.5627	-299.3189	-302.4863	
-551.8503	422.6592	415.7528	9.4968	9.0867	-367.6693	-404.7565	-538.0413	
-534.6952	595.4623	592.6436	-441.5749	-491.8171	-450.4804	-518.3587	-532.2382	
-787.3107	373.1908	373.1878	-250.1660	-720.4744	-250.1597	-747.0387	-747.2565	
-712.0500	479.6425	468.5235	-95.1834	-95.6951	-102.0847	-320.7962	-707.4870	
-580.3071	693.0268	674.3136	-324.1263	-359.1483	-331.5930	-524.4086	-527.9098	
-791.9860	-204.8758	-204.9406	-350.7151	-381.7078	-399.2494	-643.2906	-726.3032	
-453.3783	461.2339	461.1395	120.2797	-421.9862	120.1423	-436.4429	-437.0851	
-360.7097	590.4321	590.4148	205.2851	-322.0324	204.8906	-332.7843	-334.4895	
-556.6681	499.5362	494.8113	37.4465	-528.0800	36.0167	-541.7194	-556.2023	
-563.7635	782.0353	755.9079	64.9432	-130.0162	38.1175	27.7964	25.3600	
-698.8559	535.1219	524.4973	-182.6361	-237.9233	-183.1330	-284.0064	-681.2962	
-521.5595	570.0582	504.1410	37.0563	-466.3591	-480.9301	-482.6802	-521.2875	
-399.1122	745.4758	736.4674	219.2443	219.2077	-360.6513	-388.6176	-397.2763	
-645.6280	304.1237	297.8537	-92.1277	-355.9066	-601.2405	-612.4986	-613.6651	
-291.3232	973.3186	966.2709	59.4671	53.5363	52.1846	-285.0795	-285.1670	
-650.8596	469.4292	467.4310	-517.5121	-517.5214	-607.0200	-549.4684	-616.4033	
-623.7116	404.6859	391.2558	-26.6440	-67.7822	-425.5173	-575.3609	-586.7513	
-442.6763	742.7372	731.6140	218.2290	-372.8000	211.7087	-391.5743	-392.1281	
-660.9472	648.2590	618.8333	-34.0182	-39.9048	-596.9801	-560.6870	-565.9848	
-734.7124	386.4451	381.9941	-173.9181	-174.0549	-174.4055	-713.3559	-717.6825	
-617.3259	688.7756	631.4557	-21.6763	-22.4426	-22.0534	-607.3648	-610.4515	
-668.3945	474.6848	472.5010	-330.8843	-375.5975	-382.1959	-644.4324	-651.5939	
-565.3568	656.1672	635.6026	19.8171	-69.6166	-94.6938	14.8848	-528.5502	
-716.3915	620.6818	585.8539	-4.4688	-85.1388	-8.2505	-663.5413	-667.4431	
-705.9566	431.8403	431.2706	-216.9479	-219.4153	-297.8603	-683.7971	-702.2056	
-559.9882	631.5364	602.1179	79.8251	-97.5828	-24.6501	-526.4639	-557.9916	
-443.6241	843.4885	842.5428	192.4603	192.4277	-274.4075	170.9544	-315.4905	
-626.8571	581.8116	577.4678	-260.9923	-565.7921	-293.9143	-604.9848	-605.3049	
-468.0823	793.2048	788.4159	162.6589	-32.9020	142.5042	140.8251	140.5805	
-543.8460	601.8825	600.4118	-29.9787	-35.6253	-36.0885	-37.2977	-541.4444	
-618.0522	655.4110	590.8535	-5.1127	-5.2097	-238.7304	-578.6771	-589.3401	
-487.4638	649.2661	649.1356	17.5819	10.8016	-465.6320	5.6808	-476.8842	
-900.4579	245.2142	242.2235	-262.2390	-664.7543	-861.3885	-869.3899	-872.0326	
-630.2430	431.7639	431.2705	-264.2156	-265.0955	-271.2486	-341.2567	-621.1768	
-402.9187	724.3791	724.3369	155.8564	-362.4550	151.5982	151.4886	-394.6724	
-546.9115	658.1016	657.8799	-120.8319	-121.9442	-409.8943	-215.9808	-225.9116	
-634.7666	569.2272	566.4355	-70.6505	-550.6201	-74.0793	-593.9233	-630.4728	
-431.6859	768.0573	728.9118	99.4190	98.6549	98.2818	-377.2391	-383.7599	
-680.6961	472.5993	470.2896	-42.0671	-478.5474	-163.0205	-612.7000	-634.9771	
-645.6325	679.6429	605.8969	2.6137	-76.1589	-609.2562	-616.5271	-618.3674	
-615.0126	443.4748	433.4698	-29.0825	-559.3145	-32.1146	-521.6985	-524.8926	
-852.3136	559.0721	485.0194	-286.4136	-672.6893	-687.4311	-705.2224	-759.0593	
-861.9967	9.6192	5.8467	-326.8340	-327.0804	-328.5106	-631.2588	-804.1401	
-566.2933	469.4964	469.3972	-0.6078	-8.0712	-230.2210	-551.5065	-551.8846	
-522.3338	632.7734	624.4700	52.4376	52.0445	-458.0402	-488.6249	-494.6943	
-482.6070	282.8805	274.7743	19.5283	19.5157	17.4527	17.2801	16.2947	
-549.7387	422.7322	422.3723	65.0727	65.0688	54.0877	-423.5864	-547.4726	
-450.3334	741.0887	731.6452	208.2821	202.6241	193.2097	-424.8581	-427.4658	
-618.2350	604.6977	604.6990	-14.5271	-16.1393	-17.4377	-18.2904	-611.8735	
-481.9990	441.1010	437.6799	87.7424	-317.6182	87.6123	-398.0712	-479.9808	
-423.6699	622.1681	621.7782	180.3363	114.5159	-409.7449	176.4067	-415.9110	
-703.6087	489.4368	489.4392	-170.3783	-175.4846	-185.7116	-190.9478	-661.7672	
-664.6477	512.4183	505.2582	-5.6563	-18.8390	-583.7761	-601.2756	-609.4818	
-468.2688	515.8208	508.1124	115.7576	-366.7648	-446.3034	-447.1627	-467.6218	
-356.1460	547.1791	546.5592	188.5896	183.2962	-303.2782	-336.4971	-343.6745	
-528.8324	658.2751	647.0591	-3.9091	-315.6622	-89.7058	-370.1554	-477.1506	
-372.2757	816.6842	816.4715	-254.6523	-273.8790	-273.3788	-278.4148	-340.1429	
-383.0857	880.2926	874.1546	285.4793	241.1111	284.7763	-335.5749	-336.4626	
-570.0331	687.3822	677.5399	70.5488	62.4050	64.4278	-537.5462	-547.8245	
-544.4507	547.9757	540.3802	50.2901	40.8172	49.1669	-491.7010	-492.1949	
-787.8370	270.6403	256.1982	-201.9890	-238.6672	-223.9786	-242.4320	-665.0825	
-490.6540	779.1073	763.9546	-27.4846	-30.2696	-38.8221	-446.7501	-456.5039	
-561.6255	725.7910	716.0232	4.8081	-26.2434	4.4931	-28.6410	-497.8612	
-640.3295	485.2917	465.8473	-59.4210	-483.4745	-118.7775	-505.8708	-576.0510	
-735.2213	420.6718	403.3404	-168.6440	-197.9167	-267.5731	-653.7506	-687.3889	
-683.1862	391.3769	380.6186	-109.7709	-625.4324	-117.1790	-117.7597	-676.4058	
-488.0836	726.8369	721.5589	-308.8064	-313.6647	-309.8169	-449.7556	-458.5552	
-674.2093	401.6360	400.5557	-241.3833	-242.5177	-256.8921	-604.3962	-636.7775	
-669.7548	549.2126	532.0774	-29.6633	-582.7502	-30.8710	-597.9817	-613.2395	
-196.4970	1091.6987	1090.7523	518.5714	515.6691	-164.5616	501.1743	500.7366	
-641.4910	477.5924	463.0008	-120.0503	-121.6378	-122.7642	-132.5423	-641.0765	
-430.4979	714.9198	713.5733	104.2113	-394.0306	104.1420	-399.5226	-401.4466	
-794.0493	603.7278	538.7124	-258.5884	-612.1578	-373.4664	-756.3096	-758.4400	
-514.2928	654.2726	653.7331	72.3864	72.2417	-419.4157	-474.4899	-511.3284	
-664.1521	335.6012	332.1934	-108.8434	-545.2946	-111.9587	-113.4966	-618.3598	
-543.1789	608.5148	599.3856	17.3978	17.2258	17.1860	-459.0167	-464.1437	
-686.0075	526.6279	505.1066	-158.0593	-216.0986	-216.1418	-158.9651	-679.7517	
-637.7923	570.5648	553.5008	-31.2364	-31.8481	-95.5810	-555.2135	-606.4201	
-580.0735	657.2733	633.3085	-78.7218	-129.6611	-550.8345	-551.5721	-556.2188	
-528.6168	590.7507	590.2149	-4.4537	-484.3684	-17.0333	-460.0662	-465.6061	
-653.6871	448.2780	443.6376	-110.8818	-584.5188	-115.3670	-608.4045	-613.1929	
-869.2156	347.4262	337.6224	-449.2293	-562.0895	-451.2495	-575.9340	-834.4242	
-538.0102	632.0277	631.7833	80.4100	-362.0026	52.1397	-511.7604	-514.2645	
-435.2346	640.3519	636.9509	185.5199	176.9890	77.1295	-242.5187	-389.0302	
-534.4230	719.6390	704.0410	105.2359	-392.5653	129.7137	-502.7786	-512.9945	
-532.2165	463.1359	461.1463	36.3917	-9.1022	29.9846	-463.5124	-472.6137	
-711.1190	360.0842	359.5697	-125.5600	-125.6141	-145.8460	-582.3138	-600.2179	
-428.2253	530.2069	524.0058	169.8859	-389.7624	-385.2089	-388.0716	-388.3815	
-621.1265	596.4281	593.3687	-471.3572	-507.6756	-539.8820	-569.2504	-571.7161	
-791.2091	365.8459	352.4481	-193.0562	-194.8890	-195.2531	-196.4242	-739.0227	
-490.6985	663.3932	663.0136	154.1973	53.1499	-316.5354	-471.5119	-474.7386	
-401.9940	877.3373	871.3758	134.6098	-299.5650	81.4283	111.6539	-363.7139	
-533.3816	759.3955	745.1129	-197.6776	-202.0869	-229.8503	-482.8986	-486.2753	
-462.8097	780.7688	779.0531	-115.3915	-115.5087	-124.8530	-116.6692	-442.0409	
-349.2502	922.1875	917.4317	213.9515	184.5576	183.8449	212.4118	-345.8813	
-465.6113	872.9427	835.4464	79.3043	-343.4647	5.2828	73.9584	-435.7762	
-578.5085	217.6801	216.8971	-61.5200	-539.5687	-540.4804	-541.4626	-543.0470	
-770.7510	598.6657	570.4756	-163.5664	-572.6706	-169.4334	-669.8035	-695.2442	
-774.1969	461.4631	458.3773	-175.9153	-176.0246	-192.8564	-179.6878	-659.6855	
-391.0606	877.8787	872.4737	173.3694	-260.7454	144.9216	100.5866	-373.8947	
-617.5964	581.0007	580.9861	-314.7874	-321.9250	-516.0949	-324.5834	-536.8990	
-690.2490	443.9476	443.0410	-581.8357	-603.2769	-588.3019	-645.8750	-650.7619	
-643.6135	546.7262	519.5292	-270.7146	-485.3659	-343.7334	-336.3476	-619.5061	
-401.0094	577.7432	560.2739	176.3906	-218.2956	177.2818	-361.2121	-361.9415	
-530.6191	698.6166	696.6867	-26.4992	-486.8666	-28.4248	-34.3001	-493.2159	
-550.7095	575.5180	574.7564	-5.8857	-7.9251	-7.9290	-469.9311	-479.4702	
-758.1843	571.6759	544.1175	-305.2208	-330.5049	-692.5856	-694.4712	-730.9486	
-513.3930	638.9290	629.1113	-39.4951	-389.7543	-58.7226	-485.4530	-488.9962	
-542.9089	657.5941	643.7206	111.6448	53.8670	108.7581	-493.2914	-500.8605	
-584.6537	463.1160	455.8225	-9.3678	-500.5362	-24.5363	-550.7857	-554.1858	
-688.4611	628.3880	569.9974	-581.4673	-581.6214	-648.1564	-683.1213	-684.4037	
-523.7983	747.6396	742.0676	-426.9445	-494.9791	-506.8374	-496.0337	-508.1556	
-335.9942	900.7060	890.0243	59.4065	58.2985	-314.2622	29.9294	-333.4297	
-430.6245	511.6377	505.8709	128.7053	112.3690	-386.6777	-372.6676	-408.0266	
-876.1888	106.3325	105.5741	-281.1338	-373.6648	-476.6630	-290.5478	-856.5615	
-663.2105	459.4289	453.0688	-35.0605	-631.2251	-649.0951	-37.1548	-661.7193	
-697.1343	639.5503	621.7868	-127.8111	-187.9601	-192.4718	-624.3088	-630.0844	
-671.7889	373.5910	336.2952	-123.6048	-123.9188	-130.5396	-650.1179	-669.9446	
-447.5262	768.0066	766.5278	113.0981	-384.5611	104.2299	110.5482	-357.6354	
-538.6634	358.7346	356.4532	27.7327	22.6890	-415.9030	-484.5511	-489.7695	
-446.7154	595.7062	585.4882	140.3939	-385.5547	-353.1386	-414.9842	-415.6154	
-507.1491	664.2081	662.6055	-189.9054	-193.9883	-227.3997	-488.9777	-490.5254	
-685.1892	413.8199	413.6052	-240.2439	-560.3497	-247.5575	-661.8129	-674.3102	
-483.6196	613.7021	613.6516	108.8055	-416.2650	73.2159	68.7986	-478.9612	
-225.3324	986.8333	982.1579	447.9117	447.8377	445.7769	417.5755	396.0278	
-619.3387	608.9797	586.1005	53.1563	-1.1792	29.4659	-450.4248	-571.7458	
-581.3543	564.6134	546.9618	47.5996	-432.6184	46.8446	-530.4106	-578.7758	
-318.9133	968.3343	968.3360	-232.1778	-250.3694	-251.2850	-233.2236	-263.9807	
-347.4685	766.2321	758.4213	289.2169	280.9860	263.7754	-303.5545	-320.7161	
-311.4260	914.2204	914.0800	176.0201	175.5059	156.2081	-227.4002	-263.5742	
-689.2127	462.2875	453.9457	-503.2211	-503.4867	-504.1909	-558.7547	-645.7420	
-407.8455	640.1730	636.4023	218.4844	-371.1241	-339.5069	217.6254	-407.2544	
-389.5834	449.6013	447.6555	126.9211	-333.9755	123.6572	-342.4132	-342.4416	
-541.8283	659.5016	639.0128	-456.8865	-467.8877	-508.1048	-527.3521	-532.0634	
-651.4920	489.6931	486.3656	-58.5188	-547.7414	-73.9651	-517.7261	-537.0790	
-853.7408	354.2968	321.9215	-471.3757	-475.6424	-538.5042	-475.3975	-822.2600	
-468.0628	807.6116	746.5226	4.1934	-105.5863	4.0908	-341.9969	-354.3654	
-521.4809	645.1046	643.8757	104.6312	44.0599	103.3872	43.1942	-520.9727	
-735.8406	191.2610	177.6187	-224.2388	-706.2092	-708.8310	-231.6378	-734.9103	
-507.0095	707.8803	687.5513	42.9240	-364.9059	-375.0951	-379.8103	-476.3554	
-654.5612	281.7773	281.5151	-74.5565	-629.0341	-76.6499	-644.7658	-653.5595	
-461.7207	860.4512	856.8875	26.2845	25.6706	-18.8115	19.8324	-459.9610	
-482.7922	501.5341	501.4629	77.9225	46.1202	74.4766	-433.2760	-439.6492	
-660.9495	423.3980	422.5594	-118.9644	-123.4266	-122.4829	-123.6715	-636.6577	
-396.5417	709.2544	700.5705	192.7331	-336.7477	192.6306	161.1996	-375.5327	
-765.1098	476.8162	473.9826	-400.4607	-704.0102	-423.8988	-741.6262	-749.7830	
-417.0795	870.7219	834.9844	87.6708	-333.8628	63.5957	-368.6801	-378.5949	
-494.4997	703.2945	672.3576	52.3431	43.4521	43.3535	48.4851	-492.6793	
-525.8437	614.4792	609.1235	84.8990	-179.8907	-54.7943	-508.1655	-510.3627	
-607.5208	630.5137	625.1973	-184.7208	-186.2880	-204.9736	-239.2581	-559.5586	
-561.5814	632.4863	617.7718	57.8925	57.7729	48.3825	-398.6971	-440.2568	
-518.3407	621.2211	621.2088	88.8222	86.7279	18.2468	-487.2169	-494.9398	
-694.2405	369.2908	346.8493	-142.5855	-637.1115	-668.5336	-676.3186	-678.5997	
-548.3710	494.1183	494.0495	20.7603	10.2028	-486.0182	-498.0937	-499.3059	
-564.0175	759.5314	701.3962	34.4424	31.5125	34.2376	-367.8091	-479.4781	
-835.2534	-56.3769	-69.9807	-359.1956	-772.3502	-358.7670	-351.7750	-832.5783	
-624.0900	583.0872	569.5399	-29.7944	-222.1763	-542.0150	-157.7083	-563.5479	
-693.9841	460.0448	452.3787	-224.0979	-225.0696	-236.0879	-657.6962	-662.2111	
-489.0916	672.9618	672.6883	-49.2397	-50.3013	-58.6664	-74.9095	-435.9005	
-550.3766	452.5145	424.3914	42.4159	14.2654	42.2604	-479.0135	-499.5720	
-820.0404	448.7928	416.9978	-173.5102	-175.7726	-247.8610	-772.9024	-789.2171	
-533.4801	696.0564	687.2580	48.2805	-1.1630	-516.4165	-510.2567	-512.7246	
-618.9177	356.4499	355.8582	-52.3596	-53.2145	-56.8025	-597.8894	-600.6639	
-716.6351	399.2671	395.2423	-111.8986	-579.0421	-665.2265	-615.7828	-651.1827	
-742.3002	548.3397	516.9955	-149.2438	-164.2463	-307.3718	-709.7326	-712.0071	
-470.8475	838.0201	835.3127	174.6945	141.6310	166.4832	-431.2606	-431.4758	
-426.4403	805.8863	804.9876	-134.4371	-315.1086	-176.8933	-177.4180	-408.6007	
-744.4429	411.6217	364.3313	-190.2225	-231.2504	-199.0341	-698.6530	-711.5401	
-687.2668	509.9908	509.7345	-104.3381	-120.6083	-638.4513	-648.1062	-650.1473	
-661.3177	491.2107	490.5226	-407.4204	-411.1880	-440.2860	-572.5385	-624.8649	
-599.8222	489.5985	488.4859	52.2194	-421.5389	-509.2995	-569.5704	-595.7138	
-462.6455	739.4075	739.2864	-84.2727	-86.3296	-405.3006	-406.8662	-447.6208	
-389.6526	841.2912	838.3966	11.0437	-2.7264	-254.4585	-260.2824	-334.3193	
-727.5885	419.8109	419.8147	-232.4192	-247.0929	-672.0870	-674.5949	-677.6269	
-543.9034	691.7031	690.6625	15.8542	-0.3651	-495.7910	-496.1482	-497.8139	
-706.3535	464.8256	461.4475	-244.5525	-257.4399	-245.4406	-257.9596	-632.2674	
-511.8200	672.1579	664.9512	111.7298	105.7297	77.6958	-450.2734	-469.7077	
-741.9470	364.8276	355.3057	-238.1965	-702.3520	-264.8667	-717.5665	-722.8293	
-439.8154	803.0102	800.5939	-91.8470	-91.8620	-415.7331	-434.6270	-439.5909	
-624.8655	588.4499	560.1604	29.9190	-25.9334	-446.5252	-575.3991	-581.0905	
-469.1464	662.3544	662.2489	-28.3186	-42.4531	-30.0287	-448.9021	-462.5152	
-583.4693	632.1890	594.4248	-2.8898	-86.0299	-86.5511	-568.1439	-569.0809	
-813.2707	177.6059	176.8145	-276.8695	-281.5293	-745.0793	-777.9857	-779.8030	
-534.1091	628.3494	617.8023	-43.4377	-43.6686	-44.7753	-52.2581	-524.5785	
-409.0274	558.4898	555.7949	207.9948	-373.0174	-301.6910	207.9516	-408.6853	
-454.1686	752.4701	745.3762	-39.4738	-423.0319	-433.8962	-41.4074	-437.7597	
-542.6971	647.3742	638.7092	-52.7889	-122.7360	-502.3369	-56.8354	-525.4992	
-547.6008	688.8384	678.8200	123.5397	-391.5466	-496.6695	-507.2383	-512.7430	
-536.7243	691.5777	689.1935	-428.3935	-475.6069	-457.6655	-505.8026	-506.5694	
-598.4586	587.8342	583.0873	6.1562	-314.3297	-524.8663	-573.8919	-581.0749	
-391.0517	802.3845	800.6783	164.6043	119.8619	-325.6083	110.0809	106.7023	
-482.2189	561.2593	558.9000	86.7263	68.1974	-213.9736	-462.9719	-463.8905	
-782.1651	416.0398	400.9517	-198.9535	-198.9542	-225.6687	-673.8719	-677.7477	
-480.2586	732.6398	732.6352	12.8946	-394.8870	12.7032	-426.1665	-428.9753	
-462.4606	725.4573	722.5851	-318.3984	-326.2686	-362.3275	-437.9710	-444.5972	
-432.5060	682.5943	681.3437	215.9662	-304.6035	194.3010	-190.6993	-411.2414	
-622.0941	277.4575	274.8763	-84.8714	-596.1300	-84.8685	-612.0291	-613.0167	
-866.0736	230.9447	228.3927	-260.5496	-739.1493	-731.1272	-806.5915	-814.2499	
-913.4994	490.3429	483.7387	-173.8966	-250.3871	-339.7411	-779.5722	-830.8418	
-341.3453	537.1132	492.0104	-178.1175	-296.0092	-180.5918	-326.2454	-327.9934	
-732.6562	397.6580	393.5356	-671.7039	-677.3234	-677.8301	-699.2722	-718.6013	
-713.6362	377.9556	359.9250	-579.4329	-663.4567	-582.6581	-689.4161	-693.9520	
-296.2019	1018.5386	1017.9225	201.3751	-205.0916	199.8963	-292.4945	-295.0948	
-495.8422	743.7197	716.1002	113.7602	-1.4704	-246.4579	-12.4603	-17.5549	
-594.6839	597.1557	563.4704	37.2948	2.5076	31.1467	-25.1107	-576.7440	
-542.9970	625.3460	617.0673	109.3365	80.7529	76.1054	75.9637	-520.9431	
-711.8017	492.8613	477.0314	-303.2689	-303.2691	-319.3727	-637.5064	-639.4786	
-828.2253	259.5791	257.5870	-340.0337	-352.4622	-358.1267	-342.5507	-801.7572	
-515.7597	698.6813	695.7195	4.3053	-410.4558	-25.0664	-2.7356	-481.3049	
-678.9024	547.1490	530.1362	-64.4904	-552.8727	-577.2320	-643.8550	-647.9161	
-614.4777	629.8688	627.7889	38.8990	-457.4193	61.8047	47.0279	-595.2585	
-756.7696	441.8791	420.8472	-589.3499	-595.1680	-593.4372	-653.6236	-653.8019	
-220.6981	715.9661	697.1488	354.8252	313.1307	94.6079	-147.1164	-218.0967	
-474.1001	543.3720	542.7076	139.9492	-360.9974	-383.8732	-384.2592	-441.0449	
-400.7430	606.6647	606.6129	181.2465	-378.9287	180.9681	175.0216	-348.7010	
-842.1092	406.2076	345.7214	-244.4335	-246.8877	-627.1316	-781.5905	-799.1004	
-652.2611	568.4423	527.0855	-442.5521	-501.1628	-459.1096	-508.2314	-592.3901	
-623.7317	588.9355	588.1502	-159.9263	-162.6906	-585.2472	-589.9003	-592.4984	
-785.9566	450.0148	429.5598	-139.1954	-142.7330	-179.5938	-622.1822	-744.3584	
-647.3491	268.3072	265.5577	-55.3203	-182.9012	-406.4931	-470.9114	-615.0620	
-673.8099	568.9958	541.0055	-143.3891	-143.5419	-144.2446	-156.3834	-631.2078	
-762.0126	310.1555	274.8833	-179.7967	-331.2618	-208.7114	-210.9814	-404.1960	
-763.3575	373.6007	367.9797	-260.1586	-674.5517	-303.2684	-726.0737	-731.2852	
-894.4688	392.8282	368.9194	-352.5596	-393.0347	-407.7157	-421.4594	-806.7888	
-444.4541	605.0443	601.7309	169.9609	-389.0179	169.4365	-416.6744	-419.3788	
-298.0471	937.0990	932.6067	319.3159	316.3273	-222.4338	-206.0964	-280.1986	
-892.5831	449.1558	416.9073	-306.3436	-308.8772	-791.2618	-334.1759	-867.4679	
-372.7506	874.0068	869.4051	100.0766	57.3829	-198.6996	-314.6628	-326.0269	
-580.2854	375.7108	375.4245	-20.7900	-558.0802	-564.6275	-22.2725	-579.1644	
-714.1755	458.3343	449.0540	-401.0873	-666.4928	-406.0097	-703.4028	-704.5845	
-495.6431	706.1990	703.2749	-380.4937	-395.7573	-382.4511	-457.9323	-461.2576	
-365.0195	776.0430	735.0073	265.4379	261.1798	-333.9093	220.8060	216.6384	
-624.4514	406.7731	401.4645	-32.6197	-611.7085	-610.8102	-32.7388	-624.1491	
-580.9913	587.1381	579.0954	-56.0465	-56.9841	-108.4242	-523.4320	-530.1069	
-755.5675	525.6855	511.5480	-254.7417	-297.2700	-254.8974	-300.8669	-724.5575	
-859.4374	363.0378	360.0471	-282.8014	-284.2830	-291.5372	-782.2487	-791.3144	
-721.7253	352.7997	350.9651	-164.8646	-189.6517	-166.1254	-710.0776	-712.8417	
-597.6289	592.7598	592.6146	-258.6587	-258.6769	-324.5176	-456.3882	-516.9693	
-386.9827	613.8224	612.3153	174.9477	-173.3564	174.4804	-372.1724	-378.4648	
-518.5337	706.2602	700.0977	-117.4626	-145.9307	-119.0615	-458.8743	-478.1892	
-461.7981	601.1674	594.9124	176.7438	-391.3979	-370.5822	-402.9563	-405.0077	
-709.6970	459.0307	439.7455	-283.3975	-392.0329	-284.8614	-533.3661	-665.7308	
-511.5419	608.8804	597.6816	90.8793	-493.6759	90.9332	-504.3588	-508.8519	
-452.6022	401.6162	401.4713	63.3855	-407.7432	63.3643	-423.5560	-426.2049	
-334.0094	849.4577	844.0207	265.3453	221.5378	-318.4564	-320.4487	-320.8120	
-508.3023	721.7100	700.9974	-18.4018	-373.5716	-42.5842	-109.8179	-507.0948	
-965.1417	140.4251	102.2183	-366.7499	-908.1839	-386.6345	-942.0329	-963.5545	
-534.0734	589.2026	582.3746	60.8849	35.7398	50.0311	-486.3947	-494.6940	
-501.3865	820.2992	753.4287	223.2839	220.0677	-396.9749	188.0748	-440.5699	
-518.2900	734.2916	668.8113	137.2804	136.8427	-123.0294	-497.8514	-505.6422	
-604.8047	585.1439	562.7055	-105.4964	-141.3146	-110.4768	-544.3329	-603.9857	
-588.0479	167.4852	160.5793	-110.9480	-535.7633	-111.7202	-581.3152	-587.2173	
-533.5915	631.5201	631.4596	7.2453	-11.9366	-23.7166	-424.4449	-428.9583	
-495.9751	528.6343	526.4722	77.9970	54.7422	-329.9814	-382.4102	-467.1612	
-883.9312	298.6476	282.9490	-422.7572	-445.5397	-536.4743	-539.8833	-871.6781	
-457.4157	740.2636	729.9907	37.2175	-331.1960	8.4276	-371.7526	-373.3802	
-496.1929	607.5377	606.8611	34.1836	30.7752	20.3031	-470.6951	-472.8960	
-606.2621	302.8863	295.0498	-14.0915	-555.8292	-568.0645	-573.8466	-575.1883	
-473.8628	710.0468	699.5323	93.8304	66.8713	67.6504	89.7442	-453.8643	
-621.1052	495.5079	487.8552	-535.2111	-547.0184	-579.5985	-595.2149	-599.3766	
-473.1629	635.9090	634.1664	97.5565	-464.4884	94.8393	-456.3846	-458.9050	
-404.7982	801.2637	800.5367	241.3089	235.4423	200.7318	230.2625	-326.5251	
-463.9443	712.3818	705.0397	96.6965	-322.1105	-437.1359	-449.0024	-455.2792	
-403.6949	813.6059	785.9549	-180.6621	-276.5745	-205.4784	-385.1964	-393.1735	
-489.6737	388.0374	383.4892	48.1607	-459.6852	-461.9243	-461.5929	-463.3090	
-625.4713	674.9743	664.6427	21.3291	-83.3684	20.3951	-547.6252	-590.3815	
-489.4730	729.2855	716.5104	63.3226	-450.3892	38.7350	-467.5419	-467.9262	
-825.6937	311.8340	303.4383	-260.0397	-266.9316	-267.0618	-271.2514	-775.5110	
-544.2551	561.8330	554.9761	32.6580	-496.4041	-499.7869	-527.6076	-529.5666	
-598.5035	723.0089	671.1589	-12.5806	-544.7361	-20.6845	-12.1899	-511.1281	
-633.5260	506.2396	479.4233	-18.0815	-114.4441	-597.6062	-611.7361	-624.6298	
-388.9944	791.3724	789.6960	99.7201	99.6266	99.2043	87.2782	-351.5054	
-503.1098	735.1972	733.7882	149.4799	-342.5887	141.1005	-444.6715	-459.8725	
-626.7249	616.8663	616.6367	-221.5027	-222.1686	-221.7398	-618.1441	-619.7159	
-392.9212	714.5015	711.6593	237.5078	155.4993	69.4209	-321.9612	-345.0313	
-620.1329	545.0042	538.9512	-1.4593	-12.9603	-540.7639	-590.3674	-593.0427	
-574.7933	516.2967	505.5918	15.8989	0.9443	10.8385	9.3882	-460.9267	
-632.9389	491.2588	491.1434	-51.8668	-64.0955	-589.6784	-69.6169	-625.4303	
-535.3744	504.7344	416.7257	147.7447	145.4206	120.5716	126.9563	93.2890	
-660.1942	574.4531	562.3464	-8.0312	-554.0070	-69.6329	-640.0290	-643.4482	
-384.0787	744.0078	743.6961	184.7937	144.8426	-335.2282	143.2080	-379.4404	
-622.6011	465.6422	457.6427	35.6508	-125.3666	-470.6830	-434.4498	-458.4461	
-271.2238	1002.7503	1002.7181	319.6546	315.1016	319.0837	-241.9461	-245.1522	
-660.1738	535.1684	534.6285	-193.3515	-200.6381	-198.1932	-617.2595	-621.4757	
-538.7106	646.4222	636.0076	163.8129	-305.9520	-289.2146	159.7936	-450.8476	
-536.0764	622.3214	620.8440	-150.6416	-452.0510	-160.8327	-475.3396	-476.2959	
-510.8242	581.3472	579.4556	66.4329	66.4266	65.9904	-506.6145	-510.7385	
-653.8365	485.8554	484.3805	-166.3274	-215.6154	-180.0451	-587.3129	-595.5783	
-406.5506	865.8435	865.4748	-197.7256	-240.2837	-204.2869	-395.3143	-405.0779	
-490.8669	544.7789	537.2549	97.2240	-457.7203	95.9119	-468.5392	-470.2270	
-496.1779	635.7703	623.2394	80.0136	-383.7540	78.7197	35.0622	-476.9003	
-648.0428	512.2396	503.9268	-61.8015	-595.8290	-614.5114	-627.3285	-629.1616	
-565.5901	667.5843	642.2766	-132.5330	-454.2408	-194.7456	-140.3593	-539.1539	
-606.1483	574.1689	573.1213	-81.5801	-506.8968	-99.6022	-546.4559	-550.0698	
-414.7067	577.7374	569.0246	221.1012	-125.8172	212.7139	-319.4599	-325.6130	
-801.1471	511.3099	460.3162	-123.7432	-142.3842	-142.7914	-767.4250	-792.0194	
-626.2044	577.4578	574.6849	-94.0290	-100.2638	-585.5553	-587.6416	-120.1613	
-594.8916	495.4163	481.9132	14.5800	-31.5326	9.1092	-422.9345	-463.2629	
-429.3231	743.4172	698.8371	211.6209	191.4140	-266.2490	146.6951	-409.7961	
-481.1725	577.9092	569.4479	99.7312	-401.0413	99.0933	-441.5868	-470.2035	
-521.6892	476.8101	476.2366	41.2469	18.4543	-512.7770	-327.5809	-431.6333	
-409.9467	756.6622	752.3184	-64.0109	-307.6042	-83.7375	-380.4508	-382.3945	
-839.6195	366.5864	355.8451	-153.2459	-223.0308	-183.2094	-728.3964	-784.8052	
-388.4081	828.8280	823.8157	218.1244	215.0189	215.0002	201.6776	-290.1027	
-457.7187	748.6038	741.7696	3.6554	2.2281	-14.1614	-364.6500	-437.6776	
-531.2515	695.8715	690.8587	10.1945	-47.4394	7.4827	-459.8783	-469.3798	
-503.2131	634.8779	614.7676	123.5335	61.0901	114.6066	44.9757	-279.2856	
-400.6670	725.5284	723.5136	252.3041	-256.7849	-322.9168	-378.3504	-398.9931	
-405.7121	641.2857	637.5653	156.4493	-370.1859	-381.1012	-383.2447	-384.9346	
-665.6480	477.9218	476.0144	-222.4627	-588.5109	-254.2885	-653.1761	-655.5172	
-663.4747	436.5155	380.3019	-50.5946	-67.5331	-84.1790	-588.3874	-644.8520	
-429.6501	375.1739	351.9845	248.0073	224.4945	182.1210	227.6567	-349.2280	
-574.0990	619.3533	615.4084	67.3035	67.0372	-434.1113	49.2985	-522.0984	
-844.3003	440.7002	400.6723	-233.1629	-239.9997	-260.0664	-649.5044	-801.2012	
-543.1011	738.3567	737.6358	47.6961	-26.4753	-467.8972	-44.4117	-47.4651	
-493.7476	656.8045	652.6949	96.7642	-453.6256	-453.3671	96.0004	-492.5748	
-978.9894	207.9641	206.2334	-352.0177	-352.0211	-406.1488	-683.2626	-960.7568	
-646.4335	369.8585	365.2525	-27.4511	-231.2649	-42.5978	-517.9550	-630.5128	
-794.0160	373.5735	357.7274	-210.0571	-211.4680	-210.7475	-760.3592	-774.8324	
-548.3988	612.5591	586.1046	77.4137	55.9725	-520.0470	-19.3705	-539.8340	
-735.6759	143.0932	140.7466	-169.0518	-520.3658	-191.7699	-668.6390	-687.7049	
-530.4249	420.7934	414.0139	96.1215	-458.1015	-473.5956	-518.5628	-528.6637	
-727.4090	409.2329	408.8695	-157.7342	-255.1152	-161.5149	-490.9388	-682.1490	
-326.9331	887.4933	887.3592	-235.5752	-243.7918	-295.5859	-237.0632	-296.9433	
-396.8893	505.5457	460.2800	247.3144	245.2125	246.3395	-262.5871	-393.2517	
-622.1273	589.4638	566.6359	-41.2238	-45.0359	-104.6590	-106.6709	-582.7849	
-498.9358	817.2141	702.6495	159.0961	159.0426	-189.7343	141.6924	-479.9294	
-580.7947	665.0776	661.1237	-4.4528	-43.4744	-61.1653	-534.0993	-542.1912	
-334.9000	949.8302	927.2885	344.8655	300.3810	253.8766	249.8015	-333.1055	
-1075.4108	135.5164	133.1664	-598.8930	-604.7169	-605.8807	-610.3727	-958.3363	
-452.2340	907.6678	871.0551	99.5255	-368.4165	21.1020	97.3952	-384.5721	
