-2488.3852	-1273.3073	-1307.9232	-1951.2699	-2190.2767	-2401.9322	-2404.2199	-2442.7726	
-2733.6887	-1829.2510	-1832.8133	-2017.8057	-2285.3839	-2410.8935	-2569.4604	-2607.1228	
-2038.6034	-1231.5341	-1231.5351	-1461.5271	-1911.8998	-1912.1653	-1937.5557	-1964.3179	
-2086.1993	-991.7751	-991.8629	-1414.6743	-1416.0014	-1917.7124	-1952.2786	-2011.7599	
-2167.1517	-995.4893	-1005.2207	-1640.7660	-2020.5005	-2071.6608	-2080.3989	-2092.4231	
-2539.6657	-1310.8676	-1316.6154	-1736.8599	-1784.5234	-1856.8681	-2036.3101	-2473.5786	
-2035.5413	-739.5605	-773.5872	-1271.7253	-1418.1385	-1755.9746	-1777.5361	-2002.9137	
-2106.9010	-1034.6794	-1050.8105	-1397.4405	-1413.4419	-1487.1839	-1812.8261	-2053.9322	
-2451.8320	-1476.1649	-1476.3720	-1813.6002	-1934.6656	-2274.6480	-2295.8949	-2422.3462	
-2638.8280	-1506.0243	-1513.3003	-1968.0178	-1974.0324	-2441.0233	-2502.5591	-2583.4442	
-2161.0434	-1055.5220	-1057.6491	-2083.6379	-2120.0796	-2123.5973	-2132.9929	-2139.0305	
-1821.0781	-441.9961	-465.2761	-1050.7337	-1051.4166	-1051.4210	-1057.5022	-1801.7653	
-2223.4905	-869.4716	-887.2255	-1389.4384	-1417.6750	-1439.9328	-1884.4337	-2202.4074	
-2243.9807	-1207.8610	-1211.2309	-1603.5123	-2045.4922	-2121.5810	-2147.0032	-2167.9773	
-1920.8657	-658.1234	-659.3965	-1198.1821	-1417.5849	-1559.0945	-1649.8718	-1851.1665	
-2529.9543	-1435.3391	-1498.1878	-1889.2257	-2134.4956	-2205.2451	-2233.4088	-2487.7893	
-2198.8482	-907.8357	-946.8999	-1693.0675	-2072.3832	-2126.4350	-2130.0368	-2135.8749	
-2395.2867	-1521.1932	-1522.6916	-1842.2234	-1886.1863	-1888.3497	-1899.2195	-2263.0748	
-2512.6277	-1200.5819	-1213.0419	-1692.9401	-1693.4279	-1752.3082	-2241.2750	-2263.4982	
-1658.2199	-96.8236	-159.8296	-847.7524	-847.9582	-847.9999	-850.8068	-1605.8990	
-1956.6513	-759.1695	-779.9096	-1268.9938	-1598.8398	-1908.7627	-1923.6250	-1934.8421	
-2273.2767	-799.1334	-821.9096	-1484.5911	-1485.5476	-1489.7721	-2020.2518	-2041.3071	
-2112.3368	-1173.9014	-1175.4145	-1470.9211	-1800.7148	-1896.9359	-1898.9786	-2098.4956	
-2310.4477	-1057.7964	-1080.2847	-1960.7902	-2048.3500	-2097.4153	-2101.8892	-2139.4413	
-1947.7204	-723.4403	-726.4428	-1186.6993	-1297.0182	-1637.1874	-1664.9616	-1671.1094	
-2129.3035	-1235.1930	-1245.0060	-1493.4450	-1560.5278	-1650.2306	-1723.4671	-2094.7846	
-2038.5569	-1090.5277	-1090.7775	-1397.5297	-1837.2405	-1930.0803	-1972.3277	-2007.3916	
-2585.8075	-1709.3069	-1723.1062	-2017.9054	-2025.0789	-2515.7760	-2562.0165	-2583.2276	
-2346.5324	-1279.0985	-1281.5422	-2019.9868	-2225.1302	-2248.4045	-2283.8015	-2333.2704	
-2024.7929	-1316.4823	-1346.9240	-1497.5042	-1949.1755	-1957.3721	-1974.0644	-1990.7529	
-2245.8490	-993.3892	-993.5030	-2038.0724	-2078.9620	-2092.1491	-2129.9305	-2208.9931	
-2310.5231	-854.8610	-855.3477	-1468.1164	-1474.7100	-1490.4833	-1504.1341	-2223.8116	
-2102.0966	-837.7175	-837.9485	-1418.6751	-1873.1959	-1883.0727	-1942.7187	-1974.7677	
-2486.8963	-1578.4043	-1590.0428	-2035.3721	-2206.8370	-2355.5382	-2403.7727	-2444.0835	
-2054.7231	-585.0724	-585.3243	-1244.2246	-1248.2830	-1256.6625	-1880.2420	-2035.2514	
-2327.7048	-1337.2991	-1337.6174	-1663.7732	-1986.6193	-2178.1153	-2214.8718	-2250.3625	
-1851.8522	-1196.5958	-1213.8451	-1385.1536	-1393.2019	-1399.6544	-1410.4776	-1834.7492	
-2029.0389	-430.6064	-470.8097	-1217.3603	-1219.4752	-1219.5860	-1225.6304	-2008.7326	
-1896.8508	-754.0486	-759.9142	-1491.8902	-1492.6252	-1802.1183	-1821.7005	-1884.5623	
-2118.8252	-786.1731	-810.0497	-1308.1521	-1323.0241	-1337.0752	-1355.0891	-2042.8088	
-2029.5488	59.8262	-93.6394	-1363.4967	-1363.7973	-1364.9785	-1365.8997	-1381.3678	
-2043.1861	-644.1824	-703.3278	-1280.7519	-1286.2993	-1471.9367	-1944.2665	-1973.3054	
-1870.2831	-647.1786	-647.5990	-1135.5301	-1135.5313	-1356.8111	-1541.9469	-1830.3248	
-2370.9814	-1074.1740	-1087.2104	-1956.7193	-2117.9373	-2125.7217	-2249.6983	-2274.2683	
-2342.4313	-1361.7875	-1383.0874	-1611.8723	-1842.7709	-1973.8160	-2118.0554	-2254.4704	
-2253.1545	-1267.6780	-1268.4984	-1598.0378	-1675.2185	-1688.6265	-1695.2988	-2235.9712	
-2153.5535	-980.0107	-980.2085	-1816.2900	-1870.9870	-1887.8669	-1952.1522	-2066.4362	
-2191.8126	-832.6871	-836.4388	-1412.9601	-1485.6359	-1869.7411	-2043.5080	-2127.7177	
-2081.1182	-1051.8124	-1053.5176	-1436.5347	-1944.4107	-1950.1056	-1968.2439	-2028.7335	
-2011.1327	-1368.1037	-1375.3402	-1552.1196	-1862.0203	-1960.1865	-1981.7674	-2003.7013	
-1979.7364	-816.5562	-818.0925	-1247.5462	-1684.6080	-1792.8226	-1846.9970	-1967.5710	
-2061.0196	-1008.0199	-1044.1807	-1381.9458	-1395.3665	-1397.8243	-1416.3822	-1950.3502	
-2101.1064	-1031.2017	-1034.9818	-1455.0056	-1864.6271	-1972.6390	-1987.8505	-2070.3974	
-2044.6406	-884.3728	-920.5994	-1546.0317	-1770.9794	-1904.0878	-1912.4792	-1976.1283	
-2308.1056	-1368.2393	-1393.5387	-1697.0229	-1699.3794	-2211.4122	-2224.0156	-2280.6282	
-1999.3472	-693.7819	-717.0886	-1217.4205	-1238.4338	-1679.6332	-1730.1406	-1985.8227	
-2166.7208	-1082.0657	-1088.0663	-1637.3886	-2041.0284	-2048.0896	-2057.6031	-2069.4714	
-1985.6802	-777.9030	-785.7951	-1263.1516	-1297.9158	-1298.0645	-1300.4822	-1951.4410	
-2479.0649	-1268.9023	-1332.2775	-1774.6101	-2067.3179	-2182.9544	-2229.6570	-2407.2989	
-2335.2016	-1239.1716	-1240.6890	-1566.7068	-1973.3697	-2048.7447	-2157.8774	-2176.5649	
-2345.2576	-1330.2478	-1344.1727	-1942.2726	-2260.5674	-2266.4961	-2274.9890	-2337.0679	
-2165.4110	-1057.7313	-1057.7281	-1464.2084	-1465.8128	-1779.6613	-1829.9166	-2146.2984	
-2470.9049	-1381.5379	-1395.0015	-1815.8921	-1822.6034	-2215.9260	-2321.7139	-2426.2951	
-2159.0875	-1044.9056	-1050.9851	-1518.7653	-1961.3839	-2005.6368	-2061.3704	-2144.7276	
-2064.9961	-781.9137	-782.5322	-1329.1430	-1382.4903	-1829.4628	-1906.6091	-2022.7554	
-2044.5521	-925.1899	-928.7379	-1451.5947	-1935.2991	-1941.5860	-1942.5658	-2003.5079	
-1896.9768	-604.6898	-613.0637	-1167.9103	-1167.9454	-1618.3287	-1662.2568	-1705.7853	
-2120.7705	-1314.5499	-1318.6318	-1469.0336	-1781.7587	-1835.0190	-1877.8052	-2100.7283	
-2259.8292	-1385.5835	-1439.6608	-1720.6300	-2080.7183	-2139.3607	-2203.8306	-2242.4301	
-2031.2674	-786.1218	-789.5542	-1428.3818	-1774.8581	-1792.8026	-1836.4925	-1986.8805	
-2339.8502	-1409.2248	-1411.2805	-1750.7987	-1814.2484	-2058.1527	-2170.4965	-2331.8549	
-2478.3340	-1363.3567	-1367.2805	-2125.5368	-2322.6128	-2346.0271	-2356.9564	-2409.2732	
-2289.8349	-1409.5308	-1410.6305	-1672.7209	-1674.9903	-1684.3801	-1698.0104	-2270.6696	
-2468.8786	-1409.5545	-1409.9020	-1709.3042	-1709.4258	-1773.8438	-2220.9091	-2407.0811	
-2464.3548	-1242.1475	-1255.5069	-1693.6129	-1701.3788	-2280.1167	-2302.7363	-2372.1896	
-2456.8779	-1347.7655	-1374.8412	-2145.5223	-2145.5246	-2370.7340	-2379.9672	-2437.5454	
-2120.4414	-923.7270	-945.7984	-1775.9905	-1825.0004	-1884.4152	-1952.4310	-2056.8452	
-2029.3944	-363.0116	-455.5275	-1193.3127	-1197.0878	-1198.9109	-1201.4084	-1214.4753	
-1989.7397	-1060.5689	-1078.5901	-1345.7767	-1850.1934	-1869.4732	-1906.4188	-1978.3544	
-2112.9652	-1333.7012	-1333.9630	-1535.5177	-1537.7227	-1672.3310	-1789.2089	-2085.2595	
-2250.2842	-1091.7086	-1100.2650	-1565.6199	-1596.2917	-2103.7444	-2183.1080	-2198.0135	
-2311.2696	-1454.0998	-1455.2145	-1720.9882	-2129.8142	-2147.2935	-2163.3863	-2221.3757	
-2004.9320	-1173.4740	-1176.0731	-1391.9895	-1908.7679	-1920.8557	-1929.1664	-1993.2675	
-2083.2844	-947.0313	-985.0606	-1493.2384	-1991.8338	-2040.7679	-2044.9605	-2053.9145	
-2085.7923	-848.1497	-858.7006	-1322.3135	-1463.9132	-1736.6076	-1810.6294	-2046.6402	
-2136.1175	-1205.5770	-1207.4774	-1497.9009	-1710.0242	-1976.5381	-1978.2153	-2003.4886	
-2420.1770	-1374.5487	-1387.8973	-1842.6127	-2184.2496	-2218.6109	-2275.5394	-2407.3102	
-2320.0591	-1656.3794	-1656.3910	-1780.6666	-1873.0697	-2133.7634	-2138.9634	-2168.8253	
-2620.1590	-1444.2222	-1452.4847	-2150.5342	-2255.0921	-2329.1482	-2429.2987	-2600.6310	
-2359.4818	-1443.9240	-1446.1186	-1694.2700	-2017.2985	-2181.4739	-2293.7869	-2313.3168	
-1974.5031	-575.9876	-582.9636	-1362.5400	-1362.9369	-1366.6090	-1879.2898	-1953.6267	
-2330.7442	-736.6896	-815.3747	-1576.9346	-1576.9911	-1577.4442	-1578.6786	-2254.6761	
-2152.0869	-1008.2874	-1008.3362	-1397.9381	-1400.8302	-1475.0801	-1650.1934	-2123.1380	
-2213.8089	-888.0423	-894.3287	-1448.9097	-1449.2954	-1449.5011	-1475.3013	-2164.0782	
-2250.4911	-1286.1666	-1286.1960	-1716.0386	-2149.2413	-2169.1790	-2174.0030	-2185.0521	
-1949.4628	-724.5130	-744.8617	-1160.9614	-1591.1261	-1702.4210	-1721.9531	-1843.3587	
-1924.8636	-480.6887	-532.7481	-1152.5659	-1153.7677	-1159.3580	-1162.9753	-1918.1125	
-2305.3989	-1177.6614	-1202.1879	-1639.8006	-1643.2670	-2060.3137	-2140.0530	-2263.8235	
-2297.3681	-1131.7686	-1136.1785	-1786.4711	-2092.1171	-2205.3542	-2206.4237	-2273.2214	
-2105.3502	-1066.1533	-1075.1223	-1417.9816	-1895.7753	-1898.7950	-1906.6188	-2009.4968	
-2199.9229	-1063.8680	-1092.0233	-1514.5524	-2065.1144	-2071.6884	-2086.1462	-2146.1458	
-1643.6430	203.3771	103.4805	-814.5777	-814.7576	-814.9630	-817.5294	-823.7148	
-2006.0186	-515.4667	-528.5560	-1178.2019	-1194.0287	-1212.7833	-1231.2493	-1700.4001	
-2482.3905	-1516.1306	-1534.0429	-2262.5133	-2373.0203	-2385.7365	-2409.8154	-2452.4591	
-2560.9480	-1717.9440	-1722.6130	-2050.0954	-2054.4056	-2400.9098	-2421.8513	-2444.7332	
-2463.0749	-1482.0103	-1489.8637	-2038.8443	-2275.2665	-2344.9099	-2381.6345	-2443.7640	
-2110.1925	-1018.9277	-1029.7482	-1444.1244	-1737.6654	-1912.1242	-1964.9021	-2058.9828	
-2147.1692	-583.5905	-614.9870	-1330.7733	-1348.9874	-1358.6126	-1378.4105	-2106.3503	
-2084.3631	-976.7683	-978.1408	-1400.7185	-1954.5869	-1975.5910	-1986.0985	-2021.6124	
-1917.1214	-826.5609	-829.1631	-1226.2044	-1728.5134	-1773.7299	-1819.3609	-1871.1131	
-2222.5241	-643.9178	-701.6751	-1463.7300	-1463.8105	-1467.9886	-1469.7054	-2206.9398	
-2496.9030	-1176.8391	-1206.5075	-1653.5865	-1683.7185	-1685.2607	-1701.5244	-2434.0270	
-1975.3649	-1405.5585	-1405.8624	-1461.3648	-1798.9327	-1871.0355	-1887.6685	-1926.7339	
-2462.4148	-1949.5970	-1949.6440	-2038.7468	-2084.7387	-2097.4169	-2105.1550	-2436.3096	
-2649.7602	-1598.4839	-1599.7225	-1987.9535	-2013.7679	-2341.7849	-2404.1417	-2472.0098	
-2433.2997	-1623.1532	-1627.8144	-1948.7348	-2278.5895	-2347.3173	-2394.1722	-2409.1702	
-2833.1711	-2258.1166	-2270.3744	-2372.8208	-2408.3619	-2412.0165	-2433.9510	-2469.9324	
-2105.5309	-857.3870	-875.5371	-1775.4361	-1777.4022	-1962.3469	-1986.7311	-1986.9435	
-2175.0547	-624.5453	-646.5428	-1440.0190	-1447.2328	-1873.5158	-1918.6067	-1949.4117	
-2438.4730	-1391.4689	-1403.7124	-2174.7394	-2183.2912	-2286.1220	-2329.8839	-2367.5986	
-1923.9140	-894.5315	-908.2278	-1272.2665	-1443.4233	-1591.0409	-1600.8737	-1622.0054	
-2656.4098	-1514.6446	-1514.9469	-2165.4968	-2463.8456	-2497.9978	-2554.5427	-2601.7067	
-2197.2351	-514.7933	-583.7207	-1348.6792	-1350.5583	-1352.1810	-1368.7185	-2138.3262	
-2100.6904	-985.0465	-985.1170	-1416.2095	-1941.1836	-1950.5133	-2009.6755	-2064.9466	
-1873.8827	-645.8592	-672.8530	-1122.0193	-1450.2043	-1626.2428	-1640.8319	-1837.7780	
-2138.6137	-663.0393	-702.0662	-1862.8425	-1906.4500	-1916.8283	-1924.7553	-1955.3328	
-2057.0581	-1459.6845	-1460.4015	-1565.2619	-1754.6837	-1918.4468	-1959.1694	-2014.1162	
-1891.4394	-579.0107	-597.2845	-1231.6646	-1681.2914	-1686.6532	-1697.5776	-1865.5271	
-2338.9030	-1265.7049	-1265.7158	-1651.4147	-2165.6165	-2171.9331	-2185.9083	-2302.7913	
-2202.1933	-726.7054	-791.6587	-1415.8118	-1417.0365	-1425.9620	-1439.3067	-1944.5907	
-2274.4349	-914.7459	-959.2179	-1508.9020	-1514.9733	-1517.8528	-2082.6569	-2097.7240	
-1812.7107	-684.5728	-694.7354	-1124.1213	-1175.2603	-1312.6567	-1740.0027	-1747.0234	
-2281.6919	-1697.4738	-1697.9425	-1851.0073	-2041.5871	-2172.0072	-2188.6244	-2234.2373	
-2395.0488	-790.0965	-807.1505	-1658.0206	-1658.2748	-1680.4603	-1696.2509	-2373.1506	
-2571.8476	-1813.0909	-1814.1212	-1966.1705	-1971.3558	-2088.3864	-2145.2043	-2396.1207	
-2237.2490	-1391.1673	-1391.7831	-1659.9528	-1949.3810	-2015.9464	-2044.9133	-2189.8229	
-2002.6665	-844.3518	-863.7879	-1892.3988	-1916.3339	-1935.5898	-1971.6327	-1985.5711	
-2056.8246	-794.3787	-807.2674	-1337.5017	-1361.1667	-1364.5106	-1375.4262	-1380.4747	
-2063.6465	-218.0597	-326.9943	-1276.8696	-1277.4778	-1277.5845	-1280.8656	-2040.6978	
-2298.6395	-1204.7036	-1211.4986	-1987.8348	-1996.7521	-2106.2849	-2146.8823	-2288.6972	
-1932.5607	-677.6116	-677.9820	-1178.9836	-1225.8385	-1228.8128	-1239.5156	-1924.9623	
-2406.4111	-1488.1881	-1503.7355	-1701.2182	-1701.8466	-1734.4420	-1746.0233	-2372.0749	
-2043.8994	-1212.9807	-1218.2090	-1494.1729	-1957.2553	-1966.0968	-1971.1400	-2015.8066	
-2275.6969	-1017.6931	-1033.0830	-1550.6566	-1561.7178	-1946.1948	-2075.1275	-2237.4706	
-2414.7959	-1232.1415	-1244.9134	-2239.7199	-2256.0597	-2261.6812	-2316.7251	-2338.3759	
-2348.8050	-1254.6932	-1255.2012	-1822.4656	-2089.6119	-2173.8805	-2215.2915	-2270.7223	
-2317.8359	-1306.5367	-1345.9861	-1551.2620	-2006.8314	-2087.2468	-2100.5807	-2271.5116	
-2200.5967	-1200.9089	-1201.7227	-1522.2486	-1540.0207	-1796.6554	-1931.4808	-2161.7831	
-2282.5674	-1198.2217	-1198.2346	-1793.9145	-2199.6251	-2205.3403	-2238.6942	-2271.4191	
-1933.3527	-1295.1264	-1295.3670	-1478.3326	-1864.2933	-1905.3730	-1911.0454	-1921.5481	
-2012.6449	-1579.1564	-1580.8046	-1617.2500	-1645.0897	-1674.3818	-1723.5275	-2005.6539	
-2382.1944	-1419.6970	-1431.5399	-1944.7874	-2278.5573	-2284.3435	-2341.2738	-2356.1958	
-2641.3809	-1779.9727	-1780.4562	-2436.7099	-2511.1335	-2547.9132	-2554.6877	-2602.2968	
-2006.9285	-910.3410	-926.7311	-1274.1619	-1613.8912	-1758.6789	-1825.9922	-1969.2538	
-1870.7671	-453.9295	-464.5876	-1044.2264	-1467.1618	-1490.3602	-1809.1182	-1832.2178	
-1988.3150	-913.5543	-915.3926	-1309.8709	-1766.9524	-1785.9967	-1799.7540	-1955.0601	
-2530.2912	-1195.9730	-1244.2768	-1966.5003	-1999.1058	-2093.3561	-2203.8901	-2280.1425	
-2161.4140	-1134.8013	-1135.5615	-1583.6271	-1587.8979	-1950.0821	-2057.5593	-2087.0808	
-2480.7418	-1291.6617	-1328.7990	-2217.1682	-2223.3341	-2331.7134	-2399.1647	-2437.6562	
-2229.1759	-1054.0911	-1054.3580	-1532.2943	-1536.9227	-1547.1770	-2003.8226	-2106.9895	
-2303.2253	-1369.0829	-1369.5882	-1770.2376	-2052.1331	-2158.5033	-2206.3583	-2231.0466	
-2453.6191	-1309.8749	-1321.3013	-1898.2753	-2279.3450	-2310.4281	-2322.0044	-2405.7449	
-2498.8237	-1420.4969	-1425.2121	-1969.4822	-2221.2516	-2238.9118	-2303.6195	-2449.7675	
-2423.3683	-1212.9693	-1221.0819	-1870.0569	-2103.2898	-2142.8412	-2149.2770	-2315.2352	
-2095.4945	-1085.5538	-1085.5862	-1461.6502	-1990.8502	-1994.7287	-2008.9481	-2068.8603	
-2376.6447	-1370.3918	-1370.4978	-1797.5054	-1822.6246	-2168.6924	-2212.0581	-2249.9107	
-1842.3920	218.0941	25.8624	-1012.6647	-1012.8848	-1012.9751	-1013.2539	-1016.4213	
-2334.5318	-1265.5422	-1268.5685	-1675.6767	-2176.1490	-2196.5610	-2232.6577	-2297.4516	
-2152.4109	-965.6264	-975.2445	-1940.1594	-1988.0591	-2028.9281	-2095.0661	-2146.8924	
-1842.6034	-890.4613	-901.5051	-1203.5725	-1464.6590	-1612.4587	-1618.1128	-1635.1512	
-2223.5431	-1280.3550	-1280.5771	-1637.2876	-2053.9903	-2077.9250	-2103.4125	-2134.5069	
-2335.3799	-898.4140	-916.0219	-1531.3135	-1540.7766	-1565.9738	-1569.2944	-2254.7297	
-2030.7204	-782.5459	-786.7199	-1220.1624	-1796.5150	-1891.1594	-1913.9166	-2013.5927	
-1634.8966	-374.7021	-380.6771	-901.3845	-903.4983	-903.8276	-909.0094	-912.0754	
-1937.4069	-777.0169	-783.2627	-1252.8560	-1587.5940	-1792.9888	-1799.8580	-1881.4875	
-2348.6462	-1380.2254	-1385.9223	-1678.7744	-1944.9314	-2166.1972	-2175.1218	-2309.5347	
-2067.8041	-991.0823	-992.1961	-1694.2249	-1794.5449	-1839.3671	-1847.9370	-1994.4995	
-2278.5348	-1191.9671	-1210.6223	-1541.8259	-2044.9222	-2122.5406	-2153.5771	-2267.4770	
-2235.7565	-1172.8491	-1176.1803	-1951.6274	-2038.4948	-2075.5773	-2106.5745	-2191.9762	
-2294.1967	-942.5016	-953.9658	-1896.2930	-2051.4215	-2220.7487	-2231.5386	-2239.6495	
-1873.9460	-845.0631	-850.3417	-1208.0649	-1278.9377	-1623.0828	-1627.1432	-1635.9580	
-2150.1682	-985.7674	-988.4738	-1735.6929	-1741.9506	-1748.1735	-2048.4304	-2105.1455	
-1868.5390	-633.8112	-645.9517	-1420.9733	-1735.3877	-1752.1446	-1794.1555	-1798.7535	
-2087.3364	-1439.4903	-1439.5151	-1570.8741	-1759.5357	-1854.3256	-1881.1066	-2075.1651	
-2207.9005	-1281.6184	-1289.8850	-1630.4213	-1977.6846	-1982.6255	-2029.5644	-2185.6355	
-1950.6007	-483.6233	-497.5044	-1138.7243	-1140.1201	-1149.9336	-1808.2069	-1930.5884	
-2274.1615	-1241.3634	-1249.8131	-1616.0603	-1618.5166	-2066.1097	-2110.4094	-2214.7478	
-2597.3198	-1389.7093	-1473.4143	-1808.7438	-1957.6943	-2052.7157	-2559.9008	-2576.6148	
-1722.0322	-358.3756	-358.7650	-1070.9984	-1092.7654	-1088.8823	-1668.9378	-1675.2734	
-2125.4332	-1191.3411	-1192.7860	-1380.5295	-1944.0719	-2023.6094	-2027.1809	-2087.5180	
-1931.2614	-794.5902	-811.5996	-1207.1306	-1633.2186	-1828.6290	-1856.3189	-1882.4379	
-1855.5096	-720.3803	-721.0829	-1234.6793	-1240.4234	-1787.8344	-1834.3060	-1842.4347	
-1878.2640	-949.9799	-958.6196	-1218.0228	-1218.6934	-1347.3145	-1531.8200	-1866.6993	
-1906.2110	-830.0825	-830.3401	-1322.4238	-1323.6104	-1796.7251	-1804.9663	-1860.4229	
-2147.5826	-884.6888	-888.3798	-1836.0941	-1864.3807	-1911.8167	-1992.5356	-2021.2996	
-1885.2740	-378.5579	-415.5151	-1059.7479	-1064.0479	-1065.1614	-1695.2034	-1752.9660	
-1900.4341	-688.5428	-689.1604	-1456.2048	-1467.2723	-1791.3411	-1827.5687	-1867.5376	
-2568.3381	-1189.2721	-1198.1397	-2020.2823	-2028.2291	-2046.7817	-2401.3311	-2562.2290	
-2221.3063	-1088.0287	-1092.3897	-1608.2712	-2082.6153	-2099.8312	-2117.2221	-2144.2638	
-2275.8667	-1272.3878	-1273.9721	-1675.0558	-1677.2569	-2113.7417	-2216.7409	-2262.1680	
-1951.6774	-1015.2683	-1015.9545	-1284.8793	-1364.8739	-1569.4108	-1910.9403	-1932.0956	
-1738.9948	-809.3218	-817.0496	-1100.6738	-1268.6378	-1448.4626	-1467.4774	-1722.7774	
-2481.4746	-1319.1675	-1370.3739	-1784.9587	-2236.6396	-2242.4575	-2252.2928	-2447.9919	
-2482.6484	-1593.5745	-1593.6324	-1858.8642	-1970.0139	-2258.3364	-2385.1381	-2449.7473	
-2422.2369	-1149.9735	-1152.1709	-1900.3900	-2110.2220	-2118.9725	-2146.4660	-2353.3264	
-2018.4137	-1077.7925	-1096.0277	-1378.8515	-1854.3911	-1926.7737	-1936.2461	-2002.1194	
-2604.1172	-1507.6071	-1509.9285	-1906.2339	-1928.5166	-2192.9101	-2381.5901	-2522.0681	
-1849.5321	-483.8821	-502.0203	-1591.6155	-1622.3932	-1623.2248	-1631.4676	-1635.4368	
-2094.3466	-587.4272	-632.1332	-1313.4557	-1313.9966	-1314.1737	-1315.4247	-2086.5049	
-2098.1016	-995.7780	-1001.4735	-1506.8258	-1530.0476	-2001.4267	-2023.4871	-2046.9701	
-2087.2439	-1058.8116	-1058.9258	-1417.1733	-1835.9762	-1960.2268	-1978.4302	-2002.5354	
-2024.4731	-929.9145	-932.2313	-1263.5273	-1302.4214	-1313.6262	-1319.5001	-1894.4209	
-1933.2196	5.7818	-185.5748	-1175.6410	-1175.6495	-1176.1447	-1178.2308	-1821.1541	
-2281.2415	-1386.1436	-1410.8374	-1653.5803	-2114.3354	-2145.6082	-2152.7844	-2248.2386	
-2417.5656	-1256.3080	-1264.2015	-1765.2844	-1839.4624	-2162.2993	-2274.4207	-2388.9905	
-2314.1852	-1484.0074	-1518.4833	-1754.1328	-1759.6935	-1900.7301	-2140.7890	-2254.4012	
-1959.3030	-917.7127	-921.3125	-1310.4974	-1608.9231	-1777.6145	-1820.5451	-1936.5316	
-2297.1339	-1575.8143	-1581.4952	-1752.8563	-1753.4384	-1786.0448	-1794.0012	-2098.2512	
-1995.5005	-1151.9767	-1153.4046	-1433.3836	-1721.5022	-1808.4400	-1866.0976	-1976.1910	
-2163.5823	-1385.1046	-1385.1202	-1620.8938	-1909.5499	-1929.8203	-1962.7876	-1994.4953	
-1890.2164	-1103.7670	-1104.9937	-1300.3547	-1435.1763	-1578.9337	-1626.8348	-1855.4251	
-1930.3913	-1021.6288	-1022.3637	-1305.2735	-1744.7571	-1807.3676	-1831.2082	-1904.3324	
-2468.8284	-1135.0898	-1138.2808	-2121.2229	-2153.6767	-2163.3703	-2208.0658	-2384.0660	
-2040.6322	-1004.6675	-1010.4884	-1350.5565	-1815.5524	-1911.0208	-1944.4112	-1971.5806	
-2164.0115	-652.8418	-686.8172	-1353.0295	-1358.8962	-1361.3488	-1372.3013	-1397.7277	
-2049.3569	-945.3695	-948.3102	-1296.3538	-1343.5370	-1557.7932	-1742.9156	-2026.6077	
-1618.2938	321.2372	214.0799	-899.1462	-899.1467	-899.3679	-899.7967	-1602.8210	
-1783.5561	-1327.8253	-1327.9993	-1422.1484	-1726.2534	-1728.1457	-1736.6280	-1751.8886	
-2014.4203	141.2284	-111.8236	-1256.3035	-1256.6068	-1257.5595	-1258.4802	-1267.2863	
-2036.1553	-451.5286	-496.6410	-1836.3456	-1862.3119	-1832.0953	-2005.8734	-2014.4583	
-1835.1890	-655.3381	-655.4138	-1197.7296	-1716.7636	-1735.3760	-1742.0739	-1783.6270	
-2115.9613	-650.6397	-650.7086	-1772.7180	-1805.7490	-1810.2058	-1846.8893	-2058.6302	
-2147.3621	-1306.0262	-1335.2037	-1637.3589	-1978.4524	-1982.0246	-2039.4361	-2117.3978	
-2042.0046	-942.5522	-959.4063	-1321.0001	-1383.4230	-1402.7725	-1420.8928	-2008.6257	
-2378.7236	-1221.1607	-1221.2938	-1733.5997	-1787.3758	-1869.0806	-2166.4425	-2196.0048	
-2496.5331	-1425.1087	-1433.5966	-1877.7001	-2337.6089	-2427.5624	-2451.0144	-2467.4171	
-2078.7062	-998.0177	-999.0166	-1321.7652	-1633.4181	-1837.2231	-1863.7346	-2057.4451	
-2012.0396	-1399.8773	-1399.9238	-1534.7182	-1840.7032	-1840.8571	-1849.2565	-2002.2317	
-2075.4016	-711.8910	-722.5797	-1415.0935	-1417.4071	-1763.3248	-1841.1330	-1993.4499	
-1934.9747	-96.3414	-238.9809	-1120.7137	-1121.9670	-1122.1527	-1122.2405	-1124.3153	
-2200.0033	-1001.2403	-1002.7920	-1874.7659	-1991.4212	-2014.5698	-2077.3802	-2136.4221	
-2248.3257	-1557.3040	-1558.1889	-1744.7322	-2097.4151	-2152.8269	-2198.0573	-2213.3082	
-2334.2146	-1402.9570	-1402.9572	-1777.5593	-1784.9018	-2298.5681	-2302.9458	-2323.7323	
-2006.0108	-711.9076	-713.8340	-1730.9701	-1792.0345	-1799.4059	-1838.0617	-1973.5924	
-2151.9980	-1772.8343	-1774.5362	-1836.7690	-1842.2339	-1869.1999	-1927.8410	-1967.9232	
-2177.6313	-881.9304	-925.7182	-1727.0014	-1921.9462	-1928.1133	-1944.0246	-1957.7315	
-2404.4076	-698.9693	-790.2583	-1643.0991	-1644.2803	-2058.3087	-2078.8467	-2117.1830	
-2103.6102	-1282.9870	-1288.9122	-1537.0615	-1909.9957	-1961.0193	-2025.3441	-2039.2194	
-2117.5398	-798.7340	-829.2483	-1309.3326	-1393.4339	-1762.2352	-2052.6605	-2090.1107	
-2226.3144	-1027.5009	-1033.9061	-1789.8262	-1796.1928	-2146.4839	-2153.4407	-2190.3279	
-2373.0389	-1421.5155	-1423.5665	-1743.9811	-2183.7952	-2229.7725	-2268.4318	-2329.7118	
-2083.9843	-758.0570	-789.2309	-1362.5111	-1362.5115	-1364.7370	-1376.7452	-1411.8435	
-2009.1496	-916.4673	-922.0977	-1574.4351	-1574.5550	-1931.1250	-1956.4737	-1975.6063	
-1971.8132	-1044.9105	-1045.0387	-1315.2930	-1617.4234	-1746.4901	-1777.3804	-1953.1599	
-1803.9213	-917.2840	-917.4282	-1198.5155	-1303.3334	-1518.4185	-1552.6299	-1744.7091	
-1885.7203	-702.8768	-711.9018	-1090.5816	-1233.5511	-1677.0689	-1690.3117	-1850.2012	
-2377.8081	-1385.5132	-1396.1010	-1710.2616	-2135.1694	-2208.4487	-2241.8719	-2301.2726	
-1766.5286	28.5711	-87.4575	-979.7809	-979.9458	-980.0231	-981.0809	-983.0129	
-2427.1290	-1251.9796	-1257.4633	-1626.4277	-1929.4206	-2008.5482	-2121.6877	-2304.6902	
-2193.9229	-1282.4755	-1285.2475	-1538.0938	-1932.3025	-2037.7118	-2073.9510	-2120.1757	
-2316.4410	-1168.2823	-1207.9489	-1635.2583	-1701.2121	-1715.6517	-1720.9726	-2262.1359	
-2097.2761	-921.9600	-957.7683	-1287.1350	-1614.9902	-1777.3509	-1837.0407	-2058.4418	
-2095.4406	-1030.2942	-1030.3543	-1359.0440	-1366.2054	-1524.3468	-1749.3570	-2052.2466	
-1964.7287	-1186.0971	-1186.1834	-1410.7294	-1794.3630	-1799.8051	-1808.3373	-1929.9033	
-2387.7080	-1086.3647	-1096.3415	-1632.2814	-1642.1798	-1856.0673	-2281.5998	-2353.7733	
-2261.9647	-1125.5884	-1136.1055	-1802.0401	-1802.0613	-2085.8024	-2132.9436	-2195.5682	
-2431.1923	-979.4868	-1088.0050	-1985.9627	-1987.1903	-2034.4567	-2102.3000	-2367.9515	
-2046.0979	-595.9905	-633.6480	-1252.8678	-1261.5582	-1263.9417	-1275.9989	-1987.6688	
-2215.5458	-1345.6533	-1346.5306	-1585.3031	-1603.5992	-1606.7735	-1632.9478	-2193.9323	
-1707.4632	144.1531	44.6798	-827.3522	-827.4523	-827.8320	-827.9634	-1635.0057	
-2300.2584	-1200.2826	-1226.5340	-1610.5794	-1989.6222	-2141.8307	-2170.1218	-2221.8208	
-2203.7866	-815.7301	-822.2602	-1439.9960	-1441.8607	-1888.5641	-1948.2986	-2190.1204	
-2286.5416	-1083.1793	-1092.4245	-1926.8782	-1928.1851	-2150.7757	-2179.5441	-2191.8265	
-1998.5704	-1069.3430	-1069.5155	-1395.5498	-1925.0517	-1934.0345	-1944.4283	-1962.6261	
-2162.6698	-649.9730	-692.4331	-1415.9652	-1426.3651	-1432.4356	-1441.8428	-2144.3818	
-2152.0582	-979.4219	-985.3122	-1967.0156	-2054.9392	-2071.0340	-2077.0499	-2114.2004	
-1930.8695	-458.1108	-466.7663	-1136.1620	-1142.9370	-1147.3347	-1148.2445	-1156.5254	
-2331.8169	-1259.2386	-1316.6374	-1550.7101	-1903.8348	-2107.2676	-2208.2577	-2224.0742	
-1885.6893	-649.9803	-691.9667	-1140.2424	-1224.6208	-1627.3740	-1637.8894	-1705.2059	
-2120.9676	-521.5502	-559.3942	-1272.9730	-1273.2538	-1287.0355	-1303.5443	-2110.3837	
-2378.6825	-1284.3061	-1287.9745	-1626.5128	-1628.9175	-1654.5161	-1874.4427	-2328.9886	
-2001.3100	-838.9795	-839.2030	-1364.8045	-1845.9946	-1865.4135	-1915.9885	-1970.5432	
-2075.0114	-1063.8217	-1079.0209	-1437.7650	-1863.8637	-1875.3653	-1890.7318	-1979.7863	
-2029.9187	-454.7302	-519.1921	-1212.6580	-1212.6594	-1213.8948	-1219.4847	-1245.2164	
-2066.3784	-1039.8781	-1039.9815	-1402.9419	-1818.6228	-1933.3838	-1961.7502	-2012.5003	
-2509.6445	-1600.9402	-1616.4268	-2000.6801	-2255.0528	-2400.8791	-2426.1329	-2440.9078	
-2162.5667	-620.7933	-637.9452	-1402.1396	-1405.6805	-1409.7361	-1416.7473	-2138.5695	
-2248.8437	-1236.1304	-1243.7921	-1667.3984	-2061.5770	-2171.0493	-2182.0478	-2195.6903	
-2228.5086	-820.7802	-857.5818	-1631.4580	-1631.7124	-1639.5086	-2060.7826	-2203.7847	
-2326.3259	-1561.8262	-1566.1213	-1864.1999	-1864.5213	-2027.7969	-2078.1066	-2160.2009	
-2094.6112	-1058.4471	-1058.6291	-1484.8343	-1858.6307	-1875.0152	-1881.4653	-2068.8613	
-2481.7119	-1714.5053	-1773.7411	-2015.6508	-2172.0875	-2199.2889	-2204.2031	-2227.0940	
-2169.1428	-926.0897	-929.5604	-1440.8758	-1758.5890	-1865.3069	-1899.0652	-2101.7045	
-2158.2747	-700.0460	-743.3417	-1363.2786	-1757.3289	-1792.9186	-2103.3813	-2123.9220	
-2150.4233	-1053.3858	-1053.4849	-1581.7689	-1985.3058	-1590.4351	-1612.5347	-2120.7881	
-2201.0463	-1162.4023	-1166.2891	-1490.4724	-1986.3233	-2071.6304	-2093.2579	-2132.9667	
-1978.7781	-1009.3011	-1035.9672	-1336.0694	-1857.1520	-1888.7551	-1889.7184	-1945.0647	
-2105.8956	-901.1060	-902.2354	-1443.2890	-1843.8895	-1992.4677	-2005.6859	-2100.7709	
-2096.0735	-846.6820	-873.9207	-1802.5522	-1823.7938	-1878.0711	-1922.5438	-2061.2768	
-1810.3324	-472.7988	-478.1255	-991.5225	-1401.9812	-1451.8717	-1514.8543	-1533.7652	
-2508.4464	-1302.0554	-1309.1774	-1734.6743	-1736.3298	-1759.8733	-1778.6626	-1794.3411	
-2198.0326	-965.6510	-965.6734	-1474.2390	-1476.9679	-1516.3739	-2038.0457	-2164.7416	
-2136.4997	-1376.0567	-1376.9916	-1531.7492	-1915.2747	-2040.6200	-2088.7561	-2106.7830	
-2221.1278	-404.5522	-564.7048	-1402.6033	-1403.0815	-1405.0070	-1411.7835	-2202.7750	
-2396.5989	-1420.8467	-1460.9947	-1741.8221	-1769.0643	-1816.6104	-2084.2098	-2315.0550	
-2093.2359	-610.3256	-632.7086	-1325.4015	-1328.3605	-1339.4502	-1341.3094	-1349.9771	
-1712.1867	535.6968	332.5882	-1019.5533	-1019.5662	-1020.0082	-1020.0223	-1707.0351	
-2152.7328	-1240.6912	-1240.6836	-1652.1432	-2070.2514	-2074.6599	-2103.5773	-2123.7720	
-2222.6102	-981.9321	-993.5181	-1489.3280	-1491.5512	-1932.9020	-2055.3964	-2197.6829	
-2117.5184	-779.9932	-787.9899	-1346.0426	-1347.5636	-1361.2491	-1765.7971	-2047.0141	
-2017.1040	-1027.6488	-1033.2317	-1356.3461	-1718.5605	-1814.5651	-1851.4106	-2002.5742	
-2021.0763	-975.9783	-976.1138	-1344.1640	-1379.7323	-1608.2626	-1827.8250	-2005.2582	
-2376.0363	-1381.2215	-1381.5946	-1693.8299	-1920.8236	-1941.2418	-1957.1375	-2250.4244	
-1996.6818	-1009.0647	-1009.0821	-1483.4212	-1854.2365	-1854.4730	-1863.3322	-1905.4364	
-2200.3443	-809.2658	-840.1589	-1521.4665	-1874.9607	-1895.9142	-1927.4192	-2180.6043	
-2493.7862	-1540.1052	-1541.5197	-1837.5587	-2317.5387	-2321.8111	-2349.5362	-2479.7031	
-1893.3131	-445.1098	-448.9648	-1074.4669	-1074.5125	-1565.6632	-1603.2546	-1606.0126	
-2099.8527	-1280.9788	-1280.9951	-1547.5469	-1828.7731	-1968.6926	-2041.0836	-2088.8687	
-2048.3276	-133.9833	-278.3226	-1445.2258	-1445.6124	-1445.7027	-1446.8808	-2045.9918	
-2324.6927	-1017.3172	-1045.1136	-1941.8082	-1973.5863	-2038.1841	-2230.7860	-2246.5555	
-1765.0737	-55.5084	-128.8692	-943.4998	-943.8144	-943.9495	-948.1334	-958.7198	
-1960.5414	-721.7396	-742.5146	-1200.9353	-1286.7786	-1322.1239	-1528.6045	-1902.6069	
-2013.6551	-832.5618	-842.8170	-1300.4492	-1306.8116	-1309.4288	-1851.6680	-1981.7080	
-2582.0300	-1500.9561	-1528.6307	-2225.5879	-2225.6061	-2441.4979	-2464.1194	-2545.7526	
-2202.6761	-1646.6685	-1647.2782	-1721.4759	-2024.8064	-2072.5089	-2126.1758	-2191.0419	
-2487.8107	-1456.3896	-1464.8632	-1778.3348	-1784.7457	-1803.1466	-2296.0791	-2367.7789	
-1968.4151	-539.6383	-585.9752	-1155.2213	-1160.9530	-1169.0611	-1869.4018	-1894.1205	
-2247.1211	-1359.7859	-1370.6835	-1639.5322	-1933.3195	-2041.8762	-2099.5446	-2206.9802	
-1584.5101	177.2480	70.1685	-693.8697	-693.9491	-694.2457	-694.9872	-1557.2440	
-1821.9672	-707.5503	-715.6319	-1095.2205	-1481.1370	-1655.7790	-1704.0579	-1767.1816	
-2150.5455	-827.7518	-861.1591	-1494.7488	-1499.7091	-1943.9377	-1964.0381	-2130.6911	
-1989.2876	-510.2436	-551.6018	-1166.6896	-1168.5880	-1175.0805	-1744.5318	-1957.8884	
-2094.0032	-172.7327	-307.8271	-1344.5147	-1350.3416	-1351.1392	-1351.6569	-2058.3343	
-2091.6857	-925.5470	-926.3754	-1633.5681	-1635.3790	-1636.6203	-1997.9075	-2046.4628	
-2200.5899	-1968.9449	-1975.5137	-2000.8557	-2003.2499	-2036.2558	-2073.3769	-2140.7214	
-2333.6468	-1355.6451	-1377.1391	-1739.8058	-1747.6306	-2248.4577	-2249.7963	-2314.9655	
-2440.7148	-1664.8448	-1682.7612	-1848.6225	-2013.2644	-2371.3304	-2388.6579	-2425.1288	
-2105.4033	-861.1712	-879.7128	-1955.6615	-1965.5782	-1969.6465	-2011.3969	-2093.7716	
-2346.6472	-1397.1985	-1443.9350	-1727.7513	-2020.7417	-2022.8684	-2041.5271	-2331.9726	
-2576.0620	-1329.4895	-1329.5980	-1973.2654	-1973.7053	-2257.5181	-2312.0256	-2503.3706	
-2143.6044	-939.6343	-940.6179	-1539.0428	-1872.5791	-1940.4125	-1972.4724	-2068.9861	
-2154.1435	-1183.4009	-1184.3065	-1640.2933	-1664.7606	-2009.1223	-2022.8010	-2132.9184	
-1991.8803	-996.4376	-1020.6842	-1267.6835	-1516.8899	-1658.7522	-1694.4537	-1956.3364	
-2407.6977	-1392.1011	-1394.8040	-1917.2265	-2201.0309	-2225.1934	-2242.5783	-2265.5903	
-2126.9917	-1353.6868	-1370.6393	-1621.8117	-2037.6145	-2047.3518	-2050.7464	-2090.1109	
-2292.5843	-1177.2754	-1178.3901	-1570.7625	-1572.3285	-1980.5224	-2021.3925	-2236.1080	
-2157.9681	-1178.1075	-1182.7357	-1553.8010	-1907.8259	-1933.6674	-1976.1450	-2049.1684	
-1905.0961	-800.6905	-812.8508	-1238.0680	-1765.9727	-1804.8392	-1814.5763	-1891.8582	
-2140.7657	-775.6770	-818.0319	-1369.5114	-1372.0079	-1375.0427	-1380.8594	-2114.5429	
-2137.6941	-997.8755	-998.2744	-1447.6034	-1911.0617	-1932.4325	-1960.0882	-2069.6145	
-1943.0443	-810.2799	-817.0446	-1296.6225	-1803.7577	-1837.7420	-1856.1128	-1886.7004	
-2660.7200	-1497.3865	-1546.5572	-1954.9757	-1958.6595	-2385.8183	-2444.5905	-2512.8624	
-1980.4928	-710.0633	-711.3640	-1206.4365	-1482.9877	-1677.2961	-1753.0073	-1827.8022	
-2503.7045	-1187.5787	-1220.8322	-1747.0997	-2132.2562	-2143.8300	-2269.3925	-2412.3767	
-2034.5063	-1195.1040	-1195.2176	-1443.9442	-1955.1655	-1964.9485	-2009.5940	-2017.0500	
-2262.6691	-1594.1159	-1605.5636	-1844.0292	-2145.3223	-2189.3967	-2217.3063	-2247.0715	
-2295.5792	-1119.1002	-1133.3627	-1618.7321	-1618.8926	-2022.4477	-2036.8145	-2225.5216	
-1881.2303	-1119.6676	-1126.8759	-1311.2104	-1357.9749	-1406.3328	-1505.4425	-1629.6143	
-2180.6725	-1162.2659	-1166.5737	-1534.8166	-1816.4207	-1959.0127	-2044.6041	-2075.4436	
-2431.0291	-1656.2293	-1717.8730	-1917.9501	-1941.7376	-1959.8368	-2109.9089	-2375.2017	
-2043.6267	-995.9353	-1000.7406	-1369.9628	-1421.6248	-1771.9485	-1780.8648	-2020.7322	
-2419.4267	-1530.5205	-1540.6506	-2010.7050	-2012.8038	-2246.4909	-2296.9172	-2346.1688	
-1787.4506	-149.2163	-211.2610	-917.9761	-918.1677	-921.8296	-924.4436	-1756.5846	
-1950.9703	-828.1193	-828.6569	-1211.7278	-1638.8480	-1717.6614	-1805.6107	-1899.8434	
-2189.2876	-1105.8844	-1114.9759	-1530.2866	-1541.6343	-1570.4015	-1787.7955	-2117.4734	
-2302.9621	-1169.4197	-1190.1043	-1669.0551	-2096.8866	-2147.9943	-2171.6477	-2184.1406	
-2280.4715	-593.5542	-692.0715	-1471.3398	-1473.2498	-1474.3482	-1483.8698	-2264.0103	
-2290.0376	-1237.8035	-1267.8553	-1572.4472	-1970.5927	-1979.9024	-2050.8682	-2249.8161	
-2012.5777	-1022.0512	-1037.1434	-1358.9736	-1596.9938	-1825.3703	-1858.6566	-1968.0002	
-2056.0274	-468.7815	-569.9750	-1409.5985	-1409.6319	-1409.9495	-1410.2879	-1412.1489	
-2618.9480	-1581.3798	-1591.8289	-2121.2829	-2121.7270	-2456.3417	-2471.0863	-2560.3006	
-2374.0048	-1453.9757	-1454.2446	-1757.1268	-1757.1271	-1758.4343	-2125.2570	-2139.6300	
-2011.4012	-1103.3869	-1156.6449	-1392.0841	-1547.7934	-1658.6027	-1661.0263	-1859.8857	
-1798.8259	-816.3701	-817.4562	-1184.5247	-1673.4080	-1674.3746	-1706.1773	-1752.5613	
-2414.4012	-1405.5285	-1422.3585	-2141.1012	-2230.7897	-2301.9090	-2330.5371	-2394.8238	
-2442.2550	-1157.0076	-1166.5062	-1797.2619	-1891.6972	-2076.2850	-2147.2834	-2365.6096	
-1973.5301	-615.5237	-618.2679	-1525.7977	-1697.6753	-1711.8486	-1724.6679	-1934.4017	
-2032.7924	-1269.5517	-1284.6208	-1502.9796	-1880.4363	-1922.8045	-1934.1313	-1986.5720	
-2292.8028	-840.7308	-847.1770	-1493.4178	-1494.1709	-1517.7060	-1524.7978	-1542.5287	
-2309.5449	-1315.1955	-1315.2100	-2111.7976	-2232.8493	-2234.9909	-2240.5144	-2269.6001	
-1999.3278	-788.8749	-793.8398	-1325.8859	-1430.8259	-1657.2848	-1951.6484	-1967.2590	
-2304.0685	-1305.0031	-1328.7807	-1632.8948	-2094.5605	-2127.2140	-2168.7029	-2170.9016	
-1891.7829	-292.6876	-332.7454	-1128.0174	-1128.0420	-1129.8617	-1131.3035	-1866.5251	
-2185.3176	-1247.1042	-1280.9847	-1501.6515	-1910.8896	-2045.2014	-2057.4677	-2156.1422	
-1954.3321	-793.7950	-795.7556	-1206.4259	-1241.2960	-1241.6166	-1245.5049	-1252.7499	
-2164.4634	-1073.6285	-1076.5326	-1611.5191	-2019.6782	-2058.7962	-2065.6692	-2108.0213	
-2221.5445	-897.5519	-903.0759	-1459.9157	-1460.8265	-1492.3336	-1975.2635	-1984.7785	
-2139.6374	-1103.2632	-1103.4340	-1528.3410	-1926.8771	-1941.6859	-1955.1688	-2103.9389	
-2379.7081	-1393.5617	-1420.8082	-1758.1894	-2117.2572	-2127.3935	-2140.2093	-2177.8977	
-2244.5339	-1339.7219	-1340.0686	-1737.6770	-2145.8813	-2160.4311	-2184.5559	-2227.4005	
-1950.4091	-1348.5374	-1349.6489	-1489.4851	-1808.4995	-1847.8921	-1863.5280	-1874.4532	
-1937.3836	-705.4725	-705.5528	-1203.9871	-1259.4571	-1670.8237	-1728.3198	-1796.6282	
-2146.7671	-1179.5150	-1195.7441	-1448.2449	-1837.6012	-1954.5264	-1960.9302	-2119.2249	
-2206.6412	-1295.8410	-1298.2594	-1524.8623	-1550.6919	-1597.9627	-1686.8793	-2144.0308	
-2134.3435	-1076.5093	-1080.7366	-1492.0440	-1993.6416	-2033.8709	-2080.3451	-2104.3768	
-2098.9601	-421.2101	-500.2122	-1254.1224	-1254.9858	-1278.7671	-1283.8732	-1297.1711	
-2466.0158	-1364.7704	-1367.2254	-1871.3079	-1895.8008	-2246.4022	-2382.2297	-2446.6927	
-1784.6758	-701.4126	-703.1268	-1067.2630	-1577.8252	-1605.0282	-1623.9538	-1737.7356	
-2056.6384	-863.7983	-870.7186	-1446.7701	-1449.0781	-1891.4564	-1896.3052	-2028.7821	
-2177.2168	-941.1305	-947.3460	-1410.9355	-1412.2656	-1444.0156	-1450.0869	-2134.9233	
-2223.1050	-1489.6306	-1503.1229	-1707.8888	-1830.7296	-1873.2355	-1909.6334	-2214.1493	
-2125.7593	-1137.1172	-1137.1282	-1452.6060	-1973.3777	-1453.2804	-1997.2938	-2087.5732	
-2462.8644	-1364.5906	-1370.0580	-1781.7044	-2081.3198	-2241.5760	-2305.9999	-2421.5173	
-2169.9006	43.7365	-131.6675	-1644.2475	-1644.3041	-1644.3297	-1644.9741	-2154.4095	
-1830.8921	-731.9353	-734.0695	-1101.0509	-1655.8312	-1781.5167	-1783.3490	-1812.3172	
-1904.8595	-1019.3818	-1022.6224	-1323.0844	-1571.9245	-1660.8316	-1676.2658	-1878.8357	
-2281.3851	-1208.2965	-1211.4202	-1665.3776	-1864.7945	-1973.6620	-2000.6854	-2024.1414	
-2199.2953	-1207.2714	-1210.5274	-1578.6174	-1590.3174	-1986.2291	-2002.3885	-2092.3344	
-2331.0233	-1101.4311	-1109.0733	-1760.5298	-2114.6679	-2164.1060	-2188.9279	-2294.0182	
-2056.1710	-758.0537	-793.4462	-1307.9313	-1310.9242	-1310.9440	-1318.5778	-1370.8911	
-1938.2546	-885.4466	-885.5656	-1202.5900	-1202.8977	-1350.2392	-1663.9984	-1914.7300	
-2126.5142	-958.9160	-967.7437	-1459.6765	-1657.4588	-1903.8861	-1907.3723	-2097.1991	
-1730.1911	-203.8227	-236.7232	-1059.3216	-1249.3916	-1354.9232	-1400.7566	-1658.1025	
-2189.6137	-1547.2926	-1547.4622	-1738.1923	-1742.3142	-1752.3619	-1757.3490	-1764.4474	
-2407.9837	-1339.6183	-1348.3337	-1690.2942	-1690.7055	-2052.2620	-2126.3474	-2386.7831	
-2107.8881	-800.5007	-811.0056	-1498.4521	-1833.2652	-1606.0094	-1857.5588	-1943.0786	
-2290.5635	-1410.4543	-1430.1153	-1690.7119	-1694.5508	-1933.7468	-1981.9805	-2233.1933	
-2120.0722	-1335.7821	-1335.8097	-1600.0851	-1650.2386	-1924.4409	-1967.3435	-2105.9415	
-2204.3396	-1119.0123	-1120.1549	-2021.7815	-2121.4685	-2124.0533	-2137.6499	-2164.5204	
-2093.7876	-797.9861	-817.3361	-1320.9655	-1663.0643	-1756.8948	-1806.1601	-2062.4732	
-2314.2760	-1469.6230	-1470.2473	-1699.8925	-2042.5078	-2218.9803	-2234.8960	-2279.8195	
-2196.3574	-1462.1836	-1462.2904	-1676.7617	-2114.7765	-2138.4380	-2142.1553	-2173.4531	
-2372.9545	-935.9522	-1036.9346	-1779.1773	-1779.6671	-2248.6125	-2279.1236	-2304.6472	
-2257.1567	-685.6484	-689.9143	-1449.9900	-1451.4198	-1452.3554	-1491.9170	-1548.9317	
-2055.0293	-1169.2906	-1169.4100	-1417.4555	-1825.3757	-1847.8598	-1878.7126	-2040.3558	
-2223.0293	-1180.5140	-1225.8291	-1551.6077	-1602.1197	-1608.4062	-1961.8851	-2002.1548	
-2254.6656	-630.5143	-724.3832	-1413.7328	-1421.6941	-1423.9724	-1959.0383	-2137.2503	
-2327.6133	-1337.9357	-1350.0260	-1693.3700	-2055.5427	-2135.0024	-2166.8360	-2283.4662	
-2049.2225	-834.4125	-834.5611	-1462.5212	-1832.9565	-1846.5077	-1862.5291	-1923.6444	
-2405.9364	-1417.7756	-1458.8368	-1986.1328	-2038.5413	-2182.3445	-2228.2789	-2342.6175	
-2253.8263	-962.9448	-963.6877	-1518.9429	-1522.2998	-1864.1219	-2017.0096	-2234.5472	
-2211.0075	-1159.6233	-1170.7682	-1468.8538	-1468.9115	-1529.4773	-1651.4023	-2176.1297	
-2211.6925	-866.1714	-883.0128	-1531.5020	-1983.2424	-2001.7960	-2061.1431	-2069.0574	
-2469.6549	-1915.1503	-1915.2015	-2053.1831	-2240.5400	-2291.1942	-2330.7550	-2372.5128	
-2005.6075	-902.4566	-947.7337	-1304.0560	-1304.0560	-1491.3440	-1728.7864	-1964.1385	
-2351.8454	-1186.5898	-1188.2355	-1750.2404	-2110.9884	-2169.0171	-2238.0062	-2326.1743	
-2049.3569	-1113.9216	-1114.8822	-1487.5266	-1626.3882	-1952.1496	-1971.5821	-2033.5618	
-2235.3680	-1151.8411	-1181.0821	-1674.8857	-1690.2683	-1925.0076	-2004.8112	-2203.5364	
-2347.0488	-1164.1401	-1165.4457	-1683.7394	-2191.2809	-2194.6413	-2198.8339	-2249.1182	
-2101.9323	-1143.1425	-1146.1966	-1447.1188	-1452.6280	-1842.0556	-1914.2344	-2067.3330	
-2257.9771	-1138.7757	-1138.8050	-1447.2725	-1524.0429	-1851.4165	-1976.1140	-2110.3820	
-1993.5103	-1118.4175	-1118.9877	-1397.2815	-1429.7048	-1525.1767	-1707.8248	-1892.8090	
-2291.8926	-1478.1308	-1480.9374	-1668.4933	-1692.9999	-1693.8491	-1897.0139	-2280.9486	
-2418.4915	-1300.1896	-1341.7502	-2070.3879	-2170.3462	-2231.1317	-2326.9270	-2353.6561	
-2277.5370	-1292.3310	-1309.1469	-1668.2451	-2104.0061	-2169.7301	-2195.1908	-2219.9891	
-2129.7155	-988.5788	-996.6519	-1455.0930	-1785.2465	-1852.3384	-1888.4205	-2087.3591	
-2494.6987	-1290.8412	-1326.6351	-1792.7314	-1821.6478	-1831.4631	-1863.2166	-2453.3395	
-2233.5689	-1439.5881	-1441.7034	-1620.1700	-1921.6958	-2070.7652	-2091.0958	-2229.3740	
-2170.0941	-1149.0467	-1167.6173	-1637.0626	-2033.8939	-2047.6425	-2066.1284	-2146.0209	
-2590.4783	-1378.4567	-1379.4714	-2139.4184	-2238.2180	-2343.9956	-2484.1688	-2530.9163	
-1772.0260	-509.5308	-522.1280	-1050.7055	-1480.1245	-1508.2758	-1524.4282	-1732.2939	
-2145.9868	-858.7015	-892.8576	-1890.6121	-1893.6763	-1902.6031	-1915.2378	-2135.7370	
-2214.3988	-1359.6481	-1363.7143	-1598.4363	-1901.0741	-2072.3851	-2090.7018	-2103.2330	
-2179.0679	-881.5315	-904.9595	-1460.6697	-1478.5887	-1799.1966	-2052.8783	-2154.4450	
-1830.2110	-412.0206	-443.8001	-1048.7576	-1054.9109	-1056.4692	-1061.0789	-1068.9721	
-2183.8750	-1385.5893	-1385.6392	-1649.7968	-2077.6216	-2088.4104	-2108.5020	-2161.5545	
-2611.0740	-1822.7938	-1841.0781	-1991.3119	-2305.7131	-2375.8707	-2391.3611	-2449.8330	
-1996.3325	-707.4900	-763.9633	-1239.9809	-1662.6543	-1702.4312	-1731.6747	-1824.0697	
-1826.6268	-711.7320	-713.9624	-1137.0526	-1444.1197	-1561.0739	-1589.7174	-1757.1657	
-2194.3660	-1299.8040	-1299.8567	-1477.4665	-2052.9683	-2069.8031	-2093.1033	-2115.2842	
-1636.8142	-398.8268	-413.9691	-829.7374	-844.1625	-1182.1678	-1193.8145	-1609.8157	
-2620.7719	-1305.2745	-1327.9964	-2109.2145	-2304.5772	-2411.9878	-2414.7785	-2543.7068	
-2051.0101	-682.3605	-689.5186	-1195.0010	-1646.7360	-1739.0947	-1760.1820	-2044.5534	
-2029.8624	-1019.7001	-1020.6679	-1360.6251	-1612.1105	-1806.2574	-1869.6574	-1926.1744	
-2214.4088	-1340.2756	-1347.0965	-1563.0168	-1871.0311	-1898.3284	-1907.9391	-2184.5558	
-2108.4110	-1459.8477	-1463.8558	-1635.8733	-1930.7486	-1992.4717	-2027.6386	-2036.6979	
-2296.7043	-1462.5434	-1462.8330	-1627.0743	-2158.6093	-2181.2870	-2224.1078	-2263.6049	
-2002.6820	-834.0976	-851.2560	-1255.3960	-1257.6679	-1544.3009	-1820.0085	-1952.4559	
-2232.3327	-1091.7897	-1099.9427	-1527.4546	-1817.6837	-2019.8418	-2033.4035	-2195.8012	
-2008.1276	-1160.3654	-1161.6020	-1376.1475	-1750.3405	-1789.4824	-1817.0620	-1903.4622	
-2043.4838	-1048.8037	-1051.9574	-1373.6043	-1435.7888	-1591.0701	-1777.1991	-2008.6569	
-2520.3829	-1029.1570	-1044.3890	-1734.5208	-1742.3236	-1749.5884	-1765.6748	-1790.3929	
-2268.6713	-1232.7942	-1232.9451	-1680.7476	-2023.6373	-2043.3430	-2067.1383	-2248.5846	
-2051.0131	-941.2537	-941.8951	-1315.5990	-1327.1674	-1334.3695	-1768.7368	-2007.9665	
-2138.2957	-1130.1126	-1135.9632	-1482.7586	-1508.3491	-1670.7716	-1897.6508	-2059.6689	
-2267.9920	-1316.4240	-1323.6228	-1640.7548	-1892.5267	-1954.3971	-2031.4226	-2219.8162	
-2130.5062	-818.3165	-839.0275	-1745.0925	-1853.4793	-1810.4565	-1981.3728	-2103.0665	
-2583.3744	-1672.6207	-1673.4488	-2059.1179	-2334.7402	-2420.8214	-2450.5053	-2567.5994	
-2173.0467	-1316.1796	-1321.5615	-1545.9442	-1728.9499	-1788.9990	-1847.4059	-1862.6774	
-2104.4513	-1407.9862	-1408.9346	-1563.4642	-1770.8130	-1862.5245	-1899.6583	-2068.6286	
-1993.5651	-791.9957	-804.6656	-1829.7706	-1856.9036	-1913.9843	-1942.7510	-1968.4316	
-2046.3828	-692.0016	-694.6818	-1323.6529	-1332.3846	-1337.7880	-1921.9731	-2031.9607	
-2056.4831	-537.9513	-553.2483	-1281.6188	-1281.7214	-1285.7378	-1293.5225	-2023.3135	
-1941.8556	-468.9815	-497.2524	-1116.5702	-1118.7240	-1124.2370	-1610.9106	-1654.8995	
-1773.5631	-477.7947	-477.9305	-1073.1140	-1557.3697	-1584.3793	-1592.9074	-1721.4211	
-2087.5788	-1105.6909	-1107.9101	-1471.7200	-1964.0049	-2021.6829	-2049.4343	-2063.2057	
-1784.0433	-546.0833	-558.5340	-1039.7345	-1197.6358	-1556.1098	-1592.3252	-1767.8189	
-2214.4244	-1140.9156	-1158.0635	-1557.2249	-1864.1122	-1573.4115	-1937.4974	-2197.4930	
-1898.5128	-748.9225	-749.2873	-1430.5428	-1806.0435	-1812.3890	-1825.3712	-1884.4692	
-2261.4037	-944.7233	-1085.4786	-1581.3428	-1581.4989	-1583.8720	-1593.2636	-2238.6512	
-2650.9423	-1051.1700	-1159.2956	-1870.6783	-1871.0933	-1873.7765	-1881.5013	-2616.3229	
-1905.1519	-258.4294	-343.8697	-1053.3232	-1057.5282	-1058.1420	-1062.8205	-1856.8637	
-2378.2190	-1433.2133	-1433.4775	-1733.7512	-2135.2460	-2187.0445	-2234.5274	-2321.5825	
-1954.8493	-945.2314	-949.1685	-1300.9754	-1541.8150	-1750.2585	-1782.0990	-1804.9891	
-1885.7145	-236.9649	-312.7961	-1049.8756	-1050.3704	-1061.9640	-1068.9009	-1076.6532	
-2211.9565	-1075.7410	-1113.8191	-1478.7648	-1540.4097	-1833.4808	-1852.6986	-2117.7196	
-2086.7726	-1373.5523	-1374.1065	-1580.0155	-1580.0245	-1813.5270	-1912.2370	-2072.2815	
-2224.9295	-1393.8384	-1393.8545	-1645.7613	-1966.1048	-2059.5961	-2080.8556	-2095.4575	
-2138.7987	-675.5156	-775.1686	-1332.7716	-1361.4421	-1364.8881	-1366.4062	-1367.6957	
-2551.4016	-1310.0114	-1326.1886	-2179.9047	-2188.2169	-2238.2518	-2241.1669	-2388.3926	
