-983.9583	-263.1574	-263.2351	-504.5773	-915.6179	-946.3140	-947.2697	-957.7632	
-1221.9735	-473.1941	-475.5539	-785.3523	-787.3489	-1119.0862	-1138.6057	-1192.8370	
-1028.7083	-343.5021	-343.5113	-585.3460	-610.5306	-631.1118	-788.5909	-998.8590	
-1102.0825	-262.7856	-271.5005	-567.1546	-613.1568	-937.0896	-942.6523	-1089.8624	
-1067.9078	-258.4761	-268.2001	-999.1910	-999.2392	-1006.7171	-1017.4661	-1035.9772	
-1256.5958	-202.8639	-208.9418	-691.8108	-824.1522	-1121.2790	-1122.3687	-1209.5916	
-892.5045	-229.9810	-257.5230	-462.5755	-514.1586	-711.8495	-738.6200	-861.7200	
-1093.8769	-578.7746	-578.8310	-717.8327	-749.0312	-950.4211	-972.0088	-1063.7514	
-1195.4658	-547.7593	-547.8165	-747.9271	-1050.2518	-773.8345	-1093.2912	-1192.9898	
-1109.0074	-429.3646	-435.1144	-733.7169	-734.4321	-1010.4529	-1065.5889	-1079.1359	
-1090.9661	-371.9530	-373.4597	-658.5793	-668.0017	-670.5684	-946.9691	-1082.1254	
-1465.9174	-862.1273	-884.1182	-1069.8531	-1079.1436	-1083.3088	-1373.8421	-1455.1342	
-1211.6087	-335.1517	-338.3315	-809.3750	-1019.1154	-812.9103	-1067.3089	-1101.6551	
-1182.3745	-488.6173	-488.6768	-755.0032	-756.1502	-945.6793	-978.8251	-1174.3938	
-1218.2850	-619.5119	-623.4436	-774.5452	-839.0952	-1022.1305	-1041.6937	-1176.1821	
-1529.9315	-581.7891	-679.0727	-1022.9403	-1023.3931	-1260.8910	-1317.0916	-1515.6282	
-1089.7597	-192.8678	-210.2059	-582.2119	-586.1455	-909.7083	-923.5212	-1082.7650	
-1317.5330	-609.6282	-610.6659	-1167.2291	-1168.9828	-1185.2955	-1271.7976	-1305.6881	
-898.4558	-63.5972	-75.3978	-342.6265	-735.1437	-773.0855	-779.7296	-894.6985	
-1033.0614	-265.1619	-269.1503	-556.9433	-557.5061	-765.8743	-786.7957	-1016.6976	
-897.1089	1.9133	-4.5861	-330.9068	-694.5767	-749.5394	-765.2292	-766.0656	
-1199.2487	-433.3581	-433.6284	-763.5284	-1107.1586	-765.8962	-1088.4480	-1163.4821	
-979.1397	-264.5739	-264.5782	-509.8286	-512.2466	-742.6415	-515.6998	-519.5967	
-850.5289	-314.2554	-314.4961	-464.8787	-740.7131	-747.5021	-755.9018	-828.2062	
-1074.8787	-510.4439	-526.2780	-705.8699	-713.4122	-859.9847	-923.8517	-1035.2511	
-1355.4435	-644.3363	-647.1343	-980.0972	-1056.4951	-1082.4831	-1282.6761	-1350.9715	
-1134.2638	-275.8554	-277.6928	-781.7811	-997.2146	-797.2628	-856.0254	-1103.4150	
-1023.3529	-296.5385	-297.1641	-748.0436	-750.9770	-751.4060	-991.5298	-1020.5103	
-1195.2624	-326.8759	-362.2905	-698.2188	-857.0328	-1034.5823	-1071.9550	-1174.0969	
-1001.8572	-331.6913	-338.5701	-558.0849	-565.4497	-572.8859	-582.7789	-987.8325	
-1009.1033	-220.0055	-220.0090	-593.6734	-600.9772	-602.5643	-911.6810	-1004.3393	
-1190.8031	-471.0912	-486.8983	-721.4154	-1119.7307	-1142.5080	-1144.6859	-1178.2699	
-918.4434	-76.4449	-93.2451	-418.9394	-421.8957	-466.6694	-472.9222	-881.4876	
-1044.3289	-122.4549	-133.8904	-842.8671	-853.5911	-868.0847	-930.3158	-1040.5269	
-1264.3227	-457.7286	-464.6444	-883.4083	-886.2254	-889.2638	-1073.7522	-1220.0973	
-896.9074	84.4528	82.8480	-335.5425	-339.4758	-662.2449	-728.9368	-880.5249	
-1294.9420	-392.7969	-392.8008	-771.0934	-771.1015	-808.3725	-1045.0050	-1278.7827	
-1007.6024	-105.2909	-110.0741	-810.5499	-814.1006	-816.6421	-969.2067	-998.9936	
-1025.4917	-466.3825	-467.3218	-604.2656	-742.4114	-883.5976	-900.3479	-991.3262	
-755.5746	-16.1394	-21.4021	-274.4436	-725.0326	-737.1365	-740.7905	-746.1711	
-1425.7992	-751.6091	-754.2389	-993.7514	-1304.8153	-1040.5833	-1369.0616	-1413.6854	
-1335.7818	-706.0877	-736.3344	-912.9683	-1116.6027	-1130.6991	-1263.2284	-1327.5534	
-1052.3717	-176.8738	-176.8845	-530.4512	-569.2157	-572.7311	-961.8440	-1046.2904	
-934.6304	-335.7849	-339.7926	-542.1283	-565.2879	-867.8093	-927.5398	-929.5189	
-1243.4345	-292.0556	-329.1478	-687.5099	-705.2862	-722.5831	-1012.3173	-1204.8196	
-887.7779	-69.2878	-98.8578	-364.7996	-772.7762	-789.4990	-792.5351	-884.3638	
-1109.9721	-248.1621	-270.4554	-704.0669	-756.8167	-780.7083	-1049.2507	-1091.0578	
-875.5312	-168.2212	-170.2155	-438.3416	-514.4233	-616.6126	-702.9319	-871.2983	
-1046.0555	-307.1216	-307.4456	-600.6290	-640.4330	-921.1582	-949.0024	-1038.0028	
-1331.9488	-511.2000	-526.0470	-1052.2075	-1110.5242	-1111.9610	-1188.1837	-1292.5669	
-1006.8201	-459.7629	-460.0091	-596.4473	-638.9366	-874.3571	-936.5063	-997.4356	
-1244.7682	-464.0783	-464.3733	-1143.9321	-1144.0048	-1175.7314	-1179.9803	-1224.1075	
-1257.9227	-104.1593	-154.3314	-671.7544	-677.8276	-700.2905	-835.6915	-1188.2233	
-1088.6146	-276.3880	-279.1032	-565.4308	-567.3117	-567.8582	-575.4075	-1072.2871	
-1199.0815	-366.3699	-387.2490	-831.1224	-998.0893	-864.6694	-1107.8762	-1124.8605	
-1311.6723	-247.5543	-296.1934	-774.9450	-775.1640	-775.4014	-781.0434	-1290.3210	
-1015.2949	-444.1796	-444.7139	-604.0565	-611.6630	-987.7457	-998.9263	-1011.5920	
-1230.2555	-471.4778	-474.2230	-766.5572	-766.5581	-766.8842	-1013.8831	-1215.6959	
-1189.6895	-331.2195	-334.8716	-796.5084	-807.5724	-814.1262	-1077.6179	-1173.8089	
-1021.1374	-146.3215	-147.2049	-494.9670	-531.6790	-834.5955	-879.9086	-1007.2142	
-1134.6400	-605.5194	-613.7697	-748.4914	-754.2768	-809.6136	-861.0870	-1111.2693	
-1082.1630	-424.5157	-433.4107	-716.6979	-718.9804	-721.3612	-1033.9625	-1070.5740	
-1169.9296	-875.3798	-876.7262	-920.1865	-933.9791	-1136.7430	-1141.2557	-1165.3193	
-788.3629	-120.9589	-128.5051	-350.4350	-574.7358	-696.2060	-704.8899	-773.4648	
-1240.6974	-443.6225	-448.2957	-1095.5879	-1159.9705	-1099.3457	-1145.2076	-1230.1849	
-1010.9760	-164.3217	-172.0902	-502.9656	-514.7876	-750.8927	-769.0830	-847.8911	
-1169.2715	-568.6525	-581.1909	-757.8724	-825.4484	-1049.4163	-1066.9795	-1156.5472	
-1169.1250	-365.1753	-382.5417	-693.5239	-693.6698	-726.1542	-951.0430	-1161.4194	
-1190.5321	-473.3569	-473.3650	-832.1736	-838.9915	-848.3078	-1175.8597	-1180.3850	
-1053.3137	-274.8485	-276.2505	-559.5372	-989.5122	-1029.0160	-1031.0627	-1040.1429	
-1105.3635	-335.6418	-340.2235	-641.3909	-641.4432	-643.6473	-659.2143	-1076.2761	
-939.5502	-162.4345	-164.1706	-459.1338	-476.7339	-753.2478	-799.9629	-910.0047	
-959.2159	-250.7989	-251.2683	-522.8811	-529.4067	-679.5986	-783.6752	-927.1602	
-775.7675	-186.0511	-196.6282	-356.7077	-356.8954	-357.9265	-359.4433	-769.4530	
-1309.3072	-484.5764	-495.3941	-975.9528	-1035.0329	-1046.8089	-1261.4287	-1302.9151	
-1394.6187	-270.2200	-308.6458	-849.4151	-850.8732	-852.0803	-853.9554	-1379.4363	
-1145.6420	-425.2709	-427.0250	-672.3320	-887.0397	-988.4169	-1015.2829	-1122.1579	
-880.2256	122.5799	120.8451	-317.5674	-317.7209	-318.2161	-319.3633	-858.9834	
-1422.2605	-765.8886	-778.2821	-982.0601	-1009.5935	-1011.5168	-1295.7569	-1414.8745	
-1291.6775	-598.2086	-608.3972	-866.5492	-936.1929	-937.9794	-1214.5785	-1265.3885	
-1026.8413	-255.4801	-261.5337	-515.7602	-516.5404	-543.8177	-571.9953	-1017.6069	
-1103.6258	-329.9102	-365.6379	-695.1759	-696.3921	-864.0206	-1060.1751	-1095.5284	
-1250.5517	-756.6838	-762.8291	-916.5994	-933.9811	-934.3577	-1222.6688	-1230.9347	
-1026.4731	-490.2156	-490.2812	-624.6801	-632.7353	-933.8005	-950.1283	-1012.8323	
-1079.5741	-239.0504	-251.5389	-581.7201	-582.4751	-1017.3995	-1051.9352	-1069.6410	
-1167.4046	-462.0767	-462.4455	-733.7869	-736.7350	-1030.0639	-1034.6149	-1104.5142	
-1242.6754	-422.7098	-440.4955	-718.2476	-790.9515	-1129.4306	-1131.9356	-1189.5026	
-922.0560	-298.6132	-299.2670	-496.4860	-501.7581	-758.5479	-777.0759	-890.6681	
-1292.9430	-592.6297	-609.3277	-877.2775	-877.3797	-880.9438	-1104.9884	-1274.2274	
-1259.4380	-628.8133	-646.4832	-857.4764	-1053.5432	-1154.3184	-1166.2073	-1229.3439	
-1050.0569	-213.1985	-222.2229	-538.3747	-799.8656	-923.6261	-937.9672	-1036.4563	
-1210.6595	-677.5994	-682.2817	-838.0368	-1086.1131	-1132.3298	-850.3944	-1180.1324	
-858.3968	-316.1976	-316.1954	-483.0760	-721.9012	-775.5092	-779.6005	-798.6622	
-1153.3758	-510.4828	-548.3660	-703.4380	-1014.6923	-1101.3917	-1111.0265	-1148.8934	
-1177.8692	-329.3296	-332.0442	-685.1029	-718.5660	-1066.7958	-1084.2031	-1113.6599	
-1129.2679	-349.5433	-367.2705	-653.5413	-825.4584	-988.2064	-1030.5930	-1102.9226	
-918.4551	-264.5115	-265.5035	-461.8717	-501.4747	-551.9497	-756.5561	-913.5955	
-1032.3760	-172.9557	-173.1219	-461.0871	-565.2714	-991.5059	-459.3508	-990.5498	
-1234.7839	-535.7207	-549.1581	-758.8432	-785.2072	-1074.9513	-1085.9723	-1211.5483	
-947.1427	-231.6901	-241.2338	-505.8116	-547.0280	-802.7014	-831.2724	-943.7127	
-1274.4546	-362.3432	-383.0282	-734.4284	-766.4941	-803.0744	-1127.0924	-1139.5379	
-1103.0551	-437.2507	-437.6348	-632.3280	-787.3582	-1027.2178	-1038.3704	-1094.4509	
-1231.6863	-446.8892	-451.6340	-908.1725	-908.4564	-908.7056	-1167.0520	-1222.8674	
-1167.2260	-399.6214	-404.0499	-683.3569	-717.1641	-958.5359	-986.9728	-994.9957	
-1030.5105	-109.8215	-143.1922	-508.7308	-511.6901	-509.3440	-641.1954	-1017.4600	
-1133.3595	-327.1732	-327.1774	-638.6673	-639.9890	-644.2361	-644.3967	-1114.8321	
-1019.2334	-253.1527	-267.0987	-549.6611	-555.2357	-823.0934	-889.5252	-1008.9158	
-1260.6322	-474.3698	-475.6381	-864.0171	-865.5153	-877.1530	-1148.2516	-1213.4915	
-1039.2670	-336.5878	-337.0072	-554.5142	-734.7547	-957.8036	-982.3247	-1022.6186	
-993.6499	-556.8510	-558.2620	-663.9596	-689.2971	-950.5154	-957.8831	-977.1479	
-960.9679	-240.4196	-247.0181	-521.8595	-547.3531	-818.8803	-821.2964	-943.3190	
-1246.5864	-338.3800	-343.5688	-733.2647	-748.4121	-742.3439	-1214.8997	-1239.4682	
-1246.3147	-343.0139	-343.2505	-841.6517	-1139.1046	-850.9306	-1152.2564	-1223.3115	
-841.0632	-231.6850	-237.1213	-411.5965	-426.1550	-726.8166	-730.9264	-822.6706	
-1043.5343	-428.6815	-428.6804	-632.4193	-928.7464	-961.2516	-962.2839	-1018.3711	
-1103.1188	-362.7163	-364.9700	-599.7843	-903.2304	-923.1983	-929.2889	-1095.1767	
-1017.5512	-205.8282	-222.8075	-529.4344	-533.9503	-853.8384	-906.8238	-930.3475	
-1034.8964	-444.2191	-444.2942	-606.2654	-620.5208	-810.1975	-863.0862	-1030.5432	
-1210.3934	-121.6338	-144.9046	-555.8686	-739.2144	-1032.2547	-1034.2100	-1193.3833	
-1032.2112	-148.2679	-152.3721	-505.5695	-535.8164	-885.3971	-904.6712	-915.1875	
-1164.4676	-385.8450	-386.0867	-659.8139	-1040.3181	-1095.4755	-1102.3798	-1154.5731	
-1304.8202	-116.7680	-191.7068	-768.0755	-771.6461	-778.7428	-804.9860	-1292.4420	
-1014.8398	-202.1444	-207.1103	-513.6995	-515.5236	-797.2319	-849.6850	-991.9634	
-1141.9428	-285.5712	-302.9811	-636.8577	-637.0334	-650.2395	-654.6540	-1115.1151	
-1618.5162	-953.3892	-966.4243	-1165.0577	-1208.7803	-1291.7705	-1440.6554	-1601.7171	
-1167.4066	-230.8028	-293.8437	-648.2688	-648.4113	-751.3500	-950.8014	-1112.9799	
-955.8287	-339.5836	-354.9499	-516.7763	-516.7872	-598.2991	-676.4584	-936.3528	
-1127.2346	-429.6443	-433.3074	-640.9541	-713.0676	-992.6361	-1024.2807	-1116.6898	
-977.1231	6.1757	-4.5012	-377.7817	-859.6739	-887.7064	-888.2979	-898.8798	
-1033.0830	-201.6728	-209.3389	-568.5761	-596.2110	-914.2614	-948.4312	-1019.7408	
-1049.5503	-168.4478	-171.9273	-531.8082	-531.8225	-539.5014	-540.3677	-1036.7411	
-1234.4175	-573.3512	-573.6293	-790.2095	-792.1338	-823.7041	-1216.9229	-1228.1819	
-933.4996	-273.1077	-273.3686	-524.6730	-525.7482	-772.5297	-773.5116	-910.1801	
-1106.9209	-413.0052	-414.3715	-657.0317	-829.0953	-986.6006	-1002.6121	-1103.0531	
-944.2374	-321.0766	-325.7099	-519.7740	-731.4013	-809.3138	-815.7062	-938.8162	
-787.9672	8.9290	8.0496	-288.8413	-332.7001	-577.6992	-687.6518	-779.4069	
-906.3077	-207.4574	-212.9043	-463.8660	-483.5255	-792.8726	-838.9572	-891.6050	
-1153.8460	-488.8621	-491.5911	-725.8977	-734.1469	-1124.6131	-1132.6818	-1151.9157	
-1026.1046	-100.5825	-121.5064	-482.4913	-744.7843	-992.6792	-485.3193	-1011.7842	
-1088.4966	-308.6311	-310.9241	-614.6144	-617.2133	-652.1967	-657.0806	-988.7865	
-1111.8411	-387.2400	-418.3156	-628.0128	-951.4739	-1018.1350	-1019.6456	-1095.3422	
-1346.1831	-605.6980	-610.7474	-1066.2777	-1075.3871	-1086.1017	-1266.8971	-1321.6165	
-911.2719	-15.5610	-18.6356	-451.7954	-779.3144	-480.8635	-798.9534	-824.5061	
-1199.4016	-232.2303	-266.0610	-897.8665	-902.0823	-902.5469	-1039.2945	-1173.9233	
-978.6360	-73.9695	-82.5023	-463.3978	-465.7936	-474.8770	-475.4838	-975.7043	
-1108.8522	-305.5175	-345.4737	-622.4503	-662.3737	-663.2957	-940.8563	-1095.5540	
-1154.2068	-50.5384	-79.7815	-551.9543	-557.6291	-567.4581	-570.6251	-1130.6399	
-1008.2354	-129.7159	-145.2631	-477.8336	-881.2316	-517.8008	-822.1764	-984.8191	
-1039.7447	-397.0983	-408.5849	-581.3694	-753.0377	-929.2569	-943.6597	-1023.6666	
-1131.8723	-301.2878	-306.1557	-648.6183	-650.4995	-650.5604	-868.8029	-1119.5420	
-1036.2328	-160.9417	-163.4099	-511.1938	-511.2342	-889.4784	-1004.4969	-1017.3759	
-861.9042	-130.9742	-140.3279	-399.0631	-756.8532	-813.2717	-815.2183	-851.4337	
-1102.7560	-228.7279	-231.3855	-585.4197	-595.2583	-661.9897	-942.7095	-1086.0618	
-1171.1747	-370.1769	-395.4733	-682.0946	-698.6032	-724.9288	-911.5813	-1147.5054	
-981.2374	-400.7088	-406.1920	-569.2183	-583.3700	-813.9001	-849.9600	-966.2553	
-1129.1560	-502.0941	-504.6550	-677.3031	-1058.7030	-1064.9030	-718.8443	-1101.5391	
-962.0206	-4.7518	-34.9152	-431.5024	-644.5056	-511.4041	-912.2873	-927.0281	
-870.7522	-55.6402	-56.3330	-395.2066	-395.2935	-750.9453	-778.3984	-861.3943	
-994.3512	-393.6524	-396.8745	-548.6311	-710.5270	-886.5601	-887.8921	-989.3998	
-1097.9898	-196.9548	-202.1449	-706.9898	-718.6629	-873.3934	-884.3088	-948.8454	
-963.7564	-75.3992	-88.3887	-393.5553	-591.8469	-890.4403	-896.6440	-941.2624	
-1125.3381	-318.3249	-318.4985	-624.4824	-626.9755	-849.3173	-979.9091	-1111.1004	
-1052.8487	-439.3123	-440.6092	-672.7487	-679.9434	-1028.9005	-1037.1124	-1050.7661	
-891.3738	-277.3767	-285.2013	-469.7550	-510.6325	-839.9996	-882.0770	-884.7887	
-1148.3373	-458.0169	-463.7431	-671.6111	-843.8190	-1049.2443	-1132.7937	-1137.6680	
-1111.4084	-269.9751	-278.8097	-576.2396	-578.4646	-835.3267	-929.0102	-1089.6360	
-1346.8585	-507.8946	-511.4090	-806.5184	-916.7712	-1153.0329	-1212.3971	-1336.7156	
-934.1470	-270.1723	-272.0637	-495.6625	-822.7919	-855.0704	-860.8148	-928.7667	
-1161.0384	-554.6522	-555.3918	-765.7922	-890.7103	-1037.4615	-1063.5729	-1156.6091	
-1029.7627	-79.8145	-80.7978	-501.4455	-501.5107	-502.4060	-503.4775	-1023.5403	
-983.4670	-235.3307	-236.0829	-517.1022	-851.4583	-924.1449	-947.3922	-971.4316	
-975.8491	-129.2306	-134.5371	-459.8676	-486.8163	-529.6137	-754.0220	-939.9221	
-1233.7767	-251.8168	-295.9235	-789.0232	-794.0754	-1183.4315	-1184.3925	-1216.7429	
-935.7826	-95.8930	-96.9268	-378.0690	-387.4061	-414.3695	-445.9895	-919.5963	
-1217.7696	-759.9160	-788.8546	-884.6458	-890.3548	-1023.5842	-1045.4960	-1194.8710	
-1013.7039	-633.2876	-638.8997	-709.7014	-728.9866	-713.1239	-802.6743	-1008.3284	
-1011.1129	-571.4663	-573.3451	-672.4920	-672.5829	-809.3007	-996.4413	-1001.4340	
-905.5913	-228.0031	-242.9685	-481.8168	-710.9667	-736.5772	-762.3501	-890.8730	
-1188.0153	-300.4937	-329.1460	-643.0791	-909.5334	-1045.9225	-1063.7352	-1170.8726	
-805.2129	-51.2149	-51.2257	-303.0661	-329.0543	-650.5083	-670.1287	-780.9530	
-1165.2614	-173.3671	-189.9150	-630.1286	-630.4453	-648.5002	-671.1293	-1111.0961	
-992.5113	-23.7013	-28.2356	-436.9875	-832.4175	-885.9086	-909.9656	-982.5440	
-989.2496	-76.8826	-108.5431	-465.5549	-489.0711	-490.7836	-777.3817	-931.6492	
-1041.0509	-140.6656	-141.0846	-427.4915	-810.1665	-916.2583	-930.5385	-1028.6761	
-894.1401	-214.7808	-214.7926	-450.7684	-454.2994	-771.2024	-834.0084	-877.7088	
-1211.8296	-488.9750	-494.6891	-767.7494	-771.1664	-776.2748	-1095.1983	-1183.9029	
-1147.4329	-250.7238	-252.1522	-642.3703	-642.6251	-957.3538	-985.8345	-1119.8087	
-874.3018	-161.4399	-187.8732	-404.5049	-405.4014	-405.7659	-595.3551	-803.4165	
-805.3057	-202.6164	-211.9395	-387.0274	-387.1250	-524.1012	-615.5645	-802.5501	
-1059.6249	-381.5484	-386.7681	-589.7361	-595.8982	-987.0411	-1003.7763	-1048.6582	
-1237.8705	-388.3470	-388.9293	-681.4032	-816.5201	-1062.6084	-1089.8516	-1178.6577	
-964.0940	147.1697	130.4045	-354.7641	-361.2109	-361.3320	-366.7797	-412.2045	
-1036.0939	-519.1953	-537.0474	-690.8393	-720.5545	-946.2278	-954.5827	-1024.1045	
-981.1871	91.7610	73.8758	-429.6099	-430.6627	-430.6875	-432.9014	-441.9473	
-1072.8083	-174.4183	-185.7623	-920.0448	-921.3043	-936.5313	-949.8152	-1027.9843	
-1342.5597	-502.0116	-544.6471	-869.2592	-869.2796	-876.6420	-1325.3125	-1338.2064	
-1345.3559	-714.6138	-714.6616	-927.0027	-1061.0517	-1171.8826	-1275.1874	-1328.2195	
-1178.3373	-757.1261	-758.3537	-874.1768	-881.9253	-889.3823	-896.0894	-1173.7193	
-937.3779	-119.3122	-119.3443	-424.0891	-481.3152	-727.2813	-757.4230	-919.4622	
-1341.3018	-509.2794	-509.3249	-1221.1130	-1224.5457	-1233.8257	-1276.6046	-1329.1193	
-1129.5732	-282.7457	-285.5956	-633.6764	-637.1657	-657.9082	-713.2136	-994.4828	
-914.9891	-227.5003	-227.5038	-523.6057	-531.0536	-532.1523	-860.3609	-903.7091	
-1683.5792	-1016.0926	-1016.3950	-1391.8072	-1455.7304	-1519.5181	-1587.7985	-1664.0729	
-1008.9539	-546.1963	-546.6212	-672.3917	-682.5633	-987.7056	-993.4108	-1000.6357	
-1281.6906	-603.5163	-623.8769	-865.8974	-866.3250	-871.5367	-1124.8273	-1267.8259	
-1024.6669	-195.5927	-196.1670	-558.9247	-566.4191	-568.2636	-942.7059	-1000.7075	
-1107.6251	-180.7667	-199.2631	-626.7181	-627.0822	-636.8240	-932.7006	-1070.4521	
-943.0652	-47.4536	-50.0591	-428.6914	-692.2449	-769.0636	-790.0276	-933.8631	
-1029.7271	-201.7112	-208.9030	-528.8743	-528.9013	-732.2298	-806.3975	-1001.6823	
-1049.4022	32.6827	8.1984	-504.5303	-504.8962	-507.3160	-852.6111	-513.8451	
-933.6617	-129.1990	-130.0743	-410.7835	-533.7745	-764.8217	-781.2897	-906.4923	
-1385.8594	-565.9787	-565.9822	-1154.6968	-1180.4063	-1219.5169	-1282.9663	-1358.5226	
-1299.5871	-711.7441	-729.8923	-875.3304	-886.9558	-1137.6899	-1166.0186	-1256.5994	
-1205.3581	-402.0386	-406.1608	-870.5620	-874.4783	-877.9702	-1157.7848	-1179.4418	
-957.3885	-387.0151	-407.2216	-563.3045	-583.7318	-776.7004	-849.1771	-918.5846	
-981.1416	-330.8687	-330.8720	-532.9707	-709.4313	-821.3451	-851.4202	-956.1348	
-1014.2568	-187.3342	-193.5528	-517.8643	-889.1412	-866.3753	-970.7373	-1002.3427	
-973.6208	158.9893	111.9223	-614.7585	-803.3741	-826.0861	-845.5300	-877.7346	
-979.9395	-326.2582	-335.1221	-590.6653	-599.3077	-599.9431	-883.9353	-960.4959	
-1059.5734	-505.6571	-505.7499	-680.3129	-680.3133	-689.5659	-704.8695	-1049.7542	
-837.5067	-365.7441	-365.8927	-484.7253	-629.9710	-769.1811	-770.4176	-833.6727	
-1065.8739	-281.3208	-288.6897	-574.4712	-607.4576	-888.5148	-944.3196	-1028.7918	
-972.9070	-450.0267	-460.5828	-581.3450	-581.3468	-584.3410	-653.4393	-945.7280	
-1009.4885	-40.7340	-67.2850	-406.5350	-878.8968	-930.1046	-931.5904	-994.8621	
-1067.6006	-262.3620	-277.7728	-632.5395	-642.4901	-645.5276	-997.1234	-1041.7731	
-1121.4000	-217.4421	-217.6748	-600.5396	-704.2724	-961.2349	-1098.8921	-1101.7827	
-1064.2317	-461.9051	-463.9690	-650.9681	-1043.1733	-1049.5324	-1053.7351	-1062.4608	
-1047.4088	-320.0391	-320.2873	-575.6314	-591.6878	-955.7149	-958.9846	-1026.4770	
-1144.6751	-331.7622	-331.9146	-769.6504	-770.2855	-773.4697	-1011.8309	-1128.8570	
-1265.0331	-481.1836	-494.8614	-753.4587	-781.6273	-1117.5229	-1176.1604	-1228.2269	
-1405.8906	-837.2346	-839.9246	-999.3178	-1287.6391	-1344.6529	-1367.5915	-1370.8568	
-984.8667	4.5537	2.8041	-459.2710	-465.9956	-470.4751	-472.0536	-977.7806	
-1476.5490	-720.3760	-722.3012	-1181.1540	-1204.5830	-1224.9737	-1387.1422	-1445.4332	
-1184.4337	-493.9559	-504.1195	-737.7247	-972.9066	-1080.8202	-1128.8330	-1163.1884	
-939.0097	-53.4911	-53.7380	-381.5220	-431.7542	-788.2034	-792.2932	-929.0378	
-1399.1709	-781.8512	-796.0154	-993.3413	-995.4146	-998.7035	-1323.0760	-1351.6160	
-972.3988	-195.4523	-195.4747	-482.8334	-493.8281	-787.7418	-798.7612	-970.7516	
-1293.5561	-510.8932	-511.6028	-944.7072	-962.8069	-979.6964	-1241.0298	-1279.1104	
-1027.8243	-154.1282	-173.1038	-508.5719	-617.9265	-845.2017	-875.2356	-1005.6822	
-1414.4078	-627.1722	-627.1812	-921.0633	-955.0354	-964.6423	-1150.0242	-1372.3485	
-1185.8152	-729.5748	-730.4728	-854.8467	-858.7955	-1137.8305	-1139.6902	-1156.7231	
-1330.8779	-522.8263	-548.9581	-880.3603	-882.2725	-920.0388	-1225.4233	-1307.0683	
-1125.7035	-285.5375	-300.3907	-682.5713	-717.2928	-717.4182	-1009.8782	-1085.6126	
-1186.6182	-419.3816	-423.6441	-734.0464	-753.3935	-772.0933	-987.1966	-1166.6349	
-989.1465	-208.9143	-218.9813	-527.3808	-562.1795	-566.4637	-890.8611	-978.8939	
-1052.6829	-157.7461	-159.9351	-640.8183	-969.0772	-642.3225	-1010.2281	-1042.4536	
-1387.2351	-535.6024	-594.8853	-1249.1448	-1251.1707	-1291.4432	-1298.4388	-1376.4867	
-1196.8031	-417.0664	-447.2364	-745.7783	-761.2547	-1039.6556	-1134.2916	-1180.4608	
-930.1979	-60.7967	-84.6377	-491.0694	-521.7029	-523.5909	-882.8592	-915.7433	
-1186.8493	-507.3029	-507.3035	-774.1090	-775.3841	-1132.0156	-1144.0774	-1154.2391	
-888.4049	-546.0726	-553.4851	-611.2014	-636.6531	-733.3474	-770.0371	-870.3014	
-1093.7624	-283.9034	-303.0230	-702.3002	-724.5547	-731.5056	-1014.7695	-1076.6909	
-1173.8619	-495.6621	-496.2268	-720.2906	-727.1758	-775.0191	-936.2455	-1150.1783	
-947.2001	-141.7596	-146.5140	-495.8822	-503.0266	-507.7377	-873.2071	-937.7358	
-1112.8156	-187.2070	-220.0401	-490.0134	-759.3273	-1021.3056	-504.0297	-1066.1394	
-1137.7948	-614.9971	-627.8567	-787.0980	-789.0504	-819.4474	-840.1731	-1132.8711	
-795.4571	78.9700	76.3047	-241.8067	-254.9561	-515.9876	-632.6457	-766.6459	
-1212.6142	-386.0311	-386.4476	-733.9783	-736.3731	-1083.7858	-1141.4317	-1171.3626	
-1121.6217	-418.7149	-425.6532	-686.0968	-693.8889	-799.2337	-961.6742	-1103.2246	
-1053.1299	-248.3186	-249.8583	-544.8422	-686.1907	-857.9561	-865.5174	-1018.3242	
-1040.8390	-238.5325	-244.9592	-534.1809	-535.5529	-921.1545	-1004.1253	-1018.6957	
-1115.7064	-146.3697	-163.6400	-566.6919	-568.7248	-954.4899	-975.7585	-1097.0836	
-978.2295	-196.5937	-198.8851	-500.2215	-518.2468	-880.4207	-886.3812	-973.4298	
-1369.5084	-623.6501	-637.5941	-908.4953	-926.1099	-940.6043	-1195.4596	-1350.0710	
-1026.3869	-349.8413	-351.3972	-574.3871	-586.5170	-587.3456	-791.9027	-1013.7998	
-1108.2996	-498.0602	-498.0724	-690.3119	-995.7018	-903.2813	-932.9159	-1086.4089	
-1204.8280	6.7506	2.4848	-682.7311	-685.1233	-685.3166	-686.9751	-690.2382	
-932.4828	-118.6010	-154.3781	-432.0377	-432.5712	-753.9930	-768.1365	-915.6333	
-1035.8456	-357.2952	-361.4102	-563.0936	-577.6139	-877.3696	-1002.2929	-1022.2565	
-1159.6455	-353.4821	-353.9558	-632.5375	-644.3570	-789.8001	-912.7401	-1129.7718	
-977.9565	-158.8491	-169.0082	-442.3623	-871.3276	-908.0662	-911.1116	-954.3590	
-1085.0183	-255.0240	-255.5430	-667.2623	-682.9756	-686.6172	-946.5911	-1068.9989	
-820.2074	-294.5311	-299.7726	-438.9508	-585.9730	-591.9871	-681.0426	-805.1260	
-955.7447	-278.0401	-307.0787	-548.7664	-578.9514	-885.6213	-902.2530	-944.1889	
-964.6141	-273.6242	-274.1087	-517.2964	-530.4973	-851.7553	-873.5758	-957.9542	
-1099.0124	-457.5254	-458.8982	-658.4396	-700.0039	-1044.1441	-1052.6589	-1059.0376	
-1115.9617	-152.8551	-174.3602	-570.4776	-810.9479	-883.6398	-994.5006	-1101.2162	
-1207.5756	-440.8122	-470.6174	-743.4705	-754.1222	-759.1386	-760.1609	-1188.6607	
-1007.8913	-447.4724	-447.4777	-611.3862	-832.2430	-614.5307	-987.9416	-619.0287	
-1152.0418	-333.6997	-343.3038	-1062.5338	-1077.2963	-1091.9835	-1095.1376	-1132.4197	
-1234.2073	-220.0460	-228.0036	-694.4552	-708.2772	-701.8766	-973.3014	-1206.1455	
-1231.6287	-503.0061	-516.9471	-860.5844	-860.6914	-1142.9497	-1176.1782	-1211.5226	
-1074.4660	-397.0024	-398.4576	-634.5988	-643.2765	-647.1810	-935.1139	-1057.4615	
-1108.0724	-119.8858	-152.3406	-573.8486	-575.2474	-581.2491	-916.8117	-974.2137	
-1053.4629	-290.9210	-293.8862	-541.4666	-639.4248	-929.5509	-953.1522	-1029.8174	
-987.2213	-484.1222	-485.7793	-619.4387	-623.9031	-850.8166	-869.7737	-977.2987	
-1073.3172	-524.4200	-524.6646	-672.4607	-1023.5057	-1024.6376	-1030.7369	-1058.5701	
-1107.0089	-131.7590	-139.6253	-630.8242	-667.4076	-692.8009	-1071.8541	-1083.5588	
-1172.8330	-384.0433	-384.1293	-1034.0697	-1038.1168	-1040.8202	-1125.2960	-1143.1334	
-1004.5966	-351.5952	-352.6368	-576.8010	-578.0600	-578.2026	-827.0639	-987.1489	
-1176.5409	-528.2398	-549.2138	-777.6224	-778.3852	-1016.0364	-1052.6598	-1167.0900	
-1163.1505	-498.5348	-523.0607	-712.4644	-735.4588	-1043.7094	-1098.6379	-1143.6176	
-1019.5946	-198.2622	-209.4603	-562.0813	-567.5241	-812.5642	-850.9739	-1011.4608	
-1227.8196	-426.8558	-430.2122	-745.1744	-766.6402	-1173.0684	-1193.5348	-1222.0776	
-1045.3012	-377.8608	-377.8668	-566.0452	-609.3165	-936.9940	-963.4399	-1033.1487	
-918.3836	-167.2117	-169.8584	-419.4668	-424.7932	-700.3343	-717.6375	-894.5071	
-1010.0245	-571.7780	-582.7475	-680.7477	-964.0233	-975.9549	-988.7726	-1006.6373	
-1032.2500	10.7178	-6.4908	-489.9781	-491.4396	-491.9693	-493.0590	-495.5425	
-1302.9306	-451.4317	-485.0249	-873.2333	-882.2787	-893.1980	-1088.3905	-1260.2377	
-938.0982	-108.3267	-110.5377	-398.1786	-450.5713	-806.3976	-808.2342	-885.2724	
-775.5941	122.1216	122.0388	-264.6813	-271.2502	-274.3060	-274.7278	-276.9881	
-942.9775	73.8982	70.3830	-331.9774	-624.3778	-820.7719	-824.1428	-928.6892	
-960.7702	-182.0889	-182.1373	-438.7017	-449.4578	-573.8883	-759.5723	-940.6401	
-870.7863	-76.3822	-76.7812	-351.4457	-363.4178	-493.0180	-667.0560	-853.5639	
-1282.3255	-713.0903	-724.3325	-900.5913	-906.6333	-920.7145	-1144.0301	-1258.2236	
-1355.5571	-510.1035	-548.5967	-1120.7208	-1148.6633	-1195.7319	-1322.4047	-1344.0738	
-1161.1496	-434.0469	-434.5376	-809.1571	-810.7178	-827.7653	-1086.9628	-1098.3344	
-965.9929	-196.9426	-201.2680	-496.0649	-500.1261	-750.3202	-764.6577	-955.9679	
-802.3709	127.6379	127.2249	-271.1874	-271.2150	-271.6807	-577.9556	-782.8362	
-910.2903	-352.7072	-354.4039	-559.9430	-576.6391	-577.3275	-845.9101	-895.9341	
-1150.9625	-208.8825	-263.9101	-874.3376	-946.0747	-946.6250	-1063.0163	-1140.0700	
-938.0135	182.0728	181.5471	-361.4198	-361.7272	-382.1535	-904.2640	-402.0341	
-727.0003	-221.3724	-226.7982	-356.4741	-418.1911	-564.2612	-574.9829	-724.2239	
-1319.9262	-499.5418	-522.7161	-1090.6277	-1147.6692	-1103.0114	-1169.7846	-1262.4825	
-1094.9046	-203.7216	-205.8817	-680.0641	-706.4613	-709.9212	-1040.2307	-1044.9745	
-1164.5641	-369.7036	-378.7987	-713.9368	-746.1794	-1003.3888	-1062.1784	-1153.6910	
-980.3710	-442.9278	-446.5878	-602.6105	-881.1442	-934.6734	-935.2819	-941.7147	
-1065.0813	-404.7924	-425.0166	-649.5090	-649.9846	-994.3133	-1031.2334	-1049.3610	
-1397.9266	-623.2362	-638.5997	-1285.6444	-1333.8542	-1354.6726	-1363.7547	-1384.2585	
-1218.7778	-493.5950	-494.2124	-789.1414	-789.3390	-800.6941	-812.4835	-1189.4263	
-1237.6285	-344.2837	-389.8378	-742.8770	-753.4167	-895.2139	-1073.8617	-1214.0948	
-916.8536	-486.9705	-487.1537	-599.7269	-599.7328	-757.5446	-782.3467	-909.8964	
-1087.5486	-278.5554	-278.5839	-626.2536	-950.0667	-630.6270	-889.3473	-1057.1485	
-1319.8459	-444.8542	-466.9281	-964.2232	-1136.3329	-966.1887	-1111.1069	-1315.0260	
-868.4985	1.0149	0.9352	-349.2535	-352.7280	-656.5801	-665.4109	-860.9898	
-968.6788	-240.5109	-245.2667	-489.1913	-537.9444	-538.1804	-918.7341	-957.4243	
-865.1168	-17.5866	-22.5188	-371.9483	-823.5006	-372.3415	-838.1547	-848.0559	
-1000.8495	-368.2936	-368.2942	-580.8985	-637.8478	-890.2439	-926.8025	-986.1162	
-917.6466	-123.9493	-140.4034	-414.3347	-698.1207	-786.3921	-788.6637	-908.7808	
-963.8472	-108.9938	-123.4072	-454.1565	-478.2976	-604.5222	-831.6870	-935.0630	
-1179.3849	-289.8987	-303.4776	-661.3046	-674.2209	-675.1275	-719.2563	-1107.1388	
-1051.6210	-535.3482	-535.3545	-684.1853	-727.7037	-875.1963	-904.7337	-1029.9484	
-984.9558	-182.0127	-231.2300	-508.8032	-663.5496	-783.2918	-792.9025	-978.1555	
-1029.9535	-197.4696	-203.5719	-532.4386	-533.9127	-536.5736	-764.9216	-1005.4770	
-897.6754	-276.8669	-290.6301	-442.2807	-794.0858	-827.4881	-827.7318	-866.3329	
-1102.2871	-40.1303	-59.3137	-584.7757	-875.1076	-651.9850	-892.2942	-1072.1966	
-825.9026	-58.8859	-62.2231	-313.2549	-617.8143	-757.0767	-761.5023	-811.1938	
-1257.5676	-470.8734	-474.8735	-754.7853	-757.7832	-760.4164	-818.4038	-1191.6844	
-937.9284	-500.3931	-508.1078	-602.4466	-792.7983	-833.0450	-837.0505	-932.4813	
-1080.2648	-420.2307	-421.3341	-642.3286	-642.3509	-644.1766	-1059.6989	-1061.6758	
-933.5906	26.6212	17.6153	-333.1595	-509.4802	-772.1407	-785.0959	-917.1129	
-1223.1388	-562.0078	-563.8013	-805.3319	-810.2883	-1148.7562	-1168.9045	-1200.4766	
-862.8672	-49.4099	-64.3668	-318.3059	-319.3145	-825.7293	-830.5213	-854.8923	
-1159.4412	-364.9692	-368.7478	-741.3320	-743.9009	-744.9292	-1057.1529	-1142.8177	
-870.8472	-295.7037	-296.4257	-461.5992	-483.1380	-641.5358	-694.1804	-859.1658	
-1129.2223	-14.1304	-50.5131	-571.1652	-573.8414	-1039.3818	-1105.2181	-608.6717	
-1151.4189	-361.7051	-380.2048	-713.1191	-723.4062	-725.9954	-999.2098	-1099.8274	
-1080.0265	-479.9986	-480.8844	-728.8540	-728.9081	-734.6194	-984.0962	-1058.4197	
-1037.1868	24.5636	4.5094	-503.2483	-503.3799	-503.8296	-506.2557	-1031.9905	
-1061.1062	-389.4289	-392.9884	-609.1284	-614.4211	-806.9183	-907.1935	-1017.3179	
-1323.4048	-525.1826	-525.5736	-1002.6100	-1013.3586	-1217.8971	-1249.9818	-1296.7215	
-1093.7848	-192.0997	-260.2397	-665.6751	-666.1225	-684.7765	-1000.7073	-1045.2957	
-923.2517	-97.8233	-136.1591	-425.8806	-434.1725	-434.8563	-436.0557	-909.6978	
-1219.7708	-876.9664	-881.4275	-940.4996	-942.4945	-945.9080	-1095.4563	-1213.0031	
-1026.1265	-414.1423	-417.7119	-603.3337	-638.0110	-783.7830	-832.7161	-1005.0478	
-1177.2872	-540.4005	-540.4515	-759.0497	-792.5195	-1094.7410	-1125.3195	-1174.1100	
-1187.7814	-517.8087	-530.1798	-727.6656	-730.2334	-830.6799	-964.5530	-1172.2083	
-1162.3561	-476.2365	-478.6117	-731.6333	-745.6473	-831.0970	-1002.1860	-1144.0738	
-1033.0856	-300.7695	-300.7887	-540.3681	-585.4420	-610.0529	-641.9936	-1003.3303	
-1223.0511	-401.6108	-415.3024	-716.6846	-718.2626	-985.5091	-1032.0250	-1174.9734	
-847.2906	-483.3268	-484.4511	-554.2758	-622.0753	-721.9157	-725.7857	-845.8387	
-1027.6570	-186.8405	-190.3406	-488.6434	-492.5255	-496.9118	-509.1146	-1018.3805	
-1113.2544	-231.4532	-235.9359	-747.2210	-939.5168	-761.3505	-994.9216	-1084.6111	
-1194.1818	-341.5380	-367.0592	-758.0472	-1083.3289	-760.7371	-1181.6207	-779.3406	
-1411.3598	-697.9748	-698.6393	-969.0144	-1007.5315	-992.5078	-1240.2707	-1311.1782	
-1193.6678	-545.3668	-548.6964	-813.8756	-814.6397	-1181.6981	-1187.5471	-1190.9059	
-1019.6663	-470.8115	-476.6720	-625.7057	-625.7438	-625.8037	-684.0471	-1012.7754	
-1393.8198	-670.9138	-687.4582	-956.2000	-956.2236	-964.2640	-1285.0839	-1360.9840	
-864.9973	-200.1351	-200.7193	-426.6357	-428.6142	-435.0498	-435.6110	-856.6228	
-951.5605	-215.5186	-222.2186	-514.0187	-519.3269	-743.6421	-807.2407	-936.2237	
-1270.8995	-567.9994	-568.0899	-823.8632	-841.2541	-1118.2391	-1136.5836	-1253.7203	
-970.5012	-106.1475	-111.3240	-468.5875	-475.5799	-481.1396	-486.3797	-961.7548	
-1009.7983	-490.5616	-491.0464	-629.1209	-941.1083	-900.6187	-932.6847	-1003.9125	
-1406.2085	-708.1842	-726.8857	-1009.3317	-1014.0816	-1014.1795	-1029.5046	-1397.5275	
-1094.4101	-584.5551	-592.6318	-724.0284	-728.8733	-1028.2643	-1053.9230	-1081.1842	
-1293.5857	-486.8317	-512.0393	-794.5706	-1049.8241	-1100.7629	-1130.3585	-1288.2851	
-977.8077	-130.8765	-133.9277	-659.7359	-659.8918	-667.1725	-927.7765	-962.0946	
-904.3525	-289.8584	-291.0157	-494.0169	-501.6536	-762.5309	-773.4903	-849.2331	
-1044.3333	66.2289	24.8626	-493.2183	-493.2192	-494.4383	-495.1235	-1023.9709	
-998.4988	-408.9796	-409.3846	-583.2469	-610.3394	-954.9011	-956.4922	-980.0381	
-1143.7387	-416.8278	-421.6201	-995.8644	-1023.4824	-1048.4946	-1099.8045	-1134.3944	
-762.6162	-203.6249	-204.4179	-377.9374	-383.6329	-659.4294	-740.2636	-752.9341	
-981.0896	-85.9275	-97.2639	-510.2074	-898.5846	-927.2236	-931.9478	-972.8205	
-1029.4151	-20.6018	-20.8232	-422.7147	-882.4769	-896.7306	-910.4097	-993.2068	
-971.4526	-67.3930	-75.5105	-416.5376	-445.1360	-611.9779	-802.9977	-933.3445	
-1003.5119	3.5613	0.6310	-476.7971	-486.1757	-489.1905	-904.9354	-961.1918	
-1304.6967	-471.8288	-475.7114	-1062.5361	-1078.7378	-1067.7134	-1071.9841	-1290.4289	
-1025.6864	-190.8824	-196.4027	-922.9784	-924.2721	-936.3756	-946.9456	-1006.3882	
-1124.9285	-407.8037	-407.9027	-804.0270	-806.1494	-806.4203	-1062.5120	-1114.1054	
-1229.2579	-323.2453	-364.0656	-705.0034	-759.8695	-1110.8481	-1153.0227	-1204.5102	
-1101.6963	-354.2310	-354.5307	-654.2510	-654.2671	-956.3661	-979.9429	-993.1905	
-879.0387	-61.1775	-78.3962	-375.5089	-376.2242	-391.7710	-394.2279	-861.2295	
-983.0192	-304.3167	-308.9426	-557.2004	-571.5166	-715.2115	-893.2626	-964.6969	
-957.6834	-68.3901	-90.5515	-413.4708	-454.5883	-732.0466	-799.8911	-925.3115	
-1047.3524	-315.9708	-324.2198	-548.7845	-573.8368	-752.2230	-798.0104	-1022.6861	
-917.5523	-294.0379	-294.1065	-508.8774	-532.3293	-878.7243	-509.8597	-893.4281	
-1218.7724	-367.6810	-378.7211	-733.1688	-734.0132	-738.1305	-751.9637	-1191.4965	
-858.3873	-311.3037	-321.6758	-486.1161	-515.3991	-640.3942	-667.0755	-855.8645	
-933.3811	-307.0849	-307.2804	-515.1394	-533.4473	-837.9484	-843.9154	-925.5540	
-1229.8804	-801.8460	-809.0063	-897.7692	-899.6628	-1140.6129	-1181.6590	-1211.4819	
-1114.7812	-557.4675	-561.0323	-739.5947	-740.9048	-1036.3668	-1064.7646	-1100.8840	
-871.4256	-215.5374	-215.5374	-419.5342	-489.8591	-660.9355	-684.0779	-836.4735	
-1024.6604	-677.4002	-684.6747	-752.8493	-763.1180	-814.6242	-842.1556	-996.7560	
-1250.0765	-767.3152	-767.3543	-903.3214	-926.2821	-936.8867	-1184.5163	-1232.1268	
-1078.9337	-154.3494	-154.5862	-620.0625	-629.6830	-633.2595	-890.5819	-1043.9803	
-942.7105	29.7028	28.5052	-343.7269	-409.6765	-736.8880	-788.3689	-925.7243	
-1066.1740	-523.2260	-533.5657	-693.8796	-700.1607	-735.6580	-901.2638	-1059.5915	
-924.2560	-120.5796	-124.2023	-412.1029	-413.9239	-873.4759	-890.8791	-898.1376	
-803.6274	-106.0041	-107.0520	-306.8482	-646.2043	-674.5352	-683.7410	-790.0469	
-1123.5760	-63.9448	-95.2126	-564.4142	-956.1835	-969.3456	-980.2344	-1111.8990	
-1263.9434	-825.7900	-825.7920	-910.0102	-949.7174	-1169.9629	-1184.4026	-1259.0306	
-1170.9207	-320.2136	-327.5643	-851.1446	-1001.1169	-862.4852	-1062.6476	-1145.7752	
-1075.8330	-428.6870	-429.2905	-639.5733	-980.2515	-1020.2813	-1023.2284	-1054.7324	
-1108.5063	-59.8676	-78.8666	-739.2998	-949.5315	-813.2721	-789.6908	-1035.3609	
-1108.7882	-148.6727	-148.9932	-595.3605	-811.5235	-596.3722	-863.7124	-1098.9942	
-817.6783	-186.7821	-187.0297	-400.9597	-767.8861	-787.1583	-795.1513	-799.6291	
-998.1395	-459.8147	-465.0671	-639.4519	-650.1792	-896.3435	-914.1702	-990.2722	
-1197.0273	-611.3910	-611.6244	-838.1591	-843.6871	-1064.0957	-1115.8599	-1192.3080	
-1487.6941	-515.0386	-534.0336	-976.9767	-1303.0504	-1328.4505	-1354.8030	-1456.6569	
-1100.0612	-311.0619	-330.9126	-613.0722	-714.2476	-1004.8137	-1015.3698	-1085.0684	
-935.4670	-245.3595	-268.3717	-478.1549	-507.0130	-681.1698	-758.3040	-900.4163	
-1060.1250	-219.8363	-234.1085	-665.2542	-669.2185	-669.7429	-940.2204	-1021.0831	
-909.3157	-204.5934	-204.9052	-425.0502	-604.0525	-812.3714	-839.9509	-860.0491	
-1047.1621	-165.0544	-174.1006	-508.2143	-605.1052	-850.9531	-878.6530	-1023.6208	
-1033.2324	-273.3976	-273.7547	-516.0320	-544.5545	-851.4010	-877.0894	-1002.5635	
-1144.4908	-297.2236	-302.0798	-596.9691	-746.2366	-998.8206	-1022.0093	-1099.9684	
-1166.4147	-435.0369	-444.1245	-945.7115	-950.1120	-980.4563	-1082.7363	-1162.2653	
-1118.5451	-279.4259	-304.6496	-1040.6926	-1047.8308	-1059.6962	-1068.0399	-1112.9538	
-1295.1805	-579.4296	-586.8289	-844.5748	-858.3600	-858.7867	-1059.6485	-1279.4142	
-1125.7683	-498.7499	-500.6642	-759.4612	-759.4632	-760.1104	-1104.9271	-1116.8999	
-937.0408	47.5123	47.5056	-346.0332	-590.4739	-820.4857	-845.2570	-869.6417	
-1304.5245	-469.2126	-469.7668	-1077.9590	-1077.9621	-1108.9366	-1184.9578	-1275.5553	
-1256.8014	-412.3501	-412.9369	-814.7056	-856.1360	-864.3793	-1191.9242	-1249.0086	
-1192.9274	-651.2527	-659.4212	-783.3085	-786.0932	-969.0228	-1076.6021	-1138.0544	
-984.3879	-155.2672	-198.6196	-604.1636	-604.7860	-605.6559	-941.5408	-963.7973	
-1018.2811	-161.7280	-196.7450	-590.3738	-599.8315	-978.1764	-982.5217	-1008.7057	
-1314.8260	-742.0514	-757.9936	-979.2564	-1029.4098	-1262.0204	-1277.3595	-1301.5435	
-1104.7417	-263.5680	-283.0003	-683.3349	-737.6755	-744.8657	-1013.4708	-1089.8000	
-1068.1264	-130.0453	-131.0869	-458.7111	-478.0179	-516.1125	-519.1585	-1058.7131	
-997.3625	-227.6052	-240.1437	-516.5584	-518.3154	-821.9147	-855.9312	-979.7181	
-1192.4390	-591.3816	-610.4405	-795.8713	-800.0601	-1026.8782	-1065.1876	-1172.4902	
-1178.1860	-522.3567	-525.7126	-743.1252	-790.6000	-1052.8249	-1071.8898	-1167.9578	
-857.3639	-210.6621	-211.4844	-447.2176	-448.4110	-458.4784	-460.5524	-844.8299	
-1118.2410	-414.4270	-414.5010	-654.0218	-659.3593	-731.2552	-989.1224	-1106.3202	
-1111.7839	-553.4012	-554.8070	-695.8510	-698.4264	-702.7372	-865.4863	-1087.8186	
-1102.7952	-415.1026	-430.8898	-685.8009	-686.0483	-1049.8322	-1059.2375	-1086.8428	
-1130.6309	-403.0615	-403.2674	-703.7274	-971.2344	-717.1289	-1031.0070	-1107.3780	
-989.3689	-56.3802	-62.7763	-486.0289	-548.2409	-555.7728	-907.7092	-946.9791	
-931.9307	65.1024	-1.1908	-580.5292	-612.6722	-621.6015	-827.0896	-915.3935	
-1335.8964	-670.2679	-671.7575	-919.0465	-935.9485	-941.1840	-1222.2332	-1319.6087	
-1048.6353	-145.6412	-191.6907	-524.1047	-528.0125	-778.2563	-835.1071	-1025.1999	
-1068.2010	-168.2679	-170.8775	-572.9681	-573.4172	-634.9192	-614.0557	-1053.8927	
-949.0779	-201.9118	-201.9180	-472.7306	-481.2631	-483.4034	-715.9284	-930.7566	
-1374.3676	-849.4414	-849.5693	-962.2207	-1021.8585	-1033.7370	-1141.8430	-1357.3383	
-1175.9646	-202.0391	-228.4877	-825.1492	-825.1594	-858.3300	-1006.3053	-1117.3141	
-1049.6560	-287.8061	-288.1611	-556.5998	-849.7941	-939.1793	-950.3803	-1028.1024	
-1385.1368	-923.4394	-925.9483	-1028.1851	-1095.2698	-1103.7461	-1276.6059	-1381.2732	
-1379.8844	-662.5137	-674.4292	-1098.3944	-1099.4832	-1263.3217	-1271.5244	-1337.3465	
-941.5942	-257.4391	-258.1698	-474.7864	-517.9804	-735.1712	-815.7482	-903.9755	
-890.3482	57.2384	56.8609	-366.0517	-366.2044	-367.6480	-371.9737	-375.1253	
-928.1324	-355.1211	-355.5275	-530.1419	-547.0376	-785.6880	-810.7532	-925.6591	
-1103.5453	-285.8424	-287.5010	-602.3582	-647.7404	-970.3544	-971.6497	-1093.1512	
-904.3966	-323.1133	-323.1844	-508.0569	-840.5981	-862.1331	-865.5115	-891.4843	
-1298.7576	-568.0276	-568.3247	-781.8224	-798.3122	-1004.8719	-1112.9009	-1233.0746	
-962.0206	-89.2586	-115.5590	-442.6015	-586.7012	-815.3172	-824.7241	-951.8046	
-985.1563	-416.8436	-419.2281	-569.2552	-571.2615	-837.6119	-897.6599	-963.5480	
-1050.3384	-142.9604	-145.2397	-521.3894	-523.5847	-525.6185	-889.7488	-1036.5773	
-1233.9022	-435.3426	-435.3549	-749.5252	-841.3240	-841.9796	-1142.5042	-1226.8390	
-1028.7403	-496.3444	-497.1547	-651.1982	-886.5785	-949.2861	-953.6730	-958.4932	
-1045.6848	-268.1442	-275.2348	-568.9099	-575.2312	-575.8090	-576.9805	-1029.8930	
-1067.2652	-450.6378	-451.1926	-631.7246	-644.4171	-786.4363	-888.8591	-1042.2774	
-1072.0928	-494.1214	-495.4748	-666.7153	-925.0095	-913.2923	-949.5183	-1063.2552	
-953.5086	-305.8313	-309.8802	-556.5271	-557.7771	-800.0036	-872.3336	-946.9476	
-1179.2833	-238.7866	-264.4403	-930.3437	-934.4683	-946.1517	-966.3966	-1146.9360	
-1081.3970	-400.2036	-402.9470	-649.5356	-664.1681	-904.6448	-968.6301	-1062.9557	
-1203.5036	-454.7344	-456.5059	-692.4336	-1127.6756	-1148.7157	-1156.7387	-1190.0354	
-1080.9152	-322.6436	-322.9385	-585.5894	-597.8648	-925.3018	-977.2894	-1001.4913	
-950.5714	-197.0104	-197.5390	-499.3442	-786.8839	-911.7460	-943.2401	-946.4495	
-990.5987	-113.0622	-114.4698	-521.7062	-871.4937	-879.9677	-886.8264	-962.0898	
-888.3990	-42.9624	-64.6890	-358.2471	-677.7852	-754.2282	-763.3474	-776.6602	
-1023.1484	-406.1783	-420.7000	-641.3927	-920.1548	-945.9762	-952.4548	-1012.0190	
-1486.6417	-708.6813	-725.1331	-1183.6127	-1200.3106	-1313.4707	-1326.9519	-1453.6972	
-987.9566	-85.0283	-85.4485	-433.4204	-450.3158	-775.2490	-807.9589	-962.3541	
-1497.2145	-699.9483	-746.9757	-1066.7975	-1080.0010	-1094.8035	-1318.4089	-1491.8855	
-1078.4139	-166.1841	-170.4573	-518.8124	-586.5180	-521.1517	-926.0508	-1057.4027	
-937.2041	10.1090	10.1028	-282.1713	-739.9526	-283.6495	-814.1272	-929.1565	
-1268.8183	-412.3918	-416.7872	-886.9174	-1043.0937	-932.6843	-926.8592	-993.2547	
-1049.1029	-274.9146	-275.9007	-656.0273	-656.0591	-661.2372	-985.1671	-1035.2649	
-1176.4502	-345.2350	-361.9407	-1003.2500	-1018.9445	-1039.7694	-1058.1859	-1166.0040	
-1117.3446	-541.3327	-541.3414	-698.7787	-785.7287	-943.7985	-955.4104	-1105.1363	
-759.3724	374.3843	358.6224	-147.1743	-426.5420	-617.0144	-618.2028	-741.0784	
-1015.0327	-469.7696	-469.8203	-639.5598	-656.0205	-811.4823	-822.1498	-1010.0642	
-778.8002	-3.8573	-3.8921	-292.3267	-678.0283	-755.0075	-297.8787	-764.0518	
-1255.6848	-441.0434	-459.8368	-1197.6376	-1197.7398	-1207.6350	-1209.5499	-1253.7908	
-1188.5116	-397.2380	-404.4175	-773.3242	-777.2291	-785.2182	-967.1581	-1162.0341	
-1755.6203	-577.0983	-578.0862	-1201.9600	-1475.5825	-1221.5911	-1213.1090	-1717.8042	
-1091.6212	-301.0202	-308.5028	-1016.4980	-1016.6698	-1028.2831	-1053.2388	-1082.0206	
-1349.4114	-393.3373	-395.9648	-1140.1980	-1142.3136	-1202.0929	-1323.2096	-1240.6435	
-1025.9531	-514.4764	-514.4986	-649.0135	-661.0415	-782.8217	-783.0673	-942.4477	
-1365.9708	-176.2954	-196.6342	-816.6806	-817.7517	-823.0358	-824.6712	-845.3645	
