-971.1513	775.7853	759.3987	-317.5255	-357.5244	-330.4849	-799.9390	-910.6776	
-475.5223	875.0349	858.2008	365.9407	363.9087	-285.8730	-413.1845	-414.6649	
-1072.5895	708.4596	707.9762	-320.1200	-334.0119	-329.2646	-927.1648	-955.6352	
-898.9126	802.4042	802.2427	98.1807	-18.4144	26.7431	25.0717	-842.3899	
-779.2395	975.5607	974.9162	214.8653	58.2711	208.2175	199.7359	-769.4984	
-915.6052	982.5743	975.6945	99.3205	53.0445	69.6955	-797.1724	-800.5785	
-905.2078	839.6445	832.6988	-195.4693	-196.0183	-832.9431	-234.5053	-247.7112	
-767.7601	1249.4081	1249.3807	312.2034	311.4391	309.6132	308.5418	-727.6792	
95.0637	401.7272	400.3203	276.6220	275.5138	264.7140	164.8573	144.6208	
-997.3513	695.3638	691.7771	-79.9018	-127.8638	-849.5084	-906.2065	-920.5955	
-844.5425	1006.8116	1006.7800	-438.9645	-509.4001	-467.4020	-543.6037	-834.8602	
-1307.1880	179.3143	177.6828	-421.0535	-513.6774	-1133.5223	-1242.7570	-1257.5917	
-608.3828	1328.9497	1328.7767	295.8882	-359.5872	290.3313	290.9852	-603.8151	
-968.0663	526.6905	501.5266	-688.3780	-688.4583	-689.3032	-697.4019	-867.9524	
-690.2473	930.9726	926.0554	279.9035	255.9343	233.1714	-648.0166	-682.4906	
-1014.0684	772.9268	772.9246	0.2393	-0.9569	-162.8110	-838.2905	-1004.2108	
-943.3598	900.9821	899.9707	107.8449	102.0172	56.8973	-196.2477	39.1551	
-1093.6885	679.8532	676.6743	-224.1235	-232.0404	-250.5263	-293.3502	-954.6397	
-811.4627	1134.2183	1080.8022	199.2011	193.0001	6.2008	-10.5539	-803.2477	
-453.1487	741.9294	732.9351	629.2673	602.3437	612.8990	219.0347	-402.0447	
-943.3011	903.5084	861.5040	78.5154	9.8468	58.0922	-815.2577	-822.2621	
-1214.7112	308.2791	282.0472	-438.6509	-438.9460	-507.8993	-1005.6292	-1152.9091	
-1021.2746	507.9173	490.7533	-164.6526	-232.5109	-242.8841	-809.5710	-975.5327	
-922.7292	632.5333	502.7549	66.8258	22.0057	-215.3876	-871.0401	-879.9584	
-652.3334	572.6171	558.5430	144.6097	129.4234	131.6993	-625.2200	-641.1544	
-987.1897	812.2068	812.2021	-674.6680	-819.5736	-673.5894	-972.2179	-984.1730	
-911.7553	736.9943	736.6406	20.0239	19.4064	-820.0472	11.2105	-860.8162	
-565.3261	749.7598	707.4702	397.8717	-364.9884	-148.0066	380.0034	372.4126	
-789.7487	60.6445	60.6397	-455.7257	-476.5321	-467.9285	-515.2444	-781.5757	
-922.2957	1031.6008	996.6230	55.1345	55.1044	50.4820	-757.9404	-775.8119	
-203.5156	82.8792	75.7469	-3.8715	-5.9180	-16.3400	-173.4023	-194.1084	
-922.9684	774.5978	770.9654	-65.5309	-66.8534	-159.9905	-126.3002	-877.1609	
-570.3062	336.5001	333.6540	-391.0940	-410.8930	-485.2357	-526.8632	-552.1601	
-686.9548	1256.8999	1223.6350	278.7308	275.6353	224.1880	-574.4587	-683.7460	
-499.6868	1238.6103	1238.2697	515.5014	-347.4398	-299.6140	-458.4207	-461.5237	
-1136.9623	414.1880	411.7606	-840.9265	-900.8768	-906.1033	-1077.8953	-1109.4973	
-683.9919	836.7254	834.3382	293.9186	-451.0427	303.1960	-531.8584	-603.3916	
-1081.9744	328.4353	281.9164	-195.2868	-226.0900	-270.3777	-980.6508	-1014.2950	
-782.5522	688.1395	686.3557	104.4702	50.9481	74.0719	-696.9578	-708.8352	
-698.3301	1057.1297	1043.6312	281.0998	264.6092	-586.4619	-666.3141	-684.3723	
-958.3531	852.8383	852.4069	68.4627	68.3956	-792.1279	32.4021	-917.7368	
-885.0753	737.1859	724.3878	67.4614	64.8339	-826.2389	-832.8955	-839.3486	
-848.7808	949.0926	948.6197	159.5451	152.0801	-524.5988	-778.7300	-785.5790	
-1365.5923	332.0079	331.1467	-726.6829	-773.1567	-750.2703	-852.7434	-1281.0365	
-488.7782	422.1562	419.8898	-350.3168	-353.3162	-373.3470	-360.9497	-365.8556	
-532.1472	490.5695	477.7036	436.1154	-276.9304	-197.7309	-287.9409	-508.7238	
-1027.9319	605.1398	602.9327	-96.3426	-99.5049	-239.4001	-108.6888	-114.1372	
-1031.3228	777.8427	769.5892	7.3003	-3.3442	-722.8121	-935.9170	-957.0498	
-1016.3307	281.9444	276.9624	-174.0354	-175.4516	-933.8352	-243.0795	-981.8922	
-824.3880	1172.4016	1163.4856	-347.2653	-424.8970	-530.7077	-564.7291	-583.3585	
-888.4202	333.4672	308.1305	-110.1971	-200.0496	-138.5799	-612.1104	-868.2696	
-271.1924	618.0954	618.0903	-149.1495	-149.6081	-163.4653	-167.2574	-215.6279	
-458.3206	525.5240	525.1468	-235.2252	-236.5151	-282.2389	-249.2196	-367.8888	
-129.8640	269.7412	262.6741	93.1460	28.0149	88.5619	-91.9522	-95.7232	
-909.1737	1013.3542	985.6304	43.5245	40.8282	40.4008	-79.3677	-798.8694	
-708.3460	1263.9850	1260.3228	74.7860	62.4119	-35.6369	14.5607	13.7524	
-1266.4252	-41.7511	-62.1863	-495.0005	-500.0022	-501.1498	-1215.6754	-1228.0895	
-1113.5710	701.8704	667.5024	-200.2207	-204.5256	-237.2162	-356.7057	-365.8107	
-510.5252	433.9391	433.8969	-261.7007	-432.4918	-274.7099	-299.8762	-487.3495	
-780.4475	99.7563	84.2110	-517.7531	-535.1617	-523.8578	-585.4693	-760.0997	
-730.5060	1122.9559	1121.2326	156.1253	156.0525	155.7372	147.1392	-686.2962	
-972.0246	712.6220	703.5591	-268.2691	-380.9403	-877.7421	-732.2064	-912.6941	
-969.9727	977.9325	946.8306	-489.9663	-564.8654	-568.2731	-898.3789	-964.5208	
-1539.6569	7.8718	7.8286	-836.6169	-850.1694	-980.5963	-882.9222	-908.2773	
-653.5982	713.7997	681.5364	-413.0314	-413.0815	-419.0958	-539.5563	-619.6017	
-562.9507	1156.9570	1154.9556	369.4438	273.3154	366.1581	365.3194	263.8318	
-980.2718	659.3694	651.4616	-269.2794	-309.8000	-270.3503	-604.6104	-935.9240	
-765.4944	600.3051	598.8023	94.3107	65.5815	-31.6260	-639.2226	-644.4982	
-1283.5062	408.9020	407.2891	-301.5821	-304.2152	-1205.0779	-334.8156	-979.4766	
-1243.9252	922.9427	918.5747	-116.6376	-274.8726	-555.8789	-994.8979	-1202.5004	
-811.5389	907.8865	868.7358	-58.5627	-60.4334	-60.8956	-651.6257	-674.3110	
-919.1161	181.0942	175.7559	-605.0895	-609.0641	-805.8914	-813.6375	-877.2159	
-699.3181	864.7496	861.1080	219.0327	190.4516	204.6530	-565.0240	-656.4720	
-738.5641	1162.5049	1116.7805	-407.3132	-479.7171	-408.5007	-674.5735	-678.8529	
-302.2815	915.3302	879.8902	676.2812	-220.9195	664.9832	666.1413	-264.0355	
-401.1143	593.6103	586.9164	-212.6276	-212.6402	-216.8369	-217.2822	-366.4523	
-952.3186	1033.2059	988.1338	32.0802	-754.9302	-164.9310	-898.4665	-908.5788	
-871.6798	928.1444	917.1804	-501.5658	-512.3616	-517.2242	-598.9016	-563.7460	
-490.1610	585.7216	572.1316	-287.0474	-434.5452	-291.8887	-309.3807	-485.6369	
-677.9164	332.6691	325.7947	156.5257	154.7747	146.7588	113.4173	110.2648	
-678.9527	473.3871	452.4746	-268.8485	-497.3720	-330.8298	-644.2449	-654.0336	
-1260.0080	55.7798	25.1127	-449.2338	-457.0981	-465.6201	-1214.5590	-1240.5806	
-731.8747	511.6011	494.2263	245.0810	-146.6197	-431.2749	-589.4306	-725.4068	
-1087.1625	746.3811	729.0683	-208.3647	-233.9953	-279.2016	-363.3670	-395.2883	
-742.1601	878.9574	864.0832	199.0052	171.9798	170.7385	-708.7676	-735.5517	
-581.9330	438.1149	436.9466	-298.7201	-298.7726	-397.7174	-336.0470	-546.5823	
-1218.7836	188.9370	154.3610	-418.9190	-481.4819	-1024.3914	-936.7058	-1180.2450	
-156.0524	1021.8197	982.0511	28.9074	25.3754	23.4192	-140.4672	-152.2441	
-731.7626	1217.0557	1216.9813	344.7489	-477.4009	283.3366	272.8435	-720.9792	
-562.0322	1163.4798	1141.7538	240.3755	240.2107	237.0934	187.7760	-553.9772	
-1320.5522	147.0416	144.3436	-1103.8727	-1144.7726	-1106.8003	-1281.2601	-1305.5245	
-1133.0213	563.3670	555.7080	-370.3967	-371.7228	-371.7423	-851.5721	-1025.9819	
-1388.8902	-0.3201	-7.8161	-414.4630	-477.8034	-496.4627	-1281.7821	-1376.2340	
-1043.9190	970.4319	919.5312	-36.7168	-163.3417	-61.4597	-874.4981	-933.1250	
-974.2776	-127.2217	-127.7959	-185.2829	-871.4913	-190.9313	-883.3910	-949.8107	
-1177.6978	517.7786	506.6732	-492.3227	-629.5471	-529.3835	-568.3256	-1125.8614	
-1264.2741	607.5002	547.1045	-300.7808	-307.5410	-409.0755	-335.5559	-1052.5316	
-900.7906	623.9586	623.9060	36.4654	32.9936	32.1746	-711.6175	-851.9697	
-651.4034	629.0593	585.6969	-434.9640	-435.6447	-581.8305	-616.8193	-626.0574	
-1172.2244	552.3514	549.7504	-227.3743	-227.3848	-372.9777	-1068.3419	-1106.0312	
-385.2381	875.8991	847.5067	665.3286	-64.0636	-4.0981	655.6586	-125.6466	
-321.6176	1084.6220	975.8435	753.7712	499.7927	751.0268	-227.0111	-238.6671	
-1029.5761	327.8549	326.9517	-578.8895	-582.8405	-901.7922	-705.3119	-984.2032	
-1139.0768	585.1920	563.0740	-376.3353	-463.6532	-407.3366	-1060.4890	-1108.5970	
-1000.2063	840.1839	835.3034	-9.7319	-11.2087	-494.1004	-163.6861	-774.5714	
-967.4124	893.3052	893.2661	-313.5828	-313.5839	-353.7000	-371.1998	-373.2736	
-907.2500	900.9786	865.8043	-45.1172	-225.6891	-46.0565	-687.2081	-697.1180	
-1339.4845	345.5597	344.1426	-891.1120	-984.6916	-961.0092	-1069.8044	-1277.6175	
-1031.1061	556.9380	536.0729	-185.3797	-225.0101	-746.2174	-942.3785	-955.6011	
-1092.8307	891.4431	796.6215	-210.1404	-230.5673	-353.6135	-354.7498	-1038.8339	
-1009.7811	852.2938	775.0484	-52.1093	-52.5295	-60.5576	-66.4568	-70.1438	
-408.2040	822.7315	774.7113	-162.3309	-178.5822	-189.9271	-201.2660	-356.3052	
-696.6419	1209.2411	1209.2399	370.5573	321.2376	-203.4338	-566.1060	-663.1370	
-834.5225	794.8508	746.5327	107.1427	95.2843	26.6598	10.0052	-817.6250	
-588.9293	709.9615	693.3014	442.5755	-272.5795	438.8387	-523.2293	-537.3670	
-1368.0929	197.5338	188.7389	-569.0297	-569.3673	-574.4545	-631.7780	-1301.7383	
-980.6231	679.4002	674.8525	-318.7161	-776.7834	-793.3265	-803.4333	-904.0633	
-925.9798	970.0555	967.7037	-188.0220	-188.1765	-359.7035	-805.7353	-841.3926	
-808.3458	1008.5564	991.1706	-362.8830	-366.6167	-363.0176	-486.4054	-781.8945	
-879.7494	843.5485	843.5328	56.6479	-16.9780	27.8019	-846.9598	-852.0758	
-1201.1114	514.3198	513.3071	-828.5452	-845.4426	-831.6691	-871.6051	-1163.0341	
-841.8178	955.1795	931.6470	155.5678	28.1375	-461.7053	-821.9922	-838.1592	
-942.2306	754.7223	739.9195	53.1166	46.3374	-819.5266	-418.8229	-876.8009	
-307.7092	884.1935	806.1785	709.3213	708.1296	-217.0933	-284.0663	-294.1954	
-805.2577	918.1551	918.1592	164.4066	-22.7738	160.6636	-697.1080	-706.6992	
-598.9610	1323.8291	1323.8085	498.9244	-410.5022	496.7112	-523.2040	-534.0851	
-1055.2738	645.2377	642.2565	-45.3635	-54.1023	-567.0583	-934.0188	-1053.4512	
-1037.6987	1053.8741	981.4284	-18.2610	-18.4968	-184.9067	-975.6425	-976.0045	
-361.6442	740.2689	735.1008	632.0320	600.7968	-202.4679	504.2907	297.0887	
-1012.4875	636.4872	636.0833	-129.8774	-130.4391	-146.3949	-685.8604	-950.5600	
-656.5720	439.3385	432.6555	-171.1772	-278.6321	-184.7196	-629.5954	-642.7743	
-1261.7777	455.5611	410.1012	-486.1245	-488.5065	-636.9244	-579.2257	-586.6153	
-924.4296	976.9160	905.0917	116.5034	112.3940	-26.4054	1.2842	-2.2802	
-901.3292	919.8277	919.2575	-26.8006	-70.8774	-186.6004	-75.7170	-871.7927	
-887.9800	1075.8927	980.9123	168.7307	80.4203	44.8619	31.3593	-886.5630	
-987.4592	235.5931	234.9434	-578.4826	-578.4838	-715.4191	-946.7251	-964.8613	
-977.6457	505.9808	489.5717	-64.5011	-71.0420	-75.4653	-439.5694	-871.9705	
-985.8598	578.7649	559.6165	-122.7801	-755.4104	-296.4519	-144.3623	-144.9415	
-1237.4678	643.3789	633.3607	-198.6298	-247.5112	-214.6874	-269.2647	-281.7850	
-827.6601	701.5227	701.4914	78.9584	-509.2930	77.2229	-633.7467	-792.4455	
-820.3351	1029.5218	1005.1740	206.4802	139.8450	202.2620	-770.5419	-814.9838	
-422.0952	703.5145	652.4200	-212.2545	-214.4292	-348.0000	-328.2667	-338.5565	
-1280.8300	623.9658	572.3973	-372.7105	-468.6034	-543.6712	-553.4689	-1152.7397	
-758.4025	642.3076	635.8433	90.2600	85.6634	84.8100	-721.1876	-733.5968	
-961.6042	831.6142	825.3054	-452.1282	-452.7340	-784.0874	-799.7140	-810.3053	
-1012.8085	791.2906	783.3199	-130.9113	-140.5653	-225.1593	-762.1396	-946.2973	
-1140.5297	691.5926	691.4999	-318.8932	-418.7376	-457.1538	-335.9899	-455.8597	
-968.2108	994.7315	868.0906	-19.0420	-23.7259	-395.4198	-22.4387	-934.5288	
-1216.2782	713.2483	688.2594	-179.4054	-211.3456	-213.9383	-396.0917	-1193.3290	
-1144.4065	702.8970	683.4899	-482.5944	-853.9036	-870.2397	-890.4011	-1120.8107	
-1054.0594	355.0486	343.5920	29.1316	-40.8864	-248.5939	-769.4451	-836.9451	
-675.0752	615.6795	606.9023	-284.4875	-320.9451	-387.0232	-434.8950	-461.5877	
-1179.1390	421.0593	420.2417	-323.0076	-323.2280	-477.9562	-337.6091	-344.8480	
-740.8201	814.7976	803.7896	154.3560	109.8796	102.6086	-708.0505	-729.1801	
-927.8830	854.9054	848.6874	-328.4670	-360.3076	-329.5532	-809.5123	-820.5005	
-783.8690	948.7936	948.6989	236.5688	43.3209	236.2363	-317.7392	-692.6835	
-1006.9083	-190.3721	-192.5930	-429.5935	-442.5812	-466.1739	-468.4653	-972.5355	
-808.9727	1146.3542	1123.4342	245.9045	237.5756	236.2589	-600.1714	-778.2399	
-646.9488	446.9666	384.6406	-362.1284	-444.8948	-465.0226	-611.2067	-633.4845	
-1044.2963	307.6814	304.6964	-231.9354	-232.9846	-832.0094	-982.5080	-861.6858	
-951.8898	697.7625	693.1262	-24.4252	-165.5273	-62.3753	-920.2239	-934.6987	
-1107.8313	561.9204	561.2382	-371.3363	-429.3148	-387.9228	-422.7371	-1003.9244	
-839.6583	648.5213	648.4757	19.5417	19.4661	15.0066	-785.2681	-790.8809	
-900.6994	955.1115	863.7980	28.3145	-7.6998	18.3264	-167.5939	-872.4254	
-1155.1335	605.0801	604.9658	-890.3984	-960.5970	-969.2195	-905.1643	-1084.1371	
-1488.9372	267.9597	253.1397	-929.4730	-1138.8009	-951.6791	-1118.3099	-1374.3035	
-960.2685	848.9952	813.8362	-647.8116	-649.4636	-653.8349	-772.8962	-944.4581	
-1294.3488	626.1026	625.7739	-770.6712	-770.7356	-789.7920	-1144.4300	-1270.4903	
-1586.6513	175.1233	169.5393	-789.6950	-878.3820	-867.8169	-843.0576	-977.0008	
-998.4973	12.2611	-1.2027	-686.7107	-688.5888	-717.3520	-949.1171	-957.8629	
-935.1727	285.0179	238.8344	-57.0200	-61.2091	-869.9741	-747.5798	-900.5373	
-688.5203	1101.9053	1096.7162	311.4754	308.3164	-410.4784	-632.4738	-635.0650	
-145.8377	1137.5487	1086.8451	935.6529	234.9289	547.7679	932.6708	-83.6729	
-940.2596	887.2375	871.3423	-36.0860	-39.7773	-74.5744	-180.5207	-895.5303	
-769.2635	1163.4461	1141.8501	77.7409	77.0461	-711.0084	67.3599	-761.1533	
-687.9298	1220.1985	1208.8023	306.1990	305.6915	-365.3962	-660.7644	-676.1705	
-918.8134	883.6230	881.2474	103.7280	-47.2572	75.9640	53.7820	-900.6167	
-675.0428	570.6028	514.2493	-370.6433	-370.8337	-390.3303	-558.3819	-604.9469	
-906.1057	676.3777	599.5864	1.0560	-55.4951	-6.9305	-841.8858	-890.4065	
-303.5178	821.1010	807.9662	-4.0374	-5.0295	-30.8274	-261.0730	-285.0319	
-883.3286	964.1009	949.5359	-667.5911	-667.6319	-682.1794	-689.3570	-835.1508	
-1190.9003	601.0272	565.5015	-218.9961	-274.1879	-388.9367	-389.5648	-1129.6553	
-1359.2627	424.4259	409.7239	-407.1598	-438.1220	-709.0959	-937.3305	-999.8979	
-978.0221	312.1286	310.9379	-129.4998	-670.7802	-157.8198	-916.5087	-958.0696	
-888.1369	1044.7973	1040.1396	-36.1048	-71.1145	-37.7138	-884.0835	-169.7343	
-741.8666	1192.9946	1187.8986	110.4514	100.2691	-684.4622	14.4388	-737.1183	
-1224.1187	535.4903	525.7001	-248.2043	-408.9270	-253.3447	-1113.2164	-1116.0152	
-285.6189	982.1108	868.1425	-12.7214	-44.1756	-19.5278	-20.8420	-266.6639	
-1190.3342	778.8574	750.7001	-142.1193	-334.5536	-237.4763	-1117.0830	-1123.7381	
-759.6703	282.3187	276.6722	-477.2381	-481.1553	-479.1931	-537.7991	-750.3619	
-864.3685	781.7899	775.5456	175.6148	15.5338	174.9165	-207.2889	-838.2507	
-799.7110	1124.8353	1094.5452	175.6702	175.1853	51.8505	-533.7642	-748.7600	
-1085.9026	911.0401	858.5980	-117.7510	-686.1338	-687.5334	-760.4347	-1027.7681	
-889.3512	847.3317	846.1167	101.0665	95.4992	33.9244	-777.7787	-830.9765	
-915.2879	833.6452	822.4888	-271.4968	-688.0060	-714.9280	-718.9618	-854.5851	
-985.5529	660.7288	660.7167	-88.2193	-145.7698	-119.4708	-938.1915	-978.4281	
-505.1180	434.7420	433.8481	-374.2056	-375.7474	-380.9773	-399.9387	-479.9888	
-906.1388	1017.1071	1006.1425	159.1266	129.2429	123.5086	-833.2692	-846.1895	
-789.9122	349.3217	347.7666	-358.0462	-405.5386	-407.5346	-420.0054	-738.6366	
-391.0410	657.5014	632.2990	-307.9808	-338.4754	-318.0306	-329.5832	-346.4722	
-808.1526	315.6342	315.3926	-60.5906	-60.7011	-72.9997	-779.0211	-785.1719	
-874.5363	1120.8276	1100.3627	167.2098	167.1565	159.8519	159.2654	-805.5503	
-845.6261	1082.5346	1000.8175	174.8868	-98.8667	153.5624	165.3291	-826.0183	
-1111.5657	649.5049	638.2575	-276.0010	-394.3770	-339.1519	-322.3826	-448.8635	
-806.5876	995.8095	973.8307	-638.5839	-639.7964	-645.1326	-646.4399	-786.9350	
-711.5298	977.0312	976.4581	61.9057	55.7836	58.0567	-473.8953	-634.8797	
-419.3681	847.1194	773.1624	-179.6008	-179.6343	-197.2927	-200.7731	-388.3310	
-1178.4604	713.9512	687.1796	-445.2945	-494.8875	-658.1398	-979.6212	-1148.7681	
-1105.1517	823.5431	764.2799	-86.6455	-90.7385	-92.6360	-1023.7960	-1086.6739	
-1253.5274	703.1408	685.2924	-248.8640	-248.8833	-248.9950	-273.2037	-1248.6114	
-816.1603	984.3669	974.3346	106.1382	106.1356	105.9886	-733.7590	-813.9578	
-1207.9774	512.2125	503.8932	-774.7136	-839.3338	-855.6701	-866.4194	-1163.5367	
-879.4440	1100.9009	1059.3743	241.0647	156.5841	236.6404	-845.8635	-853.2918	
-665.3783	701.5534	699.7350	170.5931	137.7536	-534.7642	-644.7189	-663.1898	
-857.9999	778.2558	697.8062	-377.7668	-550.5160	-404.4274	-398.0016	-833.2893	
-1323.6682	348.3501	344.8918	-1136.3672	-1186.8169	-1187.1856	-1212.7490	-1273.7127	
-976.5671	850.9912	846.3875	-159.2882	-278.5007	-160.7374	-944.7422	-969.1072	
-1265.5491	707.1770	670.3288	-327.5283	-328.1063	-950.7453	-447.1263	-450.4886	
-994.3869	903.4290	898.2122	-149.4470	-151.9171	-159.2029	-837.4759	-983.0184	
-645.2577	1307.4657	1302.6332	291.4904	291.4033	217.0505	202.4328	-644.1491	
-1172.0614	461.2138	460.5440	-207.6549	-207.7326	-294.9365	-950.1209	-974.9754	
-1044.9732	910.8892	864.6703	-739.6773	-784.0873	-744.4187	-794.0361	-999.2563	
-994.8832	959.6178	946.4389	-58.0092	-59.7441	-278.3959	-289.6880	-981.7303	
-851.2717	780.4204	756.5071	73.2598	25.4461	24.5636	21.2085	11.3280	
-1041.2538	630.0703	629.7550	-306.5843	-306.6024	-312.8042	-797.5538	-980.4452	
-1356.9409	537.1818	535.1953	-333.9350	-731.4883	-934.2956	-1024.3086	-1225.4964	
-1290.6061	177.4495	165.8590	-421.4788	-479.9902	-870.5786	-1152.7709	-1170.3407	
-644.8401	970.2166	967.1067	318.4758	-548.3974	288.7272	287.8237	-644.3542	
-1254.5027	717.2515	708.8692	-225.8826	-391.7484	-336.3115	-673.8945	-1014.1806	
-1362.1098	255.2863	255.1092	-723.2485	-801.9741	-742.2960	-995.7565	-1257.1477	
-912.5166	901.3372	894.8564	-70.1927	-141.5149	-176.4561	-193.4742	-902.9839	
-822.1019	963.1995	951.3351	84.2178	69.1294	-627.3084	64.0617	-703.3914	
-603.7177	690.4884	657.6451	-231.1108	-231.1919	-267.4768	-452.6856	-453.9493	
-880.5733	1090.5386	1051.3869	247.1263	245.4133	-232.1819	-607.7251	-727.0668	
-364.7178	469.1116	445.4522	-200.5434	-201.6419	-281.9732	-208.1206	-304.3169	
-748.5465	423.5983	417.7911	-16.4184	-16.9167	-606.9420	-54.5039	-709.9269	
-1044.1914	479.5256	475.7889	-96.0372	-122.3556	-178.4249	-220.2687	-937.8307	
-493.1742	1197.1645	1197.1356	504.5291	297.6543	-381.4160	15.5941	-420.7753	
-1176.1284	477.1953	460.7514	-542.4117	-543.1488	-622.2917	-1003.9790	-1160.5560	
-1077.3549	911.7880	817.1032	-317.6359	-814.0454	-318.9692	-326.0427	-986.3762	
-959.2248	880.9900	864.8298	-464.9813	-537.4502	-480.8271	-732.0711	-924.1787	
-1151.4679	118.7024	117.5070	-393.5150	-420.7250	-407.4148	-929.2768	-1127.6757	
-625.0931	1293.0206	1277.0965	451.2357	446.8116	-575.7991	441.2100	-608.0308	
-948.7552	1020.7378	954.2484	156.0058	74.8939	-101.5233	-115.3156	-934.4192	
-1002.8741	928.3143	898.2057	61.0715	-213.2421	-16.7883	-243.1686	-264.0987	
-1023.8515	713.6621	713.3564	-285.7521	-389.1645	-322.5492	-802.0855	-923.4409	
-376.1871	788.6495	766.3453	-72.2554	-100.7529	-289.9110	-256.3314	-359.3929	
-1480.7050	432.5373	404.4053	-380.9819	-507.3153	-610.2810	-1250.2260	-1299.5171	
-958.7437	523.3892	521.5164	-35.1973	-201.0898	-41.4255	-58.8866	-952.9107	
-1053.4088	802.4621	787.9005	-389.9249	-400.2587	-772.2268	-1018.6508	-1046.7911	
-377.0900	707.3033	705.2592	-229.0185	-229.3735	-310.1080	-268.8786	-336.6710	
-935.9679	730.4474	701.2681	-150.5473	-207.1347	-172.5624	-867.3878	-901.5740	
-923.8915	223.1896	200.9206	-615.6756	-637.2684	-644.0961	-859.0941	-877.1193	
-574.2090	534.0596	527.4897	368.3029	-233.6825	305.6197	-75.4128	-350.6158	
-971.5781	913.7233	904.4542	9.8891	-192.7062	-65.2131	-14.0773	-220.5604	
-1038.8723	632.2668	628.4550	-330.8422	-773.8815	-782.9284	-792.0231	-945.3964	
-636.5046	951.5087	946.9866	322.7344	207.3460	-584.9800	-594.0097	-631.6521	
-866.8738	837.6208	793.7881	68.3571	54.6926	1.1889	-677.7608	-792.3450	
-1408.9491	422.7301	400.1245	-873.4932	-959.0557	-880.2670	-1124.7296	-1398.3118	
-1021.4744	604.9159	596.7035	-109.6628	-128.2892	-127.1137	-235.2685	-980.3435	
-960.7948	892.7623	890.5474	-142.4151	-264.3810	-203.7598	-187.3459	-311.5610	
-531.3605	366.9840	366.0306	-374.2298	-415.5666	-411.2093	-473.8299	-514.8511	
-1356.3000	235.1797	229.6318	-678.8554	-754.7533	-755.8492	-783.7993	-1287.1330	
-964.8478	746.4889	702.1354	-186.3848	-193.7731	-307.6030	-214.6553	-945.6359	
-625.7363	1101.2632	1097.8052	367.1944	140.7833	363.4566	-516.2407	-523.4400	
-720.3091	824.5670	821.5766	215.1530	173.1770	-455.1929	-599.5478	-707.0875	
-968.3370	595.0989	595.0584	-121.6689	-146.7925	-183.1401	-898.1406	-920.2462	
-964.5622	913.9115	910.8473	-285.7329	-287.4401	-712.6462	-383.8086	-853.3703	
-1086.6485	710.7838	705.5355	-31.8710	-43.4833	-52.6578	-1023.0779	-1039.2796	
-479.0686	493.2322	486.1832	-258.3246	-303.2280	-311.3314	-340.0346	-352.4208	
-311.3749	585.9913	585.7414	-141.0012	-143.8112	-147.7843	-153.1009	-286.7845	
-697.4389	232.7194	229.8317	-566.5959	-591.6297	-579.9614	-587.6796	-668.3694	
-1242.6929	409.0315	403.8431	-823.1541	-825.3314	-921.0577	-951.6821	-1220.2729	
-1209.4045	441.1894	419.4642	-421.7478	-1054.0357	-1057.4019	-1062.0125	-1106.9689	
-1297.2583	713.6173	592.1212	-919.4671	-920.0274	-921.1064	-1171.3300	-1228.7412	
-110.8291	972.7398	927.0022	17.9670	14.8603	-48.6216	13.7678	7.9321	
-821.7583	798.5299	727.5763	80.1885	78.7930	77.6367	-745.0272	-803.2120	
-366.8503	553.7629	552.7290	-201.5388	-203.5911	-287.7427	-324.2739	-337.7328	
-453.0054	550.4529	546.9357	-121.1385	-147.8846	-308.5868	-409.3907	-427.1297	
-1005.6764	896.3509	850.2497	-10.6315	-102.4976	-108.9271	-113.9907	-993.1199	
-963.0438	708.0828	703.5391	7.6655	-643.5923	-13.8030	-32.9473	-931.0080	
-636.6687	745.1152	714.2999	396.4660	97.6774	-349.9547	-453.8600	-465.5182	
-1568.0909	-47.5844	-48.5467	-717.0379	-750.2067	-1298.6637	-839.3924	-1417.0518	
32.7018	215.9972	215.2910	129.9965	123.2198	83.7976	85.1904	81.1239	
-480.7991	698.0486	675.5720	-179.9436	-363.2036	-226.1781	-195.1670	-426.1017	
-889.9018	221.7968	216.1253	-674.4050	-682.5594	-682.8459	-771.6211	-879.9831	
-856.5385	1148.9758	1145.5524	271.4443	257.0789	-708.0683	251.4522	-827.4464	
-1089.7138	625.7968	625.7602	-173.7834	-176.5045	-237.4763	-989.8734	-1013.4917	
-556.3388	364.9768	364.2986	-394.2606	-415.9234	-441.9513	-498.5682	-501.9672	
-1003.8673	501.9207	489.7069	-161.2910	-161.5098	-952.2562	-877.8058	-924.9698	
-747.0619	327.4561	315.1230	-22.2005	-553.1849	-716.1221	-721.9587	-743.2677	
-1085.3331	842.4147	801.1465	-326.6297	-852.0251	-329.1255	-1037.4057	-1046.7512	
-883.3150	410.7846	409.7949	-33.5322	-48.9302	-40.4315	-736.6480	-878.0353	
-972.5910	561.4476	488.8973	-34.2743	-55.0949	-45.6957	-94.7213	-874.4484	
-1001.5975	791.9944	778.5133	-64.9657	-171.2374	-136.5029	-890.4663	-903.4199	
-628.5780	538.2558	518.6671	-291.8142	-292.3073	-300.0152	-362.3444	-379.1901	
-862.3422	662.6942	569.7721	51.1562	25.1839	-679.6360	-702.3781	-828.9985	
-1010.0151	617.7508	615.2823	-122.5386	-122.6068	-132.1084	-244.6856	-1000.3233	
-1394.8504	423.5054	384.4554	-805.7746	-848.0027	-834.2508	-986.3110	-1354.9014	
-1146.0226	392.1679	392.1065	-313.4894	-315.1268	-317.0221	-1004.5315	-1090.5989	
-137.7216	943.8966	898.6675	115.8513	112.8035	-91.1089	61.6473	-113.4218	
-593.5488	1052.4688	1043.1315	313.5324	313.5309	313.3165	-521.1707	-524.3904	
-592.1228	758.9289	758.0481	237.8444	223.2805	-464.1381	-572.0669	-573.8667	
-571.1762	536.2949	533.1617	-243.0412	-260.1959	-247.8987	-269.3494	-472.1451	
-1017.3252	829.8716	825.9840	5.6930	3.4227	-188.8906	-926.7890	-970.4465	
-1312.3105	234.4845	234.3909	-470.0778	-963.3555	-1051.6181	-1134.5622	-1249.6272	
-1024.9737	632.3063	598.3144	-77.7936	-192.6434	-695.9596	-127.2297	-961.7695	
-944.3356	1069.8238	1051.6655	145.6716	119.3346	36.3547	32.9489	-943.0605	
-967.1176	227.1020	227.0141	-218.3901	-219.4058	-237.2855	-261.1101	-964.3720	
-1133.7570	420.2184	360.5622	-234.6291	-242.4707	-236.6614	-898.1155	-1096.9503	
-803.0311	782.0251	781.1904	60.3955	47.2994	36.4623	-626.1200	-775.2360	
-1089.8947	789.2310	723.5135	-182.2759	-205.8332	-206.3097	-194.5368	-915.8316	
-507.2599	649.0091	595.4678	-268.6891	-274.5246	-269.3031	-454.5543	-461.4780	
-1508.9154	232.7750	231.9967	-805.3412	-824.5713	-835.6578	-1378.8325	-1472.2533	
-1070.5819	366.0223	352.4367	-196.6126	-223.8969	-197.8658	-847.6098	-852.1923	
-955.3610	814.4588	812.5239	-390.3294	-390.3364	-463.4400	-720.1599	-880.1617	
-1009.8036	809.7309	809.7324	-313.1651	-397.3114	-413.7153	-895.8322	-1003.2114	
-931.9889	862.2042	855.2421	-242.2888	-633.4743	-247.8192	-826.0353	-923.8051	
-658.4422	1231.8162	1227.2604	348.1183	254.0935	-638.0287	-644.2917	-653.0254	
-1061.6103	769.0581	750.9681	-24.7414	-95.0642	-879.2347	-737.2034	-1000.4780	
-955.9149	789.4995	715.3380	-8.9063	-13.1193	-56.6949	-894.4571	-907.1864	
-1004.5307	770.1821	768.5822	-413.5281	-431.0334	-444.2561	-971.5085	-1000.4515	
-542.2778	941.7785	870.2285	554.7370	554.7261	-460.1576	-393.2944	-399.2481	
-936.9510	863.8076	863.7470	-227.5883	-227.9438	-765.0916	-766.4358	-845.7909	
-919.9622	427.5191	422.0337	-102.2527	-125.8102	-111.4887	-129.4490	-129.9953	
-1080.1457	241.8832	241.8801	-202.8262	-319.1617	-226.7683	-874.4268	-1049.0615	
-655.7367	1351.1775	1332.6425	305.9791	186.0511	95.2523	-295.9466	-544.6119	
-548.7441	799.3699	787.4654	319.4068	-446.9842	-352.0586	-536.3533	-537.3756	
-1041.4449	841.2914	760.4936	7.6172	-92.0607	-133.1529	-935.2862	-959.0735	
-786.9514	1136.4976	1136.2585	194.3434	189.3014	-721.0799	-757.5704	-762.6516	
-1082.9741	735.8902	698.8035	-931.5870	-960.4457	-973.3340	-955.5575	-1042.6089	
-739.1173	1023.3161	1023.3039	193.6451	175.6582	-570.5920	70.1919	-732.6724	
-917.5206	1154.3118	1112.2997	230.2639	213.9370	177.6352	-832.5637	-913.7297	
-956.6369	836.8814	827.6417	-711.5569	-811.6648	-731.4355	-761.7684	-815.2548	
-1300.3704	173.6996	171.1468	-404.8946	-863.9342	-1225.1319	-1168.8274	-1278.7948	
251.6695	475.8789	474.7267	408.4974	408.1089	313.8493	272.1294	262.4515	
-905.2097	993.9883	990.8255	-53.9874	-64.4660	-119.8438	-170.4938	-172.8615	
-1039.0928	841.1126	839.2687	50.1541	-245.1914	-32.8592	-1005.1738	-1014.3949	
-480.7233	643.9961	615.8534	-237.2671	-242.5240	-241.9251	-434.9324	-442.9826	
-873.7732	111.1140	108.3237	30.2228	-37.7913	10.1857	-656.5011	-682.1185	
-1008.4054	622.2989	622.2889	-212.8115	-216.5383	-303.2271	-259.7350	-911.1839	
-956.7488	1032.8424	1032.3772	96.3699	-506.1896	-8.6807	-855.1369	-858.3581	
-1135.3035	588.9298	587.4450	-286.6474	-286.8443	-860.9284	-933.9805	-1083.6754	
-1277.5318	290.3869	289.6626	-441.1506	-492.3157	-492.7886	-570.7229	-578.9933	
-919.4090	659.5739	658.6542	22.3365	-87.1171	-44.8302	-58.4154	-914.3169	
-611.0805	688.9524	650.9156	316.7703	270.3167	-176.0360	-392.1173	-591.9416	
-868.9370	714.1718	709.0979	44.2090	40.5221	39.3933	-766.9227	-851.4708	
-901.3569	804.2371	799.3853	-35.8844	-41.0423	-70.1131	-817.1648	-852.7395	
-804.6670	1223.8076	1199.5568	180.2671	170.3468	-283.4152	-784.7442	-801.8991	
-887.1293	257.0299	238.7835	-128.3713	-247.3150	-137.9506	-708.4269	-851.5622	
-927.7280	742.3066	731.7280	22.9414	-15.1266	15.1287	-868.8706	-909.6188	
-806.4410	1073.6866	1065.8583	145.8717	36.6083	131.8972	-782.6064	-804.6065	
-1257.7466	572.2855	549.2605	-623.1273	-651.6634	-652.1819	-1152.2903	-1175.2900	
-1046.1026	528.2534	512.8764	-149.0789	-149.6308	-179.2919	-963.1859	-1006.6771	
-799.8377	877.4098	811.8487	133.9756	-492.6171	199.5506	107.6521	-791.8945	
-630.1099	695.4576	694.8321	193.2379	185.5162	-586.0184	-605.2793	-606.9478	
-775.2290	1174.4658	1172.1888	246.9849	240.8055	239.8746	-77.4815	-725.7900	
-845.1046	992.2936	948.5261	-145.4153	-163.3626	-344.7362	-369.9123	-786.7968	
-804.1062	354.4258	352.2421	-493.5496	-563.0929	-500.9251	-529.3173	-618.9435	
-986.4117	842.0554	841.1242	-729.1782	-903.0361	-769.8357	-732.8151	-749.4648	
-1259.6516	571.3387	560.1816	-216.6103	-360.2321	-443.3120	-896.7679	-1134.1851	
-787.6460	315.2649	311.8083	-460.2813	-476.0871	-539.7774	-549.0221	-767.6290	
-1083.0215	858.2719	851.6197	-57.9300	-57.9581	-204.9477	-550.6149	-1017.3951	
-775.4167	1122.1123	1064.4624	-345.6044	-427.4997	-347.5793	-431.3157	-725.6063	
-877.3675	949.9677	949.8974	129.7609	109.2185	-773.8519	-728.6737	-871.4418	
-948.2047	995.9708	994.5529	98.2005	-41.5568	-55.1951	-71.9525	-936.7670	
-368.7577	797.8968	788.9805	633.0591	-202.6208	-261.8641	622.7114	-289.0007	
-1080.5250	637.5219	637.2587	-108.7981	-110.3626	-913.7922	-1010.2607	-1014.3854	
-1182.8229	672.6202	672.5713	-97.1455	-660.5621	-182.8513	-192.6904	-1126.6114	
-1115.2147	-374.7148	-376.1409	-550.3752	-556.4644	-552.1665	-1093.4908	-1106.7816	
-1065.7371	752.2371	748.8669	-61.8409	-66.3937	-987.4805	-905.7126	-1040.3175	
-1405.5727	423.4268	422.8740	-259.0800	-267.7777	-262.1439	-812.0999	-412.5748	
-847.4338	1208.1294	1182.1471	247.3509	-416.4911	-469.5525	-701.3753	-817.5220	
-1415.6295	714.6830	564.0768	-328.0020	-550.0248	-591.5633	-349.0662	-1353.0845	
-511.2717	1533.3549	1528.5212	494.5674	-353.9642	486.0290	387.8540	-510.5214	
-570.9777	779.8182	746.5903	397.6377	252.3170	-342.7889	-369.3556	-380.7385	
-951.5921	856.5844	852.5010	-111.3046	-185.9324	-114.0944	-188.9499	-947.4995	
-96.3814	1038.0394	1024.2400	854.2049	-42.2916	853.7025	-62.9587	-65.8656	
-1045.7041	966.4956	928.9401	-661.7661	-662.4849	-676.4736	-776.8045	-903.6762	
-848.9327	943.8511	943.4463	-497.9699	-570.8161	-498.8762	-610.7696	-754.1444	
-886.6510	856.6480	807.7991	41.8000	41.5403	31.3170	30.6579	-863.2695	
-1067.0861	510.9511	474.1677	-320.2609	-320.3090	-369.9805	-944.6989	-1040.5665	
-1227.0588	311.7909	310.3999	-346.4047	-346.4133	-1052.2842	-353.3053	-1219.5065	
-281.8615	779.8154	778.9951	-39.0771	-190.0425	-94.8397	-98.5447	-259.5237	
-859.0794	816.2782	816.1746	-159.4511	-162.3968	-720.5062	-211.2025	-816.3868	
-950.3261	508.0019	505.4100	33.8754	-151.4704	-3.3919	-892.9708	-917.0671	
-637.3329	163.1840	159.6425	-463.7806	-512.4512	-551.6898	-561.5346	-613.3162	
-773.9252	1161.8943	1161.6649	157.1846	157.0018	80.2910	43.8852	43.5051	
-442.6633	552.7288	552.5305	-202.8284	-202.8284	-210.3264	-376.4054	-392.3598	
-974.6431	596.6865	595.1488	-210.9861	-286.9181	-276.7879	-290.3822	-891.9353	
-1024.3265	907.5204	891.3044	-74.6415	-128.6431	-139.7085	-921.4157	-1023.3649	
-707.5157	1239.9762	1237.0981	395.5967	339.1686	325.2339	372.5495	-453.0219	
-1141.6243	649.9338	622.4341	-251.3387	-253.8362	-304.7813	-845.9020	-1028.1353	
-994.2096	800.3304	799.0201	-504.7512	-727.3936	-551.5524	-508.1459	-584.5432	
-836.5535	398.9103	394.7945	-443.8237	-457.2991	-483.9173	-657.6180	-696.7947	
-339.4428	912.8796	848.2025	625.1698	-217.2412	-195.7904	608.4595	598.7141	
-1283.4918	-51.7909	-51.8486	-522.4344	-569.5247	-572.9462	-1215.5386	-1262.6579	
-906.8143	928.3573	919.9144	-39.0106	-683.2467	-39.3736	-849.9345	-900.8008	
-902.5499	722.0185	712.5856	33.7334	-74.1877	-80.7781	-753.9855	-877.9256	
-1005.4779	845.8514	817.9265	-48.3147	-59.9571	-84.6671	-94.6655	-110.7010	
-836.0357	835.8631	801.1583	118.2462	-279.8299	-603.7530	-608.5956	-775.1475	
-1140.3842	580.6368	580.4530	-144.4746	-390.3882	-166.3593	-166.9047	-934.1444	
-537.6777	576.8664	576.0454	-157.1268	-191.5034	-187.3485	-477.7394	-482.3404	
-993.2980	829.2273	817.4948	52.6189	-136.8359	-852.3086	-568.4745	-716.6806	
-929.9105	734.0835	733.6097	-51.3286	-86.9466	-92.8345	-837.3742	-875.3642	
-1173.4779	571.7604	533.7816	-281.2653	-283.4786	-333.0385	-1114.3029	-1123.2936	
-1104.0030	810.2296	806.5827	-90.6571	-251.7884	-254.9373	-587.0602	-865.7362	
-824.2865	480.1767	476.1567	-19.8690	-616.6082	-670.0068	-712.8563	-795.9473	
-634.1418	337.8628	337.8431	-411.4218	-462.7468	-414.4631	-491.4774	-562.6521	
-1106.7471	804.2493	779.4588	-68.8585	-110.4402	-1001.0420	-1031.1676	-1056.6956	
-630.9353	957.3473	956.1055	248.1106	-533.8262	-543.4687	-546.8701	-563.1243	
-607.7926	628.9561	618.5175	382.3353	-450.8566	-287.0922	-542.9156	-568.1115	
-883.6896	861.0040	860.5108	-318.1766	-322.5944	-335.9901	-421.2419	-424.9769	
-837.3800	817.7217	817.3855	125.9482	124.4858	73.3614	118.4919	-821.7136	
-723.2069	653.8638	644.9445	311.2761	140.9562	195.1234	-660.7334	-668.8508	
-686.3762	1020.5736	1020.5273	311.8675	311.8238	295.1322	-664.4367	-682.9116	
-1208.5859	489.5702	483.1910	-981.2322	-982.3166	-1028.5636	-1032.6710	-1115.3824	
-655.2334	359.6625	356.3662	291.0137	-331.8338	-525.6900	-545.4175	-586.7483	
-1094.9359	691.8759	645.6062	-301.4784	-301.5384	-913.8391	-915.1650	-1048.6988	
-894.2415	1116.7033	1078.7541	164.2709	-765.6420	149.5849	139.3324	-875.2784	
-864.2248	270.9171	255.7619	104.5674	-515.8570	84.0668	73.9582	67.5996	
-974.9318	864.6963	818.5292	-23.8856	-29.5595	-100.4584	-135.2267	-144.5429	
-811.7370	918.7777	907.5982	80.2723	80.2703	-702.4282	-5.1872	-11.0799	
-667.2612	449.0327	435.1520	302.9365	287.8733	-196.5900	272.0072	-544.2457	
-1080.2985	456.4719	456.2210	-155.8648	-246.4009	-184.2647	-709.5027	-1056.5908	
-760.9200	1155.5297	1150.4303	260.4140	-578.0233	98.6766	-708.0879	-722.7615	
-921.9037	893.1421	871.3727	-175.5539	-175.6523	-178.0903	-185.3554	-204.1279	
-1100.2351	270.6830	252.4445	-270.6228	-270.6572	-491.9113	-1055.0462	-1083.2871	
-876.1168	700.8398	697.3554	51.5699	-104.0531	50.0447	-837.9435	-850.1082	
-638.3368	599.7083	583.2929	-310.1513	-311.0897	-364.9383	-378.8705	-513.7186	
-819.4714	500.6114	459.4147	-48.1215	-55.7258	-741.7959	-773.2973	-777.8692	
-552.9990	483.0761	482.8685	-345.8325	-414.9727	-460.6122	-467.1045	-497.1325	
-1083.5384	754.7478	726.4569	-49.5782	-59.2007	-69.4212	-242.5342	-1018.7504	
-895.2789	662.0683	662.0635	1.5301	-53.8771	-2.1887	-843.2863	-851.6072	
-1079.7766	153.3476	143.6605	-263.8743	-289.4289	-341.0607	-310.1036	-325.6065	
-1191.7157	568.1636	543.4636	-739.5020	-886.0059	-1121.5808	-927.8867	-1142.8939	
-537.6675	705.1255	690.4042	-244.7046	-251.6789	-246.3152	-499.9046	-516.3821	
-1123.8169	445.9234	433.4009	-198.2734	-198.9778	-898.0367	-937.4991	-1057.7234	
-1436.2251	398.1349	383.9554	-690.9620	-855.4140	-726.2594	-1105.3287	-1323.3730	
-1414.0939	278.4229	267.5220	-369.7567	-694.7791	-419.1433	-437.2993	-1366.3198	
-773.9177	1141.3337	1116.0672	-69.5546	-71.1713	-539.3912	-548.0104	-708.8454	
-1055.8634	857.5563	856.8242	-27.0799	-180.6240	-38.5439	-153.2363	-1009.7857	
-1039.0968	898.6448	842.0055	2.4458	-38.9310	-1.3405	-984.3442	-1006.3678	
-779.8854	1054.0866	1018.7937	-8.9476	-9.1648	-33.2059	-703.2160	-722.6067	
-891.0728	909.6949	854.7020	76.3229	75.3481	76.1073	68.4179	-859.1921	
-608.8288	892.4366	889.8259	283.6869	277.2923	-385.9950	275.9246	-456.5467	
-725.2337	991.8527	985.0902	258.5803	257.7193	-574.5302	-484.4854	-700.3926	
-786.6677	78.7849	55.8620	-465.9644	-514.2352	-552.1440	-628.6220	-680.6400	
-866.9063	995.2537	971.7889	-155.4254	-678.6417	-832.7342	-847.6347	-864.7984	
-1094.8038	811.3750	811.3792	-259.7876	-321.3792	-339.9546	-801.1227	-1011.1921	
-1207.9732	529.5561	528.6159	-348.1965	-471.3727	-348.8821	-1158.9988	-1171.1953	
-1109.1675	569.6230	556.2268	-442.9652	-927.9005	-951.4284	-952.4161	-1038.5348	
-886.7298	590.0183	583.5041	-32.7627	-51.6608	-806.1771	-84.8454	-844.2866	
-673.4044	1086.5551	1077.3648	-250.4925	-300.9106	-252.3745	-630.1378	-633.1242	
-429.6395	563.4863	554.2777	-247.1324	-311.1397	-251.6055	-366.0536	-369.9794	
-716.5632	728.1343	694.0489	-322.4437	-439.6200	-546.9065	-491.8358	-688.7935	
-880.9148	995.6781	951.4404	-191.9036	-200.7849	-201.6500	-857.2294	-874.6412	
-926.4923	316.1486	262.6411	-611.4571	-621.8698	-730.3688	-736.6586	-832.8430	
-358.2612	785.7363	762.2789	-157.3881	-193.3841	-164.4410	-298.6927	-329.1782	
-433.6358	630.4426	626.1829	-128.6461	-162.6963	-297.0087	-312.8923	-383.6728	
-1471.0157	435.0821	434.9914	-342.3855	-487.6692	-416.1037	-500.4262	-1306.8892	
-1159.7628	972.8593	784.6292	-173.1948	-175.8526	-177.3190	-181.9332	-1150.6728	
-940.5612	978.9180	971.5013	88.7100	4.0439	-611.3326	86.0818	-773.7184	
-1093.6979	667.7567	664.2842	-849.7179	-915.1395	-887.4858	-1042.8779	-1048.8894	
-652.0478	272.2559	263.2797	-522.7373	-531.5047	-535.5319	-589.8526	-608.5917	
-731.4648	1236.0231	1202.2606	323.6355	297.8006	294.9538	-686.4494	-689.8233	
-526.2065	540.7636	540.7697	-247.6536	-247.8437	-303.8331	-308.0314	-447.9083	
-811.2174	915.6492	854.7320	173.0948	127.5087	-544.8401	-734.7422	-808.0993	
-678.8476	1190.4745	1189.5383	374.5618	-507.9971	-577.3940	-612.9895	-670.3994	
-831.7038	958.4268	911.8389	-228.1314	-231.4346	-235.5103	-330.9584	-828.4583	
-1237.4671	435.7634	419.2311	-496.4552	-653.8658	-506.8118	-996.2901	-1221.8551	
-495.9902	841.2050	805.8106	338.8416	-366.2268	-409.1592	307.2354	300.4342	
-1019.1050	263.8539	263.2885	-235.2289	-235.2831	-268.0976	-275.1990	-1013.2254	
-568.3636	664.7381	630.8068	429.6587	172.1972	-487.9215	-529.8407	-533.7132	
-199.6364	967.3176	898.9488	831.6442	32.2668	-76.5185	130.1885	125.5184	
-614.2192	274.5257	265.0035	-452.8568	-469.0259	-468.3072	-499.9587	-580.6360	
-739.2816	1074.7652	926.6148	385.7797	382.2767	-548.8574	379.0895	-657.7582	
-1019.9794	800.0457	800.0146	-57.8086	-58.0518	-64.4621	-324.3608	-965.7726	
-1030.4350	820.0145	763.0940	-1.9808	-1.9956	-3.6177	-5.3876	-1018.1930	
-1543.3445	216.9419	96.8758	-567.5114	-682.1058	-695.1319	-1379.9041	-1496.3897	
-942.1737	914.3127	869.4430	-257.2498	-305.1171	-271.7417	-356.8811	-829.9277	
-314.5753	1070.6421	1010.5356	644.9784	643.7926	638.6613	642.1787	636.7933	
-748.9469	899.0831	894.1447	171.2465	162.9347	170.2101	-729.1162	-730.6713	
-534.5169	1473.6461	1460.7552	542.6808	503.7562	540.1096	499.8586	-338.8237	
-316.6193	682.4322	656.4903	59.9361	22.8870	-237.2995	-1.1554	-2.4322	
-1496.2880	200.9868	195.8902	-640.4076	-646.8016	-710.0481	-1145.6165	-1168.5690	
-915.8616	284.5769	234.0779	-583.7714	-609.8022	-628.8564	-826.5072	-845.7518	
-1303.5995	379.7410	371.1432	-554.6824	-670.2273	-586.6119	-693.9194	-1266.9803	
-1074.3462	654.3269	653.8978	-536.6120	-537.0537	-618.9693	-622.5401	-1000.6212	
-884.0222	979.2410	974.2460	136.9697	69.8070	131.8884	-726.0404	-880.3550	
-17.7235	1085.5637	1044.5256	176.7509	176.6971	18.5430	174.4248	11.5921	
-686.9300	1340.1269	1287.6927	377.2011	194.6845	194.9375	369.4909	-523.2518	
-670.2476	1137.6755	1128.8343	-321.7766	-369.3010	-325.2475	-644.8806	-646.8381	
-830.8176	747.4295	722.6711	-126.2892	-234.7895	-132.2085	-155.9043	-818.5536	
-589.9003	466.9740	466.9697	-231.3979	-234.5441	-536.9610	-474.8742	-564.0842	
-1008.3841	1027.7900	979.8174	95.1115	94.2922	-823.4526	-889.9028	-995.2436	
-964.4019	517.0062	509.5002	-101.8370	-107.2078	-101.8767	-867.9586	-870.8082	
-827.0586	951.2646	897.9345	-240.3545	-247.0674	-248.4269	-592.3386	-796.5558	
-1263.3444	442.7050	414.4776	-327.0021	-327.0072	-379.8455	-1212.5025	-1226.3017	
-863.2114	980.1267	978.7654	-685.0090	-685.0537	-695.4051	-817.3023	-860.1670	
